42.0 APEX_CODE,FINEST;APEX_PROFILING,INFO;CALLOUT,INFO;DB,INFO;SYSTEM,DEBUG;VALIDATION,INFO;VISUALFORCE,INFO;WAVE,INFO;WORKFLOW,INFO
15:07:19.0 (363505)|USER_INFO|[EXTERNAL]|0051r000007nKPL|assh4884@cunning-goat-277018.com|Greenwich Mean Time|GMT+01:00
15:07:19.0 (420437)|EXECUTION_STARTED
15:07:19.0 (425597)|CODE_UNIT_STARTED|[EXTERNAL]|0661r0000024L7D|VF: /apex/VforceApp
15:07:19.0 (5068980)|SYSTEM_MODE_ENTER|true
15:07:19.0 (5370887)|HEAP_ALLOCATE|[72]|Bytes:3
15:07:19.0 (5398153)|HEAP_ALLOCATE|[77]|Bytes:152
15:07:19.0 (5410069)|HEAP_ALLOCATE|[342]|Bytes:408
15:07:19.0 (5427375)|HEAP_ALLOCATE|[355]|Bytes:408
15:07:19.0 (5438281)|HEAP_ALLOCATE|[467]|Bytes:48
15:07:19.0 (5475938)|HEAP_ALLOCATE|[139]|Bytes:6
15:07:19.0 (5490031)|HEAP_ALLOCATE|[EXTERNAL]|Bytes:1
15:07:19.0 (5495193)|HEAP_ALLOCATE|[EXTERNAL]|Bytes:8
15:07:19.0 (5509083)|METHOD_ENTRY|[1]|01p1r000008Onze|VforceAppController.VforceAppController()
15:07:19.0 (5515557)|STATEMENT_EXECUTE|[1]
15:07:19.0 (5520370)|STATEMENT_EXECUTE|[1]
15:07:19.0 (5545607)|HEAP_ALLOCATE|[50]|Bytes:5
15:07:19.0 (5562114)|HEAP_ALLOCATE|[56]|Bytes:5
15:07:19.0 (5568635)|HEAP_ALLOCATE|[64]|Bytes:7
15:07:19.0 (5587987)|SYSTEM_MODE_ENTER|false
15:07:19.0 (5600710)|HEAP_ALLOCATE|[EXTERNAL]|Bytes:5
15:07:19.0 (5606980)|SYSTEM_MODE_EXIT|false
15:07:19.0 (5615337)|METHOD_EXIT|[1]|VforceAppController
15:07:19.0 (5627782)|HEAP_ALLOCATE|[EXTERNAL]|Bytes:4
15:07:19.0 (5635297)|VARIABLE_SCOPE_BEGIN|[1]|this|VforceAppController|true|false
15:07:19.0 (5670494)|VARIABLE_ASSIGNMENT|[1]|this|{}|0x30c7e289
15:07:19.0 (5684240)|SYSTEM_MODE_ENTER|false
15:07:19.0 (5690296)|HEAP_ALLOCATE|[EXTERNAL]|Bytes:5
15:07:19.0 (5697399)|HEAP_ALLOCATE|[EXTERNAL]|Bytes:6
15:07:19.0 (5726772)|SYSTEM_MODE_EXIT|false
15:07:19.0 (5731897)|STATEMENT_EXECUTE|[1]
15:07:19.0 (5738195)|SYSTEM_MODE_ENTER|false
15:07:19.0 (5742520)|HEAP_ALLOCATE|[EXTERNAL]|Bytes:5
15:07:19.0 (5746291)|SYSTEM_MODE_EXIT|false
15:07:19.0 (5788996)|SYSTEM_MODE_ENTER|true
15:07:19.0 (5832100)|HEAP_ALLOCATE|[EXTERNAL]|Bytes:4
15:07:19.0 (5839278)|VARIABLE_SCOPE_BEGIN|[3]|this|VforceAppController|true|false
15:07:19.0 (5852619)|VARIABLE_ASSIGNMENT|[3]|this|{}|0x30c7e289
15:07:19.0 (5866579)|SYSTEM_MODE_ENTER|false
15:07:19.0 (5871802)|HEAP_ALLOCATE|[4]|Bytes:5
15:07:19.0 (5875358)|STATEMENT_EXECUTE|[3]
15:07:19.0 (5876817)|STATEMENT_EXECUTE|[4]
15:07:19.0 (5899670)|HEAP_ALLOCATE|[4]|Bytes:4
15:07:19.0 (5968429)|VARIABLE_SCOPE_BEGIN|[4]|result|List<Account>|true|false
15:07:19.0 (5980214)|HEAP_ALLOCATE|[EXTERNAL]|Bytes:4
15:07:19.0 (5991011)|VARIABLE_ASSIGNMENT|[4]|result|[]|0x528c75ee
15:07:19.0 (5995975)|STATEMENT_EXECUTE|[6]
15:07:19.0 (5997303)|STATEMENT_EXECUTE|[6]
15:07:19.0 (5998733)|STATEMENT_EXECUTE|[7]
15:07:19.0 (6001668)|HEAP_ALLOCATE|[8]|Bytes:52
15:07:19.0 (6879327)|SOQL_EXECUTE_BEGIN|[7]|Aggregations:0|SELECT Id, Name, AccountNumber FROM Account LIMIT 10
15:07:19.0 (11047222)|SOQL_EXECUTE_END|[7]|Rows:10
15:07:19.0 (11067885)|HEAP_ALLOCATE|[7]|Bytes:44
15:07:19.0 (11096889)|HEAP_ALLOCATE|[7]|Bytes:863
15:07:19.0 (11132338)|HEAP_ALLOCATE|[7]|Bytes:44
15:07:19.0 (11161212)|VARIABLE_ASSIGNMENT|[7]|result|"List of size 10 too large to display"|0xaa4c7e6
15:07:19.0 (11167405)|STATEMENT_EXECUTE|[13]
15:07:19.0 (11296172)|USER_DEBUG|[13]|DEBUG|(Account:{Id=0011r00001mSXVuAAO, Name=Edge Communications, AccountNumber=CD451796}, Account:{Id=0011r00001mSXVvAAO, Name=Burlington Textiles Corp of America, AccountNumber=CD656092}, Account:{Id=0011r00001mSXVwAAO, Name=Pyramid Construction Inc., AccountNumber=CC213425}, Account:{Id=0011r00001mSXVxAAO, Name=Dickenson plc, AccountNumber=CC634267}, Account:{Id=0011r00001mSXVyAAO, Name=Grand Hotels & Resorts Ltd, AccountNumber=CD439877}, Account:{Id=0011r00001mSXVzAAO, Name=United Oil & Gas Corp., AccountNumber=CD355118}, Account:{Id=0011r00001mSXW0AAO, Name=Express Logistics and Transport, AccountNumber=CC947211}, Account:{Id=0011r00001mSXW1AAO, Name=University of Arizona, AccountNumber=CD736025}, Account:{Id=0011r00001mSXW2AAO, Name=United Oil & Gas, UK, AccountNumber=CD355119-A}, Account:{Id=0011r00001mSXW3AAO, Name=United Oil & Gas, Singapore, AccountNumber=CD355120-B})
15:07:19.0 (11322204)|STATEMENT_EXECUTE|[19]
15:07:19.0 (11326589)|SYSTEM_MODE_EXIT|false
15:07:19.17 (17232924)|EXCEPTION_THROWN|[EXTERNAL]|System.SObjectException: SObject row was retrieved via SOQL without querying the requested field: Account.Contacts
15:07:19.102 (102836679)|CUMULATIVE_LIMIT_USAGE
15:07:19.102 (102836679)|LIMIT_USAGE_FOR_NS|(default)|
  Number of SOQL queries: 1 out of 100
  Number of query rows: 10 out of 50000
  Number of SOSL queries: 0 out of 20
  Number of DML statements: 0 out of 150
  Number of DML rows: 0 out of 10000
  Maximum CPU time: 0 out of 10000
  Maximum heap size: 0 out of 6000000
  Number of callouts: 0 out of 100
  Number of Email Invocations: 0 out of 10
  Number of future calls: 0 out of 50
  Number of queueable jobs added to the queue: 0 out of 50
  Number of Mobile Apex push calls: 0 out of 10

15:07:19.102 (102836679)|CUMULATIVE_LIMIT_USAGE_END

15:07:19.0 (102907360)|CODE_UNIT_FINISHED|VF: /apex/VforceApp
15:07:19.0 (104029304)|EXECUTION_FINISHED
