42.0 APEX_CODE,FINEST;APEX_PROFILING,INFO;CALLOUT,INFO;DB,INFO;SYSTEM,DEBUG;VALIDATION,INFO;VISUALFORCE,INFO;WAVE,INFO;WORKFLOW,INFO
15:56:23.0 (291513)|USER_INFO|[EXTERNAL]|0051r000007nKPL|assh4884@cunning-goat-277018.com|Greenwich Mean Time|GMT+01:00
15:56:23.0 (329052)|EXECUTION_STARTED
15:56:23.0 (333852)|CODE_UNIT_STARTED|[EXTERNAL]|0661r0000024L7D|VF: /apex/VforceApp
15:56:23.0 (5265189)|SYSTEM_MODE_ENTER|true
15:56:23.0 (5595828)|HEAP_ALLOCATE|[72]|Bytes:3
15:56:23.0 (5638045)|HEAP_ALLOCATE|[77]|Bytes:152
15:56:23.0 (5653606)|HEAP_ALLOCATE|[342]|Bytes:408
15:56:23.0 (5666306)|HEAP_ALLOCATE|[355]|Bytes:408
15:56:23.0 (5677320)|HEAP_ALLOCATE|[467]|Bytes:48
15:56:23.0 (5704308)|HEAP_ALLOCATE|[139]|Bytes:6
15:56:23.0 (5718087)|HEAP_ALLOCATE|[EXTERNAL]|Bytes:1
15:56:23.0 (5722419)|HEAP_ALLOCATE|[EXTERNAL]|Bytes:11
15:56:23.0 (5731274)|METHOD_ENTRY|[1]|01p1r000008Onze|VforceAppController.VforceAppController()
15:56:23.0 (5737105)|STATEMENT_EXECUTE|[1]
15:56:23.0 (5742556)|STATEMENT_EXECUTE|[1]
15:56:23.0 (5771168)|HEAP_ALLOCATE|[50]|Bytes:5
15:56:23.0 (5794776)|HEAP_ALLOCATE|[56]|Bytes:5
15:56:23.0 (5801789)|HEAP_ALLOCATE|[64]|Bytes:7
15:56:23.0 (5821178)|SYSTEM_MODE_ENTER|false
15:56:23.0 (5834916)|HEAP_ALLOCATE|[EXTERNAL]|Bytes:5
15:56:23.0 (5842374)|SYSTEM_MODE_EXIT|false
15:56:23.0 (5850548)|METHOD_EXIT|[1]|VforceAppController
15:56:23.0 (5861996)|HEAP_ALLOCATE|[EXTERNAL]|Bytes:4
15:56:23.0 (5869892)|VARIABLE_SCOPE_BEGIN|[1]|this|VforceAppController|true|false
15:56:23.0 (5909801)|VARIABLE_ASSIGNMENT|[1]|this|{}|0x7536ebe0
15:56:23.0 (5923480)|SYSTEM_MODE_ENTER|false
15:56:23.0 (5928644)|HEAP_ALLOCATE|[EXTERNAL]|Bytes:5
15:56:23.0 (5935600)|HEAP_ALLOCATE|[EXTERNAL]|Bytes:6
15:56:23.0 (5964799)|SYSTEM_MODE_EXIT|false
15:56:23.0 (5970047)|STATEMENT_EXECUTE|[1]
15:56:23.0 (5975934)|SYSTEM_MODE_ENTER|false
15:56:23.0 (5979986)|HEAP_ALLOCATE|[EXTERNAL]|Bytes:5
15:56:23.0 (5984186)|SYSTEM_MODE_EXIT|false
15:56:23.0 (6030456)|SYSTEM_MODE_ENTER|true
15:56:23.0 (6076304)|HEAP_ALLOCATE|[EXTERNAL]|Bytes:4
15:56:23.0 (6084200)|VARIABLE_SCOPE_BEGIN|[3]|this|VforceAppController|true|false
15:56:23.0 (6097188)|VARIABLE_ASSIGNMENT|[3]|this|{}|0x7536ebe0
15:56:23.0 (6113109)|SYSTEM_MODE_ENTER|false
15:56:23.0 (6118807)|HEAP_ALLOCATE|[4]|Bytes:5
15:56:23.0 (6122807)|STATEMENT_EXECUTE|[3]
15:56:23.0 (6124401)|STATEMENT_EXECUTE|[4]
15:56:23.0 (6153223)|HEAP_ALLOCATE|[4]|Bytes:4
15:56:23.0 (6223417)|VARIABLE_SCOPE_BEGIN|[4]|result|List<Account>|true|false
15:56:23.0 (6236129)|HEAP_ALLOCATE|[EXTERNAL]|Bytes:4
15:56:23.0 (6246982)|VARIABLE_ASSIGNMENT|[4]|result|[]|0x59eaf520
15:56:23.0 (6252507)|STATEMENT_EXECUTE|[6]
15:56:23.0 (6253923)|STATEMENT_EXECUTE|[6]
15:56:23.0 (6255141)|STATEMENT_EXECUTE|[7]
15:56:23.0 (6257778)|HEAP_ALLOCATE|[8]|Bytes:84
15:56:23.0 (7736996)|SOQL_EXECUTE_BEGIN|[7]|Aggregations:1|SELECT Id, Name, AccountNumber, (SELECT Id, Name FROM Contacts) FROM Account LIMIT 3
15:56:23.0 (13171909)|SOQL_EXECUTE_END|[7]|Rows:3
15:56:23.0 (13202353)|HEAP_ALLOCATE|[7]|Bytes:16
15:56:23.0 (13246224)|HEAP_ALLOCATE|[7]|Bytes:621
15:56:23.0 (13307995)|HEAP_ALLOCATE|[7]|Bytes:16
15:56:23.0 (13378535)|VARIABLE_ASSIGNMENT|[7]|result|[{"Id":"0011r00001mSXVuAAO","Name":"Edge Communications","AccountNumber":"CD451796","Contacts":[{"AccountId":"0011r00001mSXVuAAO","Id":"0031r000023uSg3AAE","Name":"Rose Gonzalez"},{"AccountId":"0011r00001mSXVuAAO","Id":"0031r000023uSg4AAE","Name":"Sean Forbes"}]},{"Id":"0011r00001mSXVvAAO","Name":"Burlington Textiles  (15 more) ...","AccountNumber":"CD656092","Contacts":[{"AccountId":"0011r00001mSXVvAAO","Id":"0031r000023uSg5AAE","Name":"Jack Rogers"}]},{"Id":"0011r00001mSXVwAAO","Name":"Pyramid Construction (5 more) ...","AccountNumber":"CC213425","Contacts":[{"AccountId":"0011r00001mSXVwAAO","Id":"0031r000023uSg6AAE","Name":"Pat Stumuller"}]}]|0x304105be
15:56:23.0 (13599897)|HEAP_ALLOCATE|[13]|Bytes:5
15:56:23.0 (13629273)|HEAP_ALLOCATE|[13]|Bytes:20
15:56:23.0 (13640734)|VARIABLE_SCOPE_BEGIN|[13]|objAcc|Account|true|false
15:56:23.0 (13661403)|VARIABLE_ASSIGNMENT|[13]|objAcc|{"Id":"0011r00001mSXVuAAO","Name":"Edge Communications","AccountNumber":"CD451796","Contacts":[{"AccountId":"0011r00001mSXVuAAO","Id":"0031r000023uSg3AAE","Name":"Rose Gonzalez"},{"AccountId":"0011r00001mSXVuAAO","Id":"0031r000023uSg4AAE","Name":"Sean Forbes"}]}|0x3238fa86
15:56:23.0 (13670526)|STATEMENT_EXECUTE|[14]
15:56:23.0 (13675424)|HEAP_ALLOCATE|[16]|Bytes:8
15:56:23.0 (13679813)|HEAP_ALLOCATE|[16]|Bytes:7
15:56:23.0 (13720737)|HEAP_ALLOCATE|[16]|Bytes:12
15:56:23.0 (13856667)|HEAP_ALLOCATE|[16]|Bytes:54
15:56:23.0 (13864727)|HEAP_ALLOCATE|[16]|Bytes:8
15:56:23.0 (13873310)|SYSTEM_METHOD_ENTRY|[7]|QueryLocatorIterator.QueryLocatorIterator()
15:56:23.0 (13877076)|STATEMENT_EXECUTE|[7]
15:56:23.0 (13883325)|SYSTEM_METHOD_EXIT|[7]|QueryLocatorIterator
15:56:23.0 (13890899)|HEAP_ALLOCATE|[16]|Bytes:28
15:56:23.0 (13940753)|HEAP_ALLOCATE|[16]|Bytes:12
15:56:23.0 (13955015)|HEAP_ALLOCATE|[16]|Bytes:8
15:56:23.0 (13958680)|HEAP_ALLOCATE|[16]|Bytes:8
15:56:23.0 (13963347)|VARIABLE_SCOPE_BEGIN|[15]|this|Database.QueryLocatorIterator|true|false
15:56:23.0 (13987377)|VARIABLE_ASSIGNMENT|[15]|this|{}|0x587c9ef2
15:56:23.0 (13993790)|VARIABLE_SCOPE_BEGIN|[15]|values|List<SObject>|true|false
15:56:23.0 (14007953)|VARIABLE_ASSIGNMENT|[15]|values|[{"AccountId":"0011r00001mSXVuAAO","Id":"0031r000023uSg3AAE","Name":"Rose Gonzalez"},{"AccountId":"0011r00001mSXVuAAO","Id":"0031r000023uSg4AAE","Name":"Sean Forbes"}]|0x60281cb6
15:56:23.0 (14015031)|VARIABLE_SCOPE_BEGIN|[15]|ql|Database.QueryLocator|true|false
15:56:23.0 (14032330)|VARIABLE_ASSIGNMENT|[15]|ql|{}|0x2ec3f2ae
15:56:23.0 (14037495)|VARIABLE_SCOPE_BEGIN|[15]|totalNumRecords|Integer|false|false
15:56:23.0 (14045841)|VARIABLE_ASSIGNMENT|[15]|totalNumRecords|2
15:56:23.0 (14049798)|VARIABLE_SCOPE_BEGIN|[15]|queryMoreSize|Integer|false|false
15:56:23.0 (14056199)|VARIABLE_ASSIGNMENT|[15]|queryMoreSize|200
15:56:23.0 (14102318)|HEAP_ALLOCATE|[16]|Bytes:28
15:56:23.0 (14121322)|METHOD_ENTRY|[16]||Database.QueryLocatorIterator.hasNext()
15:56:23.0 (14182205)|METHOD_EXIT|[16]||Database.QueryLocatorIterator.hasNext()
15:56:23.0 (14191245)|METHOD_ENTRY|[16]||Database.QueryLocatorIterator.next()
15:56:23.0 (14252121)|METHOD_EXIT|[16]||Database.QueryLocatorIterator.next()
15:56:23.0 (14260492)|VARIABLE_SCOPE_BEGIN|[16]|objCon|Contact|true|false
15:56:23.0 (14274676)|VARIABLE_ASSIGNMENT|[16]|objCon|{"AccountId":"0011r00001mSXVuAAO","Id":"0031r000023uSg3AAE","Name":"Rose Gonzalez"}|0x39f2f70
15:56:23.0 (14281302)|STATEMENT_EXECUTE|[17]
15:56:23.0 (14282890)|STATEMENT_EXECUTE|[18]
15:56:23.0 (14286405)|HEAP_ALLOCATE|[18]|Bytes:13
15:56:23.0 (14375193)|HEAP_ALLOCATE|[18]|Bytes:81
15:56:23.0 (14396092)|HEAP_ALLOCATE|[18]|Bytes:94
15:56:23.0 (14415604)|USER_DEBUG|[18]|DEBUG|---contact---Contact:{AccountId=0011r00001mSXVuAAO, Id=0031r000023uSg3AAE, Name=Rose Gonzalez}
15:56:23.0 (14431473)|METHOD_ENTRY|[16]||Database.QueryLocatorIterator.hasNext()
15:56:23.0 (14458888)|METHOD_EXIT|[16]||Database.QueryLocatorIterator.hasNext()
15:56:23.0 (14468335)|METHOD_ENTRY|[16]||Database.QueryLocatorIterator.next()
15:56:23.0 (14522263)|METHOD_EXIT|[16]||Database.QueryLocatorIterator.next()
15:56:23.0 (14529541)|VARIABLE_SCOPE_BEGIN|[16]|objCon|Contact|true|false
15:56:23.0 (14543518)|VARIABLE_ASSIGNMENT|[16]|objCon|{"AccountId":"0011r00001mSXVuAAO","Id":"0031r000023uSg4AAE","Name":"Sean Forbes"}|0x270cb312
15:56:23.0 (14549392)|STATEMENT_EXECUTE|[17]
15:56:23.0 (14551048)|STATEMENT_EXECUTE|[18]
15:56:23.0 (14583185)|HEAP_ALLOCATE|[18]|Bytes:79
15:56:23.0 (14596134)|HEAP_ALLOCATE|[18]|Bytes:92
15:56:23.0 (14604248)|USER_DEBUG|[18]|DEBUG|---contact---Contact:{AccountId=0011r00001mSXVuAAO, Id=0031r000023uSg4AAE, Name=Sean Forbes}
15:56:23.0 (14613671)|METHOD_ENTRY|[16]||Database.QueryLocatorIterator.hasNext()
15:56:23.0 (14625130)|METHOD_EXIT|[16]||Database.QueryLocatorIterator.hasNext()
15:56:23.0 (14645859)|VARIABLE_ASSIGNMENT|[16]|objCon|null|
15:56:23.0 (14664662)|HEAP_ALLOCATE|[13]|Bytes:5
15:56:23.0 (14683014)|HEAP_ALLOCATE|[13]|Bytes:20
15:56:23.0 (14692133)|VARIABLE_SCOPE_BEGIN|[13]|objAcc|Account|true|false
15:56:23.0 (14717534)|VARIABLE_ASSIGNMENT|[13]|objAcc|{"Id":"0011r00001mSXVvAAO","Name":"Burlington Textiles  (15 more) ...","AccountNumber":"CD656092","Contacts":[{"AccountId":"0011r00001mSXVvAAO","Id":"0031r000023uSg5AAE","Name":"Jack Rogers"}]}|0x5846cf3f
15:56:23.0 (14729168)|STATEMENT_EXECUTE|[14]
15:56:23.0 (14754406)|HEAP_ALLOCATE|[16]|Bytes:8
15:56:23.0 (14820728)|HEAP_ALLOCATE|[16]|Bytes:28
15:56:23.0 (14848037)|HEAP_ALLOCATE|[16]|Bytes:8
15:56:23.0 (14859333)|HEAP_ALLOCATE|[16]|Bytes:8
15:56:23.0 (14862696)|HEAP_ALLOCATE|[16]|Bytes:8
15:56:23.0 (14867171)|VARIABLE_SCOPE_BEGIN|[15]|this|Database.QueryLocatorIterator|true|false
15:56:23.0 (14886163)|VARIABLE_ASSIGNMENT|[15]|this|{}|0x73e3ba80
15:56:23.0 (14891643)|VARIABLE_SCOPE_BEGIN|[15]|values|List<SObject>|true|false
15:56:23.0 (14905061)|VARIABLE_ASSIGNMENT|[15]|values|[{"AccountId":"0011r00001mSXVvAAO","Id":"0031r000023uSg5AAE","Name":"Jack Rogers"}]|0x59bb2395
15:56:23.0 (14909952)|VARIABLE_SCOPE_BEGIN|[15]|ql|Database.QueryLocator|true|false
15:56:23.0 (14921591)|VARIABLE_ASSIGNMENT|[15]|ql|{}|0x7325dfda
15:56:23.0 (14926600)|VARIABLE_SCOPE_BEGIN|[15]|totalNumRecords|Integer|false|false
15:56:23.0 (14933719)|VARIABLE_ASSIGNMENT|[15]|totalNumRecords|1
15:56:23.0 (14937302)|VARIABLE_SCOPE_BEGIN|[15]|queryMoreSize|Integer|false|false
15:56:23.0 (14943182)|VARIABLE_ASSIGNMENT|[15]|queryMoreSize|200
15:56:23.0 (14979351)|HEAP_ALLOCATE|[16]|Bytes:28
15:56:23.0 (15006938)|METHOD_ENTRY|[16]||Database.QueryLocatorIterator.hasNext()
15:56:23.0 (15037796)|METHOD_EXIT|[16]||Database.QueryLocatorIterator.hasNext()
15:56:23.0 (15046790)|METHOD_ENTRY|[16]||Database.QueryLocatorIterator.next()
15:56:23.0 (15101367)|METHOD_EXIT|[16]||Database.QueryLocatorIterator.next()
15:56:23.0 (15108845)|VARIABLE_SCOPE_BEGIN|[16]|objCon|Contact|true|false
15:56:23.0 (15122783)|VARIABLE_ASSIGNMENT|[16]|objCon|{"AccountId":"0011r00001mSXVvAAO","Id":"0031r000023uSg5AAE","Name":"Jack Rogers"}|0x761aadda
15:56:23.0 (15128920)|STATEMENT_EXECUTE|[17]
15:56:23.0 (15130481)|STATEMENT_EXECUTE|[18]
15:56:23.0 (15167713)|HEAP_ALLOCATE|[18]|Bytes:79
15:56:23.0 (15181704)|HEAP_ALLOCATE|[18]|Bytes:92
15:56:23.0 (15189754)|USER_DEBUG|[18]|DEBUG|---contact---Contact:{AccountId=0011r00001mSXVvAAO, Id=0031r000023uSg5AAE, Name=Jack Rogers}
15:56:23.0 (15199315)|METHOD_ENTRY|[16]||Database.QueryLocatorIterator.hasNext()
15:56:23.0 (15210289)|METHOD_EXIT|[16]||Database.QueryLocatorIterator.hasNext()
15:56:23.0 (15219676)|VARIABLE_ASSIGNMENT|[16]|objCon|null|
15:56:23.0 (15238033)|HEAP_ALLOCATE|[13]|Bytes:5
15:56:23.0 (15252069)|HEAP_ALLOCATE|[13]|Bytes:20
15:56:23.0 (15259768)|VARIABLE_SCOPE_BEGIN|[13]|objAcc|Account|true|false
15:56:23.0 (15283134)|VARIABLE_ASSIGNMENT|[13]|objAcc|{"Id":"0011r00001mSXVwAAO","Name":"Pyramid Construction (5 more) ...","AccountNumber":"CC213425","Contacts":[{"AccountId":"0011r00001mSXVwAAO","Id":"0031r000023uSg6AAE","Name":"Pat Stumuller"}]}|0x3089cde8
15:56:23.0 (15294319)|STATEMENT_EXECUTE|[14]
15:56:23.0 (15323331)|HEAP_ALLOCATE|[16]|Bytes:8
15:56:23.0 (15399327)|HEAP_ALLOCATE|[16]|Bytes:28
15:56:23.0 (15434887)|HEAP_ALLOCATE|[16]|Bytes:8
15:56:23.0 (15453657)|HEAP_ALLOCATE|[16]|Bytes:8
15:56:23.0 (15459139)|HEAP_ALLOCATE|[16]|Bytes:8
15:56:23.0 (15465104)|VARIABLE_SCOPE_BEGIN|[15]|this|Database.QueryLocatorIterator|true|false
15:56:23.0 (15491518)|VARIABLE_ASSIGNMENT|[15]|this|{}|0x12f7f4c4
15:56:23.0 (15501116)|VARIABLE_SCOPE_BEGIN|[15]|values|List<SObject>|true|false
15:56:23.0 (15521129)|VARIABLE_ASSIGNMENT|[15]|values|[{"AccountId":"0011r00001mSXVwAAO","Id":"0031r000023uSg6AAE","Name":"Pat Stumuller"}]|0x7cae6ba0
15:56:23.0 (15529619)|VARIABLE_SCOPE_BEGIN|[15]|ql|Database.QueryLocator|true|false
15:56:23.0 (15547386)|VARIABLE_ASSIGNMENT|[15]|ql|{}|0x7c89582b
15:56:23.0 (15555448)|VARIABLE_SCOPE_BEGIN|[15]|totalNumRecords|Integer|false|false
15:56:23.0 (15567238)|VARIABLE_ASSIGNMENT|[15]|totalNumRecords|1
15:56:23.0 (15573392)|VARIABLE_SCOPE_BEGIN|[15]|queryMoreSize|Integer|false|false
15:56:23.0 (15583372)|VARIABLE_ASSIGNMENT|[15]|queryMoreSize|200
15:56:23.0 (15638209)|HEAP_ALLOCATE|[16]|Bytes:28
15:56:23.0 (15655006)|METHOD_ENTRY|[16]||Database.QueryLocatorIterator.hasNext()
15:56:23.0 (15683760)|METHOD_EXIT|[16]||Database.QueryLocatorIterator.hasNext()
15:56:23.0 (15692868)|METHOD_ENTRY|[16]||Database.QueryLocatorIterator.next()
15:56:23.0 (15759006)|METHOD_EXIT|[16]||Database.QueryLocatorIterator.next()
15:56:23.0 (15770071)|VARIABLE_SCOPE_BEGIN|[16]|objCon|Contact|true|false
15:56:23.0 (15790245)|VARIABLE_ASSIGNMENT|[16]|objCon|{"AccountId":"0011r00001mSXVwAAO","Id":"0031r000023uSg6AAE","Name":"Pat Stumuller"}|0x100836b
15:56:23.0 (15799098)|STATEMENT_EXECUTE|[17]
15:56:23.0 (15801441)|STATEMENT_EXECUTE|[18]
15:56:23.0 (15852135)|HEAP_ALLOCATE|[18]|Bytes:81
15:56:23.0 (15872984)|HEAP_ALLOCATE|[18]|Bytes:94
15:56:23.0 (15884753)|USER_DEBUG|[18]|DEBUG|---contact---Contact:{AccountId=0011r00001mSXVwAAO, Id=0031r000023uSg6AAE, Name=Pat Stumuller}
15:56:23.0 (15899191)|METHOD_ENTRY|[16]||Database.QueryLocatorIterator.hasNext()
15:56:23.0 (15915933)|METHOD_EXIT|[16]||Database.QueryLocatorIterator.hasNext()
15:56:23.0 (15926566)|VARIABLE_ASSIGNMENT|[16]|objCon|null|
15:56:23.0 (15942029)|HEAP_ALLOCATE|[13]|Bytes:5
15:56:23.0 (15955250)|VARIABLE_ASSIGNMENT|[13]|objAcc|null|
15:56:23.0 (15961727)|STATEMENT_EXECUTE|[23]
15:56:23.0 (16054573)|USER_DEBUG|[23]|DEBUG|(Account:{Id=0011r00001mSXVuAAO, Name=Edge Communications, AccountNumber=CD451796}, Account:{Id=0011r00001mSXVvAAO, Name=Burlington Textiles Corp of America, AccountNumber=CD656092}, Account:{Id=0011r00001mSXVwAAO, Name=Pyramid Construction Inc., AccountNumber=CC213425})
15:56:23.0 (16074219)|STATEMENT_EXECUTE|[29]
15:56:23.0 (16080652)|SYSTEM_MODE_EXIT|false
15:56:23.0 (25447187)|VF_SERIALIZE_VIEWSTATE_BEGIN|0661r0000024L7D
15:56:23.0 (27198813)|VF_SERIALIZE_VIEWSTATE_END
15:56:23.40 (40925528)|CUMULATIVE_LIMIT_USAGE
15:56:23.40 (40925528)|LIMIT_USAGE_FOR_NS|(default)|
  Number of SOQL queries: 1 out of 100
  Number of query rows: 7 out of 50000
  Number of SOSL queries: 0 out of 20
  Number of DML statements: 0 out of 150
  Number of DML rows: 0 out of 10000
  Maximum CPU time: 0 out of 10000
  Maximum heap size: 0 out of 6000000
  Number of callouts: 0 out of 100
  Number of Email Invocations: 0 out of 10
  Number of future calls: 0 out of 50
  Number of queueable jobs added to the queue: 0 out of 50
  Number of Mobile Apex push calls: 0 out of 10

15:56:23.40 (40925528)|CUMULATIVE_LIMIT_USAGE_END

15:56:23.0 (40965824)|CODE_UNIT_FINISHED|VF: /apex/VforceApp
15:56:23.0 (42007123)|EXECUTION_FINISHED
