42.0 APEX_CODE,FINEST;APEX_PROFILING,INFO;CALLOUT,INFO;DB,INFO;SYSTEM,DEBUG;VALIDATION,INFO;VISUALFORCE,INFO;WAVE,INFO;WORKFLOW,INFO
14:39:40.0 (292293)|USER_INFO|[EXTERNAL]|0051r000007nKPL|assh4884@cunning-goat-277018.com|Greenwich Mean Time|GMT+01:00
14:39:40.0 (331258)|EXECUTION_STARTED
14:39:40.0 (335827)|CODE_UNIT_STARTED|[EXTERNAL]|0661r0000024L7D|VF: /apex/VforceApp
14:39:40.0 (1829644)|SYSTEM_MODE_ENTER|true
14:39:40.0 (2075218)|HEAP_ALLOCATE|[72]|Bytes:3
14:39:40.0 (2107645)|HEAP_ALLOCATE|[77]|Bytes:152
14:39:40.0 (2120952)|HEAP_ALLOCATE|[342]|Bytes:408
14:39:40.0 (2132129)|HEAP_ALLOCATE|[355]|Bytes:408
14:39:40.0 (2142463)|HEAP_ALLOCATE|[467]|Bytes:48
14:39:40.0 (2164908)|HEAP_ALLOCATE|[139]|Bytes:6
14:39:40.0 (2178674)|HEAP_ALLOCATE|[EXTERNAL]|Bytes:1
14:39:40.0 (2212554)|METHOD_ENTRY|[1]|01p1r000008Onze|VforceAppController.VforceAppController()
14:39:40.0 (2219564)|STATEMENT_EXECUTE|[1]
14:39:40.0 (2224502)|STATEMENT_EXECUTE|[1]
14:39:40.0 (2250756)|HEAP_ALLOCATE|[50]|Bytes:5
14:39:40.0 (2269893)|HEAP_ALLOCATE|[56]|Bytes:5
14:39:40.0 (2276749)|HEAP_ALLOCATE|[64]|Bytes:7
14:39:40.0 (2295622)|SYSTEM_MODE_ENTER|false
14:39:40.0 (2308660)|HEAP_ALLOCATE|[EXTERNAL]|Bytes:5
14:39:40.0 (2315745)|SYSTEM_MODE_EXIT|false
14:39:40.0 (2323514)|METHOD_EXIT|[1]|VforceAppController
14:39:40.0 (2335821)|HEAP_ALLOCATE|[EXTERNAL]|Bytes:4
14:39:40.0 (2362864)|VARIABLE_SCOPE_BEGIN|[1]|this|VforceAppController|true|false
14:39:40.0 (2403192)|VARIABLE_ASSIGNMENT|[1]|this|{}|0x7b022ef
14:39:40.0 (2418217)|SYSTEM_MODE_ENTER|false
14:39:40.0 (2423772)|HEAP_ALLOCATE|[EXTERNAL]|Bytes:5
14:39:40.0 (2430998)|HEAP_ALLOCATE|[EXTERNAL]|Bytes:6
14:39:40.0 (2460254)|SYSTEM_MODE_EXIT|false
14:39:40.0 (2465981)|STATEMENT_EXECUTE|[1]
14:39:40.0 (2471980)|SYSTEM_MODE_ENTER|false
14:39:40.0 (2476544)|HEAP_ALLOCATE|[EXTERNAL]|Bytes:5
14:39:40.0 (2480981)|SYSTEM_MODE_EXIT|false
14:39:40.0 (2525186)|SYSTEM_MODE_ENTER|true
14:39:40.0 (2571216)|HEAP_ALLOCATE|[EXTERNAL]|Bytes:4
14:39:40.0 (2607799)|VARIABLE_SCOPE_BEGIN|[3]|this|VforceAppController|true|false
14:39:40.0 (2624722)|VARIABLE_ASSIGNMENT|[3]|this|{}|0x7b022ef
14:39:40.0 (2641966)|SYSTEM_MODE_ENTER|false
14:39:40.0 (2647927)|HEAP_ALLOCATE|[5]|Bytes:5
14:39:40.0 (2652319)|STATEMENT_EXECUTE|[3]
14:39:40.0 (2653718)|STATEMENT_EXECUTE|[4]
14:39:40.0 (2656445)|HEAP_ALLOCATE|[5]|Bytes:46
14:39:40.0 (2853487)|SOQL_EXECUTE_BEGIN|[4]|Aggregations:0|SELECT Id, AccountNumber FROM Account LIMIT 10
14:39:40.0 (8632913)|SOQL_EXECUTE_END|[4]|Rows:10
14:39:40.0 (8654822)|HEAP_ALLOCATE|[4]|Bytes:44
14:39:40.0 (8681184)|HEAP_ALLOCATE|[4]|Bytes:544
14:39:40.0 (8717979)|HEAP_ALLOCATE|[4]|Bytes:44
14:39:40.0 (8735090)|VARIABLE_SCOPE_BEGIN|[4]|result|List<Account>|true|false
14:39:40.0 (8754900)|VARIABLE_ASSIGNMENT|[4]|result|"List of size 10 too large to display"|0x21ed0609
14:39:40.0 (8762143)|STATEMENT_EXECUTE|[10]
14:39:40.0 (8766887)|SYSTEM_MODE_EXIT|false
14:39:40.0 (16163589)|VF_SERIALIZE_VIEWSTATE_BEGIN|0661r0000024L7D
14:39:40.0 (25101506)|VF_SERIALIZE_VIEWSTATE_END
14:39:40.38 (38148844)|CUMULATIVE_LIMIT_USAGE
14:39:40.38 (38148844)|LIMIT_USAGE_FOR_NS|(default)|
  Number of SOQL queries: 1 out of 100
  Number of query rows: 10 out of 50000
  Number of SOSL queries: 0 out of 20
  Number of DML statements: 0 out of 150
  Number of DML rows: 0 out of 10000
  Maximum CPU time: 0 out of 10000
  Maximum heap size: 0 out of 6000000
  Number of callouts: 0 out of 100
  Number of Email Invocations: 0 out of 10
  Number of future calls: 0 out of 50
  Number of queueable jobs added to the queue: 0 out of 50
  Number of Mobile Apex push calls: 0 out of 10

14:39:40.38 (38148844)|CUMULATIVE_LIMIT_USAGE_END

14:39:40.0 (38192634)|CODE_UNIT_FINISHED|VF: /apex/VforceApp
14:39:40.0 (38930216)|EXECUTION_FINISHED
