42.0 APEX_CODE,FINEST;APEX_PROFILING,INFO;CALLOUT,INFO;DB,INFO;SYSTEM,DEBUG;VALIDATION,INFO;VISUALFORCE,INFO;WAVE,INFO;WORKFLOW,INFO
15:02:41.0 (257504)|USER_INFO|[EXTERNAL]|0051r000007nKPL|assh4884@cunning-goat-277018.com|Greenwich Mean Time|GMT+01:00
15:02:41.0 (290161)|EXECUTION_STARTED
15:02:41.0 (293814)|CODE_UNIT_STARTED|[EXTERNAL]|0661r0000024L7D|VF: /apex/VforceApp
15:02:41.0 (38784520)|SYSTEM_MODE_ENTER|true
15:02:41.0 (39096227)|HEAP_ALLOCATE|[72]|Bytes:3
15:02:41.0 (39139197)|HEAP_ALLOCATE|[77]|Bytes:152
15:02:41.0 (39153054)|HEAP_ALLOCATE|[342]|Bytes:408
15:02:41.0 (39165966)|HEAP_ALLOCATE|[355]|Bytes:408
15:02:41.0 (39177761)|HEAP_ALLOCATE|[467]|Bytes:48
15:02:41.0 (39202447)|HEAP_ALLOCATE|[139]|Bytes:6
15:02:41.0 (39216386)|HEAP_ALLOCATE|[EXTERNAL]|Bytes:1
15:02:41.0 (39220952)|HEAP_ALLOCATE|[EXTERNAL]|Bytes:8
15:02:41.0 (39237566)|METHOD_ENTRY|[1]|01p1r000008Onze|VforceAppController.VforceAppController()
15:02:41.0 (39244558)|STATEMENT_EXECUTE|[1]
15:02:41.0 (39249140)|STATEMENT_EXECUTE|[1]
15:02:41.0 (39282241)|HEAP_ALLOCATE|[50]|Bytes:5
15:02:41.0 (39301982)|HEAP_ALLOCATE|[56]|Bytes:5
15:02:41.0 (39309435)|HEAP_ALLOCATE|[64]|Bytes:7
15:02:41.0 (39326966)|SYSTEM_MODE_ENTER|false
15:02:41.0 (39337924)|HEAP_ALLOCATE|[EXTERNAL]|Bytes:5
15:02:41.0 (39344977)|SYSTEM_MODE_EXIT|false
15:02:41.0 (39352269)|METHOD_EXIT|[1]|VforceAppController
15:02:41.0 (39363745)|HEAP_ALLOCATE|[EXTERNAL]|Bytes:4
15:02:41.0 (39383637)|VARIABLE_SCOPE_BEGIN|[1]|this|VforceAppController|true|false
15:02:41.0 (39448687)|VARIABLE_ASSIGNMENT|[1]|this|{}|0x243ce967
15:02:41.0 (39463222)|SYSTEM_MODE_ENTER|false
15:02:41.0 (39469522)|HEAP_ALLOCATE|[EXTERNAL]|Bytes:5
15:02:41.0 (39477239)|HEAP_ALLOCATE|[EXTERNAL]|Bytes:6
15:02:41.0 (39507679)|SYSTEM_MODE_EXIT|false
15:02:41.0 (39512807)|STATEMENT_EXECUTE|[1]
15:02:41.0 (39518575)|SYSTEM_MODE_ENTER|false
15:02:41.0 (39523069)|HEAP_ALLOCATE|[EXTERNAL]|Bytes:5
15:02:41.0 (39527055)|SYSTEM_MODE_EXIT|false
15:02:41.0 (39572117)|SYSTEM_MODE_ENTER|true
15:02:41.0 (39621677)|HEAP_ALLOCATE|[EXTERNAL]|Bytes:4
15:02:41.0 (39670019)|VARIABLE_SCOPE_BEGIN|[3]|this|VforceAppController|true|false
15:02:41.0 (39686734)|VARIABLE_ASSIGNMENT|[3]|this|{}|0x243ce967
15:02:41.0 (39702237)|SYSTEM_MODE_ENTER|false
15:02:41.0 (39707712)|HEAP_ALLOCATE|[4]|Bytes:5
15:02:41.0 (39711920)|STATEMENT_EXECUTE|[3]
15:02:41.0 (39713308)|STATEMENT_EXECUTE|[4]
15:02:41.0 (39739912)|HEAP_ALLOCATE|[4]|Bytes:4
15:02:41.0 (39797260)|VARIABLE_SCOPE_BEGIN|[4]|result|List<Account>|true|false
15:02:41.0 (39808742)|HEAP_ALLOCATE|[EXTERNAL]|Bytes:4
15:02:41.0 (39819095)|VARIABLE_ASSIGNMENT|[4]|result|[]|0x6c85ef58
15:02:41.0 (39824187)|STATEMENT_EXECUTE|[5]
15:02:41.0 (39825654)|STATEMENT_EXECUTE|[5]
15:02:41.0 (39826809)|STATEMENT_EXECUTE|[6]
15:02:41.0 (39829429)|HEAP_ALLOCATE|[7]|Bytes:85
15:02:41.0 (41244107)|SOQL_EXECUTE_BEGIN|[6]|Aggregations:1|SELECT Id, Name, AccountNumber, (SELECT Id, Name FROM Contacts) FROM Account LIMIT 10
15:02:41.0 (46581782)|SOQL_EXECUTE_END|[6]|Rows:10
15:02:41.0 (46621389)|HEAP_ALLOCATE|[6]|Bytes:44
15:02:41.0 (46678442)|HEAP_ALLOCATE|[6]|Bytes:2322
15:02:41.0 (46712856)|HEAP_ALLOCATE|[6]|Bytes:44
15:02:41.0 (46749526)|VARIABLE_ASSIGNMENT|[6]|result|"List of size 10 too large to display"|0x41368992
15:02:41.0 (46756974)|STATEMENT_EXECUTE|[12]
15:02:41.0 (46891104)|USER_DEBUG|[12]|DEBUG|(Account:{Id=0011r00001mSXVuAAO, Name=Edge Communications, AccountNumber=CD451796}, Account:{Id=0011r00001mSXVvAAO, Name=Burlington Textiles Corp of America, AccountNumber=CD656092}, Account:{Id=0011r00001mSXVwAAO, Name=Pyramid Construction Inc., AccountNumber=CC213425}, Account:{Id=0011r00001mSXVxAAO, Name=Dickenson plc, AccountNumber=CC634267}, Account:{Id=0011r00001mSXVyAAO, Name=Grand Hotels & Resorts Ltd, AccountNumber=CD439877}, Account:{Id=0011r00001mSXVzAAO, Name=United Oil & Gas Corp., AccountNumber=CD355118}, Account:{Id=0011r00001mSXW0AAO, Name=Express Logistics and Transport, AccountNumber=CC947211}, Account:{Id=0011r00001mSXW1AAO, Name=University of Arizona, AccountNumber=CD736025}, Account:{Id=0011r00001mSXW2AAO, Name=United Oil & Gas, UK, AccountNumber=CD355119-A}, Account:{Id=0011r00001mSXW3AAO, Name=United Oil & Gas, Singapore, AccountNumber=CD355120-B})
15:02:41.0 (46915566)|STATEMENT_EXECUTE|[18]
15:02:41.0 (46920037)|SYSTEM_MODE_EXIT|false
15:02:41.0 (53826410)|VF_SERIALIZE_VIEWSTATE_BEGIN|0661r0000024L7D
15:02:41.0 (55263863)|VF_SERIALIZE_VIEWSTATE_END
15:02:41.68 (68154487)|CUMULATIVE_LIMIT_USAGE
15:02:41.68 (68154487)|LIMIT_USAGE_FOR_NS|(default)|
  Number of SOQL queries: 1 out of 100
  Number of query rows: 27 out of 50000
  Number of SOSL queries: 0 out of 20
  Number of DML statements: 0 out of 150
  Number of DML rows: 0 out of 10000
  Maximum CPU time: 0 out of 10000
  Maximum heap size: 0 out of 6000000
  Number of callouts: 0 out of 100
  Number of Email Invocations: 0 out of 10
  Number of future calls: 0 out of 50
  Number of queueable jobs added to the queue: 0 out of 50
  Number of Mobile Apex push calls: 0 out of 10

15:02:41.68 (68154487)|CUMULATIVE_LIMIT_USAGE_END

15:02:41.0 (68194568)|CODE_UNIT_FINISHED|VF: /apex/VforceApp
15:02:41.0 (69006173)|EXECUTION_FINISHED
