42.0 APEX_CODE,FINEST;APEX_PROFILING,INFO;CALLOUT,INFO;DB,INFO;SYSTEM,DEBUG;VALIDATION,INFO;VISUALFORCE,INFO;WAVE,INFO;WORKFLOW,INFO
14:27:59.0 (345891)|USER_INFO|[EXTERNAL]|0051r000007nKPL|assh4884@cunning-goat-277018.com|Greenwich Mean Time|GMT+01:00
14:27:59.0 (390585)|EXECUTION_STARTED
14:27:59.0 (395678)|CODE_UNIT_STARTED|[EXTERNAL]|0661r0000024L7D|VF: /apex/VforceApp
14:27:59.0 (6187765)|SYSTEM_MODE_ENTER|true
14:27:59.0 (6611205)|HEAP_ALLOCATE|[72]|Bytes:3
14:27:59.0 (6666189)|HEAP_ALLOCATE|[77]|Bytes:152
14:27:59.0 (6680199)|HEAP_ALLOCATE|[342]|Bytes:408
14:27:59.0 (6692231)|HEAP_ALLOCATE|[355]|Bytes:408
14:27:59.0 (6702477)|HEAP_ALLOCATE|[467]|Bytes:48
14:27:59.0 (6728473)|HEAP_ALLOCATE|[139]|Bytes:6
14:27:59.0 (6751133)|METHOD_ENTRY|[1]|01p1r000008Onze|VforceAppController.VforceAppController()
14:27:59.0 (6758826)|STATEMENT_EXECUTE|[1]
14:27:59.0 (6764451)|STATEMENT_EXECUTE|[1]
14:27:59.0 (6793358)|HEAP_ALLOCATE|[50]|Bytes:5
14:27:59.0 (6810908)|HEAP_ALLOCATE|[56]|Bytes:5
14:27:59.0 (6818224)|HEAP_ALLOCATE|[64]|Bytes:7
14:27:59.0 (6845044)|SYSTEM_MODE_ENTER|false
14:27:59.0 (6856066)|HEAP_ALLOCATE|[EXTERNAL]|Bytes:5
14:27:59.0 (6880365)|SYSTEM_MODE_EXIT|false
14:27:59.0 (6893249)|METHOD_EXIT|[1]|VforceAppController
14:27:59.0 (6909039)|HEAP_ALLOCATE|[EXTERNAL]|Bytes:4
14:27:59.0 (6930812)|VARIABLE_SCOPE_BEGIN|[1]|this|VforceAppController|true|false
14:27:59.0 (6993507)|VARIABLE_ASSIGNMENT|[1]|this|{}|0x62777c9e
14:27:59.0 (7007185)|SYSTEM_MODE_ENTER|false
14:27:59.0 (7014088)|HEAP_ALLOCATE|[EXTERNAL]|Bytes:5
14:27:59.0 (7023425)|HEAP_ALLOCATE|[EXTERNAL]|Bytes:6
14:27:59.0 (7057812)|SYSTEM_MODE_EXIT|false
14:27:59.0 (7066245)|STATEMENT_EXECUTE|[1]
14:27:59.0 (7076423)|SYSTEM_MODE_ENTER|false
14:27:59.0 (7083977)|HEAP_ALLOCATE|[EXTERNAL]|Bytes:5
14:27:59.0 (7091473)|SYSTEM_MODE_EXIT|false
14:27:59.18 (18733211)|CUMULATIVE_LIMIT_USAGE
14:27:59.18 (18733211)|LIMIT_USAGE_FOR_NS|(default)|
  Number of SOQL queries: 0 out of 100
  Number of query rows: 0 out of 50000
  Number of SOSL queries: 0 out of 20
  Number of DML statements: 0 out of 150
  Number of DML rows: 0 out of 10000
  Maximum CPU time: 0 out of 10000
  Maximum heap size: 0 out of 6000000
  Number of callouts: 0 out of 100
  Number of Email Invocations: 0 out of 10
  Number of future calls: 0 out of 50
  Number of queueable jobs added to the queue: 0 out of 50
  Number of Mobile Apex push calls: 0 out of 10

14:27:59.18 (18733211)|CUMULATIVE_LIMIT_USAGE_END

14:27:59.0 (18787574)|CODE_UNIT_FINISHED|VF: /apex/VforceApp
14:27:59.0 (19637768)|EXECUTION_FINISHED
