42.0 APEX_CODE,FINEST;APEX_PROFILING,INFO;CALLOUT,INFO;DB,INFO;SYSTEM,DEBUG;VALIDATION,INFO;VISUALFORCE,INFO;WAVE,INFO;WORKFLOW,INFO
14:40:46.0 (386640)|USER_INFO|[EXTERNAL]|0051r000007nKPL|assh4884@cunning-goat-277018.com|Greenwich Mean Time|GMT+01:00
14:40:46.0 (428142)|EXECUTION_STARTED
14:40:46.0 (432771)|CODE_UNIT_STARTED|[EXTERNAL]|0661r0000024KDH|VF: /apex/TestVisual2
14:40:46.0 (2165028)|SYSTEM_MODE_ENTER|true
14:40:46.0 (2616327)|HEAP_ALLOCATE|[72]|Bytes:3
14:40:46.0 (2665828)|HEAP_ALLOCATE|[77]|Bytes:152
14:40:46.0 (2678848)|HEAP_ALLOCATE|[342]|Bytes:408
14:40:46.0 (2690434)|HEAP_ALLOCATE|[355]|Bytes:408
14:40:46.0 (2700908)|HEAP_ALLOCATE|[467]|Bytes:48
14:40:46.0 (2725941)|HEAP_ALLOCATE|[139]|Bytes:6
14:40:46.0 (2740810)|HEAP_ALLOCATE|[EXTERNAL]|Bytes:7
14:40:46.0 (2771525)|METHOD_ENTRY|[1]|01p1r000008OkGL|TestVisualController.TestVisualController()
14:40:46.0 (2778751)|STATEMENT_EXECUTE|[1]
14:40:46.0 (2782963)|STATEMENT_EXECUTE|[1]
14:40:46.0 (2808987)|HEAP_ALLOCATE|[50]|Bytes:5
14:40:46.0 (2828071)|HEAP_ALLOCATE|[56]|Bytes:5
14:40:46.0 (2834744)|HEAP_ALLOCATE|[64]|Bytes:7
14:40:46.0 (2858031)|SYSTEM_MODE_ENTER|false
14:40:46.0 (2868781)|HEAP_ALLOCATE|[EXTERNAL]|Bytes:5
14:40:46.0 (2875454)|SYSTEM_MODE_EXIT|false
14:40:46.0 (2883717)|METHOD_EXIT|[1]|TestVisualController
14:40:46.0 (2895832)|HEAP_ALLOCATE|[EXTERNAL]|Bytes:8
14:40:46.0 (2903491)|VARIABLE_SCOPE_BEGIN|[1]|this|TestVisualController|true|false
14:40:46.0 (2959268)|VARIABLE_ASSIGNMENT|[1]|this|{}|0x53f5ece1
14:40:46.0 (2973753)|SYSTEM_MODE_ENTER|false
14:40:46.0 (2979292)|HEAP_ALLOCATE|[3]|Bytes:5
14:40:46.0 (2987348)|HEAP_ALLOCATE|[3]|Bytes:6
14:40:46.0 (3017606)|SYSTEM_MODE_EXIT|false
14:40:46.0 (3023479)|STATEMENT_EXECUTE|[1]
14:40:46.0 (3029350)|SYSTEM_MODE_ENTER|false
14:40:46.0 (3033557)|HEAP_ALLOCATE|[3]|Bytes:5
14:40:46.0 (3037343)|STATEMENT_EXECUTE|[3]
14:40:46.0 (3052592)|HEAP_ALLOCATE|[3]|Bytes:8
14:40:46.0 (3068298)|VARIABLE_ASSIGNMENT|[3]|this.sortOrder|"LastName"|0x53f5ece1
14:40:46.0 (3074341)|SYSTEM_MODE_EXIT|false
14:40:46.0 (3118736)|SYSTEM_MODE_ENTER|true
14:40:46.0 (3159156)|HEAP_ALLOCATE|[EXTERNAL]|Bytes:8
14:40:46.0 (3166491)|VARIABLE_SCOPE_BEGIN|[5]|this|TestVisualController|true|false
14:40:46.0 (3183777)|VARIABLE_ASSIGNMENT|[5]|this|{"sortOrder":"LastName"}|0x53f5ece1
14:40:46.0 (3197793)|SYSTEM_MODE_ENTER|false
14:40:46.0 (3203235)|HEAP_ALLOCATE|[7]|Bytes:5
14:40:46.0 (3206947)|STATEMENT_EXECUTE|[5]
14:40:46.0 (3208469)|STATEMENT_EXECUTE|[6]
14:40:46.0 (3211186)|HEAP_ALLOCATE|[7]|Bytes:67
14:40:46.0 (3216697)|HEAP_ALLOCATE|[9]|Bytes:13
14:40:46.0 (3229069)|HEAP_ALLOCATE|[7]|Bytes:88
14:40:46.0 (3440507)|SOQL_EXECUTE_BEGIN|[6]|Aggregations:0|SELECT Id, FirstName, LastName, Title, Email FROM Contact ORDER BY LastName ASC LIMIT 10
14:40:46.0 (6118098)|SOQL_EXECUTE_END|[6]|Rows:10
14:40:46.0 (6145477)|HEAP_ALLOCATE|[6]|Bytes:44
14:40:46.0 (6194830)|HEAP_ALLOCATE|[6]|Bytes:1143
14:40:46.0 (6248474)|HEAP_ALLOCATE|[6]|Bytes:44
14:40:46.0 (6271813)|VARIABLE_SCOPE_BEGIN|[6]|result|List<Contact>|true|false
14:40:46.0 (6297326)|VARIABLE_ASSIGNMENT|[6]|result|"List of size 10 too large to display"|0x568e9c30
14:40:46.0 (6306540)|STATEMENT_EXECUTE|[13]
14:40:46.0 (6312468)|SYSTEM_MODE_EXIT|false
14:40:46.0 (23920637)|VF_SERIALIZE_VIEWSTATE_BEGIN|0661r0000024KDH
14:40:46.0 (32108989)|VF_SERIALIZE_VIEWSTATE_END
14:40:46.45 (45270173)|CUMULATIVE_LIMIT_USAGE
14:40:46.45 (45270173)|LIMIT_USAGE_FOR_NS|(default)|
  Number of SOQL queries: 1 out of 100
  Number of query rows: 10 out of 50000
  Number of SOSL queries: 0 out of 20
  Number of DML statements: 0 out of 150
  Number of DML rows: 0 out of 10000
  Maximum CPU time: 0 out of 10000
  Maximum heap size: 0 out of 6000000
  Number of callouts: 0 out of 100
  Number of Email Invocations: 0 out of 10
  Number of future calls: 0 out of 50
  Number of queueable jobs added to the queue: 0 out of 50
  Number of Mobile Apex push calls: 0 out of 10

14:40:46.45 (45270173)|CUMULATIVE_LIMIT_USAGE_END

14:40:46.0 (45314247)|CODE_UNIT_FINISHED|VF: /apex/TestVisual2
14:40:46.0 (46291571)|EXECUTION_FINISHED
