42.0 APEX_CODE,FINEST;APEX_PROFILING,INFO;CALLOUT,INFO;DB,INFO;SYSTEM,DEBUG;VALIDATION,INFO;VISUALFORCE,INFO;WAVE,INFO;WORKFLOW,INFO
13:31:43.0 (391725)|USER_INFO|[EXTERNAL]|0051r000007nKPL|assh4884@cunning-goat-277018.com|Greenwich Mean Time|GMT+01:00
13:31:43.0 (442133)|EXECUTION_STARTED
13:31:43.0 (446249)|CODE_UNIT_STARTED|[EXTERNAL]|0661r0000024KDH|VF: /apex/TestVisual2
13:31:43.0 (2235306)|SYSTEM_MODE_ENTER|true
13:31:43.0 (2656526)|HEAP_ALLOCATE|[72]|Bytes:3
13:31:43.0 (2702060)|HEAP_ALLOCATE|[77]|Bytes:152
13:31:43.0 (2715353)|HEAP_ALLOCATE|[342]|Bytes:408
13:31:43.0 (2727635)|HEAP_ALLOCATE|[355]|Bytes:408
13:31:43.0 (2737991)|HEAP_ALLOCATE|[467]|Bytes:48
13:31:43.0 (2794194)|HEAP_ALLOCATE|[139]|Bytes:6
13:31:43.0 (2810109)|HEAP_ALLOCATE|[EXTERNAL]|Bytes:1
13:31:43.0 (2866565)|METHOD_ENTRY|[1]|01p1r000008OkGL|TestVisualController.TestVisualController()
13:31:43.0 (2873441)|STATEMENT_EXECUTE|[1]
13:31:43.0 (2877421)|STATEMENT_EXECUTE|[1]
13:31:43.0 (2906578)|HEAP_ALLOCATE|[50]|Bytes:5
13:31:43.0 (2925678)|HEAP_ALLOCATE|[56]|Bytes:5
13:31:43.0 (2933767)|HEAP_ALLOCATE|[64]|Bytes:7
13:31:43.0 (2954206)|SYSTEM_MODE_ENTER|false
13:31:43.0 (2963004)|HEAP_ALLOCATE|[EXTERNAL]|Bytes:5
13:31:43.0 (2968990)|SYSTEM_MODE_EXIT|false
13:31:43.0 (2990999)|METHOD_EXIT|[1]|TestVisualController
13:31:43.0 (3003347)|HEAP_ALLOCATE|[EXTERNAL]|Bytes:8
13:31:43.0 (3033078)|VARIABLE_SCOPE_BEGIN|[1]|this|TestVisualController|true|false
13:31:43.0 (3159323)|VARIABLE_ASSIGNMENT|[1]|this|{}|0xb093ce4
13:31:43.0 (3176735)|SYSTEM_MODE_ENTER|false
13:31:43.0 (3182336)|HEAP_ALLOCATE|[3]|Bytes:5
13:31:43.0 (3191708)|HEAP_ALLOCATE|[3]|Bytes:6
13:31:43.0 (3223667)|SYSTEM_MODE_EXIT|false
13:31:43.0 (3229167)|STATEMENT_EXECUTE|[1]
13:31:43.0 (3235568)|SYSTEM_MODE_ENTER|false
13:31:43.0 (3239888)|HEAP_ALLOCATE|[3]|Bytes:5
13:31:43.0 (3243309)|STATEMENT_EXECUTE|[3]
13:31:43.0 (3255429)|HEAP_ALLOCATE|[3]|Bytes:8
13:31:43.0 (3267108)|VARIABLE_ASSIGNMENT|[3]|this.sortOrder|"LastName"|0xb093ce4
13:31:43.0 (3273426)|SYSTEM_MODE_EXIT|false
13:31:43.0 (3326766)|SYSTEM_MODE_ENTER|true
13:31:43.0 (3370808)|HEAP_ALLOCATE|[EXTERNAL]|Bytes:8
13:31:43.0 (3414626)|VARIABLE_SCOPE_BEGIN|[5]|this|TestVisualController|true|false
13:31:43.0 (3433030)|VARIABLE_ASSIGNMENT|[5]|this|{"sortOrder":"LastName"}|0xb093ce4
13:31:43.0 (3449233)|SYSTEM_MODE_ENTER|false
13:31:43.0 (3454375)|HEAP_ALLOCATE|[7]|Bytes:5
13:31:43.0 (3458619)|STATEMENT_EXECUTE|[5]
13:31:43.0 (3460151)|STATEMENT_EXECUTE|[6]
13:31:43.0 (3463079)|HEAP_ALLOCATE|[7]|Bytes:67
13:31:43.0 (3470026)|HEAP_ALLOCATE|[9]|Bytes:13
13:31:43.0 (3483885)|HEAP_ALLOCATE|[7]|Bytes:88
13:31:43.0 (3733722)|SOQL_EXECUTE_BEGIN|[6]|Aggregations:0|SELECT Id, FirstName, LastName, Title, Email FROM Contact ORDER BY LastName ASC LIMIT 10
13:31:43.0 (10971704)|SOQL_EXECUTE_END|[6]|Rows:10
13:31:43.0 (10996764)|HEAP_ALLOCATE|[6]|Bytes:44
13:31:43.0 (11034327)|HEAP_ALLOCATE|[6]|Bytes:1143
13:31:43.0 (11073170)|HEAP_ALLOCATE|[6]|Bytes:44
13:31:43.0 (11092801)|VARIABLE_SCOPE_BEGIN|[6]|result|List<Contact>|true|false
13:31:43.0 (11125145)|VARIABLE_ASSIGNMENT|[6]|result|"List of size 10 too large to display"|0x2249c4ff
13:31:43.0 (11132389)|STATEMENT_EXECUTE|[13]
13:31:43.0 (11136914)|SYSTEM_MODE_EXIT|false
13:31:43.0 (29279928)|VF_SERIALIZE_VIEWSTATE_BEGIN|0661r0000024KDH
13:31:43.0 (43217261)|VF_SERIALIZE_VIEWSTATE_END
13:31:43.0 (45112575)|CODE_UNIT_STARTED|[EXTERNAL]|Generate Metadata
13:31:43.0 (45932769)|CODE_UNIT_FINISHED|Generate Metadata
13:31:43.59 (59605260)|CUMULATIVE_LIMIT_USAGE
13:31:43.59 (59605260)|LIMIT_USAGE_FOR_NS|(default)|
  Number of SOQL queries: 1 out of 100
  Number of query rows: 10 out of 50000
  Number of SOSL queries: 0 out of 20
  Number of DML statements: 0 out of 150
  Number of DML rows: 0 out of 10000
  Maximum CPU time: 0 out of 10000
  Maximum heap size: 0 out of 6000000
  Number of callouts: 0 out of 100
  Number of Email Invocations: 0 out of 10
  Number of future calls: 0 out of 50
  Number of queueable jobs added to the queue: 0 out of 50
  Number of Mobile Apex push calls: 0 out of 10

13:31:43.59 (59605260)|CUMULATIVE_LIMIT_USAGE_END

13:31:43.0 (59651253)|CODE_UNIT_FINISHED|VF: /apex/TestVisual2
13:31:43.0 (60413496)|EXECUTION_FINISHED
