42.0 APEX_CODE,FINEST;APEX_PROFILING,INFO;CALLOUT,INFO;DB,INFO;SYSTEM,DEBUG;VALIDATION,INFO;VISUALFORCE,INFO;WAVE,INFO;WORKFLOW,INFO
13:12:40.0 (331178)|USER_INFO|[EXTERNAL]|0051r000007nKPL|assh4884@cunning-goat-277018.com|Greenwich Mean Time|GMT+01:00
13:12:40.0 (376794)|EXECUTION_STARTED
13:12:40.0 (381564)|CODE_UNIT_STARTED|[EXTERNAL]|0661r0000024KDH|VF: /apex/TestVisual2
13:12:40.4 (4443514)|CUMULATIVE_LIMIT_USAGE
13:12:40.4 (4443514)|LIMIT_USAGE_FOR_NS|(default)|
  Number of SOQL queries: 0 out of 100
  Number of query rows: 0 out of 50000
  Number of SOSL queries: 0 out of 20
  Number of DML statements: 0 out of 150
  Number of DML rows: 0 out of 10000
  Maximum CPU time: 0 out of 10000
  Maximum heap size: 0 out of 6000000
  Number of callouts: 0 out of 100
  Number of Email Invocations: 0 out of 10
  Number of future calls: 0 out of 50
  Number of queueable jobs added to the queue: 0 out of 50
  Number of Mobile Apex push calls: 0 out of 10

13:12:40.4 (4443514)|CUMULATIVE_LIMIT_USAGE_END

13:12:40.0 (4495203)|CODE_UNIT_FINISHED|VF: /apex/TestVisual2
13:12:40.0 (5336794)|EXECUTION_FINISHED
