42.0 APEX_CODE,FINEST;APEX_PROFILING,INFO;CALLOUT,INFO;DB,INFO;SYSTEM,DEBUG;VALIDATION,INFO;VISUALFORCE,INFO;WAVE,INFO;WORKFLOW,INFO
15:16:54.0 (300364)|USER_INFO|[EXTERNAL]|0051r000007nKPL|assh4884@cunning-goat-277018.com|Greenwich Mean Time|GMT+01:00
15:16:54.0 (343035)|EXECUTION_STARTED
15:16:54.0 (346992)|CODE_UNIT_STARTED|[EXTERNAL]|0661r0000024L7D|VF: /apex/VforceApp
15:16:54.0 (43053748)|SYSTEM_MODE_ENTER|true
15:16:54.0 (43519380)|HEAP_ALLOCATE|[72]|Bytes:3
15:16:54.0 (43665389)|HEAP_ALLOCATE|[77]|Bytes:152
15:16:54.0 (43679861)|HEAP_ALLOCATE|[342]|Bytes:408
15:16:54.0 (43692015)|HEAP_ALLOCATE|[355]|Bytes:408
15:16:54.0 (43702371)|HEAP_ALLOCATE|[467]|Bytes:48
15:16:54.0 (43729312)|HEAP_ALLOCATE|[139]|Bytes:6
15:16:54.0 (43743033)|HEAP_ALLOCATE|[EXTERNAL]|Bytes:9
15:16:54.0 (43818046)|HEAP_ALLOCATE|[EXTERNAL]|Bytes:1
15:16:54.0 (43821455)|HEAP_ALLOCATE|[EXTERNAL]|Bytes:8
15:16:54.0 (43842165)|METHOD_ENTRY|[1]|01p1r000008Onze|VforceAppController.VforceAppController()
15:16:54.0 (43849207)|STATEMENT_EXECUTE|[1]
15:16:54.0 (43854133)|STATEMENT_EXECUTE|[1]
15:16:54.0 (43884103)|HEAP_ALLOCATE|[50]|Bytes:5
15:16:54.0 (43906386)|HEAP_ALLOCATE|[56]|Bytes:5
15:16:54.0 (43913737)|HEAP_ALLOCATE|[64]|Bytes:7
15:16:54.0 (43935112)|SYSTEM_MODE_ENTER|false
15:16:54.0 (43947995)|HEAP_ALLOCATE|[EXTERNAL]|Bytes:5
15:16:54.0 (43952496)|STATEMENT_EXECUTE|[22]
15:16:54.0 (43957348)|SYSTEM_MODE_EXIT|false
15:16:54.0 (43965719)|METHOD_EXIT|[1]|VforceAppController
15:16:54.0 (43977083)|HEAP_ALLOCATE|[EXTERNAL]|Bytes:4
15:16:54.0 (43997137)|VARIABLE_SCOPE_BEGIN|[1]|this|VforceAppController|true|false
15:16:54.0 (44084208)|VARIABLE_ASSIGNMENT|[1]|this|{}|0x349ea665
15:16:54.0 (44100193)|SYSTEM_MODE_ENTER|false
15:16:54.0 (44105750)|HEAP_ALLOCATE|[EXTERNAL]|Bytes:5
15:16:54.0 (44113962)|HEAP_ALLOCATE|[EXTERNAL]|Bytes:6
15:16:54.0 (44146451)|SYSTEM_MODE_EXIT|false
15:16:54.0 (44151876)|STATEMENT_EXECUTE|[1]
15:16:54.0 (44158325)|SYSTEM_MODE_ENTER|false
15:16:54.0 (44162345)|HEAP_ALLOCATE|[EXTERNAL]|Bytes:5
15:16:54.0 (44166128)|SYSTEM_MODE_EXIT|false
15:16:54.0 (44217678)|SYSTEM_MODE_ENTER|true
15:16:54.0 (44268976)|HEAP_ALLOCATE|[EXTERNAL]|Bytes:4
15:16:54.0 (44320077)|VARIABLE_SCOPE_BEGIN|[3]|this|VforceAppController|true|false
15:16:54.0 (44335157)|VARIABLE_ASSIGNMENT|[3]|this|{}|0x349ea665
15:16:54.0 (44352371)|SYSTEM_MODE_ENTER|false
15:16:54.0 (44357829)|HEAP_ALLOCATE|[4]|Bytes:5
15:16:54.0 (44362176)|STATEMENT_EXECUTE|[3]
15:16:54.0 (44363610)|STATEMENT_EXECUTE|[4]
15:16:54.0 (44392487)|HEAP_ALLOCATE|[4]|Bytes:4
15:16:54.0 (44455254)|VARIABLE_SCOPE_BEGIN|[4]|result|List<Account>|true|false
15:16:54.0 (44466679)|HEAP_ALLOCATE|[EXTERNAL]|Bytes:4
15:16:54.0 (44477755)|VARIABLE_ASSIGNMENT|[4]|result|[]|0x693e3845
15:16:54.0 (44482575)|STATEMENT_EXECUTE|[6]
15:16:54.0 (44484006)|STATEMENT_EXECUTE|[6]
15:16:54.0 (44485252)|STATEMENT_EXECUTE|[7]
15:16:54.0 (44487843)|HEAP_ALLOCATE|[8]|Bytes:85
15:16:54.0 (45980979)|SOQL_EXECUTE_BEGIN|[7]|Aggregations:1|SELECT Id, Name, AccountNumber, (SELECT Id, Name FROM Contacts) FROM Account LIMIT 10
15:16:54.0 (51752457)|SOQL_EXECUTE_END|[7]|Rows:10
15:16:54.0 (51797362)|HEAP_ALLOCATE|[7]|Bytes:44
15:16:54.0 (51847394)|HEAP_ALLOCATE|[7]|Bytes:2322
15:16:54.0 (51895107)|HEAP_ALLOCATE|[7]|Bytes:44
15:16:54.0 (51939763)|VARIABLE_ASSIGNMENT|[7]|result|"List of size 10 too large to display"|0x2d983c32
15:16:54.0 (51948689)|STATEMENT_EXECUTE|[13]
15:16:54.0 (52090737)|USER_DEBUG|[13]|DEBUG|(Account:{Id=0011r00001mSXVuAAO, Name=Edge Communications, AccountNumber=CD451796}, Account:{Id=0011r00001mSXVvAAO, Name=Burlington Textiles Corp of America, AccountNumber=CD656092}, Account:{Id=0011r00001mSXVwAAO, Name=Pyramid Construction Inc., AccountNumber=CC213425}, Account:{Id=0011r00001mSXVxAAO, Name=Dickenson plc, AccountNumber=CC634267}, Account:{Id=0011r00001mSXVyAAO, Name=Grand Hotels & Resorts Ltd, AccountNumber=CD439877}, Account:{Id=0011r00001mSXVzAAO, Name=United Oil & Gas Corp., AccountNumber=CD355118}, Account:{Id=0011r00001mSXW0AAO, Name=Express Logistics and Transport, AccountNumber=CC947211}, Account:{Id=0011r00001mSXW1AAO, Name=University of Arizona, AccountNumber=CD736025}, Account:{Id=0011r00001mSXW2AAO, Name=United Oil & Gas, UK, AccountNumber=CD355119-A}, Account:{Id=0011r00001mSXW3AAO, Name=United Oil & Gas, Singapore, AccountNumber=CD355120-B})
15:16:54.0 (52113112)|STATEMENT_EXECUTE|[19]
15:16:54.0 (52118414)|SYSTEM_MODE_EXIT|false
15:16:54.0 (59051819)|VF_SERIALIZE_VIEWSTATE_BEGIN|0661r0000024L7D
15:16:54.0 (60482603)|VF_SERIALIZE_VIEWSTATE_END
15:16:54.73 (73578007)|CUMULATIVE_LIMIT_USAGE
15:16:54.73 (73578007)|LIMIT_USAGE_FOR_NS|(default)|
  Number of SOQL queries: 1 out of 100
  Number of query rows: 27 out of 50000
  Number of SOSL queries: 0 out of 20
  Number of DML statements: 0 out of 150
  Number of DML rows: 0 out of 10000
  Maximum CPU time: 0 out of 10000
  Maximum heap size: 0 out of 6000000
  Number of callouts: 0 out of 100
  Number of Email Invocations: 0 out of 10
  Number of future calls: 0 out of 50
  Number of queueable jobs added to the queue: 0 out of 50
  Number of Mobile Apex push calls: 0 out of 10

15:16:54.73 (73578007)|CUMULATIVE_LIMIT_USAGE_END

15:16:54.0 (73626312)|CODE_UNIT_FINISHED|VF: /apex/VforceApp
15:16:54.0 (74414522)|EXECUTION_FINISHED
