42.0 APEX_CODE,FINEST;APEX_PROFILING,INFO;CALLOUT,INFO;DB,INFO;SYSTEM,DEBUG;VALIDATION,INFO;VISUALFORCE,INFO;WAVE,INFO;WORKFLOW,INFO
15:00:43.0 (301683)|USER_INFO|[EXTERNAL]|0051r000007nKPL|assh4884@cunning-goat-277018.com|Greenwich Mean Time|GMT+01:00
15:00:43.0 (347242)|EXECUTION_STARTED
15:00:43.0 (351801)|CODE_UNIT_STARTED|[EXTERNAL]|0661r0000024L7D|VF: /apex/VforceApp
15:00:43.0 (45388086)|SYSTEM_MODE_ENTER|true
15:00:43.0 (45857605)|HEAP_ALLOCATE|[72]|Bytes:3
15:00:43.0 (45918465)|HEAP_ALLOCATE|[77]|Bytes:152
15:00:43.0 (45932218)|HEAP_ALLOCATE|[342]|Bytes:408
15:00:43.0 (45947179)|HEAP_ALLOCATE|[355]|Bytes:408
15:00:43.0 (45960541)|HEAP_ALLOCATE|[467]|Bytes:48
15:00:43.0 (45985163)|HEAP_ALLOCATE|[139]|Bytes:6
15:00:43.0 (45999110)|HEAP_ALLOCATE|[EXTERNAL]|Bytes:1
15:00:43.0 (46022202)|HEAP_ALLOCATE|[EXTERNAL]|Bytes:5
15:00:43.0 (46040462)|METHOD_ENTRY|[1]|01p1r000008Onze|VforceAppController.VforceAppController()
15:00:43.0 (46047806)|STATEMENT_EXECUTE|[1]
15:00:43.0 (46051946)|STATEMENT_EXECUTE|[1]
15:00:43.0 (46081717)|HEAP_ALLOCATE|[50]|Bytes:5
15:00:43.0 (46099362)|HEAP_ALLOCATE|[56]|Bytes:5
15:00:43.0 (46106392)|HEAP_ALLOCATE|[64]|Bytes:7
15:00:43.0 (46125535)|SYSTEM_MODE_ENTER|false
15:00:43.0 (46135513)|HEAP_ALLOCATE|[EXTERNAL]|Bytes:5
15:00:43.0 (46142079)|SYSTEM_MODE_EXIT|false
15:00:43.0 (46149152)|METHOD_EXIT|[1]|VforceAppController
15:00:43.0 (46161400)|HEAP_ALLOCATE|[EXTERNAL]|Bytes:4
15:00:43.0 (46180714)|VARIABLE_SCOPE_BEGIN|[1]|this|VforceAppController|true|false
15:00:43.0 (46231441)|VARIABLE_ASSIGNMENT|[1]|this|{}|0x6180be
15:00:43.0 (46246538)|SYSTEM_MODE_ENTER|false
15:00:43.0 (46252503)|HEAP_ALLOCATE|[EXTERNAL]|Bytes:5
15:00:43.0 (46260176)|HEAP_ALLOCATE|[EXTERNAL]|Bytes:6
15:00:43.0 (46292468)|SYSTEM_MODE_EXIT|false
15:00:43.0 (46298405)|STATEMENT_EXECUTE|[1]
15:00:43.0 (46304175)|SYSTEM_MODE_ENTER|false
15:00:43.0 (46308743)|HEAP_ALLOCATE|[EXTERNAL]|Bytes:5
15:00:43.0 (46312375)|SYSTEM_MODE_EXIT|false
15:00:43.0 (46354613)|SYSTEM_MODE_ENTER|true
15:00:43.0 (46397146)|HEAP_ALLOCATE|[EXTERNAL]|Bytes:4
15:00:43.0 (46445577)|VARIABLE_SCOPE_BEGIN|[3]|this|VforceAppController|true|false
15:00:43.0 (46459939)|VARIABLE_ASSIGNMENT|[3]|this|{}|0x6180be
15:00:43.0 (46474012)|SYSTEM_MODE_ENTER|false
15:00:43.0 (46479083)|HEAP_ALLOCATE|[4]|Bytes:5
15:00:43.0 (46483045)|STATEMENT_EXECUTE|[3]
15:00:43.0 (46484582)|STATEMENT_EXECUTE|[4]
15:00:43.0 (46506755)|HEAP_ALLOCATE|[4]|Bytes:4
15:00:43.0 (46554248)|VARIABLE_SCOPE_BEGIN|[4]|result|List<Account>|true|false
15:00:43.0 (46564511)|HEAP_ALLOCATE|[EXTERNAL]|Bytes:4
15:00:43.0 (46575848)|VARIABLE_ASSIGNMENT|[4]|result|[]|0x21e0c09c
15:00:43.0 (46581383)|STATEMENT_EXECUTE|[5]
15:00:43.0 (46582765)|STATEMENT_EXECUTE|[5]
15:00:43.0 (46584044)|STATEMENT_EXECUTE|[6]
15:00:43.0 (46586874)|HEAP_ALLOCATE|[7]|Bytes:80
15:00:43.0 (47039597)|EXCEPTION_THROWN|[6]|System.QueryException: unexpected token: 'SELECT'
15:00:43.0 (47134155)|HEAP_ALLOCATE|[6]|Bytes:30
15:00:43.0 (47163020)|VARIABLE_SCOPE_BEGIN|[12]|e|System.QueryException|true|false
15:00:43.0 (47292521)|VARIABLE_ASSIGNMENT|[12]|e|"common.apex.runtime.impl.ExecutionException: unexpected token: 'SELECT'"|0x69775de6
15:00:43.0 (47300711)|STATEMENT_EXECUTE|[12]
15:00:43.0 (47302192)|STATEMENT_EXECUTE|[13]
15:00:43.0 (47305719)|HEAP_ALLOCATE|[13]|Bytes:23
15:00:43.0 (47338676)|HEAP_ALLOCATE|[13]|Bytes:26
15:00:43.0 (47354733)|HEAP_ALLOCATE|[13]|Bytes:49
15:00:43.0 (47369684)|USER_DEBUG|[13]|DEBUG|QueryException caught: unexpected token: 'SELECT'
15:00:43.0 (47378199)|STATEMENT_EXECUTE|[17]
15:00:43.0 (47382939)|SYSTEM_MODE_EXIT|false
15:00:43.0 (51287958)|VF_SERIALIZE_VIEWSTATE_BEGIN|0661r0000024L7D
15:00:43.0 (52625263)|VF_SERIALIZE_VIEWSTATE_END
15:00:43.64 (64733104)|CUMULATIVE_LIMIT_USAGE
15:00:43.64 (64733104)|LIMIT_USAGE_FOR_NS|(default)|
  Number of SOQL queries: 0 out of 100
  Number of query rows: 0 out of 50000
  Number of SOSL queries: 0 out of 20
  Number of DML statements: 0 out of 150
  Number of DML rows: 0 out of 10000
  Maximum CPU time: 0 out of 10000
  Maximum heap size: 0 out of 6000000
  Number of callouts: 0 out of 100
  Number of Email Invocations: 0 out of 10
  Number of future calls: 0 out of 50
  Number of queueable jobs added to the queue: 0 out of 50
  Number of Mobile Apex push calls: 0 out of 10

15:00:43.64 (64733104)|CUMULATIVE_LIMIT_USAGE_END

15:00:43.0 (64777975)|CODE_UNIT_FINISHED|VF: /apex/VforceApp
15:00:43.0 (65608611)|EXECUTION_FINISHED
