42.0 APEX_CODE,FINEST;APEX_PROFILING,INFO;CALLOUT,INFO;DB,INFO;SYSTEM,DEBUG;VALIDATION,INFO;VISUALFORCE,INFO;WAVE,INFO;WORKFLOW,INFO
11:44:41.0 (356401)|USER_INFO|[EXTERNAL]|0051r000007nKPL|assh4884@cunning-goat-277018.com|Greenwich Mean Time|GMT+01:00
11:44:41.0 (394644)|EXECUTION_STARTED
11:44:41.0 (398832)|CODE_UNIT_STARTED|[EXTERNAL]|0661r0000024Ibb|VF: /apex/testVisualforce
11:44:41.6 (6541564)|CUMULATIVE_LIMIT_USAGE
11:44:41.6 (6541564)|LIMIT_USAGE_FOR_NS|(default)|
  Number of SOQL queries: 0 out of 100
  Number of query rows: 0 out of 50000
  Number of SOSL queries: 0 out of 20
  Number of DML statements: 0 out of 150
  Number of DML rows: 0 out of 10000
  Maximum CPU time: 0 out of 10000
  Maximum heap size: 0 out of 6000000
  Number of callouts: 0 out of 100
  Number of Email Invocations: 0 out of 10
  Number of future calls: 0 out of 50
  Number of queueable jobs added to the queue: 0 out of 50
  Number of Mobile Apex push calls: 0 out of 10

11:44:41.6 (6541564)|CUMULATIVE_LIMIT_USAGE_END

11:44:41.0 (6586736)|CODE_UNIT_FINISHED|VF: /apex/testVisualforce
11:44:41.0 (7412026)|EXECUTION_FINISHED
