42.0 APEX_CODE,FINEST;APEX_PROFILING,INFO;CALLOUT,INFO;DB,INFO;SYSTEM,DEBUG;VALIDATION,INFO;VISUALFORCE,INFO;WAVE,INFO;WORKFLOW,INFO
15:58:38.0 (283189)|USER_INFO|[EXTERNAL]|0051r000007nKPL|assh4884@cunning-goat-277018.com|Greenwich Mean Time|GMT+01:00
15:58:38.0 (314000)|EXECUTION_STARTED
15:58:38.0 (317545)|CODE_UNIT_STARTED|[EXTERNAL]|0661r0000024L7D|VF: /apex/VforceApp
15:58:38.0 (1471161)|SYSTEM_MODE_ENTER|true
15:58:38.0 (1779632)|HEAP_ALLOCATE|[72]|Bytes:3
15:58:38.0 (1822324)|HEAP_ALLOCATE|[77]|Bytes:152
15:58:38.0 (1840223)|HEAP_ALLOCATE|[342]|Bytes:408
15:58:38.0 (1873698)|HEAP_ALLOCATE|[355]|Bytes:408
15:58:38.0 (1890894)|HEAP_ALLOCATE|[467]|Bytes:48
15:58:38.0 (1919284)|HEAP_ALLOCATE|[139]|Bytes:6
15:58:38.0 (1933944)|HEAP_ALLOCATE|[EXTERNAL]|Bytes:1
15:58:38.0 (1939225)|HEAP_ALLOCATE|[EXTERNAL]|Bytes:11
15:58:38.0 (1947990)|METHOD_ENTRY|[1]|01p1r000008Onze|VforceAppController.VforceAppController()
15:58:38.0 (1955888)|STATEMENT_EXECUTE|[1]
15:58:38.0 (1961165)|STATEMENT_EXECUTE|[1]
15:58:38.0 (1995396)|HEAP_ALLOCATE|[50]|Bytes:5
15:58:38.0 (2015326)|HEAP_ALLOCATE|[56]|Bytes:5
15:58:38.0 (2023128)|HEAP_ALLOCATE|[64]|Bytes:7
15:58:38.0 (2059039)|SYSTEM_MODE_ENTER|false
15:58:38.0 (2070003)|HEAP_ALLOCATE|[EXTERNAL]|Bytes:5
15:58:38.0 (2077104)|SYSTEM_MODE_EXIT|false
15:58:38.0 (2084885)|METHOD_EXIT|[1]|VforceAppController
15:58:38.0 (2095350)|HEAP_ALLOCATE|[EXTERNAL]|Bytes:4
15:58:38.0 (2103713)|VARIABLE_SCOPE_BEGIN|[1]|this|VforceAppController|true|false
15:58:38.0 (2142450)|VARIABLE_ASSIGNMENT|[1]|this|{}|0x342f1919
15:58:38.0 (2163710)|SYSTEM_MODE_ENTER|false
15:58:38.0 (2172058)|HEAP_ALLOCATE|[EXTERNAL]|Bytes:5
15:58:38.0 (2185470)|HEAP_ALLOCATE|[EXTERNAL]|Bytes:6
15:58:38.0 (2217681)|SYSTEM_MODE_EXIT|false
15:58:38.0 (2224117)|STATEMENT_EXECUTE|[1]
15:58:38.0 (2232516)|SYSTEM_MODE_ENTER|false
15:58:38.0 (2239291)|HEAP_ALLOCATE|[EXTERNAL]|Bytes:5
15:58:38.0 (2245814)|SYSTEM_MODE_EXIT|false
15:58:38.0 (2298832)|SYSTEM_MODE_ENTER|true
15:58:38.0 (2344948)|HEAP_ALLOCATE|[EXTERNAL]|Bytes:4
15:58:38.0 (2353131)|VARIABLE_SCOPE_BEGIN|[3]|this|VforceAppController|true|false
15:58:38.0 (2367075)|VARIABLE_ASSIGNMENT|[3]|this|{}|0x342f1919
15:58:38.0 (2381285)|SYSTEM_MODE_ENTER|false
15:58:38.0 (2386691)|HEAP_ALLOCATE|[4]|Bytes:5
15:58:38.0 (2391096)|STATEMENT_EXECUTE|[3]
15:58:38.0 (2392487)|STATEMENT_EXECUTE|[4]
15:58:38.0 (2414668)|HEAP_ALLOCATE|[4]|Bytes:4
15:58:38.0 (2461454)|VARIABLE_SCOPE_BEGIN|[4]|result|List<Account>|true|false
15:58:38.0 (2471088)|HEAP_ALLOCATE|[EXTERNAL]|Bytes:4
15:58:38.0 (2481928)|VARIABLE_ASSIGNMENT|[4]|result|[]|0x4f25df23
15:58:38.0 (2487141)|STATEMENT_EXECUTE|[6]
15:58:38.0 (2488789)|STATEMENT_EXECUTE|[6]
15:58:38.0 (2489966)|STATEMENT_EXECUTE|[7]
15:58:38.0 (2493035)|HEAP_ALLOCATE|[8]|Bytes:84
15:58:38.0 (2754912)|SOQL_EXECUTE_BEGIN|[7]|Aggregations:1|SELECT Id, Name, AccountNumber, (SELECT Id, Name FROM Contacts) FROM Account LIMIT 3
15:58:38.0 (7867527)|SOQL_EXECUTE_END|[7]|Rows:3
15:58:38.0 (7894515)|HEAP_ALLOCATE|[7]|Bytes:16
15:58:38.0 (7919889)|HEAP_ALLOCATE|[7]|Bytes:621
15:58:38.0 (7950482)|HEAP_ALLOCATE|[7]|Bytes:16
15:58:38.0 (8009027)|VARIABLE_ASSIGNMENT|[7]|result|[{"Id":"0011r00001mSXVuAAO","Name":"Edge Communications","AccountNumber":"CD451796","Contacts":[{"AccountId":"0011r00001mSXVuAAO","Id":"0031r000023uSg3AAE","Name":"Rose Gonzalez"},{"AccountId":"0011r00001mSXVuAAO","Id":"0031r000023uSg4AAE","Name":"Sean Forbes"}]},{"Id":"0011r00001mSXVvAAO","Name":"Burlington Textiles  (15 more) ...","AccountNumber":"CD656092","Contacts":[{"AccountId":"0011r00001mSXVvAAO","Id":"0031r000023uSg5AAE","Name":"Jack Rogers"}]},{"Id":"0011r00001mSXVwAAO","Name":"Pyramid Construction (5 more) ...","AccountNumber":"CC213425","Contacts":[{"AccountId":"0011r00001mSXVwAAO","Id":"0031r000023uSg6AAE","Name":"Pat Stumuller"}]}]|0x481a3ae7
15:58:38.0 (8155491)|HEAP_ALLOCATE|[13]|Bytes:5
15:58:38.0 (8174491)|HEAP_ALLOCATE|[13]|Bytes:20
15:58:38.0 (8183631)|VARIABLE_SCOPE_BEGIN|[13]|objAcc|Account|true|false
15:58:38.0 (8203356)|VARIABLE_ASSIGNMENT|[13]|objAcc|{"Id":"0011r00001mSXVuAAO","Name":"Edge Communications","AccountNumber":"CD451796","Contacts":[{"AccountId":"0011r00001mSXVuAAO","Id":"0031r000023uSg3AAE","Name":"Rose Gonzalez"},{"AccountId":"0011r00001mSXVuAAO","Id":"0031r000023uSg4AAE","Name":"Sean Forbes"}]}|0x2be1d655
15:58:38.0 (8211553)|STATEMENT_EXECUTE|[14]
15:58:38.0 (8215898)|HEAP_ALLOCATE|[16]|Bytes:8
15:58:38.0 (8220504)|HEAP_ALLOCATE|[16]|Bytes:7
15:58:38.0 (8254469)|HEAP_ALLOCATE|[16]|Bytes:12
15:58:38.0 (8374690)|HEAP_ALLOCATE|[16]|Bytes:54
15:58:38.0 (8382465)|HEAP_ALLOCATE|[16]|Bytes:8
15:58:38.0 (8391298)|SYSTEM_METHOD_ENTRY|[7]|QueryLocatorIterator.QueryLocatorIterator()
15:58:38.0 (8396186)|STATEMENT_EXECUTE|[7]
15:58:38.0 (8402154)|SYSTEM_METHOD_EXIT|[7]|QueryLocatorIterator
15:58:38.0 (8408460)|HEAP_ALLOCATE|[16]|Bytes:28
15:58:38.0 (8445285)|HEAP_ALLOCATE|[16]|Bytes:12
15:58:38.0 (8458663)|HEAP_ALLOCATE|[16]|Bytes:8
15:58:38.0 (8462245)|HEAP_ALLOCATE|[16]|Bytes:8
15:58:38.0 (8466570)|VARIABLE_SCOPE_BEGIN|[15]|this|Database.QueryLocatorIterator|true|false
15:58:38.0 (8506936)|VARIABLE_ASSIGNMENT|[15]|this|{}|0x3b67c37d
15:58:38.0 (8513422)|VARIABLE_SCOPE_BEGIN|[15]|values|List<SObject>|true|false
15:58:38.0 (8528271)|VARIABLE_ASSIGNMENT|[15]|values|[{"AccountId":"0011r00001mSXVuAAO","Id":"0031r000023uSg3AAE","Name":"Rose Gonzalez"},{"AccountId":"0011r00001mSXVuAAO","Id":"0031r000023uSg4AAE","Name":"Sean Forbes"}]|0x22b31bf4
15:58:38.0 (8534596)|VARIABLE_SCOPE_BEGIN|[15]|ql|Database.QueryLocator|true|false
15:58:38.0 (8550583)|VARIABLE_ASSIGNMENT|[15]|ql|{}|0x418ae29d
15:58:38.0 (8555997)|VARIABLE_SCOPE_BEGIN|[15]|totalNumRecords|Integer|false|false
15:58:38.0 (8565516)|VARIABLE_ASSIGNMENT|[15]|totalNumRecords|2
15:58:38.0 (8569244)|VARIABLE_SCOPE_BEGIN|[15]|queryMoreSize|Integer|false|false
15:58:38.0 (8575779)|VARIABLE_ASSIGNMENT|[15]|queryMoreSize|200
15:58:38.0 (8621563)|HEAP_ALLOCATE|[16]|Bytes:28
15:58:38.0 (8638523)|METHOD_ENTRY|[16]||Database.QueryLocatorIterator.hasNext()
15:58:38.0 (8691752)|METHOD_EXIT|[16]||Database.QueryLocatorIterator.hasNext()
15:58:38.0 (8699754)|METHOD_ENTRY|[16]||Database.QueryLocatorIterator.next()
15:58:38.0 (8759211)|METHOD_EXIT|[16]||Database.QueryLocatorIterator.next()
15:58:38.0 (8767353)|VARIABLE_SCOPE_BEGIN|[16]|objCon|Contact|true|false
15:58:38.0 (8780847)|VARIABLE_ASSIGNMENT|[16]|objCon|{"AccountId":"0011r00001mSXVuAAO","Id":"0031r000023uSg3AAE","Name":"Rose Gonzalez"}|0x4b33a3d5
15:58:38.0 (8786178)|STATEMENT_EXECUTE|[17]
15:58:38.0 (8787680)|STATEMENT_EXECUTE|[18]
15:58:38.0 (8790841)|HEAP_ALLOCATE|[18]|Bytes:13
15:58:38.0 (8859489)|HEAP_ALLOCATE|[18]|Bytes:81
15:58:38.0 (8876901)|HEAP_ALLOCATE|[18]|Bytes:94
15:58:38.0 (8893207)|USER_DEBUG|[18]|DEBUG|---contact---Contact:{AccountId=0011r00001mSXVuAAO, Id=0031r000023uSg3AAE, Name=Rose Gonzalez}
15:58:38.0 (8903341)|METHOD_ENTRY|[16]||Database.QueryLocatorIterator.hasNext()
15:58:38.0 (8921120)|METHOD_EXIT|[16]||Database.QueryLocatorIterator.hasNext()
15:58:38.0 (8926241)|METHOD_ENTRY|[16]||Database.QueryLocatorIterator.next()
15:58:38.0 (8980892)|METHOD_EXIT|[16]||Database.QueryLocatorIterator.next()
15:58:38.0 (8988101)|VARIABLE_SCOPE_BEGIN|[16]|objCon|Contact|true|false
15:58:38.0 (9001226)|VARIABLE_ASSIGNMENT|[16]|objCon|{"AccountId":"0011r00001mSXVuAAO","Id":"0031r000023uSg4AAE","Name":"Sean Forbes"}|0x9c53a98
15:58:38.0 (9007590)|STATEMENT_EXECUTE|[17]
15:58:38.0 (9009132)|STATEMENT_EXECUTE|[18]
15:58:38.0 (9036195)|HEAP_ALLOCATE|[18]|Bytes:79
15:58:38.0 (9052397)|HEAP_ALLOCATE|[18]|Bytes:92
15:58:38.0 (9059999)|USER_DEBUG|[18]|DEBUG|---contact---Contact:{AccountId=0011r00001mSXVuAAO, Id=0031r000023uSg4AAE, Name=Sean Forbes}
15:58:38.0 (9069016)|METHOD_ENTRY|[16]||Database.QueryLocatorIterator.hasNext()
15:58:38.0 (9080464)|METHOD_EXIT|[16]||Database.QueryLocatorIterator.hasNext()
15:58:38.0 (9087617)|VARIABLE_ASSIGNMENT|[16]|objCon|null|
15:58:38.0 (9099280)|HEAP_ALLOCATE|[13]|Bytes:5
15:58:38.0 (9110451)|HEAP_ALLOCATE|[13]|Bytes:20
15:58:38.0 (9115735)|VARIABLE_SCOPE_BEGIN|[13]|objAcc|Account|true|false
15:58:38.0 (9132289)|VARIABLE_ASSIGNMENT|[13]|objAcc|{"Id":"0011r00001mSXVvAAO","Name":"Burlington Textiles  (15 more) ...","AccountNumber":"CD656092","Contacts":[{"AccountId":"0011r00001mSXVvAAO","Id":"0031r000023uSg5AAE","Name":"Jack Rogers"}]}|0x7eae2463
15:58:38.0 (9139701)|STATEMENT_EXECUTE|[14]
15:58:38.0 (9154912)|HEAP_ALLOCATE|[16]|Bytes:8
15:58:38.0 (9210554)|HEAP_ALLOCATE|[16]|Bytes:28
15:58:38.0 (9234793)|HEAP_ALLOCATE|[16]|Bytes:8
15:58:38.0 (9245970)|HEAP_ALLOCATE|[16]|Bytes:8
15:58:38.0 (9249067)|HEAP_ALLOCATE|[16]|Bytes:8
15:58:38.0 (9252309)|VARIABLE_SCOPE_BEGIN|[15]|this|Database.QueryLocatorIterator|true|false
15:58:38.0 (9270263)|VARIABLE_ASSIGNMENT|[15]|this|{}|0x305a35d6
15:58:38.0 (9276283)|VARIABLE_SCOPE_BEGIN|[15]|values|List<SObject>|true|false
15:58:38.0 (9288487)|VARIABLE_ASSIGNMENT|[15]|values|[{"AccountId":"0011r00001mSXVvAAO","Id":"0031r000023uSg5AAE","Name":"Jack Rogers"}]|0x40feba2d
15:58:38.0 (9293556)|VARIABLE_SCOPE_BEGIN|[15]|ql|Database.QueryLocator|true|false
15:58:38.0 (9304498)|VARIABLE_ASSIGNMENT|[15]|ql|{}|0x7f4fed27
15:58:38.0 (9309607)|VARIABLE_SCOPE_BEGIN|[15]|totalNumRecords|Integer|false|false
15:58:38.0 (9316904)|VARIABLE_ASSIGNMENT|[15]|totalNumRecords|1
15:58:38.0 (9320300)|VARIABLE_SCOPE_BEGIN|[15]|queryMoreSize|Integer|false|false
15:58:38.0 (9327465)|VARIABLE_ASSIGNMENT|[15]|queryMoreSize|200
15:58:38.0 (9362642)|HEAP_ALLOCATE|[16]|Bytes:28
15:58:38.0 (9372728)|METHOD_ENTRY|[16]||Database.QueryLocatorIterator.hasNext()
15:58:38.0 (9390181)|METHOD_EXIT|[16]||Database.QueryLocatorIterator.hasNext()
15:58:38.0 (9395307)|METHOD_ENTRY|[16]||Database.QueryLocatorIterator.next()
15:58:38.0 (9434663)|METHOD_EXIT|[16]||Database.QueryLocatorIterator.next()
15:58:38.0 (9440690)|VARIABLE_SCOPE_BEGIN|[16]|objCon|Contact|true|false
15:58:38.0 (9452262)|VARIABLE_ASSIGNMENT|[16]|objCon|{"AccountId":"0011r00001mSXVvAAO","Id":"0031r000023uSg5AAE","Name":"Jack Rogers"}|0x148f6748
15:58:38.0 (9457611)|STATEMENT_EXECUTE|[17]
15:58:38.0 (9459058)|STATEMENT_EXECUTE|[18]
15:58:38.0 (9488999)|HEAP_ALLOCATE|[18]|Bytes:79
15:58:38.0 (9501943)|HEAP_ALLOCATE|[18]|Bytes:92
15:58:38.0 (9512000)|USER_DEBUG|[18]|DEBUG|---contact---Contact:{AccountId=0011r00001mSXVvAAO, Id=0031r000023uSg5AAE, Name=Jack Rogers}
15:58:38.0 (9521037)|METHOD_ENTRY|[16]||Database.QueryLocatorIterator.hasNext()
15:58:38.0 (9531364)|METHOD_EXIT|[16]||Database.QueryLocatorIterator.hasNext()
15:58:38.0 (9538843)|VARIABLE_ASSIGNMENT|[16]|objCon|null|
15:58:38.0 (9549667)|HEAP_ALLOCATE|[13]|Bytes:5
15:58:38.0 (9560139)|HEAP_ALLOCATE|[13]|Bytes:20
15:58:38.0 (9565739)|VARIABLE_SCOPE_BEGIN|[13]|objAcc|Account|true|false
15:58:38.0 (9581092)|VARIABLE_ASSIGNMENT|[13]|objAcc|{"Id":"0011r00001mSXVwAAO","Name":"Pyramid Construction (5 more) ...","AccountNumber":"CC213425","Contacts":[{"AccountId":"0011r00001mSXVwAAO","Id":"0031r000023uSg6AAE","Name":"Pat Stumuller"}]}|0x4ac5aa84
15:58:38.0 (9587922)|STATEMENT_EXECUTE|[14]
15:58:38.0 (9601977)|HEAP_ALLOCATE|[16]|Bytes:8
15:58:38.0 (9650185)|HEAP_ALLOCATE|[16]|Bytes:28
15:58:38.0 (9672542)|HEAP_ALLOCATE|[16]|Bytes:8
15:58:38.0 (9682956)|HEAP_ALLOCATE|[16]|Bytes:8
15:58:38.0 (9686397)|HEAP_ALLOCATE|[16]|Bytes:8
15:58:38.0 (9690090)|VARIABLE_SCOPE_BEGIN|[15]|this|Database.QueryLocatorIterator|true|false
15:58:38.0 (9707103)|VARIABLE_ASSIGNMENT|[15]|this|{}|0x4c02e138
15:58:38.0 (9712945)|VARIABLE_SCOPE_BEGIN|[15]|values|List<SObject>|true|false
15:58:38.0 (9724413)|VARIABLE_ASSIGNMENT|[15]|values|[{"AccountId":"0011r00001mSXVwAAO","Id":"0031r000023uSg6AAE","Name":"Pat Stumuller"}]|0x2d9789eb
15:58:38.0 (9729364)|VARIABLE_SCOPE_BEGIN|[15]|ql|Database.QueryLocator|true|false
15:58:38.0 (9740527)|VARIABLE_ASSIGNMENT|[15]|ql|{}|0x180d61a6
15:58:38.0 (9745520)|VARIABLE_SCOPE_BEGIN|[15]|totalNumRecords|Integer|false|false
15:58:38.0 (9752397)|VARIABLE_ASSIGNMENT|[15]|totalNumRecords|1
15:58:38.0 (9756014)|VARIABLE_SCOPE_BEGIN|[15]|queryMoreSize|Integer|false|false
15:58:38.0 (9764954)|VARIABLE_ASSIGNMENT|[15]|queryMoreSize|200
15:58:38.0 (9799808)|HEAP_ALLOCATE|[16]|Bytes:28
15:58:38.0 (9809807)|METHOD_ENTRY|[16]||Database.QueryLocatorIterator.hasNext()
15:58:38.0 (9826285)|METHOD_EXIT|[16]||Database.QueryLocatorIterator.hasNext()
15:58:38.0 (9831061)|METHOD_ENTRY|[16]||Database.QueryLocatorIterator.next()
15:58:38.0 (9869583)|METHOD_EXIT|[16]||Database.QueryLocatorIterator.next()
15:58:38.0 (9875513)|VARIABLE_SCOPE_BEGIN|[16]|objCon|Contact|true|false
15:58:38.0 (9887620)|VARIABLE_ASSIGNMENT|[16]|objCon|{"AccountId":"0011r00001mSXVwAAO","Id":"0031r000023uSg6AAE","Name":"Pat Stumuller"}|0x40f3bffe
15:58:38.0 (9892917)|STATEMENT_EXECUTE|[17]
15:58:38.0 (9894337)|STATEMENT_EXECUTE|[18]
15:58:38.0 (9924211)|HEAP_ALLOCATE|[18]|Bytes:81
15:58:38.0 (9936970)|HEAP_ALLOCATE|[18]|Bytes:94
15:58:38.0 (9944485)|USER_DEBUG|[18]|DEBUG|---contact---Contact:{AccountId=0011r00001mSXVwAAO, Id=0031r000023uSg6AAE, Name=Pat Stumuller}
15:58:38.0 (9953610)|METHOD_ENTRY|[16]||Database.QueryLocatorIterator.hasNext()
15:58:38.0 (9970272)|METHOD_EXIT|[16]||Database.QueryLocatorIterator.hasNext()
15:58:38.0 (9977404)|VARIABLE_ASSIGNMENT|[16]|objCon|null|
15:58:38.0 (9987725)|HEAP_ALLOCATE|[13]|Bytes:5
15:58:38.0 (9996497)|VARIABLE_ASSIGNMENT|[13]|objAcc|null|
15:58:38.0 (10000440)|STATEMENT_EXECUTE|[23]
15:58:38.0 (10060697)|USER_DEBUG|[23]|DEBUG|(Account:{Id=0011r00001mSXVuAAO, Name=Edge Communications, AccountNumber=CD451796}, Account:{Id=0011r00001mSXVvAAO, Name=Burlington Textiles Corp of America, AccountNumber=CD656092}, Account:{Id=0011r00001mSXVwAAO, Name=Pyramid Construction Inc., AccountNumber=CC213425})
15:58:38.0 (10073695)|STATEMENT_EXECUTE|[29]
15:58:38.0 (10077381)|SYSTEM_MODE_EXIT|false
15:58:38.0 (17862620)|VF_SERIALIZE_VIEWSTATE_BEGIN|0661r0000024L7D
15:58:38.0 (19414527)|VF_SERIALIZE_VIEWSTATE_END
15:58:38.28 (28378979)|CUMULATIVE_LIMIT_USAGE
15:58:38.28 (28378979)|LIMIT_USAGE_FOR_NS|(default)|
  Number of SOQL queries: 1 out of 100
  Number of query rows: 7 out of 50000
  Number of SOSL queries: 0 out of 20
  Number of DML statements: 0 out of 150
  Number of DML rows: 0 out of 10000
  Maximum CPU time: 0 out of 10000
  Maximum heap size: 0 out of 6000000
  Number of callouts: 0 out of 100
  Number of Email Invocations: 0 out of 10
  Number of future calls: 0 out of 50
  Number of queueable jobs added to the queue: 0 out of 50
  Number of Mobile Apex push calls: 0 out of 10

15:58:38.28 (28378979)|CUMULATIVE_LIMIT_USAGE_END

15:58:38.0 (28413634)|CODE_UNIT_FINISHED|VF: /apex/VforceApp
15:58:38.0 (29157500)|EXECUTION_FINISHED
