42.0 APEX_CODE,FINEST;APEX_PROFILING,INFO;CALLOUT,INFO;DB,INFO;SYSTEM,DEBUG;VALIDATION,INFO;VISUALFORCE,INFO;WAVE,INFO;WORKFLOW,INFO
13:32:06.0 (333857)|USER_INFO|[EXTERNAL]|0051r000007nKPL|assh4884@cunning-goat-277018.com|Greenwich Mean Time|GMT+01:00
13:32:06.0 (475520)|EXECUTION_STARTED
13:32:06.0 (492156)|CODE_UNIT_STARTED|[EXTERNAL]|0661r0000024KDH|VF: /apex/TestVisual2
13:32:06.0 (2519579)|SYSTEM_MODE_ENTER|true
13:32:06.0 (2984280)|HEAP_ALLOCATE|[72]|Bytes:3
13:32:06.0 (3047604)|HEAP_ALLOCATE|[77]|Bytes:152
13:32:06.0 (3073516)|HEAP_ALLOCATE|[342]|Bytes:408
13:32:06.0 (3098055)|HEAP_ALLOCATE|[355]|Bytes:408
13:32:06.0 (3118086)|HEAP_ALLOCATE|[467]|Bytes:48
13:32:06.0 (3231975)|HEAP_ALLOCATE|[139]|Bytes:6
13:32:06.0 (3261654)|HEAP_ALLOCATE|[EXTERNAL]|Bytes:1
13:32:06.0 (3497824)|METHOD_ENTRY|[1]|01p1r000008OkGL|TestVisualController.TestVisualController()
13:32:06.0 (3511294)|STATEMENT_EXECUTE|[1]
13:32:06.0 (3518134)|STATEMENT_EXECUTE|[1]
13:32:06.0 (3565752)|HEAP_ALLOCATE|[50]|Bytes:5
13:32:06.0 (3616958)|HEAP_ALLOCATE|[56]|Bytes:5
13:32:06.0 (3634209)|HEAP_ALLOCATE|[64]|Bytes:7
13:32:06.0 (3668588)|SYSTEM_MODE_ENTER|false
13:32:06.0 (3689065)|HEAP_ALLOCATE|[EXTERNAL]|Bytes:5
13:32:06.0 (3702488)|SYSTEM_MODE_EXIT|false
13:32:06.0 (3770562)|METHOD_EXIT|[1]|TestVisualController
13:32:06.0 (3793586)|HEAP_ALLOCATE|[EXTERNAL]|Bytes:8
13:32:06.0 (3841623)|VARIABLE_SCOPE_BEGIN|[1]|this|TestVisualController|true|false
13:32:06.0 (3927810)|VARIABLE_ASSIGNMENT|[1]|this|{}|0x74bbc1a8
13:32:06.0 (3956799)|SYSTEM_MODE_ENTER|false
13:32:06.0 (3991292)|HEAP_ALLOCATE|[3]|Bytes:5
13:32:06.0 (4006591)|HEAP_ALLOCATE|[3]|Bytes:6
13:32:06.0 (4066330)|SYSTEM_MODE_EXIT|false
13:32:06.0 (4076102)|STATEMENT_EXECUTE|[1]
13:32:06.0 (4087464)|SYSTEM_MODE_ENTER|false
13:32:06.0 (4095301)|HEAP_ALLOCATE|[3]|Bytes:5
13:32:06.0 (4100710)|STATEMENT_EXECUTE|[3]
13:32:06.0 (4120191)|HEAP_ALLOCATE|[3]|Bytes:8
13:32:06.0 (4157015)|VARIABLE_ASSIGNMENT|[3]|this.sortOrder|"LastName"|0x74bbc1a8
13:32:06.0 (4169330)|SYSTEM_MODE_EXIT|false
13:32:06.0 (4279868)|SYSTEM_MODE_ENTER|true
13:32:06.0 (4338094)|HEAP_ALLOCATE|[EXTERNAL]|Bytes:8
13:32:06.0 (4388200)|VARIABLE_SCOPE_BEGIN|[5]|this|TestVisualController|true|false
13:32:06.0 (4408486)|VARIABLE_ASSIGNMENT|[5]|this|{"sortOrder":"LastName"}|0x74bbc1a8
13:32:06.0 (4427584)|SYSTEM_MODE_ENTER|false
13:32:06.0 (4434485)|HEAP_ALLOCATE|[7]|Bytes:5
13:32:06.0 (4438600)|STATEMENT_EXECUTE|[5]
13:32:06.0 (4440176)|STATEMENT_EXECUTE|[6]
13:32:06.0 (4443290)|HEAP_ALLOCATE|[7]|Bytes:67
13:32:06.0 (4450072)|HEAP_ALLOCATE|[9]|Bytes:13
13:32:06.0 (4470434)|HEAP_ALLOCATE|[7]|Bytes:88
13:32:06.0 (4785421)|SOQL_EXECUTE_BEGIN|[6]|Aggregations:0|SELECT Id, FirstName, LastName, Title, Email FROM Contact ORDER BY LastName ASC LIMIT 10
13:32:06.0 (13530550)|SOQL_EXECUTE_END|[6]|Rows:10
13:32:06.0 (13564203)|HEAP_ALLOCATE|[6]|Bytes:44
13:32:06.0 (13639027)|HEAP_ALLOCATE|[6]|Bytes:1143
13:32:06.0 (13719026)|HEAP_ALLOCATE|[6]|Bytes:44
13:32:06.0 (13782045)|VARIABLE_SCOPE_BEGIN|[6]|result|List<Contact>|true|false
13:32:06.0 (13811684)|VARIABLE_ASSIGNMENT|[6]|result|"List of size 10 too large to display"|0x4dedbc0e
13:32:06.0 (13822429)|STATEMENT_EXECUTE|[13]
13:32:06.0 (13829682)|SYSTEM_MODE_EXIT|false
13:32:06.0 (33882402)|VF_SERIALIZE_VIEWSTATE_BEGIN|0661r0000024KDH
13:32:06.0 (47836898)|VF_SERIALIZE_VIEWSTATE_END
13:32:06.0 (49268445)|CODE_UNIT_STARTED|[EXTERNAL]|Generate Metadata
13:32:06.0 (49963919)|CODE_UNIT_FINISHED|Generate Metadata
13:32:06.64 (64601883)|CUMULATIVE_LIMIT_USAGE
13:32:06.64 (64601883)|LIMIT_USAGE_FOR_NS|(default)|
  Number of SOQL queries: 1 out of 100
  Number of query rows: 10 out of 50000
  Number of SOSL queries: 0 out of 20
  Number of DML statements: 0 out of 150
  Number of DML rows: 0 out of 10000
  Maximum CPU time: 0 out of 10000
  Maximum heap size: 0 out of 6000000
  Number of callouts: 0 out of 100
  Number of Email Invocations: 0 out of 10
  Number of future calls: 0 out of 50
  Number of queueable jobs added to the queue: 0 out of 50
  Number of Mobile Apex push calls: 0 out of 10

13:32:06.64 (64601883)|CUMULATIVE_LIMIT_USAGE_END

13:32:06.0 (64670205)|CODE_UNIT_FINISHED|VF: /apex/TestVisual2
13:32:06.0 (65481233)|EXECUTION_FINISHED
