42.0 APEX_CODE,FINEST;APEX_PROFILING,INFO;CALLOUT,INFO;DB,INFO;SYSTEM,DEBUG;VALIDATION,INFO;VISUALFORCE,INFO;WAVE,INFO;WORKFLOW,INFO
15:07:29.0 (55237)|USER_INFO|[EXTERNAL]|0051r000007nKPL|assh4884@cunning-goat-277018.com|Greenwich Mean Time|GMT+01:00
15:07:29.0 (349312)|EXECUTION_STARTED
15:07:29.0 (355563)|CODE_UNIT_STARTED|[EXTERNAL]|0661r0000024L7D|VF: /apex/VforceApp
15:07:29.0 (1886904)|SYSTEM_MODE_ENTER|true
15:07:29.0 (2246357)|HEAP_ALLOCATE|[72]|Bytes:3
15:07:29.0 (2278846)|HEAP_ALLOCATE|[77]|Bytes:152
15:07:29.0 (2296826)|HEAP_ALLOCATE|[342]|Bytes:408
15:07:29.0 (2316522)|HEAP_ALLOCATE|[355]|Bytes:408
15:07:29.0 (2336133)|HEAP_ALLOCATE|[467]|Bytes:48
15:07:29.0 (2367930)|HEAP_ALLOCATE|[139]|Bytes:6
15:07:29.0 (2391398)|HEAP_ALLOCATE|[EXTERNAL]|Bytes:1
15:07:29.0 (2400067)|HEAP_ALLOCATE|[EXTERNAL]|Bytes:8
15:07:29.0 (2412078)|METHOD_ENTRY|[1]|01p1r000008Onze|VforceAppController.VforceAppController()
15:07:29.0 (2420142)|STATEMENT_EXECUTE|[1]
15:07:29.0 (2425104)|STATEMENT_EXECUTE|[1]
15:07:29.0 (2453667)|HEAP_ALLOCATE|[50]|Bytes:5
15:07:29.0 (2474333)|HEAP_ALLOCATE|[56]|Bytes:5
15:07:29.0 (2486211)|HEAP_ALLOCATE|[64]|Bytes:7
15:07:29.0 (2513741)|SYSTEM_MODE_ENTER|false
15:07:29.0 (2533781)|HEAP_ALLOCATE|[EXTERNAL]|Bytes:5
15:07:29.0 (2545808)|SYSTEM_MODE_EXIT|false
15:07:29.0 (2557704)|METHOD_EXIT|[1]|VforceAppController
15:07:29.0 (2574247)|HEAP_ALLOCATE|[EXTERNAL]|Bytes:4
15:07:29.0 (2585595)|VARIABLE_SCOPE_BEGIN|[1]|this|VforceAppController|true|false
15:07:29.0 (2631938)|VARIABLE_ASSIGNMENT|[1]|this|{}|0x6743c39e
15:07:29.0 (2652673)|SYSTEM_MODE_ENTER|false
15:07:29.0 (2661827)|HEAP_ALLOCATE|[EXTERNAL]|Bytes:5
15:07:29.0 (2672242)|HEAP_ALLOCATE|[EXTERNAL]|Bytes:6
15:07:29.0 (2710147)|SYSTEM_MODE_EXIT|false
15:07:29.0 (2717787)|STATEMENT_EXECUTE|[1]
15:07:29.0 (2725738)|SYSTEM_MODE_ENTER|false
15:07:29.0 (2732633)|HEAP_ALLOCATE|[EXTERNAL]|Bytes:5
15:07:29.0 (2738721)|SYSTEM_MODE_EXIT|false
15:07:29.0 (2792474)|SYSTEM_MODE_ENTER|true
15:07:29.0 (2849719)|HEAP_ALLOCATE|[EXTERNAL]|Bytes:4
15:07:29.0 (2860352)|VARIABLE_SCOPE_BEGIN|[3]|this|VforceAppController|true|false
15:07:29.0 (2879915)|VARIABLE_ASSIGNMENT|[3]|this|{}|0x6743c39e
15:07:29.0 (2900274)|SYSTEM_MODE_ENTER|false
15:07:29.0 (2907708)|HEAP_ALLOCATE|[4]|Bytes:5
15:07:29.0 (2913730)|STATEMENT_EXECUTE|[3]
15:07:29.0 (2915907)|STATEMENT_EXECUTE|[4]
15:07:29.0 (2948081)|HEAP_ALLOCATE|[4]|Bytes:4
15:07:29.0 (3019711)|VARIABLE_SCOPE_BEGIN|[4]|result|List<Account>|true|false
15:07:29.0 (3033858)|HEAP_ALLOCATE|[EXTERNAL]|Bytes:4
15:07:29.0 (3047574)|VARIABLE_ASSIGNMENT|[4]|result|[]|0x624dc290
15:07:29.0 (3056764)|STATEMENT_EXECUTE|[6]
15:07:29.0 (3058898)|STATEMENT_EXECUTE|[6]
15:07:29.0 (3060544)|STATEMENT_EXECUTE|[7]
15:07:29.0 (3065205)|HEAP_ALLOCATE|[8]|Bytes:52
15:07:29.0 (3308253)|SOQL_EXECUTE_BEGIN|[7]|Aggregations:0|SELECT Id, Name, AccountNumber FROM Account LIMIT 10
15:07:29.0 (6183062)|SOQL_EXECUTE_END|[7]|Rows:10
15:07:29.0 (6209266)|HEAP_ALLOCATE|[7]|Bytes:44
15:07:29.0 (6239934)|HEAP_ALLOCATE|[7]|Bytes:863
15:07:29.0 (6275743)|HEAP_ALLOCATE|[7]|Bytes:44
15:07:29.0 (6302251)|VARIABLE_ASSIGNMENT|[7]|result|"List of size 10 too large to display"|0x3ed9c3d2
15:07:29.0 (6308976)|STATEMENT_EXECUTE|[13]
15:07:29.0 (6451905)|USER_DEBUG|[13]|DEBUG|(Account:{Id=0011r00001mSXVuAAO, Name=Edge Communications, AccountNumber=CD451796}, Account:{Id=0011r00001mSXVvAAO, Name=Burlington Textiles Corp of America, AccountNumber=CD656092}, Account:{Id=0011r00001mSXVwAAO, Name=Pyramid Construction Inc., AccountNumber=CC213425}, Account:{Id=0011r00001mSXVxAAO, Name=Dickenson plc, AccountNumber=CC634267}, Account:{Id=0011r00001mSXVyAAO, Name=Grand Hotels & Resorts Ltd, AccountNumber=CD439877}, Account:{Id=0011r00001mSXVzAAO, Name=United Oil & Gas Corp., AccountNumber=CD355118}, Account:{Id=0011r00001mSXW0AAO, Name=Express Logistics and Transport, AccountNumber=CC947211}, Account:{Id=0011r00001mSXW1AAO, Name=University of Arizona, AccountNumber=CD736025}, Account:{Id=0011r00001mSXW2AAO, Name=United Oil & Gas, UK, AccountNumber=CD355119-A}, Account:{Id=0011r00001mSXW3AAO, Name=United Oil & Gas, Singapore, AccountNumber=CD355120-B})
15:07:29.0 (6478938)|STATEMENT_EXECUTE|[19]
15:07:29.0 (6483490)|SYSTEM_MODE_EXIT|false
15:07:29.0 (13868081)|VF_SERIALIZE_VIEWSTATE_BEGIN|0661r0000024L7D
15:07:29.0 (15327724)|VF_SERIALIZE_VIEWSTATE_END
15:07:29.27 (27689539)|CUMULATIVE_LIMIT_USAGE
15:07:29.27 (27689539)|LIMIT_USAGE_FOR_NS|(default)|
  Number of SOQL queries: 1 out of 100
  Number of query rows: 10 out of 50000
  Number of SOSL queries: 0 out of 20
  Number of DML statements: 0 out of 150
  Number of DML rows: 0 out of 10000
  Maximum CPU time: 0 out of 10000
  Maximum heap size: 0 out of 6000000
  Number of callouts: 0 out of 100
  Number of Email Invocations: 0 out of 10
  Number of future calls: 0 out of 50
  Number of queueable jobs added to the queue: 0 out of 50
  Number of Mobile Apex push calls: 0 out of 10

15:07:29.27 (27689539)|CUMULATIVE_LIMIT_USAGE_END

15:07:29.0 (27746095)|CODE_UNIT_FINISHED|VF: /apex/VforceApp
15:07:29.0 (28608204)|EXECUTION_FINISHED
