42.0 APEX_CODE,FINEST;APEX_PROFILING,INFO;CALLOUT,INFO;DB,INFO;SYSTEM,DEBUG;VALIDATION,INFO;VISUALFORCE,INFO;WAVE,INFO;WORKFLOW,INFO
16:51:32.0 (356988)|USER_INFO|[EXTERNAL]|0051r000007nKPL|assh4884@cunning-goat-277018.com|Greenwich Mean Time|GMT+01:00
16:51:32.0 (392279)|EXECUTION_STARTED
16:51:32.0 (396152)|CODE_UNIT_STARTED|[EXTERNAL]|0661r0000024L7D|VF: /apex/VforceApp
16:51:32.0 (2165116)|SYSTEM_MODE_ENTER|true
16:51:32.0 (2464088)|HEAP_ALLOCATE|[72]|Bytes:3
16:51:32.0 (2489709)|HEAP_ALLOCATE|[77]|Bytes:152
16:51:32.0 (2500266)|HEAP_ALLOCATE|[342]|Bytes:408
16:51:32.0 (2511269)|HEAP_ALLOCATE|[355]|Bytes:408
16:51:32.0 (2521470)|HEAP_ALLOCATE|[467]|Bytes:48
16:51:32.0 (2541359)|HEAP_ALLOCATE|[139]|Bytes:6
16:51:32.0 (2554289)|HEAP_ALLOCATE|[EXTERNAL]|Bytes:88
16:51:32.0 (2559811)|HEAP_ALLOCATE|[EXTERNAL]|Bytes:3
16:51:32.0 (2563415)|HEAP_ALLOCATE|[EXTERNAL]|Bytes:11
16:51:32.0 (2572009)|METHOD_ENTRY|[1]|01p1r000008Onze|VforceAppController.VforceAppController()
16:51:32.0 (2578695)|STATEMENT_EXECUTE|[1]
16:51:32.0 (2583296)|STATEMENT_EXECUTE|[1]
16:51:32.0 (2606410)|HEAP_ALLOCATE|[50]|Bytes:5
16:51:32.0 (2620828)|HEAP_ALLOCATE|[56]|Bytes:5
16:51:32.0 (2627869)|HEAP_ALLOCATE|[64]|Bytes:7
16:51:32.0 (2645939)|SYSTEM_MODE_ENTER|false
16:51:32.0 (2654300)|HEAP_ALLOCATE|[EXTERNAL]|Bytes:5
16:51:32.0 (2660172)|SYSTEM_MODE_EXIT|false
16:51:32.0 (2666737)|METHOD_EXIT|[1]|VforceAppController
16:51:32.0 (2678309)|HEAP_ALLOCATE|[EXTERNAL]|Bytes:8
16:51:32.0 (2686018)|VARIABLE_SCOPE_BEGIN|[1]|this|VforceAppController|true|false
16:51:32.0 (2737065)|VARIABLE_ASSIGNMENT|[1]|this|{}|0x52828cb7
16:51:32.0 (2753086)|SYSTEM_MODE_ENTER|false
16:51:32.0 (2758288)|HEAP_ALLOCATE|[3]|Bytes:5
16:51:32.0 (2765195)|HEAP_ALLOCATE|[3]|Bytes:6
16:51:32.0 (2801951)|SYSTEM_MODE_EXIT|false
16:51:32.0 (2808514)|STATEMENT_EXECUTE|[1]
16:51:32.0 (2815669)|SYSTEM_MODE_ENTER|false
16:51:32.0 (2820233)|HEAP_ALLOCATE|[3]|Bytes:5
16:51:32.0 (2823308)|STATEMENT_EXECUTE|[3]
16:51:32.0 (2824660)|STATEMENT_EXECUTE|[3]
16:51:32.0 (2825845)|STATEMENT_EXECUTE|[3]
16:51:32.0 (2874093)|VARIABLE_ASSIGNMENT|[EXTERNAL]|this|{}|0x52828cb7
16:51:32.0 (2885666)|VARIABLE_ASSIGNMENT|[EXTERNAL]|value|false
16:51:32.0 (2895270)|HEAP_ALLOCATE|[3]|Bytes:5
16:51:32.0 (2904544)|VARIABLE_ASSIGNMENT|[3]|this.newPopUp|false|0x52828cb7
16:51:32.0 (2916875)|SYSTEM_MODE_EXIT|false
16:51:32.0 (2960357)|SYSTEM_MODE_ENTER|true
16:51:32.0 (2999701)|HEAP_ALLOCATE|[EXTERNAL]|Bytes:8
16:51:32.0 (3007859)|VARIABLE_SCOPE_BEGIN|[6]|this|VforceAppController|true|false
16:51:32.0 (3026079)|VARIABLE_ASSIGNMENT|[6]|this|{"newPopUp":false}|0x52828cb7
16:51:32.0 (3040902)|SYSTEM_MODE_ENTER|false
16:51:32.0 (3045916)|HEAP_ALLOCATE|[7]|Bytes:5
16:51:32.0 (3050064)|STATEMENT_EXECUTE|[6]
16:51:32.0 (3051607)|STATEMENT_EXECUTE|[7]
16:51:32.0 (3073809)|HEAP_ALLOCATE|[7]|Bytes:4
16:51:32.0 (3126910)|VARIABLE_SCOPE_BEGIN|[7]|result|List<Account>|true|false
16:51:32.0 (3138825)|HEAP_ALLOCATE|[EXTERNAL]|Bytes:4
16:51:32.0 (3149492)|VARIABLE_ASSIGNMENT|[7]|result|[]|0x24e99f1e
16:51:32.0 (3154254)|STATEMENT_EXECUTE|[9]
16:51:32.0 (3155566)|STATEMENT_EXECUTE|[9]
16:51:32.0 (3156836)|STATEMENT_EXECUTE|[10]
16:51:32.0 (3160071)|HEAP_ALLOCATE|[11]|Bytes:99
16:51:32.0 (3444836)|SOQL_EXECUTE_BEGIN|[10]|Aggregations:1|SELECT Id, Name, AccountNumber, (SELECT Id, Name, Email, Phone FROM Contacts) FROM Account LIMIT 10
16:51:32.0 (8777488)|SOQL_EXECUTE_END|[10]|Rows:10
16:51:32.0 (8814280)|HEAP_ALLOCATE|[10]|Bytes:44
16:51:32.0 (8871367)|HEAP_ALLOCATE|[10]|Bytes:3160
16:51:32.0 (8900374)|HEAP_ALLOCATE|[10]|Bytes:44
16:51:32.0 (8929063)|VARIABLE_ASSIGNMENT|[10]|result|"List of size 10 too large to display"|0x4c00922d
16:51:32.0 (9044658)|HEAP_ALLOCATE|[16]|Bytes:5
16:51:32.0 (9061473)|HEAP_ALLOCATE|[16]|Bytes:20
16:51:32.0 (9069814)|VARIABLE_SCOPE_BEGIN|[16]|objAcc|Account|true|false
16:51:32.0 (9099522)|VARIABLE_ASSIGNMENT|[16]|objAcc|{"Id":"0011r00001mSXVuAAO","Name":"Edge Communications","AccountNumber":"CD451796","Contacts":[{"AccountId":"0011r00001mSXVuAAO","Id":"0031r000023uSg3AAE","Name":"Rose Gonzalez","Email":"rose@edge.com","Phone":"(512) 757-6000"},{"AccountId":"0011r00001mSXVuAAO","Id":"0031r000023uSg4AAE","Name":"Sean Forbes","Email":"sean@edge.com","Phone":"(512) 757-6000"}]}|0x3d2d30ee
16:51:32.0 (9109592)|STATEMENT_EXECUTE|[17]
16:51:32.0 (9114400)|HEAP_ALLOCATE|[19]|Bytes:8
16:51:32.0 (9119445)|HEAP_ALLOCATE|[19]|Bytes:7
16:51:32.0 (9155889)|HEAP_ALLOCATE|[19]|Bytes:12
16:51:32.0 (9280988)|HEAP_ALLOCATE|[19]|Bytes:54
16:51:32.0 (9288305)|HEAP_ALLOCATE|[19]|Bytes:8
16:51:32.0 (9297139)|SYSTEM_METHOD_ENTRY|[7]|QueryLocatorIterator.QueryLocatorIterator()
16:51:32.0 (9302173)|STATEMENT_EXECUTE|[7]
16:51:32.0 (9309027)|SYSTEM_METHOD_EXIT|[7]|QueryLocatorIterator
16:51:32.0 (9315994)|HEAP_ALLOCATE|[19]|Bytes:28
16:51:32.0 (9358728)|HEAP_ALLOCATE|[19]|Bytes:12
16:51:32.0 (9372305)|HEAP_ALLOCATE|[19]|Bytes:8
16:51:32.0 (9375439)|HEAP_ALLOCATE|[19]|Bytes:8
16:51:32.0 (9380563)|VARIABLE_SCOPE_BEGIN|[15]|this|Database.QueryLocatorIterator|true|false
16:51:32.0 (9405268)|VARIABLE_ASSIGNMENT|[15]|this|{}|0x6b850f40
16:51:32.0 (9411411)|VARIABLE_SCOPE_BEGIN|[15]|values|List<SObject>|true|false
16:51:32.0 (9427421)|VARIABLE_ASSIGNMENT|[15]|values|[{"AccountId":"0011r00001mSXVuAAO","Id":"0031r000023uSg3AAE","Name":"Rose Gonzalez","Email":"rose@edge.com","Phone":"(512) 757-6000"},{"AccountId":"0011r00001mSXVuAAO","Id":"0031r000023uSg4AAE","Name":"Sean Forbes","Email":"sean@edge.com","Phone":"(512) 757-6000"}]|0x23dc79e7
16:51:32.0 (9434698)|VARIABLE_SCOPE_BEGIN|[15]|ql|Database.QueryLocator|true|false
16:51:32.0 (9451608)|VARIABLE_ASSIGNMENT|[15]|ql|{}|0x22d6b834
16:51:32.0 (9456663)|VARIABLE_SCOPE_BEGIN|[15]|totalNumRecords|Integer|false|false
16:51:32.0 (9464328)|VARIABLE_ASSIGNMENT|[15]|totalNumRecords|2
16:51:32.0 (9468488)|VARIABLE_SCOPE_BEGIN|[15]|queryMoreSize|Integer|false|false
16:51:32.0 (9474864)|VARIABLE_ASSIGNMENT|[15]|queryMoreSize|200
16:51:32.0 (9521996)|HEAP_ALLOCATE|[19]|Bytes:28
16:51:32.0 (9539318)|METHOD_ENTRY|[19]||Database.QueryLocatorIterator.hasNext()
16:51:32.0 (9592368)|METHOD_EXIT|[19]||Database.QueryLocatorIterator.hasNext()
16:51:32.0 (9601267)|METHOD_ENTRY|[19]||Database.QueryLocatorIterator.next()
16:51:32.0 (9660625)|METHOD_EXIT|[19]||Database.QueryLocatorIterator.next()
16:51:32.0 (9668858)|VARIABLE_SCOPE_BEGIN|[19]|objCon|Contact|true|false
16:51:32.0 (9683773)|VARIABLE_ASSIGNMENT|[19]|objCon|{"AccountId":"0011r00001mSXVuAAO","Id":"0031r000023uSg3AAE","Name":"Rose Gonzalez","Email":"rose@edge.com","Phone":"(512) 757-6000"}|0x68850299
16:51:32.0 (9689673)|STATEMENT_EXECUTE|[20]
16:51:32.0 (9691531)|STATEMENT_EXECUTE|[21]
16:51:32.0 (9694921)|HEAP_ALLOCATE|[21]|Bytes:13
16:51:32.0 (9778862)|HEAP_ALLOCATE|[21]|Bytes:124
16:51:32.0 (9797438)|HEAP_ALLOCATE|[21]|Bytes:137
16:51:32.0 (9814757)|USER_DEBUG|[21]|DEBUG|---contact---Contact:{AccountId=0011r00001mSXVuAAO, Id=0031r000023uSg3AAE, Name=Rose Gonzalez, Email=rose@edge.com, Phone=(512) 757-6000}
16:51:32.0 (9826858)|METHOD_ENTRY|[19]||Database.QueryLocatorIterator.hasNext()
16:51:32.0 (9844879)|METHOD_EXIT|[19]||Database.QueryLocatorIterator.hasNext()
16:51:32.0 (9850134)|METHOD_ENTRY|[19]||Database.QueryLocatorIterator.next()
16:51:32.0 (9890581)|METHOD_EXIT|[19]||Database.QueryLocatorIterator.next()
16:51:32.0 (9897238)|VARIABLE_SCOPE_BEGIN|[19]|objCon|Contact|true|false
16:51:32.0 (9911452)|VARIABLE_ASSIGNMENT|[19]|objCon|{"AccountId":"0011r00001mSXVuAAO","Id":"0031r000023uSg4AAE","Name":"Sean Forbes","Email":"sean@edge.com","Phone":"(512) 757-6000"}|0x27b6de1
16:51:32.0 (9917433)|STATEMENT_EXECUTE|[20]
16:51:32.0 (9918964)|STATEMENT_EXECUTE|[21]
16:51:32.0 (9951027)|HEAP_ALLOCATE|[21]|Bytes:122
16:51:32.0 (9962741)|HEAP_ALLOCATE|[21]|Bytes:135
16:51:32.0 (9970302)|USER_DEBUG|[21]|DEBUG|---contact---Contact:{AccountId=0011r00001mSXVuAAO, Id=0031r000023uSg4AAE, Name=Sean Forbes, Email=sean@edge.com, Phone=(512) 757-6000}
16:51:32.0 (9979865)|METHOD_ENTRY|[19]||Database.QueryLocatorIterator.hasNext()
16:51:32.0 (9991132)|METHOD_EXIT|[19]||Database.QueryLocatorIterator.hasNext()
16:51:32.0 (9998245)|VARIABLE_ASSIGNMENT|[19]|objCon|null|
16:51:32.0 (10009800)|HEAP_ALLOCATE|[16]|Bytes:5
16:51:32.0 (10021170)|HEAP_ALLOCATE|[16]|Bytes:20
16:51:32.0 (10026693)|VARIABLE_SCOPE_BEGIN|[16]|objAcc|Account|true|false
16:51:32.0 (10045682)|VARIABLE_ASSIGNMENT|[16]|objAcc|{"Id":"0011r00001mSXVvAAO","Name":"Burlington Textiles  (15 more) ...","AccountNumber":"CD656092","Contacts":[{"AccountId":"0011r00001mSXVvAAO","Id":"0031r000023uSg5AAE","Name":"Jack Rogers","Email":"jrogers@burlington.c (2 more) ...","Phone":"(336) 222-7000"}]}|0x11a45bb0
16:51:32.0 (10053588)|STATEMENT_EXECUTE|[17]
16:51:32.0 (10069836)|HEAP_ALLOCATE|[19]|Bytes:8
16:51:32.0 (10123541)|HEAP_ALLOCATE|[19]|Bytes:28
16:51:32.0 (10146337)|HEAP_ALLOCATE|[19]|Bytes:8
16:51:32.0 (10156619)|HEAP_ALLOCATE|[19]|Bytes:8
16:51:32.0 (10159518)|HEAP_ALLOCATE|[19]|Bytes:8
16:51:32.0 (10163503)|VARIABLE_SCOPE_BEGIN|[15]|this|Database.QueryLocatorIterator|true|false
16:51:32.0 (10180624)|VARIABLE_ASSIGNMENT|[15]|this|{}|0x1252a9c
16:51:32.0 (10186607)|VARIABLE_SCOPE_BEGIN|[15]|values|List<SObject>|true|false
16:51:32.0 (10200943)|VARIABLE_ASSIGNMENT|[15]|values|[{"AccountId":"0011r00001mSXVvAAO","Id":"0031r000023uSg5AAE","Name":"Jack Rogers","Email":"jrogers@burlington.c (2 more) ...","Phone":"(336) 222-7000"}]|0x4041c21f
16:51:32.0 (10206247)|VARIABLE_SCOPE_BEGIN|[15]|ql|Database.QueryLocator|true|false
16:51:32.0 (10217276)|VARIABLE_ASSIGNMENT|[15]|ql|{}|0x252a4b14
16:51:32.0 (10221794)|VARIABLE_SCOPE_BEGIN|[15]|totalNumRecords|Integer|false|false
16:51:32.0 (10228513)|VARIABLE_ASSIGNMENT|[15]|totalNumRecords|1
16:51:32.0 (10232778)|VARIABLE_SCOPE_BEGIN|[15]|queryMoreSize|Integer|false|false
16:51:32.0 (10238602)|VARIABLE_ASSIGNMENT|[15]|queryMoreSize|200
16:51:32.0 (10274081)|HEAP_ALLOCATE|[19]|Bytes:28
16:51:32.0 (10284547)|METHOD_ENTRY|[19]||Database.QueryLocatorIterator.hasNext()
16:51:32.0 (10302731)|METHOD_EXIT|[19]||Database.QueryLocatorIterator.hasNext()
16:51:32.0 (10307825)|METHOD_ENTRY|[19]||Database.QueryLocatorIterator.next()
16:51:32.0 (10349488)|METHOD_EXIT|[19]||Database.QueryLocatorIterator.next()
16:51:32.0 (10355775)|VARIABLE_SCOPE_BEGIN|[19]|objCon|Contact|true|false
16:51:32.0 (10369355)|VARIABLE_ASSIGNMENT|[19]|objCon|{"AccountId":"0011r00001mSXVvAAO","Id":"0031r000023uSg5AAE","Name":"Jack Rogers","Email":"jrogers@burlington.c (2 more) ...","Phone":"(336) 222-7000"}|0x3bb4c3ff
16:51:32.0 (10375029)|STATEMENT_EXECUTE|[20]
16:51:32.0 (10376708)|STATEMENT_EXECUTE|[21]
16:51:32.0 (10413470)|HEAP_ALLOCATE|[21]|Bytes:131
16:51:32.0 (10426639)|HEAP_ALLOCATE|[21]|Bytes:144
16:51:32.0 (10434849)|USER_DEBUG|[21]|DEBUG|---contact---Contact:{AccountId=0011r00001mSXVvAAO, Id=0031r000023uSg5AAE, Name=Jack Rogers, Email=jrogers@burlington.com, Phone=(336) 222-7000}
16:51:32.0 (10444311)|METHOD_ENTRY|[19]||Database.QueryLocatorIterator.hasNext()
16:51:32.0 (10455294)|METHOD_EXIT|[19]||Database.QueryLocatorIterator.hasNext()
16:51:32.0 (10462748)|VARIABLE_ASSIGNMENT|[19]|objCon|null|
16:51:32.0 (10473143)|HEAP_ALLOCATE|[16]|Bytes:5
16:51:32.0 (10482997)|HEAP_ALLOCATE|[16]|Bytes:20
16:51:32.0 (10488285)|VARIABLE_SCOPE_BEGIN|[16]|objAcc|Account|true|false
16:51:32.0 (10504147)|VARIABLE_ASSIGNMENT|[16]|objAcc|{"Id":"0011r00001mSXVwAAO","Name":"Pyramid Construction (5 more) ...","AccountNumber":"CC213425","Contacts":[{"AccountId":"0011r00001mSXVwAAO","Id":"0031r000023uSg6AAE","Name":"Pat Stumuller","Email":"pat@pyramid.net","Phone":"(014) 427-4427"}]}|0x73732906
16:51:32.0 (10510895)|STATEMENT_EXECUTE|[17]
16:51:32.0 (10525169)|HEAP_ALLOCATE|[19]|Bytes:8
16:51:32.0 (10575317)|HEAP_ALLOCATE|[19]|Bytes:28
16:51:32.0 (10598654)|HEAP_ALLOCATE|[19]|Bytes:8
16:51:32.0 (10608725)|HEAP_ALLOCATE|[19]|Bytes:8
16:51:32.0 (10611622)|HEAP_ALLOCATE|[19]|Bytes:8
16:51:32.0 (10615704)|VARIABLE_SCOPE_BEGIN|[15]|this|Database.QueryLocatorIterator|true|false
16:51:32.0 (10632104)|VARIABLE_ASSIGNMENT|[15]|this|{}|0x1a0b5652
16:51:32.0 (10637283)|VARIABLE_SCOPE_BEGIN|[15]|values|List<SObject>|true|false
16:51:32.0 (10649582)|VARIABLE_ASSIGNMENT|[15]|values|[{"AccountId":"0011r00001mSXVwAAO","Id":"0031r000023uSg6AAE","Name":"Pat Stumuller","Email":"pat@pyramid.net","Phone":"(014) 427-4427"}]|0x32d2ee45
16:51:32.0 (10655177)|VARIABLE_SCOPE_BEGIN|[15]|ql|Database.QueryLocator|true|false
16:51:32.0 (10665265)|VARIABLE_ASSIGNMENT|[15]|ql|{}|0x7ccd933a
16:51:32.0 (10670258)|VARIABLE_SCOPE_BEGIN|[15]|totalNumRecords|Integer|false|false
16:51:32.0 (10676796)|VARIABLE_ASSIGNMENT|[15]|totalNumRecords|1
16:51:32.0 (10679977)|VARIABLE_SCOPE_BEGIN|[15]|queryMoreSize|Integer|false|false
16:51:32.0 (10686046)|VARIABLE_ASSIGNMENT|[15]|queryMoreSize|200
16:51:32.0 (10725858)|HEAP_ALLOCATE|[19]|Bytes:28
16:51:32.0 (10739375)|METHOD_ENTRY|[19]||Database.QueryLocatorIterator.hasNext()
16:51:32.0 (10758388)|METHOD_EXIT|[19]||Database.QueryLocatorIterator.hasNext()
16:51:32.0 (10763368)|METHOD_ENTRY|[19]||Database.QueryLocatorIterator.next()
16:51:32.0 (10808286)|METHOD_EXIT|[19]||Database.QueryLocatorIterator.next()
16:51:32.0 (10814788)|VARIABLE_SCOPE_BEGIN|[19]|objCon|Contact|true|false
16:51:32.0 (10828114)|VARIABLE_ASSIGNMENT|[19]|objCon|{"AccountId":"0011r00001mSXVwAAO","Id":"0031r000023uSg6AAE","Name":"Pat Stumuller","Email":"pat@pyramid.net","Phone":"(014) 427-4427"}|0x3be6c0ca
16:51:32.0 (10834240)|STATEMENT_EXECUTE|[20]
16:51:32.0 (10835750)|STATEMENT_EXECUTE|[21]
16:51:32.0 (10872643)|HEAP_ALLOCATE|[21]|Bytes:126
16:51:32.0 (10885515)|HEAP_ALLOCATE|[21]|Bytes:139
16:51:32.0 (10894170)|USER_DEBUG|[21]|DEBUG|---contact---Contact:{AccountId=0011r00001mSXVwAAO, Id=0031r000023uSg6AAE, Name=Pat Stumuller, Email=pat@pyramid.net, Phone=(014) 427-4427}
16:51:32.0 (10903356)|METHOD_ENTRY|[19]||Database.QueryLocatorIterator.hasNext()
16:51:32.0 (10913820)|METHOD_EXIT|[19]||Database.QueryLocatorIterator.hasNext()
16:51:32.0 (10920922)|VARIABLE_ASSIGNMENT|[19]|objCon|null|
16:51:32.0 (10931559)|HEAP_ALLOCATE|[16]|Bytes:5
16:51:32.0 (10941881)|HEAP_ALLOCATE|[16]|Bytes:20
16:51:32.0 (10946972)|VARIABLE_SCOPE_BEGIN|[16]|objAcc|Account|true|false
16:51:32.0 (10963486)|VARIABLE_ASSIGNMENT|[16]|objAcc|{"Id":"0011r00001mSXVxAAO","Name":"Dickenson plc","AccountNumber":"CC634267","Contacts":[{"AccountId":"0011r00001mSXVxAAO","Id":"0031r000023uSg7AAE","Name":"Andy Young","Email":"a_young@dickenson.co (1 more) ...","Phone":"(785) 241-6200"}]}|0x357bdd4f
16:51:32.0 (10970238)|STATEMENT_EXECUTE|[17]
16:51:32.0 (10984508)|HEAP_ALLOCATE|[19]|Bytes:8
16:51:32.0 (11034011)|HEAP_ALLOCATE|[19]|Bytes:28
16:51:32.0 (11057339)|HEAP_ALLOCATE|[19]|Bytes:8
16:51:32.0 (11067326)|HEAP_ALLOCATE|[19]|Bytes:8
16:51:32.0 (11070234)|HEAP_ALLOCATE|[19]|Bytes:8
16:51:32.0 (11073937)|VARIABLE_SCOPE_BEGIN|[15]|this|Database.QueryLocatorIterator|true|false
16:51:32.0 (11090791)|VARIABLE_ASSIGNMENT|[15]|this|{}|0xb48155c
16:51:32.0 (11096205)|VARIABLE_SCOPE_BEGIN|[15]|values|List<SObject>|true|false
16:51:32.0 (11109936)|VARIABLE_ASSIGNMENT|[15]|values|[{"AccountId":"0011r00001mSXVxAAO","Id":"0031r000023uSg7AAE","Name":"Andy Young","Email":"a_young@dickenson.co (1 more) ...","Phone":"(785) 241-6200"}]|0x4bb16ba1
16:51:32.0 (11115083)|VARIABLE_SCOPE_BEGIN|[15]|ql|Database.QueryLocator|true|false
16:51:32.0 (11125325)|VARIABLE_ASSIGNMENT|[15]|ql|{}|0x6e340454
16:51:32.0 (11130138)|VARIABLE_SCOPE_BEGIN|[15]|totalNumRecords|Integer|false|false
16:51:32.0 (11136699)|VARIABLE_ASSIGNMENT|[15]|totalNumRecords|1
16:51:32.0 (11140053)|VARIABLE_SCOPE_BEGIN|[15]|queryMoreSize|Integer|false|false
16:51:32.0 (11145952)|VARIABLE_ASSIGNMENT|[15]|queryMoreSize|200
16:51:32.0 (11179532)|HEAP_ALLOCATE|[19]|Bytes:28
16:51:32.0 (11189588)|METHOD_ENTRY|[19]||Database.QueryLocatorIterator.hasNext()
16:51:32.0 (11207590)|METHOD_EXIT|[19]||Database.QueryLocatorIterator.hasNext()
16:51:32.0 (11212363)|METHOD_ENTRY|[19]||Database.QueryLocatorIterator.next()
16:51:32.0 (11253979)|METHOD_EXIT|[19]||Database.QueryLocatorIterator.next()
16:51:32.0 (11260020)|VARIABLE_SCOPE_BEGIN|[19]|objCon|Contact|true|false
16:51:32.0 (11273499)|VARIABLE_ASSIGNMENT|[19]|objCon|{"AccountId":"0011r00001mSXVxAAO","Id":"0031r000023uSg7AAE","Name":"Andy Young","Email":"a_young@dickenson.co (1 more) ...","Phone":"(785) 241-6200"}|0x7b379ce5
16:51:32.0 (11279228)|STATEMENT_EXECUTE|[20]
16:51:32.0 (11280853)|STATEMENT_EXECUTE|[21]
16:51:32.0 (11316989)|HEAP_ALLOCATE|[21]|Bytes:129
16:51:32.0 (11329403)|HEAP_ALLOCATE|[21]|Bytes:142
16:51:32.0 (11338286)|USER_DEBUG|[21]|DEBUG|---contact---Contact:{AccountId=0011r00001mSXVxAAO, Id=0031r000023uSg7AAE, Name=Andy Young, Email=a_young@dickenson.com, Phone=(785) 241-6200}
16:51:32.0 (11348106)|METHOD_ENTRY|[19]||Database.QueryLocatorIterator.hasNext()
16:51:32.0 (11358969)|METHOD_EXIT|[19]||Database.QueryLocatorIterator.hasNext()
16:51:32.0 (11365974)|VARIABLE_ASSIGNMENT|[19]|objCon|null|
16:51:32.0 (11376763)|HEAP_ALLOCATE|[16]|Bytes:5
16:51:32.0 (11386453)|HEAP_ALLOCATE|[16]|Bytes:20
16:51:32.0 (11391302)|VARIABLE_SCOPE_BEGIN|[16]|objAcc|Account|true|false
16:51:32.0 (11410901)|VARIABLE_ASSIGNMENT|[16]|objAcc|{"Id":"0011r00001mSXVyAAO","Name":"Grand Hotels & Resor (6 more) ...","AccountNumber":"CD439877","Contacts":[{"AccountId":"0011r00001mSXVyAAO","Id":"0031r000023uSg8AAE","Name":"Tim Barr","Email":"barr_tim@grandhotels (4 more) ...","Phone":"(312) 596-1000"},{"AccountId":"0011r00001mSXVyAAO","Id":"0031r000023uSg9AAE","Name":"John Bond","Email":"bond_john@grandhotel (5 more) ...","Phone":"(312) 596-1000"}]}|0x6185314e
16:51:32.0 (11420069)|STATEMENT_EXECUTE|[17]
16:51:32.0 (11434961)|HEAP_ALLOCATE|[19]|Bytes:12
16:51:32.0 (11483462)|HEAP_ALLOCATE|[19]|Bytes:28
16:51:32.0 (11506015)|HEAP_ALLOCATE|[19]|Bytes:12
16:51:32.0 (11516297)|HEAP_ALLOCATE|[19]|Bytes:8
16:51:32.0 (11519337)|HEAP_ALLOCATE|[19]|Bytes:8
16:51:32.0 (11522996)|VARIABLE_SCOPE_BEGIN|[15]|this|Database.QueryLocatorIterator|true|false
16:51:32.0 (11538916)|VARIABLE_ASSIGNMENT|[15]|this|{}|0x7ef01eeb
16:51:32.0 (11544422)|VARIABLE_SCOPE_BEGIN|[15]|values|List<SObject>|true|false
16:51:32.0 (11559701)|VARIABLE_ASSIGNMENT|[15]|values|[{"AccountId":"0011r00001mSXVyAAO","Id":"0031r000023uSg8AAE","Name":"Tim Barr","Email":"barr_tim@grandhotels (4 more) ...","Phone":"(312) 596-1000"},{"AccountId":"0011r00001mSXVyAAO","Id":"0031r000023uSg9AAE","Name":"John Bond","Email":"bond_john@grandhotel (5 more) ...","Phone":"(312) 596-1000"}]|0x3559169c
16:51:32.0 (11567340)|VARIABLE_SCOPE_BEGIN|[15]|ql|Database.QueryLocator|true|false
16:51:32.0 (11577941)|VARIABLE_ASSIGNMENT|[15]|ql|{}|0x75758ff5
16:51:32.0 (11582382)|VARIABLE_SCOPE_BEGIN|[15]|totalNumRecords|Integer|false|false
16:51:32.0 (11589165)|VARIABLE_ASSIGNMENT|[15]|totalNumRecords|2
16:51:32.0 (11592382)|VARIABLE_SCOPE_BEGIN|[15]|queryMoreSize|Integer|false|false
16:51:32.0 (11598329)|VARIABLE_ASSIGNMENT|[15]|queryMoreSize|200
16:51:32.0 (11631562)|HEAP_ALLOCATE|[19]|Bytes:28
16:51:32.0 (11641827)|METHOD_ENTRY|[19]||Database.QueryLocatorIterator.hasNext()
16:51:32.0 (11659766)|METHOD_EXIT|[19]||Database.QueryLocatorIterator.hasNext()
16:51:32.0 (11665310)|METHOD_ENTRY|[19]||Database.QueryLocatorIterator.next()
16:51:32.0 (11705489)|METHOD_EXIT|[19]||Database.QueryLocatorIterator.next()
16:51:32.0 (11711706)|VARIABLE_SCOPE_BEGIN|[19]|objCon|Contact|true|false
16:51:32.0 (11729699)|VARIABLE_ASSIGNMENT|[19]|objCon|{"AccountId":"0011r00001mSXVyAAO","Id":"0031r000023uSg8AAE","Name":"Tim Barr","Email":"barr_tim@grandhotels (4 more) ...","Phone":"(312) 596-1000"}|0x22fae207
16:51:32.0 (11735798)|STATEMENT_EXECUTE|[20]
16:51:32.0 (11737398)|STATEMENT_EXECUTE|[21]
16:51:32.0 (11773730)|HEAP_ALLOCATE|[21]|Bytes:130
16:51:32.0 (11786516)|HEAP_ALLOCATE|[21]|Bytes:143
16:51:32.0 (11794585)|USER_DEBUG|[21]|DEBUG|---contact---Contact:{AccountId=0011r00001mSXVyAAO, Id=0031r000023uSg8AAE, Name=Tim Barr, Email=barr_tim@grandhotels.com, Phone=(312) 596-1000}
16:51:32.0 (11804320)|METHOD_ENTRY|[19]||Database.QueryLocatorIterator.hasNext()
16:51:32.0 (11820923)|METHOD_EXIT|[19]||Database.QueryLocatorIterator.hasNext()
16:51:32.0 (11825518)|METHOD_ENTRY|[19]||Database.QueryLocatorIterator.next()
16:51:32.0 (11861322)|METHOD_EXIT|[19]||Database.QueryLocatorIterator.next()
16:51:32.0 (11866806)|VARIABLE_SCOPE_BEGIN|[19]|objCon|Contact|true|false
16:51:32.0 (11879788)|VARIABLE_ASSIGNMENT|[19]|objCon|{"AccountId":"0011r00001mSXVyAAO","Id":"0031r000023uSg9AAE","Name":"John Bond","Email":"bond_john@grandhotel (5 more) ...","Phone":"(312) 596-1000"}|0x3fcc669c
16:51:32.0 (11885391)|STATEMENT_EXECUTE|[20]
16:51:32.0 (11886739)|STATEMENT_EXECUTE|[21]
16:51:32.0 (11915208)|HEAP_ALLOCATE|[21]|Bytes:132
16:51:32.0 (11926796)|HEAP_ALLOCATE|[21]|Bytes:145
16:51:32.0 (11934584)|USER_DEBUG|[21]|DEBUG|---contact---Contact:{AccountId=0011r00001mSXVyAAO, Id=0031r000023uSg9AAE, Name=John Bond, Email=bond_john@grandhotels.com, Phone=(312) 596-1000}
16:51:32.0 (11943326)|METHOD_ENTRY|[19]||Database.QueryLocatorIterator.hasNext()
16:51:32.0 (11953573)|METHOD_EXIT|[19]||Database.QueryLocatorIterator.hasNext()
16:51:32.0 (11960116)|VARIABLE_ASSIGNMENT|[19]|objCon|null|
16:51:32.0 (11970977)|HEAP_ALLOCATE|[16]|Bytes:5
16:51:32.0 (11980489)|HEAP_ALLOCATE|[16]|Bytes:20
16:51:32.0 (11985412)|VARIABLE_SCOPE_BEGIN|[16]|objAcc|Account|true|false
16:51:32.0 (12007903)|VARIABLE_ASSIGNMENT|[16]|objAcc|{"Id":"0011r00001mSXVzAAO","Name":"United Oil & Gas Cor (2 more) ...","AccountNumber":"CD355118","Contacts":[{"AccountId":"0011r00001mSXVzAAO","Id":"0031r000023uSgAAAU","Name":"Stella Pavlova","Email":"spavlova@uog.com","Phone":"(212) 842-5500"},{"AccountId":"0011r00001mSXVzAAO","Id":"0031r000023uSgBAAU","Name":"Lauren Boyle","Email":"lboyle@uog.com","Phone":"(212) 842-5500"},{"AccountId":"0011r00001mSXVzAAO","Id":"0031r000023uSgKAAU","Name":"Avi Green","Email":"agreen@uog.com","Phone":"(212) 842-5500"},{"AccountId":"0011r00001mSXVzAAO","Id":"0031r000023uSgFAAU","Name":"Arthur Song","Email":"asong@uog.com","Phone":"(212) 842-5500"}]}|0x524f9f15
16:51:32.0 (12019712)|STATEMENT_EXECUTE|[17]
16:51:32.0 (12033816)|HEAP_ALLOCATE|[19]|Bytes:20
16:51:32.0 (12083230)|HEAP_ALLOCATE|[19]|Bytes:28
16:51:32.0 (12104966)|HEAP_ALLOCATE|[19]|Bytes:20
16:51:32.0 (12115456)|HEAP_ALLOCATE|[19]|Bytes:8
16:51:32.0 (12118556)|HEAP_ALLOCATE|[19]|Bytes:8
16:51:32.0 (12122300)|VARIABLE_SCOPE_BEGIN|[15]|this|Database.QueryLocatorIterator|true|false
16:51:32.0 (12138108)|VARIABLE_ASSIGNMENT|[15]|this|{}|0x3bad33ab
16:51:32.0 (12143405)|VARIABLE_SCOPE_BEGIN|[15]|values|List<SObject>|true|false
16:51:32.0 (12162238)|VARIABLE_ASSIGNMENT|[15]|values|[{"AccountId":"0011r00001mSXVzAAO","Id":"0031r000023uSgAAAU","Name":"Stella Pavlova","Email":"spavlova@uog.com","Phone":"(212) 842-5500"},{"AccountId":"0011r00001mSXVzAAO","Id":"0031r000023uSgBAAU","Name":"Lauren Boyle","Email":"lboyle@uog.com","Phone":"(212) 842-5500"},{"AccountId":"0011r00001mSXVzAAO","Id":"0031r000023uSgKAAU","Name":"Avi Green","Email":"agreen@uog.com","Phone":"(212) 842-5500"},{"AccountId":"0011r00001mSXVzAAO","Id":"0031r000023uSgFAAU","Name":"Arthur Song","Email":"asong@uog.com","Phone":"(212) 842-5500"}]|0x45d46573
16:51:32.0 (12171366)|VARIABLE_SCOPE_BEGIN|[15]|ql|Database.QueryLocator|true|false
16:51:32.0 (12182624)|VARIABLE_ASSIGNMENT|[15]|ql|{}|0x384466a3
16:51:32.0 (12187386)|VARIABLE_SCOPE_BEGIN|[15]|totalNumRecords|Integer|false|false
16:51:32.0 (12194155)|VARIABLE_ASSIGNMENT|[15]|totalNumRecords|4
16:51:32.0 (12197665)|VARIABLE_SCOPE_BEGIN|[15]|queryMoreSize|Integer|false|false
16:51:32.0 (12203329)|VARIABLE_ASSIGNMENT|[15]|queryMoreSize|200
16:51:32.0 (12237455)|HEAP_ALLOCATE|[19]|Bytes:28
16:51:32.0 (12247556)|METHOD_ENTRY|[19]||Database.QueryLocatorIterator.hasNext()
16:51:32.0 (12265303)|METHOD_EXIT|[19]||Database.QueryLocatorIterator.hasNext()
16:51:32.0 (12270111)|METHOD_ENTRY|[19]||Database.QueryLocatorIterator.next()
16:51:32.0 (12311345)|METHOD_EXIT|[19]||Database.QueryLocatorIterator.next()
16:51:32.0 (12317404)|VARIABLE_SCOPE_BEGIN|[19]|objCon|Contact|true|false
16:51:32.0 (12329904)|VARIABLE_ASSIGNMENT|[19]|objCon|{"AccountId":"0011r00001mSXVzAAO","Id":"0031r000023uSgAAAU","Name":"Stella Pavlova","Email":"spavlova@uog.com","Phone":"(212) 842-5500"}|0x3221113f
16:51:32.0 (12335866)|STATEMENT_EXECUTE|[20]
16:51:32.0 (12337379)|STATEMENT_EXECUTE|[21]
16:51:32.0 (12373753)|HEAP_ALLOCATE|[21]|Bytes:128
16:51:32.0 (12386423)|HEAP_ALLOCATE|[21]|Bytes:141
16:51:32.0 (12394425)|USER_DEBUG|[21]|DEBUG|---contact---Contact:{AccountId=0011r00001mSXVzAAO, Id=0031r000023uSgAAAU, Name=Stella Pavlova, Email=spavlova@uog.com, Phone=(212) 842-5500}
16:51:32.0 (12403873)|METHOD_ENTRY|[19]||Database.QueryLocatorIterator.hasNext()
16:51:32.0 (12420377)|METHOD_EXIT|[19]||Database.QueryLocatorIterator.hasNext()
16:51:32.0 (12425064)|METHOD_ENTRY|[19]||Database.QueryLocatorIterator.next()
16:51:32.0 (12460236)|METHOD_EXIT|[19]||Database.QueryLocatorIterator.next()
16:51:32.0 (12465514)|VARIABLE_SCOPE_BEGIN|[19]|objCon|Contact|true|false
16:51:32.0 (12477626)|VARIABLE_ASSIGNMENT|[19]|objCon|{"AccountId":"0011r00001mSXVzAAO","Id":"0031r000023uSgBAAU","Name":"Lauren Boyle","Email":"lboyle@uog.com","Phone":"(212) 842-5500"}|0x7536732a
16:51:32.0 (12483259)|STATEMENT_EXECUTE|[20]
16:51:32.0 (12484761)|STATEMENT_EXECUTE|[21]
16:51:32.0 (12512802)|HEAP_ALLOCATE|[21]|Bytes:124
16:51:32.0 (12524048)|HEAP_ALLOCATE|[21]|Bytes:137
16:51:32.0 (12531692)|USER_DEBUG|[21]|DEBUG|---contact---Contact:{AccountId=0011r00001mSXVzAAO, Id=0031r000023uSgBAAU, Name=Lauren Boyle, Email=lboyle@uog.com, Phone=(212) 842-5500}
16:51:32.0 (12540317)|METHOD_ENTRY|[19]||Database.QueryLocatorIterator.hasNext()
16:51:32.0 (12555268)|METHOD_EXIT|[19]||Database.QueryLocatorIterator.hasNext()
16:51:32.0 (12559896)|METHOD_ENTRY|[19]||Database.QueryLocatorIterator.next()
16:51:32.0 (12594497)|METHOD_EXIT|[19]||Database.QueryLocatorIterator.next()
16:51:32.0 (12600157)|VARIABLE_SCOPE_BEGIN|[19]|objCon|Contact|true|false
16:51:32.0 (12612142)|VARIABLE_ASSIGNMENT|[19]|objCon|{"AccountId":"0011r00001mSXVzAAO","Id":"0031r000023uSgKAAU","Name":"Avi Green","Email":"agreen@uog.com","Phone":"(212) 842-5500"}|0xa95d51
16:51:32.0 (12617460)|STATEMENT_EXECUTE|[20]
16:51:32.0 (12619152)|STATEMENT_EXECUTE|[21]
16:51:32.0 (12646039)|HEAP_ALLOCATE|[21]|Bytes:121
16:51:32.0 (12656779)|HEAP_ALLOCATE|[21]|Bytes:134
16:51:32.0 (12663614)|USER_DEBUG|[21]|DEBUG|---contact---Contact:{AccountId=0011r00001mSXVzAAO, Id=0031r000023uSgKAAU, Name=Avi Green, Email=agreen@uog.com, Phone=(212) 842-5500}
16:51:32.0 (12671804)|METHOD_ENTRY|[19]||Database.QueryLocatorIterator.hasNext()
16:51:32.0 (12686756)|METHOD_EXIT|[19]||Database.QueryLocatorIterator.hasNext()
16:51:32.0 (12690712)|METHOD_ENTRY|[19]||Database.QueryLocatorIterator.next()
16:51:32.0 (12734192)|METHOD_EXIT|[19]||Database.QueryLocatorIterator.next()
16:51:32.0 (12739788)|VARIABLE_SCOPE_BEGIN|[19]|objCon|Contact|true|false
16:51:32.0 (12751479)|VARIABLE_ASSIGNMENT|[19]|objCon|{"AccountId":"0011r00001mSXVzAAO","Id":"0031r000023uSgFAAU","Name":"Arthur Song","Email":"asong@uog.com","Phone":"(212) 842-5500"}|0x5c0d335e
16:51:32.0 (12756938)|STATEMENT_EXECUTE|[20]
16:51:32.0 (12758352)|STATEMENT_EXECUTE|[21]
16:51:32.0 (12787128)|HEAP_ALLOCATE|[21]|Bytes:122
16:51:32.0 (12798132)|HEAP_ALLOCATE|[21]|Bytes:135
16:51:32.0 (12805416)|USER_DEBUG|[21]|DEBUG|---contact---Contact:{AccountId=0011r00001mSXVzAAO, Id=0031r000023uSgFAAU, Name=Arthur Song, Email=asong@uog.com, Phone=(212) 842-5500}
16:51:32.0 (12813760)|METHOD_ENTRY|[19]||Database.QueryLocatorIterator.hasNext()
16:51:32.0 (12824447)|METHOD_EXIT|[19]||Database.QueryLocatorIterator.hasNext()
16:51:32.0 (12831724)|VARIABLE_ASSIGNMENT|[19]|objCon|null|
16:51:32.0 (12842887)|HEAP_ALLOCATE|[16]|Bytes:5
16:51:32.0 (12852831)|HEAP_ALLOCATE|[16]|Bytes:20
16:51:32.0 (12857778)|VARIABLE_SCOPE_BEGIN|[16]|objAcc|Account|true|false
16:51:32.0 (12876567)|VARIABLE_ASSIGNMENT|[16]|objAcc|{"Id":"0011r00001mSXW0AAO","Name":"Express Logistics an (11 more) ...","AccountNumber":"CC947211","Contacts":[{"AccountId":"0011r00001mSXW0AAO","Id":"0031r000023uSgCAAU","Name":"Babara Levy","Email":"b.levy@expressl&t.ne (1 more) ...","Phone":"(503) 421-7800"},{"AccountId":"0011r00001mSXW0AAO","Id":"0031r000023uSgDAAU","Name":"Josh Davis","Email":"j.davis@expressl&t.n (2 more) ...","Phone":"(503) 421-7800"}]}|0x381ea743
16:51:32.0 (12884860)|STATEMENT_EXECUTE|[17]
16:51:32.0 (12898383)|HEAP_ALLOCATE|[19]|Bytes:12
16:51:32.0 (12948895)|HEAP_ALLOCATE|[19]|Bytes:28
16:51:32.0 (12970322)|HEAP_ALLOCATE|[19]|Bytes:12
16:51:32.0 (12980797)|HEAP_ALLOCATE|[19]|Bytes:8
16:51:32.0 (12983992)|HEAP_ALLOCATE|[19]|Bytes:8
16:51:32.0 (12987230)|VARIABLE_SCOPE_BEGIN|[15]|this|Database.QueryLocatorIterator|true|false
16:51:32.0 (13003686)|VARIABLE_ASSIGNMENT|[15]|this|{}|0x61975c79
16:51:32.0 (13009661)|VARIABLE_SCOPE_BEGIN|[15]|values|List<SObject>|true|false
16:51:32.0 (13025942)|VARIABLE_ASSIGNMENT|[15]|values|[{"AccountId":"0011r00001mSXW0AAO","Id":"0031r000023uSgCAAU","Name":"Babara Levy","Email":"b.levy@expressl&t.ne (1 more) ...","Phone":"(503) 421-7800"},{"AccountId":"0011r00001mSXW0AAO","Id":"0031r000023uSgDAAU","Name":"Josh Davis","Email":"j.davis@expressl&t.n (2 more) ...","Phone":"(503) 421-7800"}]|0x33750b8b
16:51:32.0 (13033033)|VARIABLE_SCOPE_BEGIN|[15]|ql|Database.QueryLocator|true|false
16:51:32.0 (13043690)|VARIABLE_ASSIGNMENT|[15]|ql|{}|0x55ec1f6b
16:51:32.0 (13048259)|VARIABLE_SCOPE_BEGIN|[15]|totalNumRecords|Integer|false|false
16:51:32.0 (13055319)|VARIABLE_ASSIGNMENT|[15]|totalNumRecords|2
16:51:32.0 (13058963)|VARIABLE_SCOPE_BEGIN|[15]|queryMoreSize|Integer|false|false
16:51:32.0 (13064746)|VARIABLE_ASSIGNMENT|[15]|queryMoreSize|200
16:51:32.0 (13099038)|HEAP_ALLOCATE|[19]|Bytes:28
16:51:32.0 (13109850)|METHOD_ENTRY|[19]||Database.QueryLocatorIterator.hasNext()
16:51:32.0 (13127581)|METHOD_EXIT|[19]||Database.QueryLocatorIterator.hasNext()
16:51:32.0 (13132810)|METHOD_ENTRY|[19]||Database.QueryLocatorIterator.next()
16:51:32.0 (13172761)|METHOD_EXIT|[19]||Database.QueryLocatorIterator.next()
16:51:32.0 (13179209)|VARIABLE_SCOPE_BEGIN|[19]|objCon|Contact|true|false
16:51:32.0 (13192321)|VARIABLE_ASSIGNMENT|[19]|objCon|{"AccountId":"0011r00001mSXW0AAO","Id":"0031r000023uSgCAAU","Name":"Babara Levy","Email":"b.levy@expressl&t.ne (1 more) ...","Phone":"(503) 421-7800"}|0x669f6909
16:51:32.0 (13198472)|STATEMENT_EXECUTE|[20]
16:51:32.0 (13199928)|STATEMENT_EXECUTE|[21]
16:51:32.0 (13234796)|HEAP_ALLOCATE|[21]|Bytes:130
16:51:32.0 (13247482)|HEAP_ALLOCATE|[21]|Bytes:143
16:51:32.0 (13255583)|USER_DEBUG|[21]|DEBUG|---contact---Contact:{AccountId=0011r00001mSXW0AAO, Id=0031r000023uSgCAAU, Name=Babara Levy, Email=b.levy@expressl&t.net, Phone=(503) 421-7800}
16:51:32.0 (13265029)|METHOD_ENTRY|[19]||Database.QueryLocatorIterator.hasNext()
16:51:32.0 (13280853)|METHOD_EXIT|[19]||Database.QueryLocatorIterator.hasNext()
16:51:32.0 (13285051)|METHOD_ENTRY|[19]||Database.QueryLocatorIterator.next()
16:51:32.0 (13320969)|METHOD_EXIT|[19]||Database.QueryLocatorIterator.next()
16:51:32.0 (13326426)|VARIABLE_SCOPE_BEGIN|[19]|objCon|Contact|true|false
16:51:32.0 (13339944)|VARIABLE_ASSIGNMENT|[19]|objCon|{"AccountId":"0011r00001mSXW0AAO","Id":"0031r000023uSgDAAU","Name":"Josh Davis","Email":"j.davis@expressl&t.n (2 more) ...","Phone":"(503) 421-7800"}|0x2076f9d3
16:51:32.0 (13345643)|STATEMENT_EXECUTE|[20]
16:51:32.0 (13347365)|STATEMENT_EXECUTE|[21]
16:51:32.0 (13375905)|HEAP_ALLOCATE|[21]|Bytes:130
16:51:32.0 (13386836)|HEAP_ALLOCATE|[21]|Bytes:143
16:51:32.0 (13394283)|USER_DEBUG|[21]|DEBUG|---contact---Contact:{AccountId=0011r00001mSXW0AAO, Id=0031r000023uSgDAAU, Name=Josh Davis, Email=j.davis@expressl&t.net, Phone=(503) 421-7800}
16:51:32.0 (13402542)|METHOD_ENTRY|[19]||Database.QueryLocatorIterator.hasNext()
16:51:32.0 (13412347)|METHOD_EXIT|[19]||Database.QueryLocatorIterator.hasNext()
16:51:32.0 (13419453)|VARIABLE_ASSIGNMENT|[19]|objCon|null|
16:51:32.0 (13430410)|HEAP_ALLOCATE|[16]|Bytes:5
16:51:32.0 (13440040)|HEAP_ALLOCATE|[16]|Bytes:20
16:51:32.0 (13445160)|VARIABLE_SCOPE_BEGIN|[16]|objAcc|Account|true|false
16:51:32.0 (13460550)|VARIABLE_ASSIGNMENT|[16]|objAcc|{"Id":"0011r00001mSXW1AAO","Name":"University of Arizon (1 more) ...","AccountNumber":"CD736025","Contacts":[{"AccountId":"0011r00001mSXW1AAO","Id":"0031r000023uSgEAAU","Name":"Jane Grey","Email":"jane_gray@uoa.edu","Phone":"(520) 773-9050"}]}|0x536484aa
16:51:32.0 (13467485)|STATEMENT_EXECUTE|[17]
16:51:32.0 (13481353)|HEAP_ALLOCATE|[19]|Bytes:8
16:51:32.0 (13529936)|HEAP_ALLOCATE|[19]|Bytes:28
16:51:32.0 (13551985)|HEAP_ALLOCATE|[19]|Bytes:8
16:51:32.0 (13562408)|HEAP_ALLOCATE|[19]|Bytes:8
16:51:32.0 (13565706)|HEAP_ALLOCATE|[19]|Bytes:8
16:51:32.0 (13569117)|VARIABLE_SCOPE_BEGIN|[15]|this|Database.QueryLocatorIterator|true|false
16:51:32.0 (13584984)|VARIABLE_ASSIGNMENT|[15]|this|{}|0x4e060a0b
16:51:32.0 (13590411)|VARIABLE_SCOPE_BEGIN|[15]|values|List<SObject>|true|false
16:51:32.0 (13603084)|VARIABLE_ASSIGNMENT|[15]|values|[{"AccountId":"0011r00001mSXW1AAO","Id":"0031r000023uSgEAAU","Name":"Jane Grey","Email":"jane_gray@uoa.edu","Phone":"(520) 773-9050"}]|0x15a9e326
16:51:32.0 (13608739)|VARIABLE_SCOPE_BEGIN|[15]|ql|Database.QueryLocator|true|false
16:51:32.0 (13619868)|VARIABLE_ASSIGNMENT|[15]|ql|{}|0xe9b8b4b
16:51:32.0 (13624576)|VARIABLE_SCOPE_BEGIN|[15]|totalNumRecords|Integer|false|false
16:51:32.0 (13631607)|VARIABLE_ASSIGNMENT|[15]|totalNumRecords|1
16:51:32.0 (13635102)|VARIABLE_SCOPE_BEGIN|[15]|queryMoreSize|Integer|false|false
16:51:32.0 (13640862)|VARIABLE_ASSIGNMENT|[15]|queryMoreSize|200
16:51:32.0 (13674598)|HEAP_ALLOCATE|[19]|Bytes:28
16:51:32.0 (13684873)|METHOD_ENTRY|[19]||Database.QueryLocatorIterator.hasNext()
16:51:32.0 (13702205)|METHOD_EXIT|[19]||Database.QueryLocatorIterator.hasNext()
16:51:32.0 (13707115)|METHOD_ENTRY|[19]||Database.QueryLocatorIterator.next()
16:51:32.0 (13753629)|METHOD_EXIT|[19]||Database.QueryLocatorIterator.next()
16:51:32.0 (13759817)|VARIABLE_SCOPE_BEGIN|[19]|objCon|Contact|true|false
16:51:32.0 (13772918)|VARIABLE_ASSIGNMENT|[19]|objCon|{"AccountId":"0011r00001mSXW1AAO","Id":"0031r000023uSgEAAU","Name":"Jane Grey","Email":"jane_gray@uoa.edu","Phone":"(520) 773-9050"}|0x6aff7b59
16:51:32.0 (13779066)|STATEMENT_EXECUTE|[20]
16:51:32.0 (13780506)|STATEMENT_EXECUTE|[21]
16:51:32.0 (13816210)|HEAP_ALLOCATE|[21]|Bytes:124
16:51:32.0 (13828087)|HEAP_ALLOCATE|[21]|Bytes:137
16:51:32.0 (13836278)|USER_DEBUG|[21]|DEBUG|---contact---Contact:{AccountId=0011r00001mSXW1AAO, Id=0031r000023uSgEAAU, Name=Jane Grey, Email=jane_gray@uoa.edu, Phone=(520) 773-9050}
16:51:32.0 (13845777)|METHOD_ENTRY|[19]||Database.QueryLocatorIterator.hasNext()
16:51:32.0 (13856097)|METHOD_EXIT|[19]||Database.QueryLocatorIterator.hasNext()
16:51:32.0 (13863166)|VARIABLE_ASSIGNMENT|[19]|objCon|null|
16:51:32.0 (13873479)|HEAP_ALLOCATE|[16]|Bytes:5
16:51:32.0 (13882884)|HEAP_ALLOCATE|[16]|Bytes:20
16:51:32.0 (13888027)|VARIABLE_SCOPE_BEGIN|[16]|objAcc|Account|true|false
16:51:32.0 (13903873)|VARIABLE_ASSIGNMENT|[16]|objAcc|{"Id":"0011r00001mSXW2AAO","Name":"United Oil & Gas, UK","AccountNumber":"CD355119-A","Contacts":[{"AccountId":"0011r00001mSXW2AAO","Id":"0031r000023uSgGAAU","Name":"Ashley James","Email":"ajames@uog.com","Phone":"+44 191 4956203"}]}|0x1b23c0c9
16:51:32.0 (13911304)|STATEMENT_EXECUTE|[17]
16:51:32.0 (13925446)|HEAP_ALLOCATE|[19]|Bytes:8
16:51:32.0 (13973961)|HEAP_ALLOCATE|[19]|Bytes:28
16:51:32.0 (13995248)|HEAP_ALLOCATE|[19]|Bytes:8
16:51:32.0 (14005094)|HEAP_ALLOCATE|[19]|Bytes:8
16:51:32.0 (14008760)|HEAP_ALLOCATE|[19]|Bytes:8
16:51:32.0 (14012418)|VARIABLE_SCOPE_BEGIN|[15]|this|Database.QueryLocatorIterator|true|false
16:51:32.0 (14029276)|VARIABLE_ASSIGNMENT|[15]|this|{}|0x3b39cab4
16:51:32.0 (14034550)|VARIABLE_SCOPE_BEGIN|[15]|values|List<SObject>|true|false
16:51:32.0 (14047359)|VARIABLE_ASSIGNMENT|[15]|values|[{"AccountId":"0011r00001mSXW2AAO","Id":"0031r000023uSgGAAU","Name":"Ashley James","Email":"ajames@uog.com","Phone":"+44 191 4956203"}]|0x4511c98a
16:51:32.0 (14052525)|VARIABLE_SCOPE_BEGIN|[15]|ql|Database.QueryLocator|true|false
16:51:32.0 (14063763)|VARIABLE_ASSIGNMENT|[15]|ql|{}|0x1f7ba2dd
16:51:32.0 (14068750)|VARIABLE_SCOPE_BEGIN|[15]|totalNumRecords|Integer|false|false
16:51:32.0 (14075892)|VARIABLE_ASSIGNMENT|[15]|totalNumRecords|1
16:51:32.0 (14079004)|VARIABLE_SCOPE_BEGIN|[15]|queryMoreSize|Integer|false|false
16:51:32.0 (14084560)|VARIABLE_ASSIGNMENT|[15]|queryMoreSize|200
16:51:32.0 (14117928)|HEAP_ALLOCATE|[19]|Bytes:28
16:51:32.0 (14127908)|METHOD_ENTRY|[19]||Database.QueryLocatorIterator.hasNext()
16:51:32.0 (14145564)|METHOD_EXIT|[19]||Database.QueryLocatorIterator.hasNext()
16:51:32.0 (14150440)|METHOD_ENTRY|[19]||Database.QueryLocatorIterator.next()
16:51:32.0 (14190699)|METHOD_EXIT|[19]||Database.QueryLocatorIterator.next()
16:51:32.0 (14196750)|VARIABLE_SCOPE_BEGIN|[19]|objCon|Contact|true|false
16:51:32.0 (14209253)|VARIABLE_ASSIGNMENT|[19]|objCon|{"AccountId":"0011r00001mSXW2AAO","Id":"0031r000023uSgGAAU","Name":"Ashley James","Email":"ajames@uog.com","Phone":"+44 191 4956203"}|0x5fdd229b
16:51:32.0 (14215410)|STATEMENT_EXECUTE|[20]
16:51:32.0 (14216963)|STATEMENT_EXECUTE|[21]
16:51:32.0 (14252676)|HEAP_ALLOCATE|[21]|Bytes:125
16:51:32.0 (14264912)|HEAP_ALLOCATE|[21]|Bytes:138
16:51:32.0 (14272822)|USER_DEBUG|[21]|DEBUG|---contact---Contact:{AccountId=0011r00001mSXW2AAO, Id=0031r000023uSgGAAU, Name=Ashley James, Email=ajames@uog.com, Phone=+44 191 4956203}
16:51:32.0 (14283189)|METHOD_ENTRY|[19]||Database.QueryLocatorIterator.hasNext()
16:51:32.0 (14294117)|METHOD_EXIT|[19]||Database.QueryLocatorIterator.hasNext()
16:51:32.0 (14301091)|VARIABLE_ASSIGNMENT|[19]|objCon|null|
16:51:32.0 (14311203)|HEAP_ALLOCATE|[16]|Bytes:5
16:51:32.0 (14321356)|HEAP_ALLOCATE|[16]|Bytes:20
16:51:32.0 (14326409)|VARIABLE_SCOPE_BEGIN|[16]|objAcc|Account|true|false
16:51:32.0 (14345124)|VARIABLE_ASSIGNMENT|[16]|objAcc|{"Id":"0011r00001mSXW3AAO","Name":"United Oil & Gas, Si (7 more) ...","AccountNumber":"CD355120-B","Contacts":[{"AccountId":"0011r00001mSXW3AAO","Id":"0031r000023uSgHAAU","Name":"Tom Ripley","Email":"tripley@uog.com","Phone":"(650) 450-8810"},{"AccountId":"0011r00001mSXW3AAO","Id":"0031r000023uSgIAAU","Name":"Liz D'Cruz","Email":"ldcruz@uog.com","Phone":"(650) 450-8810"}]}|0x353a438f
16:51:32.0 (14353354)|STATEMENT_EXECUTE|[17]
16:51:32.0 (14366963)|HEAP_ALLOCATE|[19]|Bytes:12
16:51:32.0 (14415587)|HEAP_ALLOCATE|[19]|Bytes:28
16:51:32.0 (14437006)|HEAP_ALLOCATE|[19]|Bytes:12
16:51:32.0 (14447274)|HEAP_ALLOCATE|[19]|Bytes:8
16:51:32.0 (14450384)|HEAP_ALLOCATE|[19]|Bytes:8
16:51:32.0 (14453866)|VARIABLE_SCOPE_BEGIN|[15]|this|Database.QueryLocatorIterator|true|false
16:51:32.0 (14469488)|VARIABLE_ASSIGNMENT|[15]|this|{}|0x4de8a3aa
16:51:32.0 (14475058)|VARIABLE_SCOPE_BEGIN|[15]|values|List<SObject>|true|false
16:51:32.0 (14490286)|VARIABLE_ASSIGNMENT|[15]|values|[{"AccountId":"0011r00001mSXW3AAO","Id":"0031r000023uSgHAAU","Name":"Tom Ripley","Email":"tripley@uog.com","Phone":"(650) 450-8810"},{"AccountId":"0011r00001mSXW3AAO","Id":"0031r000023uSgIAAU","Name":"Liz D'Cruz","Email":"ldcruz@uog.com","Phone":"(650) 450-8810"}]|0x3871bcc9
16:51:32.0 (14497243)|VARIABLE_SCOPE_BEGIN|[15]|ql|Database.QueryLocator|true|false
16:51:32.0 (14508097)|VARIABLE_ASSIGNMENT|[15]|ql|{}|0x73e77fd4
16:51:32.0 (14512944)|VARIABLE_SCOPE_BEGIN|[15]|totalNumRecords|Integer|false|false
16:51:32.0 (14520018)|VARIABLE_ASSIGNMENT|[15]|totalNumRecords|2
16:51:32.0 (14523506)|VARIABLE_SCOPE_BEGIN|[15]|queryMoreSize|Integer|false|false
16:51:32.0 (14529157)|VARIABLE_ASSIGNMENT|[15]|queryMoreSize|200
16:51:32.0 (14563204)|HEAP_ALLOCATE|[19]|Bytes:28
16:51:32.0 (14573854)|METHOD_ENTRY|[19]||Database.QueryLocatorIterator.hasNext()
16:51:32.0 (14591121)|METHOD_EXIT|[19]||Database.QueryLocatorIterator.hasNext()
16:51:32.0 (14596097)|METHOD_ENTRY|[19]||Database.QueryLocatorIterator.next()
16:51:32.0 (14635569)|METHOD_EXIT|[19]||Database.QueryLocatorIterator.next()
16:51:32.0 (14641980)|VARIABLE_SCOPE_BEGIN|[19]|objCon|Contact|true|false
16:51:32.0 (14654654)|VARIABLE_ASSIGNMENT|[19]|objCon|{"AccountId":"0011r00001mSXW3AAO","Id":"0031r000023uSgHAAU","Name":"Tom Ripley","Email":"tripley@uog.com","Phone":"(650) 450-8810"}|0x4217cf48
16:51:32.0 (14660338)|STATEMENT_EXECUTE|[20]
16:51:32.0 (14661871)|STATEMENT_EXECUTE|[21]
16:51:32.0 (14698489)|HEAP_ALLOCATE|[21]|Bytes:123
16:51:32.0 (14710869)|HEAP_ALLOCATE|[21]|Bytes:136
16:51:32.0 (14722612)|USER_DEBUG|[21]|DEBUG|---contact---Contact:{AccountId=0011r00001mSXW3AAO, Id=0031r000023uSgHAAU, Name=Tom Ripley, Email=tripley@uog.com, Phone=(650) 450-8810}
16:51:32.0 (14732671)|METHOD_ENTRY|[19]||Database.QueryLocatorIterator.hasNext()
16:51:32.0 (14749250)|METHOD_EXIT|[19]||Database.QueryLocatorIterator.hasNext()
16:51:32.0 (14753870)|METHOD_ENTRY|[19]||Database.QueryLocatorIterator.next()
16:51:32.0 (14790035)|METHOD_EXIT|[19]||Database.QueryLocatorIterator.next()
16:51:32.0 (14795679)|VARIABLE_SCOPE_BEGIN|[19]|objCon|Contact|true|false
16:51:32.0 (14807737)|VARIABLE_ASSIGNMENT|[19]|objCon|{"AccountId":"0011r00001mSXW3AAO","Id":"0031r000023uSgIAAU","Name":"Liz D'Cruz","Email":"ldcruz@uog.com","Phone":"(650) 450-8810"}|0x55b80eb8
16:51:32.0 (14812658)|STATEMENT_EXECUTE|[20]
16:51:32.0 (14814188)|STATEMENT_EXECUTE|[21]
16:51:32.0 (14843324)|HEAP_ALLOCATE|[21]|Bytes:122
16:51:32.0 (14854403)|HEAP_ALLOCATE|[21]|Bytes:135
16:51:32.0 (14861707)|USER_DEBUG|[21]|DEBUG|---contact---Contact:{AccountId=0011r00001mSXW3AAO, Id=0031r000023uSgIAAU, Name=Liz D'Cruz, Email=ldcruz@uog.com, Phone=(650) 450-8810}
16:51:32.0 (14870514)|METHOD_ENTRY|[19]||Database.QueryLocatorIterator.hasNext()
16:51:32.0 (14880381)|METHOD_EXIT|[19]||Database.QueryLocatorIterator.hasNext()
16:51:32.0 (14887233)|VARIABLE_ASSIGNMENT|[19]|objCon|null|
16:51:32.0 (14897763)|HEAP_ALLOCATE|[16]|Bytes:5
16:51:32.0 (14906548)|VARIABLE_ASSIGNMENT|[16]|objAcc|null|
16:51:32.0 (14910554)|STATEMENT_EXECUTE|[26]
16:51:32.0 (15024919)|USER_DEBUG|[26]|DEBUG|(Account:{Id=0011r00001mSXVuAAO, Name=Edge Communications, AccountNumber=CD451796}, Account:{Id=0011r00001mSXVvAAO, Name=Burlington Textiles Corp of America, AccountNumber=CD656092}, Account:{Id=0011r00001mSXVwAAO, Name=Pyramid Construction Inc., AccountNumber=CC213425}, Account:{Id=0011r00001mSXVxAAO, Name=Dickenson plc, AccountNumber=CC634267}, Account:{Id=0011r00001mSXVyAAO, Name=Grand Hotels & Resorts Ltd, AccountNumber=CD439877}, Account:{Id=0011r00001mSXVzAAO, Name=United Oil & Gas Corp., AccountNumber=CD355118}, Account:{Id=0011r00001mSXW0AAO, Name=Express Logistics and Transport, AccountNumber=CC947211}, Account:{Id=0011r00001mSXW1AAO, Name=University of Arizona, AccountNumber=CD736025}, Account:{Id=0011r00001mSXW2AAO, Name=United Oil & Gas, UK, AccountNumber=CD355119-A}, Account:{Id=0011r00001mSXW3AAO, Name=United Oil & Gas, Singapore, AccountNumber=CD355120-B})
16:51:32.0 (15043054)|STATEMENT_EXECUTE|[32]
16:51:32.0 (15046648)|SYSTEM_MODE_EXIT|false
16:51:32.0 (48589373)|VF_SERIALIZE_VIEWSTATE_BEGIN|0661r0000024L7D
16:51:32.0 (50635873)|VF_SERIALIZE_VIEWSTATE_END
16:51:32.66 (66525856)|CUMULATIVE_LIMIT_USAGE
16:51:32.66 (66525856)|LIMIT_USAGE_FOR_NS|(default)|
  Number of SOQL queries: 1 out of 100
  Number of query rows: 27 out of 50000
  Number of SOSL queries: 0 out of 20
  Number of DML statements: 0 out of 150
  Number of DML rows: 0 out of 10000
  Maximum CPU time: 0 out of 10000
  Maximum heap size: 0 out of 6000000
  Number of callouts: 0 out of 100
  Number of Email Invocations: 0 out of 10
  Number of future calls: 0 out of 50
  Number of queueable jobs added to the queue: 0 out of 50
  Number of Mobile Apex push calls: 0 out of 10

16:51:32.66 (66525856)|CUMULATIVE_LIMIT_USAGE_END

16:51:32.0 (66567405)|CODE_UNIT_FINISHED|VF: /apex/VforceApp
16:51:32.0 (67567662)|EXECUTION_FINISHED
