42.0 APEX_CODE,FINEST;APEX_PROFILING,INFO;CALLOUT,INFO;DB,INFO;SYSTEM,DEBUG;VALIDATION,INFO;VISUALFORCE,INFO;WAVE,INFO;WORKFLOW,INFO
14:40:47.0 (318967)|USER_INFO|[EXTERNAL]|0051r000007nKPL|assh4884@cunning-goat-277018.com|Greenwich Mean Time|GMT+01:00
14:40:47.0 (375032)|EXECUTION_STARTED
14:40:47.0 (380145)|CODE_UNIT_STARTED|[EXTERNAL]|0661r0000024L7D|VF: /apex/VforceApp
14:40:47.0 (5258281)|SYSTEM_MODE_ENTER|true
14:40:47.0 (5662197)|HEAP_ALLOCATE|[72]|Bytes:3
14:40:47.0 (5719820)|HEAP_ALLOCATE|[77]|Bytes:152
14:40:47.0 (5736243)|HEAP_ALLOCATE|[342]|Bytes:408
14:40:47.0 (5748508)|HEAP_ALLOCATE|[355]|Bytes:408
14:40:47.0 (5759199)|HEAP_ALLOCATE|[467]|Bytes:48
14:40:47.0 (5811551)|HEAP_ALLOCATE|[139]|Bytes:6
14:40:47.0 (5829018)|HEAP_ALLOCATE|[EXTERNAL]|Bytes:1
14:40:47.0 (5873500)|METHOD_ENTRY|[1]|01p1r000008Onze|VforceAppController.VforceAppController()
14:40:47.0 (5881123)|STATEMENT_EXECUTE|[1]
14:40:47.0 (5885975)|STATEMENT_EXECUTE|[1]
14:40:47.0 (5917096)|HEAP_ALLOCATE|[50]|Bytes:5
14:40:47.0 (5938683)|HEAP_ALLOCATE|[56]|Bytes:5
14:40:47.0 (5946258)|HEAP_ALLOCATE|[64]|Bytes:7
14:40:47.0 (5967320)|SYSTEM_MODE_ENTER|false
14:40:47.0 (5980913)|HEAP_ALLOCATE|[EXTERNAL]|Bytes:5
14:40:47.0 (5988955)|SYSTEM_MODE_EXIT|false
14:40:47.0 (6012582)|METHOD_EXIT|[1]|VforceAppController
14:40:47.0 (6026429)|HEAP_ALLOCATE|[EXTERNAL]|Bytes:4
14:40:47.0 (6033441)|VARIABLE_SCOPE_BEGIN|[1]|this|VforceAppController|true|false
14:40:47.0 (6078917)|VARIABLE_ASSIGNMENT|[1]|this|{}|0x768bab89
14:40:47.0 (6094249)|SYSTEM_MODE_ENTER|false
14:40:47.0 (6100135)|HEAP_ALLOCATE|[EXTERNAL]|Bytes:5
14:40:47.0 (6108251)|HEAP_ALLOCATE|[EXTERNAL]|Bytes:6
14:40:47.0 (6137128)|SYSTEM_MODE_EXIT|false
14:40:47.0 (6143678)|STATEMENT_EXECUTE|[1]
14:40:47.0 (6149470)|SYSTEM_MODE_ENTER|false
14:40:47.0 (6154119)|HEAP_ALLOCATE|[EXTERNAL]|Bytes:5
14:40:47.0 (6157827)|SYSTEM_MODE_EXIT|false
14:40:47.0 (6213671)|SYSTEM_MODE_ENTER|true
14:40:47.0 (6263172)|HEAP_ALLOCATE|[EXTERNAL]|Bytes:4
14:40:47.0 (6271369)|VARIABLE_SCOPE_BEGIN|[3]|this|VforceAppController|true|false
14:40:47.0 (6284538)|VARIABLE_ASSIGNMENT|[3]|this|{}|0x768bab89
14:40:47.0 (6299532)|SYSTEM_MODE_ENTER|false
14:40:47.0 (6304771)|HEAP_ALLOCATE|[5]|Bytes:5
14:40:47.0 (6309136)|STATEMENT_EXECUTE|[3]
14:40:47.0 (6310586)|STATEMENT_EXECUTE|[4]
14:40:47.0 (6314178)|HEAP_ALLOCATE|[5]|Bytes:46
14:40:47.0 (7114684)|SOQL_EXECUTE_BEGIN|[4]|Aggregations:0|SELECT Id, AccountNumber FROM Account LIMIT 10
14:40:47.0 (11209422)|SOQL_EXECUTE_END|[4]|Rows:10
14:40:47.0 (11231083)|HEAP_ALLOCATE|[4]|Bytes:44
14:40:47.0 (11257615)|HEAP_ALLOCATE|[4]|Bytes:544
14:40:47.0 (11300820)|HEAP_ALLOCATE|[4]|Bytes:44
14:40:47.0 (11346741)|VARIABLE_SCOPE_BEGIN|[4]|result|List<Account>|true|false
14:40:47.0 (11366458)|VARIABLE_ASSIGNMENT|[4]|result|"List of size 10 too large to display"|0x611ec5ad
14:40:47.0 (11372690)|STATEMENT_EXECUTE|[10]
14:40:47.0 (11378336)|SYSTEM_MODE_EXIT|false
14:40:47.14 (14730567)|EXCEPTION_THROWN|[EXTERNAL]|System.SObjectException: SObject row was retrieved via SOQL without querying the requested field: Account.Name
14:40:47.96 (96240217)|CUMULATIVE_LIMIT_USAGE
14:40:47.96 (96240217)|LIMIT_USAGE_FOR_NS|(default)|
  Number of SOQL queries: 1 out of 100
  Number of query rows: 10 out of 50000
  Number of SOSL queries: 0 out of 20
  Number of DML statements: 0 out of 150
  Number of DML rows: 0 out of 10000
  Maximum CPU time: 0 out of 10000
  Maximum heap size: 0 out of 6000000
  Number of callouts: 0 out of 100
  Number of Email Invocations: 0 out of 10
  Number of future calls: 0 out of 50
  Number of queueable jobs added to the queue: 0 out of 50
  Number of Mobile Apex push calls: 0 out of 10

14:40:47.96 (96240217)|CUMULATIVE_LIMIT_USAGE_END

14:40:47.0 (96290992)|CODE_UNIT_FINISHED|VF: /apex/VforceApp
14:40:47.0 (97053541)|EXECUTION_FINISHED
