42.0 APEX_CODE,FINEST;APEX_PROFILING,INFO;CALLOUT,INFO;DB,INFO;SYSTEM,DEBUG;VALIDATION,INFO;VISUALFORCE,INFO;WAVE,INFO;WORKFLOW,INFO
15:06:24.0 (307622)|USER_INFO|[EXTERNAL]|0051r000007nKPL|assh4884@cunning-goat-277018.com|Greenwich Mean Time|GMT+01:00
15:06:24.0 (354598)|EXECUTION_STARTED
15:06:24.0 (359069)|CODE_UNIT_STARTED|[EXTERNAL]|0661r0000024L7D|VF: /apex/VforceApp
15:06:24.0 (2107893)|SYSTEM_MODE_ENTER|true
15:06:24.0 (2580016)|HEAP_ALLOCATE|[72]|Bytes:3
15:06:24.0 (2628614)|HEAP_ALLOCATE|[77]|Bytes:152
15:06:24.0 (2643571)|HEAP_ALLOCATE|[342]|Bytes:408
15:06:24.0 (2657795)|HEAP_ALLOCATE|[355]|Bytes:408
15:06:24.0 (2669959)|HEAP_ALLOCATE|[467]|Bytes:48
15:06:24.0 (2700738)|HEAP_ALLOCATE|[139]|Bytes:6
15:06:24.0 (2715568)|HEAP_ALLOCATE|[EXTERNAL]|Bytes:1
15:06:24.0 (2734511)|HEAP_ALLOCATE|[EXTERNAL]|Bytes:8
15:06:24.0 (2778457)|METHOD_ENTRY|[1]|01p1r000008Onze|VforceAppController.VforceAppController()
15:06:24.0 (2786193)|STATEMENT_EXECUTE|[1]
15:06:24.0 (2790479)|STATEMENT_EXECUTE|[1]
15:06:24.0 (2820030)|HEAP_ALLOCATE|[50]|Bytes:5
15:06:24.0 (2842818)|HEAP_ALLOCATE|[56]|Bytes:5
15:06:24.0 (2850450)|HEAP_ALLOCATE|[64]|Bytes:7
15:06:24.0 (2871069)|SYSTEM_MODE_ENTER|false
15:06:24.0 (2881762)|HEAP_ALLOCATE|[EXTERNAL]|Bytes:5
15:06:24.0 (2888868)|SYSTEM_MODE_EXIT|false
15:06:24.0 (2910389)|METHOD_EXIT|[1]|VforceAppController
15:06:24.0 (3002465)|HEAP_ALLOCATE|[EXTERNAL]|Bytes:4
15:06:24.0 (3029873)|VARIABLE_SCOPE_BEGIN|[1]|this|VforceAppController|true|false
15:06:24.0 (3148215)|VARIABLE_ASSIGNMENT|[1]|this|{}|0x6a3d6969
15:06:24.0 (3164589)|SYSTEM_MODE_ENTER|false
15:06:24.0 (3175811)|HEAP_ALLOCATE|[EXTERNAL]|Bytes:5
15:06:24.0 (3184498)|HEAP_ALLOCATE|[EXTERNAL]|Bytes:6
15:06:24.0 (3215428)|SYSTEM_MODE_EXIT|false
15:06:24.0 (3225446)|STATEMENT_EXECUTE|[1]
15:06:24.0 (3232156)|SYSTEM_MODE_ENTER|false
15:06:24.0 (3236654)|HEAP_ALLOCATE|[EXTERNAL]|Bytes:5
15:06:24.0 (3241513)|SYSTEM_MODE_EXIT|false
15:06:24.0 (3288655)|SYSTEM_MODE_ENTER|true
15:06:24.0 (3335649)|HEAP_ALLOCATE|[EXTERNAL]|Bytes:4
15:06:24.0 (3397806)|VARIABLE_SCOPE_BEGIN|[3]|this|VforceAppController|true|false
15:06:24.0 (3414144)|VARIABLE_ASSIGNMENT|[3]|this|{}|0x6a3d6969
15:06:24.0 (3429364)|SYSTEM_MODE_ENTER|false
15:06:24.0 (3439807)|HEAP_ALLOCATE|[4]|Bytes:5
15:06:24.0 (3444376)|STATEMENT_EXECUTE|[3]
15:06:24.0 (3445913)|STATEMENT_EXECUTE|[4]
15:06:24.0 (3477133)|HEAP_ALLOCATE|[4]|Bytes:4
15:06:24.0 (3591791)|VARIABLE_SCOPE_BEGIN|[4]|result|List<Account>|true|false
15:06:24.0 (3605401)|HEAP_ALLOCATE|[EXTERNAL]|Bytes:4
15:06:24.0 (3618749)|VARIABLE_ASSIGNMENT|[4]|result|[]|0x778e117c
15:06:24.0 (3629431)|STATEMENT_EXECUTE|[6]
15:06:24.0 (3630953)|STATEMENT_EXECUTE|[6]
15:06:24.0 (3632123)|STATEMENT_EXECUTE|[7]
15:06:24.0 (3635484)|HEAP_ALLOCATE|[8]|Bytes:53
15:06:24.0 (3902036)|EXCEPTION_THROWN|[7]|System.QueryException: unexpected token: 'FROM'
15:06:24.0 (3985619)|HEAP_ALLOCATE|[7]|Bytes:28
15:06:24.0 (4039866)|VARIABLE_SCOPE_BEGIN|[14]|e|System.QueryException|true|false
15:06:24.0 (4164807)|VARIABLE_ASSIGNMENT|[14]|e|"common.apex.runtime.impl.ExecutionException: unexpected token: 'FROM'"|0xfe03164
15:06:24.0 (4177176)|STATEMENT_EXECUTE|[14]
15:06:24.0 (4178743)|STATEMENT_EXECUTE|[15]
15:06:24.0 (4182276)|HEAP_ALLOCATE|[15]|Bytes:23
15:06:24.0 (4218972)|HEAP_ALLOCATE|[15]|Bytes:24
15:06:24.0 (4263745)|HEAP_ALLOCATE|[15]|Bytes:47
15:06:24.0 (4282587)|USER_DEBUG|[15]|DEBUG|QueryException caught: unexpected token: 'FROM'
15:06:24.0 (4296082)|STATEMENT_EXECUTE|[19]
15:06:24.0 (4300843)|SYSTEM_MODE_EXIT|false
15:06:24.0 (7677049)|VF_SERIALIZE_VIEWSTATE_BEGIN|0661r0000024L7D
15:06:24.0 (16432208)|VF_SERIALIZE_VIEWSTATE_END
15:06:24.29 (29323521)|CUMULATIVE_LIMIT_USAGE
15:06:24.29 (29323521)|LIMIT_USAGE_FOR_NS|(default)|
  Number of SOQL queries: 0 out of 100
  Number of query rows: 0 out of 50000
  Number of SOSL queries: 0 out of 20
  Number of DML statements: 0 out of 150
  Number of DML rows: 0 out of 10000
  Maximum CPU time: 0 out of 10000
  Maximum heap size: 0 out of 6000000
  Number of callouts: 0 out of 100
  Number of Email Invocations: 0 out of 10
  Number of future calls: 0 out of 50
  Number of queueable jobs added to the queue: 0 out of 50
  Number of Mobile Apex push calls: 0 out of 10

15:06:24.29 (29323521)|CUMULATIVE_LIMIT_USAGE_END

15:06:24.0 (29366733)|CODE_UNIT_FINISHED|VF: /apex/VforceApp
15:06:24.0 (30138836)|EXECUTION_FINISHED
