42.0 APEX_CODE,FINEST;APEX_PROFILING,INFO;CALLOUT,INFO;DB,INFO;SYSTEM,DEBUG;VALIDATION,INFO;VISUALFORCE,INFO;WAVE,INFO;WORKFLOW,INFO
12:55:33.0 (100066)|USER_INFO|[EXTERNAL]|0051r000007nKPL|assh4884@cunning-goat-277018.com|Greenwich Mean Time|GMT+01:00
12:55:33.0 (163282)|EXECUTION_STARTED
12:55:33.0 (169121)|CODE_UNIT_STARTED|[EXTERNAL]|Aura
12:55:33.0 (2725548)|CODE_UNIT_STARTED|[EXTERNAL]|01p1r000007pMQE|DaysPartController.getDaysPart
12:55:33.0 (3053843)|HEAP_ALLOCATE|[72]|Bytes:3
12:55:33.0 (3109363)|HEAP_ALLOCATE|[77]|Bytes:152
12:55:33.0 (3136237)|HEAP_ALLOCATE|[342]|Bytes:408
12:55:33.0 (3176921)|HEAP_ALLOCATE|[355]|Bytes:408
12:55:33.0 (3200978)|HEAP_ALLOCATE|[467]|Bytes:48
12:55:33.0 (3244320)|HEAP_ALLOCATE|[139]|Bytes:6
12:55:33.0 (3273061)|HEAP_ALLOCATE|[EXTERNAL]|Bytes:4
12:55:33.0 (3297778)|METHOD_ENTRY|[1]|01p1r000007pMQE|DaysPartController.DaysPartController()
12:55:33.0 (3307763)|STATEMENT_EXECUTE|[1]
12:55:33.0 (3315139)|STATEMENT_EXECUTE|[1]
12:55:33.0 (3356470)|HEAP_ALLOCATE|[50]|Bytes:5
12:55:33.0 (3393382)|HEAP_ALLOCATE|[56]|Bytes:5
12:55:33.0 (3408266)|HEAP_ALLOCATE|[64]|Bytes:7
12:55:33.0 (3440316)|SYSTEM_MODE_ENTER|false
12:55:33.0 (3459827)|HEAP_ALLOCATE|[EXTERNAL]|Bytes:5
12:55:33.0 (3472120)|SYSTEM_MODE_EXIT|false
12:55:33.0 (3489179)|METHOD_EXIT|[1]|DaysPartController
12:55:33.0 (3507341)|SYSTEM_MODE_ENTER|false
12:55:33.0 (3529501)|HEAP_ALLOCATE|[7]|Bytes:5
12:55:33.0 (3536833)|STATEMENT_EXECUTE|[4]
12:55:33.0 (3539474)|STATEMENT_EXECUTE|[6]
12:55:33.0 (14686199)|HEAP_ALLOCATE|[7]|Bytes:16
12:55:33.0 (14777116)|METHOD_ENTRY|[7]|01p1r000007pMQE|DaysPartController.getTimeCellsBySeparator(Map<String,Days_part__c>)
12:55:33.0 (14795929)|VARIABLE_SCOPE_BEGIN|[12]|daysPart|Map<String,Days_part__c>|true|false
12:55:33.0 (14893667)|VARIABLE_ASSIGNMENT|[12]|daysPart|{"Morning":{"LastModifiedDate":"2018-03-27T12:50:19.000Z","IsDeleted":false,"SetupOwnerId":"00D1r000000sW7MEAU","Name":"Morning","SystemModstamp":"2018-03-28T01:31:04.000Z","End__c":12.0,"Separation__c":15.0,"CreatedById":"0051r000007nKPLAA2","Start__c":7.0,"CreatedDate":"2018-03-27T12:50:19.000Z","Id":"a051r00000nYll2AAC","LastModifiedById":"0051r000007nKPLAA2"},"Afternoon":{"LastModifiedDate":"2018-03-27T12:50:47.000Z","IsDeleted":false,"SetupOwnerId":"00D1r000000sW7MEAU","Name":"Afternoon","SystemModstamp":"2018-03-29T01:31:01.000Z","End__c":17.0,"Separation__c":30.0,"CreatedById":"0051r000007nKPLAA2","Start__c":12.0,"CreatedDate":"2018-03-27T12:50:47.000Z","Id":"a051r00000nYll7AAC","LastModifiedById":"0051r000007nKPLAA2"},"Night":{"LastModifiedDate":"2018-03-27T13:06:14.000Z","IsDeleted":false,"SetupOwnerId":"00D1r000000sW7MEAU","Name":"Night","SystemModstamp":"2018-03-28T01:31:04.000Z","End__c":23.0,"Separation__c":20.0,"CreatedById":"0051r000007nKPLAA2","Start__c":17.0,"CreatedDate":"2018-03-27T12:51:09.000Z","Id":"a051r00000nYllCAAS","LastModifiedById":"0051r000007nKPLAA2"}}|0x2b493ce
12:55:33.0 (14944210)|HEAP_ALLOCATE|[14]|Bytes:5
12:55:33.0 (14950830)|STATEMENT_EXECUTE|[12]
12:55:33.0 (14953282)|STATEMENT_EXECUTE|[14]
12:55:33.0 (14983575)|HEAP_ALLOCATE|[14]|Bytes:4
12:55:33.0 (15040160)|VARIABLE_SCOPE_BEGIN|[14]|partAndTime|Map<String,Map<Integer,List<String>>>|true|false
12:55:33.0 (15056837)|VARIABLE_ASSIGNMENT|[14]|partAndTime|{}|0x21cc5e5e
12:55:33.0 (15137721)|HEAP_ALLOCATE|[16]|Bytes:4
12:55:33.0 (15283180)|HEAP_ALLOCATE|[16]|Bytes:37
12:55:33.0 (15323936)|HEAP_ALLOCATE|[16]|Bytes:12
12:55:33.0 (15372166)|HEAP_ALLOCATE|[16]|Bytes:5
12:55:33.0 (15390194)|VARIABLE_SCOPE_BEGIN|[16]|name|String|false|false
12:55:33.0 (15401932)|VARIABLE_ASSIGNMENT|[16]|name|"Morning"
12:55:33.0 (15406986)|STATEMENT_EXECUTE|[16]
12:55:33.0 (15408762)|STATEMENT_EXECUTE|[18]
12:55:33.0 (15552295)|VARIABLE_SCOPE_BEGIN|[18]|startPoint|Integer|false|false
12:55:33.0 (15562302)|HEAP_ALLOCATE|[18]|Bytes:4
12:55:33.0 (15570634)|VARIABLE_ASSIGNMENT|[18]|startPoint|7
12:55:33.0 (15574938)|STATEMENT_EXECUTE|[19]
12:55:33.0 (15625988)|VARIABLE_SCOPE_BEGIN|[19]|endPoint|Integer|false|false
12:55:33.0 (15634283)|HEAP_ALLOCATE|[19]|Bytes:4
12:55:33.0 (15639785)|VARIABLE_ASSIGNMENT|[19]|endPoint|12
12:55:33.0 (15644081)|STATEMENT_EXECUTE|[20]
12:55:33.0 (15685515)|VARIABLE_SCOPE_BEGIN|[20]|separation|Integer|false|false
12:55:33.0 (15693770)|HEAP_ALLOCATE|[20]|Bytes:4
12:55:33.0 (15699602)|VARIABLE_ASSIGNMENT|[20]|separation|15
12:55:33.0 (15703655)|STATEMENT_EXECUTE|[22]
12:55:33.0 (15717881)|HEAP_ALLOCATE|[22]|Bytes:4
12:55:33.0 (15727484)|VARIABLE_SCOPE_BEGIN|[22]|hoursAndMinutes|Map<Integer,List<String>>|true|false
12:55:33.0 (15744750)|VARIABLE_ASSIGNMENT|[22]|hoursAndMinutes|{}|0x3d32808d
12:55:33.0 (15750492)|STATEMENT_EXECUTE|[23]
12:55:33.0 (15752593)|VARIABLE_SCOPE_BEGIN|[23]|i|Integer|false|false
12:55:33.0 (15759144)|HEAP_ALLOCATE|[23]|Bytes:4
12:55:33.0 (15763891)|VARIABLE_ASSIGNMENT|[23]|i|7
12:55:33.0 (15771754)|STATEMENT_EXECUTE|[23]
12:55:33.0 (15773258)|STATEMENT_EXECUTE|[24]
12:55:33.0 (15779731)|HEAP_ALLOCATE|[24]|Bytes:4
12:55:33.0 (15798372)|HEAP_ALLOCATE|[24]|Bytes:2
12:55:33.0 (15807478)|VARIABLE_SCOPE_BEGIN|[24]|minutes|List<String>|true|false
12:55:33.0 (15832759)|HEAP_ALLOCATE|[EXTERNAL]|Bytes:8
12:55:33.0 (15846018)|VARIABLE_ASSIGNMENT|[24]|minutes|["00"]|0x7ecf07db
12:55:33.0 (15851265)|STATEMENT_EXECUTE|[25]
12:55:33.0 (15853760)|VARIABLE_SCOPE_BEGIN|[25]|count|Integer|false|false
12:55:33.0 (15860461)|HEAP_ALLOCATE|[25]|Bytes:4
12:55:33.0 (15866293)|VARIABLE_ASSIGNMENT|[25]|count|15
12:55:33.0 (15873805)|STATEMENT_EXECUTE|[26]
12:55:33.0 (15875166)|STATEMENT_EXECUTE|[27]
12:55:33.0 (15908961)|HEAP_ALLOCATE|[27]|Bytes:2
12:55:33.0 (15927108)|HEAP_ALLOCATE|[EXTERNAL]|Bytes:4
12:55:33.0 (15932898)|STATEMENT_EXECUTE|[28]
12:55:33.0 (15941913)|HEAP_ALLOCATE|[28]|Bytes:4
12:55:33.0 (15948054)|VARIABLE_ASSIGNMENT|[28]|count|30
12:55:33.0 (15953712)|STATEMENT_EXECUTE|[26]
12:55:33.0 (15955484)|STATEMENT_EXECUTE|[27]
12:55:33.0 (15964126)|HEAP_ALLOCATE|[27]|Bytes:2
12:55:33.0 (15974734)|HEAP_ALLOCATE|[EXTERNAL]|Bytes:4
12:55:33.0 (15980374)|STATEMENT_EXECUTE|[28]
12:55:33.0 (15982649)|HEAP_ALLOCATE|[28]|Bytes:4
12:55:33.0 (15987252)|VARIABLE_ASSIGNMENT|[28]|count|45
12:55:33.0 (15991338)|STATEMENT_EXECUTE|[26]
12:55:33.0 (15992589)|STATEMENT_EXECUTE|[27]
12:55:33.0 (15999523)|HEAP_ALLOCATE|[27]|Bytes:2
12:55:33.0 (16009025)|HEAP_ALLOCATE|[EXTERNAL]|Bytes:4
12:55:33.0 (16014179)|STATEMENT_EXECUTE|[28]
12:55:33.0 (16016291)|HEAP_ALLOCATE|[28]|Bytes:4
12:55:33.0 (16021084)|VARIABLE_ASSIGNMENT|[28]|count|60
12:55:33.0 (16027211)|STATEMENT_EXECUTE|[30]
12:55:33.0 (16046422)|HEAP_ALLOCATE|[30]|Bytes:4
12:55:33.0 (16066867)|HEAP_ALLOCATE|[EXTERNAL]|Bytes:-4
12:55:33.0 (16074665)|HEAP_ALLOCATE|[23]|Bytes:4
12:55:33.0 (16080596)|VARIABLE_ASSIGNMENT|[23]|i|8
12:55:33.0 (16085675)|STATEMENT_EXECUTE|[23]
12:55:33.0 (16087044)|STATEMENT_EXECUTE|[24]
12:55:33.0 (16093958)|HEAP_ALLOCATE|[24]|Bytes:4
12:55:33.0 (16105839)|VARIABLE_SCOPE_BEGIN|[24]|minutes|List<String>|true|false
12:55:33.0 (16124135)|HEAP_ALLOCATE|[EXTERNAL]|Bytes:8
12:55:33.0 (16132237)|VARIABLE_ASSIGNMENT|[24]|minutes|["00"]|0x2c8d23a6
12:55:33.0 (16138110)|STATEMENT_EXECUTE|[25]
12:55:33.0 (16140697)|VARIABLE_SCOPE_BEGIN|[25]|count|Integer|false|false
12:55:33.0 (16146597)|HEAP_ALLOCATE|[25]|Bytes:4
12:55:33.0 (16151968)|VARIABLE_ASSIGNMENT|[25]|count|15
12:55:33.0 (16157364)|STATEMENT_EXECUTE|[26]
12:55:33.0 (16158628)|STATEMENT_EXECUTE|[27]
12:55:33.0 (16168546)|HEAP_ALLOCATE|[27]|Bytes:2
12:55:33.0 (16178863)|HEAP_ALLOCATE|[EXTERNAL]|Bytes:4
12:55:33.0 (16184146)|STATEMENT_EXECUTE|[28]
12:55:33.0 (16186405)|HEAP_ALLOCATE|[28]|Bytes:4
12:55:33.0 (16191958)|VARIABLE_ASSIGNMENT|[28]|count|30
12:55:33.0 (16196120)|STATEMENT_EXECUTE|[26]
12:55:33.0 (16197363)|STATEMENT_EXECUTE|[27]
12:55:33.0 (16204241)|HEAP_ALLOCATE|[27]|Bytes:2
12:55:33.0 (16213439)|HEAP_ALLOCATE|[EXTERNAL]|Bytes:4
12:55:33.0 (16218014)|STATEMENT_EXECUTE|[28]
12:55:33.0 (16220262)|HEAP_ALLOCATE|[28]|Bytes:4
12:55:33.0 (16225100)|VARIABLE_ASSIGNMENT|[28]|count|45
12:55:33.0 (16229828)|STATEMENT_EXECUTE|[26]
12:55:33.0 (16231088)|STATEMENT_EXECUTE|[27]
12:55:33.0 (16237911)|HEAP_ALLOCATE|[27]|Bytes:2
12:55:33.0 (16246591)|HEAP_ALLOCATE|[EXTERNAL]|Bytes:4
12:55:33.0 (16251276)|STATEMENT_EXECUTE|[28]
12:55:33.0 (16253201)|HEAP_ALLOCATE|[28]|Bytes:4
12:55:33.0 (16257398)|VARIABLE_ASSIGNMENT|[28]|count|60
12:55:33.0 (16261498)|STATEMENT_EXECUTE|[30]
12:55:33.0 (16265816)|HEAP_ALLOCATE|[30]|Bytes:4
12:55:33.0 (16269726)|HEAP_ALLOCATE|[EXTERNAL]|Bytes:-4
12:55:33.0 (16275097)|HEAP_ALLOCATE|[23]|Bytes:4
12:55:33.0 (16279669)|VARIABLE_ASSIGNMENT|[23]|i|9
12:55:33.0 (16284001)|STATEMENT_EXECUTE|[23]
12:55:33.0 (16285308)|STATEMENT_EXECUTE|[24]
12:55:33.0 (16290997)|HEAP_ALLOCATE|[24]|Bytes:4
12:55:33.0 (16299723)|VARIABLE_SCOPE_BEGIN|[24]|minutes|List<String>|true|false
12:55:33.0 (16314457)|HEAP_ALLOCATE|[EXTERNAL]|Bytes:8
12:55:33.0 (16321135)|VARIABLE_ASSIGNMENT|[24]|minutes|["00"]|0x592e852
12:55:33.0 (16326278)|STATEMENT_EXECUTE|[25]
12:55:33.0 (16328602)|VARIABLE_SCOPE_BEGIN|[25]|count|Integer|false|false
12:55:33.0 (16334190)|HEAP_ALLOCATE|[25]|Bytes:4
12:55:33.0 (16338465)|VARIABLE_ASSIGNMENT|[25]|count|15
12:55:33.0 (16342389)|STATEMENT_EXECUTE|[26]
12:55:33.0 (16343775)|STATEMENT_EXECUTE|[27]
12:55:33.0 (16352349)|HEAP_ALLOCATE|[27]|Bytes:2
12:55:33.0 (16362208)|HEAP_ALLOCATE|[EXTERNAL]|Bytes:4
12:55:33.0 (16366806)|STATEMENT_EXECUTE|[28]
12:55:33.0 (16369296)|HEAP_ALLOCATE|[28]|Bytes:4
12:55:33.0 (16374011)|VARIABLE_ASSIGNMENT|[28]|count|30
12:55:33.0 (16378498)|STATEMENT_EXECUTE|[26]
12:55:33.0 (16379773)|STATEMENT_EXECUTE|[27]
12:55:33.0 (16386638)|HEAP_ALLOCATE|[27]|Bytes:2
12:55:33.0 (16395424)|HEAP_ALLOCATE|[EXTERNAL]|Bytes:4
12:55:33.0 (16399939)|STATEMENT_EXECUTE|[28]
12:55:33.0 (16401846)|HEAP_ALLOCATE|[28]|Bytes:4
12:55:33.0 (16406031)|VARIABLE_ASSIGNMENT|[28]|count|45
12:55:33.0 (16410412)|STATEMENT_EXECUTE|[26]
12:55:33.0 (16411663)|STATEMENT_EXECUTE|[27]
12:55:33.0 (16418843)|HEAP_ALLOCATE|[27]|Bytes:2
12:55:33.0 (16427939)|HEAP_ALLOCATE|[EXTERNAL]|Bytes:4
12:55:33.0 (16432862)|STATEMENT_EXECUTE|[28]
12:55:33.0 (16434765)|HEAP_ALLOCATE|[28]|Bytes:4
12:55:33.0 (16438812)|VARIABLE_ASSIGNMENT|[28]|count|60
12:55:33.0 (16443194)|STATEMENT_EXECUTE|[30]
12:55:33.0 (16447419)|HEAP_ALLOCATE|[30]|Bytes:4
12:55:33.0 (16450956)|HEAP_ALLOCATE|[EXTERNAL]|Bytes:-4
12:55:33.0 (16455693)|HEAP_ALLOCATE|[23]|Bytes:4
12:55:33.0 (16459787)|VARIABLE_ASSIGNMENT|[23]|i|10
12:55:33.0 (16464338)|STATEMENT_EXECUTE|[23]
12:55:33.0 (16465736)|STATEMENT_EXECUTE|[24]
12:55:33.0 (16470662)|HEAP_ALLOCATE|[24]|Bytes:4
12:55:33.0 (16479668)|VARIABLE_SCOPE_BEGIN|[24]|minutes|List<String>|true|false
12:55:33.0 (16493732)|HEAP_ALLOCATE|[EXTERNAL]|Bytes:8
12:55:33.0 (16499919)|VARIABLE_ASSIGNMENT|[24]|minutes|["00"]|0x365d6e4
12:55:33.0 (16504977)|STATEMENT_EXECUTE|[25]
12:55:33.0 (16507208)|VARIABLE_SCOPE_BEGIN|[25]|count|Integer|false|false
12:55:33.0 (16512890)|HEAP_ALLOCATE|[25]|Bytes:4
12:55:33.0 (16517849)|VARIABLE_ASSIGNMENT|[25]|count|15
12:55:33.0 (16522308)|STATEMENT_EXECUTE|[26]
12:55:33.0 (16523551)|STATEMENT_EXECUTE|[27]
12:55:33.0 (16532523)|HEAP_ALLOCATE|[27]|Bytes:2
12:55:33.0 (16542456)|HEAP_ALLOCATE|[EXTERNAL]|Bytes:4
12:55:33.0 (16546909)|STATEMENT_EXECUTE|[28]
12:55:33.0 (16548916)|HEAP_ALLOCATE|[28]|Bytes:4
12:55:33.0 (16553867)|VARIABLE_ASSIGNMENT|[28]|count|30
12:55:33.0 (16558668)|STATEMENT_EXECUTE|[26]
12:55:33.0 (16559931)|STATEMENT_EXECUTE|[27]
12:55:33.0 (16566689)|HEAP_ALLOCATE|[27]|Bytes:2
12:55:33.0 (16575484)|HEAP_ALLOCATE|[EXTERNAL]|Bytes:4
12:55:33.0 (16580207)|STATEMENT_EXECUTE|[28]
12:55:33.0 (16582062)|HEAP_ALLOCATE|[28]|Bytes:4
12:55:33.0 (16586488)|VARIABLE_ASSIGNMENT|[28]|count|45
12:55:33.0 (16591101)|STATEMENT_EXECUTE|[26]
12:55:33.0 (16592390)|STATEMENT_EXECUTE|[27]
12:55:33.0 (16598696)|HEAP_ALLOCATE|[27]|Bytes:2
12:55:33.0 (16607502)|HEAP_ALLOCATE|[EXTERNAL]|Bytes:4
12:55:33.0 (16611992)|STATEMENT_EXECUTE|[28]
12:55:33.0 (16613866)|HEAP_ALLOCATE|[28]|Bytes:4
12:55:33.0 (16618287)|VARIABLE_ASSIGNMENT|[28]|count|60
12:55:33.0 (16623140)|STATEMENT_EXECUTE|[30]
12:55:33.0 (16627481)|HEAP_ALLOCATE|[30]|Bytes:4
12:55:33.0 (16631076)|HEAP_ALLOCATE|[EXTERNAL]|Bytes:-4
12:55:33.0 (16635832)|HEAP_ALLOCATE|[23]|Bytes:4
12:55:33.0 (16640379)|VARIABLE_ASSIGNMENT|[23]|i|11
12:55:33.0 (16644885)|STATEMENT_EXECUTE|[23]
12:55:33.0 (16646203)|STATEMENT_EXECUTE|[24]
12:55:33.0 (16651354)|HEAP_ALLOCATE|[24]|Bytes:4
12:55:33.0 (16659948)|VARIABLE_SCOPE_BEGIN|[24]|minutes|List<String>|true|false
12:55:33.0 (16673199)|HEAP_ALLOCATE|[EXTERNAL]|Bytes:8
12:55:33.0 (16678944)|VARIABLE_ASSIGNMENT|[24]|minutes|["00"]|0x2744621b
12:55:33.0 (16684026)|STATEMENT_EXECUTE|[25]
12:55:33.0 (16686219)|VARIABLE_SCOPE_BEGIN|[25]|count|Integer|false|false
12:55:33.0 (16692198)|HEAP_ALLOCATE|[25]|Bytes:4
12:55:33.0 (16696178)|VARIABLE_ASSIGNMENT|[25]|count|15
12:55:33.0 (16700386)|STATEMENT_EXECUTE|[26]
12:55:33.0 (16701679)|STATEMENT_EXECUTE|[27]
12:55:33.0 (16710204)|HEAP_ALLOCATE|[27]|Bytes:2
12:55:33.0 (16720844)|HEAP_ALLOCATE|[EXTERNAL]|Bytes:4
12:55:33.0 (16725638)|STATEMENT_EXECUTE|[28]
12:55:33.0 (16727695)|HEAP_ALLOCATE|[28]|Bytes:4
12:55:33.0 (16732080)|VARIABLE_ASSIGNMENT|[28]|count|30
12:55:33.0 (16736303)|STATEMENT_EXECUTE|[26]
12:55:33.0 (16737549)|STATEMENT_EXECUTE|[27]
12:55:33.0 (16744183)|HEAP_ALLOCATE|[27]|Bytes:2
12:55:33.0 (16753094)|HEAP_ALLOCATE|[EXTERNAL]|Bytes:4
12:55:33.0 (16757129)|STATEMENT_EXECUTE|[28]
12:55:33.0 (16759144)|HEAP_ALLOCATE|[28]|Bytes:4
12:55:33.0 (16763454)|VARIABLE_ASSIGNMENT|[28]|count|45
12:55:33.0 (16767741)|STATEMENT_EXECUTE|[26]
12:55:33.0 (16768999)|STATEMENT_EXECUTE|[27]
12:55:33.0 (16775406)|HEAP_ALLOCATE|[27]|Bytes:2
12:55:33.0 (16784021)|HEAP_ALLOCATE|[EXTERNAL]|Bytes:4
12:55:33.0 (16788245)|STATEMENT_EXECUTE|[28]
12:55:33.0 (16790342)|HEAP_ALLOCATE|[28]|Bytes:4
12:55:33.0 (16794568)|VARIABLE_ASSIGNMENT|[28]|count|60
12:55:33.0 (16799086)|STATEMENT_EXECUTE|[30]
12:55:33.0 (16803153)|HEAP_ALLOCATE|[30]|Bytes:4
12:55:33.0 (16807240)|HEAP_ALLOCATE|[EXTERNAL]|Bytes:-4
12:55:33.0 (16812128)|HEAP_ALLOCATE|[23]|Bytes:4
12:55:33.0 (16816027)|VARIABLE_ASSIGNMENT|[23]|i|12
12:55:33.0 (16820465)|STATEMENT_EXECUTE|[32]
12:55:33.0 (16841634)|HEAP_ALLOCATE|[EXTERNAL]|Bytes:-4
12:55:33.0 (16854725)|HEAP_ALLOCATE|[16]|Bytes:5
12:55:33.0 (16866411)|VARIABLE_SCOPE_BEGIN|[16]|name|String|false|false
12:55:33.0 (16876732)|VARIABLE_ASSIGNMENT|[16]|name|"Afternoon"
12:55:33.0 (16880812)|STATEMENT_EXECUTE|[16]
12:55:33.0 (16882178)|STATEMENT_EXECUTE|[18]
12:55:33.0 (16920443)|VARIABLE_SCOPE_BEGIN|[18]|startPoint|Integer|false|false
12:55:33.0 (16928551)|HEAP_ALLOCATE|[18]|Bytes:4
12:55:33.0 (16933834)|VARIABLE_ASSIGNMENT|[18]|startPoint|12
12:55:33.0 (16941965)|STATEMENT_EXECUTE|[19]
12:55:33.0 (16963386)|VARIABLE_SCOPE_BEGIN|[19]|endPoint|Integer|false|false
12:55:33.0 (16969759)|HEAP_ALLOCATE|[19]|Bytes:4
12:55:33.0 (16974708)|VARIABLE_ASSIGNMENT|[19]|endPoint|17
12:55:33.0 (16979756)|STATEMENT_EXECUTE|[20]
12:55:33.0 (17000175)|VARIABLE_SCOPE_BEGIN|[20]|separation|Integer|false|false
12:55:33.0 (17007635)|HEAP_ALLOCATE|[20]|Bytes:4
12:55:33.0 (17012546)|VARIABLE_ASSIGNMENT|[20]|separation|30
12:55:33.0 (17016201)|STATEMENT_EXECUTE|[22]
12:55:33.0 (17027054)|HEAP_ALLOCATE|[22]|Bytes:4
12:55:33.0 (17033254)|VARIABLE_SCOPE_BEGIN|[22]|hoursAndMinutes|Map<Integer,List<String>>|true|false
12:55:33.0 (17045445)|VARIABLE_ASSIGNMENT|[22]|hoursAndMinutes|{}|0x70d3512e
12:55:33.0 (17051475)|STATEMENT_EXECUTE|[23]
12:55:33.0 (17053706)|VARIABLE_SCOPE_BEGIN|[23]|i|Integer|false|false
12:55:33.0 (17059779)|HEAP_ALLOCATE|[23]|Bytes:4
12:55:33.0 (17063803)|VARIABLE_ASSIGNMENT|[23]|i|12
12:55:33.0 (17068413)|STATEMENT_EXECUTE|[23]
12:55:33.0 (17069696)|STATEMENT_EXECUTE|[24]
12:55:33.0 (17075182)|HEAP_ALLOCATE|[24]|Bytes:4
12:55:33.0 (17085141)|VARIABLE_SCOPE_BEGIN|[24]|minutes|List<String>|true|false
12:55:33.0 (17102483)|HEAP_ALLOCATE|[EXTERNAL]|Bytes:8
12:55:33.0 (17110003)|VARIABLE_ASSIGNMENT|[24]|minutes|["00"]|0x5dac7b26
12:55:33.0 (17114919)|STATEMENT_EXECUTE|[25]
12:55:33.0 (17117357)|VARIABLE_SCOPE_BEGIN|[25]|count|Integer|false|false
12:55:33.0 (17123203)|HEAP_ALLOCATE|[25]|Bytes:4
12:55:33.0 (17128234)|VARIABLE_ASSIGNMENT|[25]|count|30
12:55:33.0 (17133246)|STATEMENT_EXECUTE|[26]
12:55:33.0 (17134464)|STATEMENT_EXECUTE|[27]
12:55:33.0 (17143669)|HEAP_ALLOCATE|[27]|Bytes:2
12:55:33.0 (17154357)|HEAP_ALLOCATE|[EXTERNAL]|Bytes:4
12:55:33.0 (17159964)|STATEMENT_EXECUTE|[28]
12:55:33.0 (17162083)|HEAP_ALLOCATE|[28]|Bytes:4
12:55:33.0 (17167214)|VARIABLE_ASSIGNMENT|[28]|count|60
12:55:33.0 (17171830)|STATEMENT_EXECUTE|[30]
12:55:33.0 (17176069)|HEAP_ALLOCATE|[30]|Bytes:4
12:55:33.0 (17180349)|HEAP_ALLOCATE|[EXTERNAL]|Bytes:-4
12:55:33.0 (17185277)|HEAP_ALLOCATE|[23]|Bytes:4
12:55:33.0 (17210547)|VARIABLE_ASSIGNMENT|[23]|i|13
12:55:33.0 (17218836)|STATEMENT_EXECUTE|[23]
12:55:33.0 (17220719)|STATEMENT_EXECUTE|[24]
12:55:33.0 (17229449)|HEAP_ALLOCATE|[24]|Bytes:4
12:55:33.0 (17245377)|VARIABLE_SCOPE_BEGIN|[24]|minutes|List<String>|true|false
12:55:33.0 (17263245)|HEAP_ALLOCATE|[EXTERNAL]|Bytes:8
12:55:33.0 (17271243)|VARIABLE_ASSIGNMENT|[24]|minutes|["00"]|0x597c8e32
12:55:33.0 (17276380)|STATEMENT_EXECUTE|[25]
12:55:33.0 (17278742)|VARIABLE_SCOPE_BEGIN|[25]|count|Integer|false|false
12:55:33.0 (17285025)|HEAP_ALLOCATE|[25]|Bytes:4
12:55:33.0 (17289400)|VARIABLE_ASSIGNMENT|[25]|count|30
12:55:33.0 (17293471)|STATEMENT_EXECUTE|[26]
12:55:33.0 (17294679)|STATEMENT_EXECUTE|[27]
12:55:33.0 (17304652)|HEAP_ALLOCATE|[27]|Bytes:2
12:55:33.0 (17315479)|HEAP_ALLOCATE|[EXTERNAL]|Bytes:4
12:55:33.0 (17320211)|STATEMENT_EXECUTE|[28]
12:55:33.0 (17322527)|HEAP_ALLOCATE|[28]|Bytes:4
12:55:33.0 (17327246)|VARIABLE_ASSIGNMENT|[28]|count|60
12:55:33.0 (17332144)|STATEMENT_EXECUTE|[30]
12:55:33.0 (17336523)|HEAP_ALLOCATE|[30]|Bytes:4
12:55:33.0 (17340371)|HEAP_ALLOCATE|[EXTERNAL]|Bytes:-4
12:55:33.0 (17345473)|HEAP_ALLOCATE|[23]|Bytes:4
12:55:33.0 (17349656)|VARIABLE_ASSIGNMENT|[23]|i|14
12:55:33.0 (17353499)|STATEMENT_EXECUTE|[23]
12:55:33.0 (17354822)|STATEMENT_EXECUTE|[24]
12:55:33.0 (17376425)|HEAP_ALLOCATE|[24]|Bytes:4
12:55:33.0 (17386984)|VARIABLE_SCOPE_BEGIN|[24]|minutes|List<String>|true|false
12:55:33.0 (17402668)|HEAP_ALLOCATE|[EXTERNAL]|Bytes:8
12:55:33.0 (17409563)|VARIABLE_ASSIGNMENT|[24]|minutes|["00"]|0x342afb9e
12:55:33.0 (17414411)|STATEMENT_EXECUTE|[25]
12:55:33.0 (17416753)|VARIABLE_SCOPE_BEGIN|[25]|count|Integer|false|false
12:55:33.0 (17422534)|HEAP_ALLOCATE|[25]|Bytes:4
12:55:33.0 (17426988)|VARIABLE_ASSIGNMENT|[25]|count|30
12:55:33.0 (17431804)|STATEMENT_EXECUTE|[26]
12:55:33.0 (17433031)|STATEMENT_EXECUTE|[27]
12:55:33.0 (17442418)|HEAP_ALLOCATE|[27]|Bytes:2
12:55:33.0 (17452654)|HEAP_ALLOCATE|[EXTERNAL]|Bytes:4
12:55:33.0 (17457369)|STATEMENT_EXECUTE|[28]
12:55:33.0 (17459499)|HEAP_ALLOCATE|[28]|Bytes:4
12:55:33.0 (17464715)|VARIABLE_ASSIGNMENT|[28]|count|60
12:55:33.0 (17469864)|STATEMENT_EXECUTE|[30]
12:55:33.0 (17474227)|HEAP_ALLOCATE|[30]|Bytes:4
12:55:33.0 (17478332)|HEAP_ALLOCATE|[EXTERNAL]|Bytes:-4
12:55:33.0 (17483190)|HEAP_ALLOCATE|[23]|Bytes:4
12:55:33.0 (17487236)|VARIABLE_ASSIGNMENT|[23]|i|15
12:55:33.0 (17494501)|STATEMENT_EXECUTE|[23]
12:55:33.0 (17495947)|STATEMENT_EXECUTE|[24]
12:55:33.0 (17501399)|HEAP_ALLOCATE|[24]|Bytes:4
12:55:33.0 (17510384)|VARIABLE_SCOPE_BEGIN|[24]|minutes|List<String>|true|false
12:55:33.0 (17523768)|HEAP_ALLOCATE|[EXTERNAL]|Bytes:8
12:55:33.0 (17530097)|VARIABLE_ASSIGNMENT|[24]|minutes|["00"]|0x5e9a9614
12:55:33.0 (17535350)|STATEMENT_EXECUTE|[25]
12:55:33.0 (17537600)|VARIABLE_SCOPE_BEGIN|[25]|count|Integer|false|false
12:55:33.0 (17543964)|HEAP_ALLOCATE|[25]|Bytes:4
12:55:33.0 (17548207)|VARIABLE_ASSIGNMENT|[25]|count|30
12:55:33.0 (17552494)|STATEMENT_EXECUTE|[26]
12:55:33.0 (17553727)|STATEMENT_EXECUTE|[27]
12:55:33.0 (17562506)|HEAP_ALLOCATE|[27]|Bytes:2
12:55:33.0 (17572409)|HEAP_ALLOCATE|[EXTERNAL]|Bytes:4
12:55:33.0 (17577438)|STATEMENT_EXECUTE|[28]
12:55:33.0 (17579591)|HEAP_ALLOCATE|[28]|Bytes:4
12:55:33.0 (17584261)|VARIABLE_ASSIGNMENT|[28]|count|60
12:55:33.0 (17589779)|STATEMENT_EXECUTE|[30]
12:55:33.0 (17593970)|HEAP_ALLOCATE|[30]|Bytes:4
12:55:33.0 (17597723)|HEAP_ALLOCATE|[EXTERNAL]|Bytes:-4
12:55:33.0 (17602398)|HEAP_ALLOCATE|[23]|Bytes:4
12:55:33.0 (17606245)|VARIABLE_ASSIGNMENT|[23]|i|16
12:55:33.0 (17610206)|STATEMENT_EXECUTE|[23]
12:55:33.0 (17611598)|STATEMENT_EXECUTE|[24]
12:55:33.0 (17616292)|HEAP_ALLOCATE|[24]|Bytes:4
12:55:33.0 (17625167)|VARIABLE_SCOPE_BEGIN|[24]|minutes|List<String>|true|false
12:55:33.0 (17638217)|HEAP_ALLOCATE|[EXTERNAL]|Bytes:8
12:55:33.0 (17644562)|VARIABLE_ASSIGNMENT|[24]|minutes|["00"]|0x6051a3aa
12:55:33.0 (17649700)|STATEMENT_EXECUTE|[25]
12:55:33.0 (17652014)|VARIABLE_SCOPE_BEGIN|[25]|count|Integer|false|false
12:55:33.0 (17658060)|HEAP_ALLOCATE|[25]|Bytes:4
12:55:33.0 (17662466)|VARIABLE_ASSIGNMENT|[25]|count|30
12:55:33.0 (17666800)|STATEMENT_EXECUTE|[26]
12:55:33.0 (17668001)|STATEMENT_EXECUTE|[27]
12:55:33.0 (17676303)|HEAP_ALLOCATE|[27]|Bytes:2
12:55:33.0 (17686216)|HEAP_ALLOCATE|[EXTERNAL]|Bytes:4
12:55:33.0 (17690894)|STATEMENT_EXECUTE|[28]
12:55:33.0 (17692961)|HEAP_ALLOCATE|[28]|Bytes:4
12:55:33.0 (17698251)|VARIABLE_ASSIGNMENT|[28]|count|60
12:55:33.0 (17703392)|STATEMENT_EXECUTE|[30]
12:55:33.0 (17707528)|HEAP_ALLOCATE|[30]|Bytes:4
12:55:33.0 (17711022)|HEAP_ALLOCATE|[EXTERNAL]|Bytes:-4
12:55:33.0 (17715564)|HEAP_ALLOCATE|[23]|Bytes:4
12:55:33.0 (17719911)|VARIABLE_ASSIGNMENT|[23]|i|17
12:55:33.0 (17724455)|STATEMENT_EXECUTE|[32]
12:55:33.0 (17729733)|HEAP_ALLOCATE|[EXTERNAL]|Bytes:-4
12:55:33.0 (17740584)|HEAP_ALLOCATE|[16]|Bytes:5
12:55:33.0 (17751046)|VARIABLE_SCOPE_BEGIN|[16]|name|String|false|false
12:55:33.0 (17759701)|VARIABLE_ASSIGNMENT|[16]|name|"Night"
12:55:33.0 (17763502)|STATEMENT_EXECUTE|[16]
12:55:33.0 (17764810)|STATEMENT_EXECUTE|[18]
12:55:33.0 (17800632)|VARIABLE_SCOPE_BEGIN|[18]|startPoint|Integer|false|false
12:55:33.0 (17808401)|HEAP_ALLOCATE|[18]|Bytes:4
12:55:33.0 (17814002)|VARIABLE_ASSIGNMENT|[18]|startPoint|17
12:55:33.0 (17817959)|STATEMENT_EXECUTE|[19]
12:55:33.0 (17838295)|VARIABLE_SCOPE_BEGIN|[19]|endPoint|Integer|false|false
12:55:33.0 (17844874)|HEAP_ALLOCATE|[19]|Bytes:4
12:55:33.0 (17849691)|VARIABLE_ASSIGNMENT|[19]|endPoint|23
12:55:33.0 (17853196)|STATEMENT_EXECUTE|[20]
12:55:33.0 (17875088)|VARIABLE_SCOPE_BEGIN|[20]|separation|Integer|false|false
12:55:33.0 (17881713)|HEAP_ALLOCATE|[20]|Bytes:4
12:55:33.0 (17886989)|VARIABLE_ASSIGNMENT|[20]|separation|20
12:55:33.0 (17890390)|STATEMENT_EXECUTE|[22]
12:55:33.0 (17901084)|HEAP_ALLOCATE|[22]|Bytes:4
12:55:33.0 (17906517)|VARIABLE_SCOPE_BEGIN|[22]|hoursAndMinutes|Map<Integer,List<String>>|true|false
12:55:33.0 (17918557)|VARIABLE_ASSIGNMENT|[22]|hoursAndMinutes|{}|0x5de1ac8c
12:55:33.0 (17924110)|STATEMENT_EXECUTE|[23]
12:55:33.0 (17926053)|VARIABLE_SCOPE_BEGIN|[23]|i|Integer|false|false
12:55:33.0 (17931686)|HEAP_ALLOCATE|[23]|Bytes:4
12:55:33.0 (17939682)|VARIABLE_ASSIGNMENT|[23]|i|17
12:55:33.0 (17944258)|STATEMENT_EXECUTE|[23]
12:55:33.0 (17945868)|STATEMENT_EXECUTE|[24]
12:55:33.0 (17951166)|HEAP_ALLOCATE|[24]|Bytes:4
12:55:33.0 (17961323)|VARIABLE_SCOPE_BEGIN|[24]|minutes|List<String>|true|false
12:55:33.0 (17977943)|HEAP_ALLOCATE|[EXTERNAL]|Bytes:8
12:55:33.0 (17985156)|VARIABLE_ASSIGNMENT|[24]|minutes|["00"]|0x3ef45aa5
12:55:33.0 (17989765)|STATEMENT_EXECUTE|[25]
12:55:33.0 (17992135)|VARIABLE_SCOPE_BEGIN|[25]|count|Integer|false|false
12:55:33.0 (17998212)|HEAP_ALLOCATE|[25]|Bytes:4
12:55:33.0 (18003483)|VARIABLE_ASSIGNMENT|[25]|count|20
12:55:33.0 (18008848)|STATEMENT_EXECUTE|[26]
12:55:33.0 (18010064)|STATEMENT_EXECUTE|[27]
12:55:33.0 (18019176)|HEAP_ALLOCATE|[27]|Bytes:2
12:55:33.0 (18029258)|HEAP_ALLOCATE|[EXTERNAL]|Bytes:4
12:55:33.0 (18034432)|STATEMENT_EXECUTE|[28]
12:55:33.0 (18036676)|HEAP_ALLOCATE|[28]|Bytes:4
12:55:33.0 (18042345)|VARIABLE_ASSIGNMENT|[28]|count|40
12:55:33.0 (18047454)|STATEMENT_EXECUTE|[26]
12:55:33.0 (18048700)|STATEMENT_EXECUTE|[27]
12:55:33.0 (18055746)|HEAP_ALLOCATE|[27]|Bytes:2
12:55:33.0 (18064412)|HEAP_ALLOCATE|[EXTERNAL]|Bytes:4
12:55:33.0 (18068928)|STATEMENT_EXECUTE|[28]
12:55:33.0 (18070899)|HEAP_ALLOCATE|[28]|Bytes:4
12:55:33.0 (18075284)|VARIABLE_ASSIGNMENT|[28]|count|60
12:55:33.0 (18080428)|STATEMENT_EXECUTE|[30]
12:55:33.0 (18084863)|HEAP_ALLOCATE|[30]|Bytes:4
12:55:33.0 (18089315)|HEAP_ALLOCATE|[EXTERNAL]|Bytes:-4
12:55:33.0 (18094083)|HEAP_ALLOCATE|[23]|Bytes:4
12:55:33.0 (18098277)|VARIABLE_ASSIGNMENT|[23]|i|18
12:55:33.0 (18103170)|STATEMENT_EXECUTE|[23]
12:55:33.0 (18104648)|STATEMENT_EXECUTE|[24]
12:55:33.0 (18110302)|HEAP_ALLOCATE|[24]|Bytes:4
12:55:33.0 (18118944)|VARIABLE_SCOPE_BEGIN|[24]|minutes|List<String>|true|false
12:55:33.0 (18132248)|HEAP_ALLOCATE|[EXTERNAL]|Bytes:8
12:55:33.0 (18138304)|VARIABLE_ASSIGNMENT|[24]|minutes|["00"]|0x34545159
12:55:33.0 (18143681)|STATEMENT_EXECUTE|[25]
12:55:33.0 (18145769)|VARIABLE_SCOPE_BEGIN|[25]|count|Integer|false|false
12:55:33.0 (18151649)|HEAP_ALLOCATE|[25]|Bytes:4
12:55:33.0 (18155949)|VARIABLE_ASSIGNMENT|[25]|count|20
12:55:33.0 (18160043)|STATEMENT_EXECUTE|[26]
12:55:33.0 (18161268)|STATEMENT_EXECUTE|[27]
12:55:33.0 (18169591)|HEAP_ALLOCATE|[27]|Bytes:2
12:55:33.0 (18179774)|HEAP_ALLOCATE|[EXTERNAL]|Bytes:4
12:55:33.0 (18184662)|STATEMENT_EXECUTE|[28]
12:55:33.0 (18186808)|HEAP_ALLOCATE|[28]|Bytes:4
12:55:33.0 (18191411)|VARIABLE_ASSIGNMENT|[28]|count|40
12:55:33.0 (18196473)|STATEMENT_EXECUTE|[26]
12:55:33.0 (18197723)|STATEMENT_EXECUTE|[27]
12:55:33.0 (18204380)|HEAP_ALLOCATE|[27]|Bytes:2
12:55:33.0 (18213602)|HEAP_ALLOCATE|[EXTERNAL]|Bytes:4
12:55:33.0 (18217643)|STATEMENT_EXECUTE|[28]
12:55:33.0 (18219556)|HEAP_ALLOCATE|[28]|Bytes:4
12:55:33.0 (18224357)|VARIABLE_ASSIGNMENT|[28]|count|60
12:55:33.0 (18228828)|STATEMENT_EXECUTE|[30]
12:55:33.0 (18232923)|HEAP_ALLOCATE|[30]|Bytes:4
12:55:33.0 (18237229)|HEAP_ALLOCATE|[EXTERNAL]|Bytes:-4
12:55:33.0 (18242403)|HEAP_ALLOCATE|[23]|Bytes:4
12:55:33.0 (18246489)|VARIABLE_ASSIGNMENT|[23]|i|19
12:55:33.0 (18250296)|STATEMENT_EXECUTE|[23]
12:55:33.0 (18251615)|STATEMENT_EXECUTE|[24]
12:55:33.0 (18256543)|HEAP_ALLOCATE|[24]|Bytes:4
12:55:33.0 (18265529)|VARIABLE_SCOPE_BEGIN|[24]|minutes|List<String>|true|false
12:55:33.0 (18278893)|HEAP_ALLOCATE|[EXTERNAL]|Bytes:8
12:55:33.0 (18285881)|VARIABLE_ASSIGNMENT|[24]|minutes|["00"]|0x5975e88a
12:55:33.0 (18290574)|STATEMENT_EXECUTE|[25]
12:55:33.0 (18292815)|VARIABLE_SCOPE_BEGIN|[25]|count|Integer|false|false
12:55:33.0 (18299180)|HEAP_ALLOCATE|[25]|Bytes:4
12:55:33.0 (18303307)|VARIABLE_ASSIGNMENT|[25]|count|20
12:55:33.0 (18308245)|STATEMENT_EXECUTE|[26]
12:55:33.0 (18309525)|STATEMENT_EXECUTE|[27]
12:55:33.0 (18317846)|HEAP_ALLOCATE|[27]|Bytes:2
12:55:33.0 (18327470)|HEAP_ALLOCATE|[EXTERNAL]|Bytes:4
12:55:33.0 (18332298)|STATEMENT_EXECUTE|[28]
12:55:33.0 (18334483)|HEAP_ALLOCATE|[28]|Bytes:4
12:55:33.0 (18339226)|VARIABLE_ASSIGNMENT|[28]|count|40
12:55:33.0 (18343247)|STATEMENT_EXECUTE|[26]
12:55:33.0 (18344672)|STATEMENT_EXECUTE|[27]
12:55:33.0 (18351129)|HEAP_ALLOCATE|[27]|Bytes:2
12:55:33.0 (18360710)|HEAP_ALLOCATE|[EXTERNAL]|Bytes:4
12:55:33.0 (18364922)|STATEMENT_EXECUTE|[28]
12:55:33.0 (18366996)|HEAP_ALLOCATE|[28]|Bytes:4
12:55:33.0 (18371991)|VARIABLE_ASSIGNMENT|[28]|count|60
12:55:33.0 (18376619)|STATEMENT_EXECUTE|[30]
12:55:33.0 (18380999)|HEAP_ALLOCATE|[30]|Bytes:4
12:55:33.0 (18384723)|HEAP_ALLOCATE|[EXTERNAL]|Bytes:-4
12:55:33.0 (18389485)|HEAP_ALLOCATE|[23]|Bytes:4
12:55:33.0 (18393428)|VARIABLE_ASSIGNMENT|[23]|i|20
12:55:33.0 (18397658)|STATEMENT_EXECUTE|[23]
12:55:33.0 (18399145)|STATEMENT_EXECUTE|[24]
12:55:33.0 (18403909)|HEAP_ALLOCATE|[24]|Bytes:4
12:55:33.0 (18413300)|VARIABLE_SCOPE_BEGIN|[24]|minutes|List<String>|true|false
12:55:33.0 (18426729)|HEAP_ALLOCATE|[EXTERNAL]|Bytes:8
12:55:33.0 (18432776)|VARIABLE_ASSIGNMENT|[24]|minutes|["00"]|0x9a0aae4
12:55:33.0 (18437897)|STATEMENT_EXECUTE|[25]
12:55:33.0 (18440067)|VARIABLE_SCOPE_BEGIN|[25]|count|Integer|false|false
12:55:33.0 (18446306)|HEAP_ALLOCATE|[25]|Bytes:4
12:55:33.0 (18450576)|VARIABLE_ASSIGNMENT|[25]|count|20
12:55:33.0 (18454896)|STATEMENT_EXECUTE|[26]
12:55:33.0 (18456141)|STATEMENT_EXECUTE|[27]
12:55:33.0 (18464800)|HEAP_ALLOCATE|[27]|Bytes:2
12:55:33.0 (18474761)|HEAP_ALLOCATE|[EXTERNAL]|Bytes:4
12:55:33.0 (18479827)|STATEMENT_EXECUTE|[28]
12:55:33.0 (18481992)|HEAP_ALLOCATE|[28]|Bytes:4
12:55:33.0 (18487030)|VARIABLE_ASSIGNMENT|[28]|count|40
12:55:33.0 (18491561)|STATEMENT_EXECUTE|[26]
12:55:33.0 (18492810)|STATEMENT_EXECUTE|[27]
12:55:33.0 (18499520)|HEAP_ALLOCATE|[27]|Bytes:2
12:55:33.0 (18508066)|HEAP_ALLOCATE|[EXTERNAL]|Bytes:4
12:55:33.0 (18512821)|STATEMENT_EXECUTE|[28]
12:55:33.0 (18514810)|HEAP_ALLOCATE|[28]|Bytes:4
12:55:33.0 (18519097)|VARIABLE_ASSIGNMENT|[28]|count|60
12:55:33.0 (18523733)|STATEMENT_EXECUTE|[30]
12:55:33.0 (18527960)|HEAP_ALLOCATE|[30]|Bytes:4
12:55:33.0 (18531488)|HEAP_ALLOCATE|[EXTERNAL]|Bytes:-4
12:55:33.0 (18535861)|HEAP_ALLOCATE|[23]|Bytes:4
12:55:33.0 (18540334)|VARIABLE_ASSIGNMENT|[23]|i|21
12:55:33.0 (18544519)|STATEMENT_EXECUTE|[23]
12:55:33.0 (18545824)|STATEMENT_EXECUTE|[24]
12:55:33.0 (18550566)|HEAP_ALLOCATE|[24]|Bytes:4
12:55:33.0 (18562871)|VARIABLE_SCOPE_BEGIN|[24]|minutes|List<String>|true|false
12:55:33.0 (18577403)|HEAP_ALLOCATE|[EXTERNAL]|Bytes:8
12:55:33.0 (18584049)|VARIABLE_ASSIGNMENT|[24]|minutes|["00"]|0x159df807
12:55:33.0 (18589274)|STATEMENT_EXECUTE|[25]
12:55:33.0 (18591622)|VARIABLE_SCOPE_BEGIN|[25]|count|Integer|false|false
12:55:33.0 (18597551)|HEAP_ALLOCATE|[25]|Bytes:4
12:55:33.0 (18601676)|VARIABLE_ASSIGNMENT|[25]|count|20
12:55:33.0 (18605593)|STATEMENT_EXECUTE|[26]
12:55:33.0 (18606870)|STATEMENT_EXECUTE|[27]
12:55:33.0 (18615634)|HEAP_ALLOCATE|[27]|Bytes:2
12:55:33.0 (18625772)|HEAP_ALLOCATE|[EXTERNAL]|Bytes:4
12:55:33.0 (18630243)|STATEMENT_EXECUTE|[28]
12:55:33.0 (18632416)|HEAP_ALLOCATE|[28]|Bytes:4
12:55:33.0 (18636992)|VARIABLE_ASSIGNMENT|[28]|count|40
12:55:33.0 (18641130)|STATEMENT_EXECUTE|[26]
12:55:33.0 (18642386)|STATEMENT_EXECUTE|[27]
12:55:33.0 (18648999)|HEAP_ALLOCATE|[27]|Bytes:2
12:55:33.0 (18657649)|HEAP_ALLOCATE|[EXTERNAL]|Bytes:4
12:55:33.0 (18662292)|STATEMENT_EXECUTE|[28]
12:55:33.0 (18664485)|HEAP_ALLOCATE|[28]|Bytes:4
12:55:33.0 (18668894)|VARIABLE_ASSIGNMENT|[28]|count|60
12:55:33.0 (18673663)|STATEMENT_EXECUTE|[30]
12:55:33.0 (18677814)|HEAP_ALLOCATE|[30]|Bytes:4
12:55:33.0 (18681974)|HEAP_ALLOCATE|[EXTERNAL]|Bytes:-4
12:55:33.0 (18687427)|HEAP_ALLOCATE|[23]|Bytes:4
12:55:33.0 (18691654)|VARIABLE_ASSIGNMENT|[23]|i|22
12:55:33.0 (18695301)|STATEMENT_EXECUTE|[23]
12:55:33.0 (18696626)|STATEMENT_EXECUTE|[24]
12:55:33.0 (18701409)|HEAP_ALLOCATE|[24]|Bytes:4
12:55:33.0 (18710374)|VARIABLE_SCOPE_BEGIN|[24]|minutes|List<String>|true|false
12:55:33.0 (18723171)|HEAP_ALLOCATE|[EXTERNAL]|Bytes:8
12:55:33.0 (18729395)|VARIABLE_ASSIGNMENT|[24]|minutes|["00"]|0x3d5bd74
12:55:33.0 (18734574)|STATEMENT_EXECUTE|[25]
12:55:33.0 (18736930)|VARIABLE_SCOPE_BEGIN|[25]|count|Integer|false|false
12:55:33.0 (18743186)|HEAP_ALLOCATE|[25]|Bytes:4
12:55:33.0 (18748061)|VARIABLE_ASSIGNMENT|[25]|count|20
12:55:33.0 (18753325)|STATEMENT_EXECUTE|[26]
12:55:33.0 (18754515)|STATEMENT_EXECUTE|[27]
12:55:33.0 (18762766)|HEAP_ALLOCATE|[27]|Bytes:2
12:55:33.0 (18772206)|HEAP_ALLOCATE|[EXTERNAL]|Bytes:4
12:55:33.0 (18777258)|STATEMENT_EXECUTE|[28]
12:55:33.0 (18779310)|HEAP_ALLOCATE|[28]|Bytes:4
12:55:33.0 (18784602)|VARIABLE_ASSIGNMENT|[28]|count|40
12:55:33.0 (18788891)|STATEMENT_EXECUTE|[26]
12:55:33.0 (18790143)|STATEMENT_EXECUTE|[27]
12:55:33.0 (18796748)|HEAP_ALLOCATE|[27]|Bytes:2
12:55:33.0 (18805837)|HEAP_ALLOCATE|[EXTERNAL]|Bytes:4
12:55:33.0 (18810097)|STATEMENT_EXECUTE|[28]
12:55:33.0 (18812016)|HEAP_ALLOCATE|[28]|Bytes:4
12:55:33.0 (18816580)|VARIABLE_ASSIGNMENT|[28]|count|60
12:55:33.0 (18821518)|STATEMENT_EXECUTE|[30]
12:55:33.0 (18825773)|HEAP_ALLOCATE|[30]|Bytes:4
12:55:33.0 (18829774)|HEAP_ALLOCATE|[EXTERNAL]|Bytes:-4
12:55:33.0 (18834206)|HEAP_ALLOCATE|[23]|Bytes:4
12:55:33.0 (18838108)|VARIABLE_ASSIGNMENT|[23]|i|23
12:55:33.0 (18842707)|STATEMENT_EXECUTE|[32]
12:55:33.0 (18847847)|HEAP_ALLOCATE|[EXTERNAL]|Bytes:-4
12:55:33.0 (18857994)|HEAP_ALLOCATE|[16]|Bytes:5
12:55:33.0 (18869634)|VARIABLE_ASSIGNMENT|[16]|name|null
12:55:33.0 (18874443)|STATEMENT_EXECUTE|[35]
12:55:33.0 (18885742)|METHOD_EXIT|[7]|01p1r000007pMQE|DaysPartController.getTimeCellsBySeparator(Map<String,Days_part__c>)
12:55:33.0 (18893518)|VARIABLE_SCOPE_BEGIN|[6]|daysPart|Map<String,Map<Integer,List<String>>>|true|false
12:55:33.0 (18920669)|VARIABLE_ASSIGNMENT|[6]|daysPart|{"Morning":{7:["00","15","30","45"],8:["00","15","30","45"],9:["00","15","30","45"],10:["00","15","30","45"],11:["00","15","30","45"]},"Afternoon":{12:["00","30"],13:["00","30"],14:["00","30"],15:["00","30"],16:["00","30"]},"Night":"Map of size 6 too large to display"}|0x21cc5e5e
12:55:33.0 (18928882)|STATEMENT_EXECUTE|[9]
12:55:33.0 (18939773)|SYSTEM_MODE_EXIT|false
12:55:33.18 (18965744)|CUMULATIVE_LIMIT_USAGE
12:55:33.18 (18965744)|LIMIT_USAGE_FOR_NS|(default)|
  Number of SOQL queries: 0 out of 100
  Number of query rows: 0 out of 50000
  Number of SOSL queries: 0 out of 20
  Number of DML statements: 0 out of 150
  Number of DML rows: 0 out of 10000
  Maximum CPU time: 0 out of 10000
  Maximum heap size: 0 out of 6000000
  Number of callouts: 0 out of 100
  Number of Email Invocations: 0 out of 10
  Number of future calls: 0 out of 50
  Number of queueable jobs added to the queue: 0 out of 50
  Number of Mobile Apex push calls: 0 out of 10

12:55:33.18 (18965744)|CUMULATIVE_LIMIT_USAGE_END

12:55:33.0 (19004829)|CODE_UNIT_FINISHED|DaysPartController.getDaysPart
12:55:33.0 (19114315)|CODE_UNIT_FINISHED|Aura
12:55:33.0 (20242251)|EXECUTION_FINISHED
