42.0 APEX_CODE,FINEST;APEX_PROFILING,INFO;CALLOUT,INFO;DB,INFO;SYSTEM,DEBUG;VALIDATION,INFO;VISUALFORCE,INFO;WAVE,INFO;WORKFLOW,INFO
14:41:11.0 (328197)|USER_INFO|[EXTERNAL]|0051r000007nKPL|assh4884@cunning-goat-277018.com|Greenwich Mean Time|GMT+01:00
14:41:11.0 (374616)|EXECUTION_STARTED
14:41:11.0 (378765)|CODE_UNIT_STARTED|[EXTERNAL]|0661r0000024L7D|VF: /apex/VforceApp
14:41:11.0 (35907560)|SYSTEM_MODE_ENTER|true
14:41:11.0 (36423654)|HEAP_ALLOCATE|[72]|Bytes:3
14:41:11.0 (36490717)|HEAP_ALLOCATE|[77]|Bytes:152
14:41:11.0 (36515729)|HEAP_ALLOCATE|[342]|Bytes:408
14:41:11.0 (36537888)|HEAP_ALLOCATE|[355]|Bytes:408
14:41:11.0 (36557553)|HEAP_ALLOCATE|[467]|Bytes:48
14:41:11.0 (36598028)|HEAP_ALLOCATE|[139]|Bytes:6
14:41:11.0 (36620598)|HEAP_ALLOCATE|[EXTERNAL]|Bytes:1
14:41:11.0 (36663123)|METHOD_ENTRY|[1]|01p1r000008Onze|VforceAppController.VforceAppController()
14:41:11.0 (36670103)|STATEMENT_EXECUTE|[1]
14:41:11.0 (36675067)|STATEMENT_EXECUTE|[1]
14:41:11.0 (36706316)|HEAP_ALLOCATE|[50]|Bytes:5
14:41:11.0 (36737788)|HEAP_ALLOCATE|[56]|Bytes:5
14:41:11.0 (36751450)|HEAP_ALLOCATE|[64]|Bytes:7
14:41:11.0 (36778810)|SYSTEM_MODE_ENTER|false
14:41:11.0 (36798791)|HEAP_ALLOCATE|[EXTERNAL]|Bytes:5
14:41:11.0 (36810641)|SYSTEM_MODE_EXIT|false
14:41:11.0 (36823125)|METHOD_EXIT|[1]|VforceAppController
14:41:11.0 (36840275)|HEAP_ALLOCATE|[EXTERNAL]|Bytes:4
14:41:11.0 (36867230)|VARIABLE_SCOPE_BEGIN|[1]|this|VforceAppController|true|false
14:41:11.0 (36922796)|VARIABLE_ASSIGNMENT|[1]|this|{}|0x2f02d2ba
14:41:11.0 (36939806)|SYSTEM_MODE_ENTER|false
14:41:11.0 (36946321)|HEAP_ALLOCATE|[EXTERNAL]|Bytes:5
14:41:11.0 (36955915)|HEAP_ALLOCATE|[EXTERNAL]|Bytes:6
14:41:11.0 (36990147)|SYSTEM_MODE_EXIT|false
14:41:11.0 (36997722)|STATEMENT_EXECUTE|[1]
14:41:11.0 (37007536)|SYSTEM_MODE_ENTER|false
14:41:11.0 (37016623)|HEAP_ALLOCATE|[EXTERNAL]|Bytes:5
14:41:11.0 (37023412)|SYSTEM_MODE_EXIT|false
14:41:11.0 (37099395)|SYSTEM_MODE_ENTER|true
14:41:11.0 (37159260)|HEAP_ALLOCATE|[EXTERNAL]|Bytes:4
14:41:11.0 (37191265)|VARIABLE_SCOPE_BEGIN|[3]|this|VforceAppController|true|false
14:41:11.0 (37206517)|VARIABLE_ASSIGNMENT|[3]|this|{}|0x2f02d2ba
14:41:11.0 (37227263)|SYSTEM_MODE_ENTER|false
14:41:11.0 (37235801)|HEAP_ALLOCATE|[5]|Bytes:5
14:41:11.0 (37241825)|STATEMENT_EXECUTE|[3]
14:41:11.0 (37243880)|STATEMENT_EXECUTE|[4]
14:41:11.0 (37248021)|HEAP_ALLOCATE|[5]|Bytes:52
14:41:11.0 (56988030)|SOQL_EXECUTE_BEGIN|[4]|Aggregations:0|SELECT Id, Name, AccountNumber FROM Account LIMIT 10
14:41:11.0 (64550605)|SOQL_EXECUTE_END|[4]|Rows:10
14:41:11.0 (64578312)|HEAP_ALLOCATE|[4]|Bytes:44
14:41:11.0 (64611488)|HEAP_ALLOCATE|[4]|Bytes:863
14:41:11.0 (64662597)|HEAP_ALLOCATE|[4]|Bytes:44
14:41:11.0 (64684831)|VARIABLE_SCOPE_BEGIN|[4]|result|List<Account>|true|false
14:41:11.0 (64708877)|VARIABLE_ASSIGNMENT|[4]|result|"List of size 10 too large to display"|0x1dbc9083
14:41:11.0 (64716081)|STATEMENT_EXECUTE|[10]
14:41:11.0 (64722497)|SYSTEM_MODE_EXIT|false
14:41:11.0 (71773686)|VF_SERIALIZE_VIEWSTATE_BEGIN|0661r0000024L7D
14:41:11.0 (80659949)|VF_SERIALIZE_VIEWSTATE_END
14:41:11.93 (93811862)|CUMULATIVE_LIMIT_USAGE
14:41:11.93 (93811862)|LIMIT_USAGE_FOR_NS|(default)|
  Number of SOQL queries: 1 out of 100
  Number of query rows: 10 out of 50000
  Number of SOSL queries: 0 out of 20
  Number of DML statements: 0 out of 150
  Number of DML rows: 0 out of 10000
  Maximum CPU time: 0 out of 10000
  Maximum heap size: 0 out of 6000000
  Number of callouts: 0 out of 100
  Number of Email Invocations: 0 out of 10
  Number of future calls: 0 out of 50
  Number of queueable jobs added to the queue: 0 out of 50
  Number of Mobile Apex push calls: 0 out of 10

14:41:11.93 (93811862)|CUMULATIVE_LIMIT_USAGE_END

14:41:11.0 (93853279)|CODE_UNIT_FINISHED|VF: /apex/VforceApp
14:41:11.0 (94601892)|EXECUTION_FINISHED
