42.0 APEX_CODE,FINEST;APEX_PROFILING,INFO;CALLOUT,INFO;DB,INFO;SYSTEM,DEBUG;VALIDATION,INFO;VISUALFORCE,INFO;WAVE,INFO;WORKFLOW,INFO
15:58:44.0 (283449)|USER_INFO|[EXTERNAL]|0051r000007nKPL|assh4884@cunning-goat-277018.com|Greenwich Mean Time|GMT+01:00
15:58:44.0 (318288)|EXECUTION_STARTED
15:58:44.0 (322022)|CODE_UNIT_STARTED|[EXTERNAL]|0661r0000024L7D|VF: /apex/VforceApp
15:58:44.0 (5606764)|SYSTEM_MODE_ENTER|true
15:58:44.0 (5932872)|HEAP_ALLOCATE|[72]|Bytes:3
15:58:44.0 (5984683)|HEAP_ALLOCATE|[77]|Bytes:152
15:58:44.0 (5998010)|HEAP_ALLOCATE|[342]|Bytes:408
15:58:44.0 (6009883)|HEAP_ALLOCATE|[355]|Bytes:408
15:58:44.0 (6020784)|HEAP_ALLOCATE|[467]|Bytes:48
15:58:44.0 (6043689)|HEAP_ALLOCATE|[139]|Bytes:6
15:58:44.0 (6056615)|HEAP_ALLOCATE|[EXTERNAL]|Bytes:1
15:58:44.0 (6083796)|HEAP_ALLOCATE|[EXTERNAL]|Bytes:11
15:58:44.0 (6092776)|METHOD_ENTRY|[1]|01p1r000008Onze|VforceAppController.VforceAppController()
15:58:44.0 (6099220)|STATEMENT_EXECUTE|[1]
15:58:44.0 (6103883)|STATEMENT_EXECUTE|[1]
15:58:44.0 (6132840)|HEAP_ALLOCATE|[50]|Bytes:5
15:58:44.0 (6151113)|HEAP_ALLOCATE|[56]|Bytes:5
15:58:44.0 (6158286)|HEAP_ALLOCATE|[64]|Bytes:7
15:58:44.0 (6176162)|SYSTEM_MODE_ENTER|false
15:58:44.0 (6186383)|HEAP_ALLOCATE|[EXTERNAL]|Bytes:5
15:58:44.0 (6193211)|SYSTEM_MODE_EXIT|false
15:58:44.0 (6200476)|METHOD_EXIT|[1]|VforceAppController
15:58:44.0 (6212674)|HEAP_ALLOCATE|[EXTERNAL]|Bytes:4
15:58:44.0 (6220687)|VARIABLE_SCOPE_BEGIN|[1]|this|VforceAppController|true|false
15:58:44.0 (6261231)|VARIABLE_ASSIGNMENT|[1]|this|{}|0x3875ac2c
15:58:44.0 (6276563)|SYSTEM_MODE_ENTER|false
15:58:44.0 (6282103)|HEAP_ALLOCATE|[EXTERNAL]|Bytes:5
15:58:44.0 (6289226)|HEAP_ALLOCATE|[EXTERNAL]|Bytes:6
15:58:44.0 (6318799)|SYSTEM_MODE_EXIT|false
15:58:44.0 (6324665)|STATEMENT_EXECUTE|[1]
15:58:44.0 (6330962)|SYSTEM_MODE_ENTER|false
15:58:44.0 (6335016)|HEAP_ALLOCATE|[EXTERNAL]|Bytes:5
15:58:44.0 (6339251)|SYSTEM_MODE_EXIT|false
15:58:44.0 (6379864)|SYSTEM_MODE_ENTER|true
15:58:44.0 (6418573)|HEAP_ALLOCATE|[EXTERNAL]|Bytes:4
15:58:44.0 (6425347)|VARIABLE_SCOPE_BEGIN|[3]|this|VforceAppController|true|false
15:58:44.0 (6439234)|VARIABLE_ASSIGNMENT|[3]|this|{}|0x3875ac2c
15:58:44.0 (6453248)|SYSTEM_MODE_ENTER|false
15:58:44.0 (6458717)|HEAP_ALLOCATE|[4]|Bytes:5
15:58:44.0 (6463575)|STATEMENT_EXECUTE|[3]
15:58:44.0 (6464991)|STATEMENT_EXECUTE|[4]
15:58:44.0 (6488614)|HEAP_ALLOCATE|[4]|Bytes:4
15:58:44.0 (6548498)|VARIABLE_SCOPE_BEGIN|[4]|result|List<Account>|true|false
15:58:44.0 (6559134)|HEAP_ALLOCATE|[EXTERNAL]|Bytes:4
15:58:44.0 (6569098)|VARIABLE_ASSIGNMENT|[4]|result|[]|0x661b5b8c
15:58:44.0 (6574839)|STATEMENT_EXECUTE|[6]
15:58:44.0 (6576275)|STATEMENT_EXECUTE|[6]
15:58:44.0 (6577501)|STATEMENT_EXECUTE|[7]
15:58:44.0 (6580744)|HEAP_ALLOCATE|[8]|Bytes:84
15:58:44.0 (8114349)|SOQL_EXECUTE_BEGIN|[7]|Aggregations:1|SELECT Id, Name, AccountNumber, (SELECT Id, Name FROM Contacts) FROM Account LIMIT 3
15:58:44.0 (13604842)|SOQL_EXECUTE_END|[7]|Rows:3
15:58:44.0 (13633932)|HEAP_ALLOCATE|[7]|Bytes:16
15:58:44.0 (13662579)|HEAP_ALLOCATE|[7]|Bytes:621
15:58:44.0 (13692640)|HEAP_ALLOCATE|[7]|Bytes:16
15:58:44.0 (13751107)|VARIABLE_ASSIGNMENT|[7]|result|[{"Id":"0011r00001mSXVuAAO","Name":"Edge Communications","AccountNumber":"CD451796","Contacts":[{"AccountId":"0011r00001mSXVuAAO","Id":"0031r000023uSg3AAE","Name":"Rose Gonzalez"},{"AccountId":"0011r00001mSXVuAAO","Id":"0031r000023uSg4AAE","Name":"Sean Forbes"}]},{"Id":"0011r00001mSXVvAAO","Name":"Burlington Textiles  (15 more) ...","AccountNumber":"CD656092","Contacts":[{"AccountId":"0011r00001mSXVvAAO","Id":"0031r000023uSg5AAE","Name":"Jack Rogers"}]},{"Id":"0011r00001mSXVwAAO","Name":"Pyramid Construction (5 more) ...","AccountNumber":"CC213425","Contacts":[{"AccountId":"0011r00001mSXVwAAO","Id":"0031r000023uSg6AAE","Name":"Pat Stumuller"}]}]|0x4eacd82c
15:58:44.0 (13927877)|HEAP_ALLOCATE|[13]|Bytes:5
15:58:44.0 (13946748)|HEAP_ALLOCATE|[13]|Bytes:20
15:58:44.0 (13956309)|VARIABLE_SCOPE_BEGIN|[13]|objAcc|Account|true|false
15:58:44.0 (13977251)|VARIABLE_ASSIGNMENT|[13]|objAcc|{"Id":"0011r00001mSXVuAAO","Name":"Edge Communications","AccountNumber":"CD451796","Contacts":[{"AccountId":"0011r00001mSXVuAAO","Id":"0031r000023uSg3AAE","Name":"Rose Gonzalez"},{"AccountId":"0011r00001mSXVuAAO","Id":"0031r000023uSg4AAE","Name":"Sean Forbes"}]}|0x3af6d246
15:58:44.0 (13986915)|STATEMENT_EXECUTE|[14]
15:58:44.0 (13991511)|HEAP_ALLOCATE|[16]|Bytes:8
15:58:44.0 (13996070)|HEAP_ALLOCATE|[16]|Bytes:7
15:58:44.0 (14029589)|HEAP_ALLOCATE|[16]|Bytes:12
15:58:44.0 (14157728)|HEAP_ALLOCATE|[16]|Bytes:54
15:58:44.0 (14165175)|HEAP_ALLOCATE|[16]|Bytes:8
15:58:44.0 (14173572)|SYSTEM_METHOD_ENTRY|[7]|QueryLocatorIterator.QueryLocatorIterator()
15:58:44.0 (14177458)|STATEMENT_EXECUTE|[7]
15:58:44.0 (14184583)|SYSTEM_METHOD_EXIT|[7]|QueryLocatorIterator
15:58:44.0 (14191810)|HEAP_ALLOCATE|[16]|Bytes:28
15:58:44.0 (14238734)|HEAP_ALLOCATE|[16]|Bytes:12
15:58:44.0 (14251939)|HEAP_ALLOCATE|[16]|Bytes:8
15:58:44.0 (14255321)|HEAP_ALLOCATE|[16]|Bytes:8
15:58:44.0 (14259791)|VARIABLE_SCOPE_BEGIN|[15]|this|Database.QueryLocatorIterator|true|false
15:58:44.0 (14302329)|VARIABLE_ASSIGNMENT|[15]|this|{}|0x11419b73
15:58:44.0 (14309770)|VARIABLE_SCOPE_BEGIN|[15]|values|List<SObject>|true|false
15:58:44.0 (14327582)|VARIABLE_ASSIGNMENT|[15]|values|[{"AccountId":"0011r00001mSXVuAAO","Id":"0031r000023uSg3AAE","Name":"Rose Gonzalez"},{"AccountId":"0011r00001mSXVuAAO","Id":"0031r000023uSg4AAE","Name":"Sean Forbes"}]|0x39845ccf
15:58:44.0 (14334490)|VARIABLE_SCOPE_BEGIN|[15]|ql|Database.QueryLocator|true|false
15:58:44.0 (14348321)|VARIABLE_ASSIGNMENT|[15]|ql|{}|0x3942a911
15:58:44.0 (14354255)|VARIABLE_SCOPE_BEGIN|[15]|totalNumRecords|Integer|false|false
15:58:44.0 (14363360)|VARIABLE_ASSIGNMENT|[15]|totalNumRecords|2
15:58:44.0 (14367771)|VARIABLE_SCOPE_BEGIN|[15]|queryMoreSize|Integer|false|false
15:58:44.0 (14374290)|VARIABLE_ASSIGNMENT|[15]|queryMoreSize|200
15:58:44.0 (14423535)|HEAP_ALLOCATE|[16]|Bytes:28
15:58:44.0 (14439964)|METHOD_ENTRY|[16]||Database.QueryLocatorIterator.hasNext()
15:58:44.0 (14499216)|METHOD_EXIT|[16]||Database.QueryLocatorIterator.hasNext()
15:58:44.0 (14508016)|METHOD_ENTRY|[16]||Database.QueryLocatorIterator.next()
15:58:44.0 (14567235)|METHOD_EXIT|[16]||Database.QueryLocatorIterator.next()
15:58:44.0 (14575195)|VARIABLE_SCOPE_BEGIN|[16]|objCon|Contact|true|false
15:58:44.0 (14588323)|VARIABLE_ASSIGNMENT|[16]|objCon|{"AccountId":"0011r00001mSXVuAAO","Id":"0031r000023uSg3AAE","Name":"Rose Gonzalez"}|0x5620e7ca
15:58:44.0 (14594056)|STATEMENT_EXECUTE|[17]
15:58:44.0 (14595778)|STATEMENT_EXECUTE|[18]
15:58:44.0 (14599148)|HEAP_ALLOCATE|[18]|Bytes:13
15:58:44.0 (14676227)|HEAP_ALLOCATE|[18]|Bytes:81
15:58:44.0 (14701003)|HEAP_ALLOCATE|[18]|Bytes:94
15:58:44.0 (14722345)|USER_DEBUG|[18]|DEBUG|---contact---Contact:{AccountId=0011r00001mSXVuAAO, Id=0031r000023uSg3AAE, Name=Rose Gonzalez}
15:58:44.0 (14735362)|METHOD_ENTRY|[16]||Database.QueryLocatorIterator.hasNext()
15:58:44.0 (14753837)|METHOD_EXIT|[16]||Database.QueryLocatorIterator.hasNext()
15:58:44.0 (14759406)|METHOD_ENTRY|[16]||Database.QueryLocatorIterator.next()
15:58:44.0 (14799572)|METHOD_EXIT|[16]||Database.QueryLocatorIterator.next()
15:58:44.0 (14806136)|VARIABLE_SCOPE_BEGIN|[16]|objCon|Contact|true|false
15:58:44.0 (14819436)|VARIABLE_ASSIGNMENT|[16]|objCon|{"AccountId":"0011r00001mSXVuAAO","Id":"0031r000023uSg4AAE","Name":"Sean Forbes"}|0x7499d65f
15:58:44.0 (14824888)|STATEMENT_EXECUTE|[17]
15:58:44.0 (14826500)|STATEMENT_EXECUTE|[18]
15:58:44.0 (14852679)|HEAP_ALLOCATE|[18]|Bytes:79
15:58:44.0 (14865342)|HEAP_ALLOCATE|[18]|Bytes:92
15:58:44.0 (14873108)|USER_DEBUG|[18]|DEBUG|---contact---Contact:{AccountId=0011r00001mSXVuAAO, Id=0031r000023uSg4AAE, Name=Sean Forbes}
15:58:44.0 (14882550)|METHOD_ENTRY|[16]||Database.QueryLocatorIterator.hasNext()
15:58:44.0 (14893420)|METHOD_EXIT|[16]||Database.QueryLocatorIterator.hasNext()
15:58:44.0 (14901225)|VARIABLE_ASSIGNMENT|[16]|objCon|null|
15:58:44.0 (14913236)|HEAP_ALLOCATE|[13]|Bytes:5
15:58:44.0 (14924141)|HEAP_ALLOCATE|[13]|Bytes:20
15:58:44.0 (14929889)|VARIABLE_SCOPE_BEGIN|[13]|objAcc|Account|true|false
15:58:44.0 (14946540)|VARIABLE_ASSIGNMENT|[13]|objAcc|{"Id":"0011r00001mSXVvAAO","Name":"Burlington Textiles  (15 more) ...","AccountNumber":"CD656092","Contacts":[{"AccountId":"0011r00001mSXVvAAO","Id":"0031r000023uSg5AAE","Name":"Jack Rogers"}]}|0x609bbcfc
15:58:44.0 (14954003)|STATEMENT_EXECUTE|[14]
15:58:44.0 (14969985)|HEAP_ALLOCATE|[16]|Bytes:8
15:58:44.0 (15022709)|HEAP_ALLOCATE|[16]|Bytes:28
15:58:44.0 (15047970)|HEAP_ALLOCATE|[16]|Bytes:8
15:58:44.0 (15058127)|HEAP_ALLOCATE|[16]|Bytes:8
15:58:44.0 (15061731)|HEAP_ALLOCATE|[16]|Bytes:8
15:58:44.0 (15065585)|VARIABLE_SCOPE_BEGIN|[15]|this|Database.QueryLocatorIterator|true|false
15:58:44.0 (15083856)|VARIABLE_ASSIGNMENT|[15]|this|{}|0x3ad96d7c
15:58:44.0 (15089343)|VARIABLE_SCOPE_BEGIN|[15]|values|List<SObject>|true|false
15:58:44.0 (15102346)|VARIABLE_ASSIGNMENT|[15]|values|[{"AccountId":"0011r00001mSXVvAAO","Id":"0031r000023uSg5AAE","Name":"Jack Rogers"}]|0x26816647
15:58:44.0 (15106999)|VARIABLE_SCOPE_BEGIN|[15]|ql|Database.QueryLocator|true|false
15:58:44.0 (15116939)|VARIABLE_ASSIGNMENT|[15]|ql|{}|0x1b24a91c
15:58:44.0 (15122139)|VARIABLE_SCOPE_BEGIN|[15]|totalNumRecords|Integer|false|false
15:58:44.0 (15129108)|VARIABLE_ASSIGNMENT|[15]|totalNumRecords|1
15:58:44.0 (15133064)|VARIABLE_SCOPE_BEGIN|[15]|queryMoreSize|Integer|false|false
15:58:44.0 (15139018)|VARIABLE_ASSIGNMENT|[15]|queryMoreSize|200
15:58:44.0 (15174267)|HEAP_ALLOCATE|[16]|Bytes:28
15:58:44.0 (15184837)|METHOD_ENTRY|[16]||Database.QueryLocatorIterator.hasNext()
15:58:44.0 (15201980)|METHOD_EXIT|[16]||Database.QueryLocatorIterator.hasNext()
15:58:44.0 (15206876)|METHOD_ENTRY|[16]||Database.QueryLocatorIterator.next()
15:58:44.0 (15247646)|METHOD_EXIT|[16]||Database.QueryLocatorIterator.next()
15:58:44.0 (15253814)|VARIABLE_SCOPE_BEGIN|[16]|objCon|Contact|true|false
15:58:44.0 (15265493)|VARIABLE_ASSIGNMENT|[16]|objCon|{"AccountId":"0011r00001mSXVvAAO","Id":"0031r000023uSg5AAE","Name":"Jack Rogers"}|0x2c31a913
15:58:44.0 (15271878)|STATEMENT_EXECUTE|[17]
15:58:44.0 (15273553)|STATEMENT_EXECUTE|[18]
15:58:44.0 (15304136)|HEAP_ALLOCATE|[18]|Bytes:79
15:58:44.0 (15317054)|HEAP_ALLOCATE|[18]|Bytes:92
15:58:44.0 (15325576)|USER_DEBUG|[18]|DEBUG|---contact---Contact:{AccountId=0011r00001mSXVvAAO, Id=0031r000023uSg5AAE, Name=Jack Rogers}
15:58:44.0 (15335993)|METHOD_ENTRY|[16]||Database.QueryLocatorIterator.hasNext()
15:58:44.0 (15351005)|METHOD_EXIT|[16]||Database.QueryLocatorIterator.hasNext()
15:58:44.0 (15362663)|VARIABLE_ASSIGNMENT|[16]|objCon|null|
15:58:44.0 (15379836)|HEAP_ALLOCATE|[13]|Bytes:5
15:58:44.0 (15394640)|HEAP_ALLOCATE|[13]|Bytes:20
15:58:44.0 (15400716)|VARIABLE_SCOPE_BEGIN|[13]|objAcc|Account|true|false
15:58:44.0 (15418349)|VARIABLE_ASSIGNMENT|[13]|objAcc|{"Id":"0011r00001mSXVwAAO","Name":"Pyramid Construction (5 more) ...","AccountNumber":"CC213425","Contacts":[{"AccountId":"0011r00001mSXVwAAO","Id":"0031r000023uSg6AAE","Name":"Pat Stumuller"}]}|0x572ee7e8
15:58:44.0 (15425014)|STATEMENT_EXECUTE|[14]
15:58:44.0 (15441334)|HEAP_ALLOCATE|[16]|Bytes:8
15:58:44.0 (15492137)|HEAP_ALLOCATE|[16]|Bytes:28
15:58:44.0 (15516366)|HEAP_ALLOCATE|[16]|Bytes:8
15:58:44.0 (15526755)|HEAP_ALLOCATE|[16]|Bytes:8
15:58:44.0 (15530021)|HEAP_ALLOCATE|[16]|Bytes:8
15:58:44.0 (15533188)|VARIABLE_SCOPE_BEGIN|[15]|this|Database.QueryLocatorIterator|true|false
15:58:44.0 (15550840)|VARIABLE_ASSIGNMENT|[15]|this|{}|0x7713bd37
15:58:44.0 (15556629)|VARIABLE_SCOPE_BEGIN|[15]|values|List<SObject>|true|false
15:58:44.0 (15568936)|VARIABLE_ASSIGNMENT|[15]|values|[{"AccountId":"0011r00001mSXVwAAO","Id":"0031r000023uSg6AAE","Name":"Pat Stumuller"}]|0x6508c24
15:58:44.0 (15574511)|VARIABLE_SCOPE_BEGIN|[15]|ql|Database.QueryLocator|true|false
15:58:44.0 (15583477)|VARIABLE_ASSIGNMENT|[15]|ql|{}|0x2b4e71f7
15:58:44.0 (15588271)|VARIABLE_SCOPE_BEGIN|[15]|totalNumRecords|Integer|false|false
15:58:44.0 (15596344)|VARIABLE_ASSIGNMENT|[15]|totalNumRecords|1
15:58:44.0 (15600342)|VARIABLE_SCOPE_BEGIN|[15]|queryMoreSize|Integer|false|false
15:58:44.0 (15606477)|VARIABLE_ASSIGNMENT|[15]|queryMoreSize|200
15:58:44.0 (15643961)|HEAP_ALLOCATE|[16]|Bytes:28
15:58:44.0 (15654422)|METHOD_ENTRY|[16]||Database.QueryLocatorIterator.hasNext()
15:58:44.0 (15671659)|METHOD_EXIT|[16]||Database.QueryLocatorIterator.hasNext()
15:58:44.0 (15677000)|METHOD_ENTRY|[16]||Database.QueryLocatorIterator.next()
15:58:44.0 (15723328)|METHOD_EXIT|[16]||Database.QueryLocatorIterator.next()
15:58:44.0 (15729917)|VARIABLE_SCOPE_BEGIN|[16]|objCon|Contact|true|false
15:58:44.0 (15742008)|VARIABLE_ASSIGNMENT|[16]|objCon|{"AccountId":"0011r00001mSXVwAAO","Id":"0031r000023uSg6AAE","Name":"Pat Stumuller"}|0x13d53e49
15:58:44.0 (15748187)|STATEMENT_EXECUTE|[17]
15:58:44.0 (15749720)|STATEMENT_EXECUTE|[18]
15:58:44.0 (15779900)|HEAP_ALLOCATE|[18]|Bytes:81
15:58:44.0 (15792770)|HEAP_ALLOCATE|[18]|Bytes:94
15:58:44.0 (15800953)|USER_DEBUG|[18]|DEBUG|---contact---Contact:{AccountId=0011r00001mSXVwAAO, Id=0031r000023uSg6AAE, Name=Pat Stumuller}
15:58:44.0 (15811076)|METHOD_ENTRY|[16]||Database.QueryLocatorIterator.hasNext()
15:58:44.0 (15822014)|METHOD_EXIT|[16]||Database.QueryLocatorIterator.hasNext()
15:58:44.0 (15828758)|VARIABLE_ASSIGNMENT|[16]|objCon|null|
15:58:44.0 (15839620)|HEAP_ALLOCATE|[13]|Bytes:5
15:58:44.0 (15848322)|VARIABLE_ASSIGNMENT|[13]|objAcc|null|
15:58:44.0 (15852549)|STATEMENT_EXECUTE|[23]
15:58:44.0 (15910512)|USER_DEBUG|[23]|DEBUG|(Account:{Id=0011r00001mSXVuAAO, Name=Edge Communications, AccountNumber=CD451796}, Account:{Id=0011r00001mSXVvAAO, Name=Burlington Textiles Corp of America, AccountNumber=CD656092}, Account:{Id=0011r00001mSXVwAAO, Name=Pyramid Construction Inc., AccountNumber=CC213425})
15:58:44.0 (15923415)|STATEMENT_EXECUTE|[29]
15:58:44.0 (15928346)|SYSTEM_MODE_EXIT|false
15:58:44.0 (24463777)|VF_SERIALIZE_VIEWSTATE_BEGIN|0661r0000024L7D
15:58:44.0 (25989931)|VF_SERIALIZE_VIEWSTATE_END
15:58:44.47 (47327543)|CUMULATIVE_LIMIT_USAGE
15:58:44.47 (47327543)|LIMIT_USAGE_FOR_NS|(default)|
  Number of SOQL queries: 1 out of 100
  Number of query rows: 7 out of 50000
  Number of SOSL queries: 0 out of 20
  Number of DML statements: 0 out of 150
  Number of DML rows: 0 out of 10000
  Maximum CPU time: 0 out of 10000
  Maximum heap size: 0 out of 6000000
  Number of callouts: 0 out of 100
  Number of Email Invocations: 0 out of 10
  Number of future calls: 0 out of 50
  Number of queueable jobs added to the queue: 0 out of 50
  Number of Mobile Apex push calls: 0 out of 10

15:58:44.47 (47327543)|CUMULATIVE_LIMIT_USAGE_END

15:58:44.0 (47366258)|CODE_UNIT_FINISHED|VF: /apex/VforceApp
15:58:44.0 (48528974)|EXECUTION_FINISHED
