42.0 APEX_CODE,FINEST;APEX_PROFILING,INFO;CALLOUT,INFO;DB,INFO;SYSTEM,DEBUG;VALIDATION,INFO;VISUALFORCE,INFO;WAVE,INFO;WORKFLOW,INFO
14:31:19.0 (290075)|USER_INFO|[EXTERNAL]|0051r000007nKPL|assh4884@cunning-goat-277018.com|Greenwich Mean Time|GMT+01:00
14:31:19.0 (333251)|EXECUTION_STARTED
14:31:19.0 (336805)|CODE_UNIT_STARTED|[EXTERNAL]|0661r0000024L7D|VF: /apex/VforceApp
14:31:19.0 (4538041)|SYSTEM_MODE_ENTER|true
14:31:19.0 (4917307)|HEAP_ALLOCATE|[72]|Bytes:3
14:31:19.0 (4950417)|HEAP_ALLOCATE|[77]|Bytes:152
14:31:19.0 (4965052)|HEAP_ALLOCATE|[342]|Bytes:408
14:31:19.0 (4977038)|HEAP_ALLOCATE|[355]|Bytes:408
14:31:19.0 (4987079)|HEAP_ALLOCATE|[467]|Bytes:48
14:31:19.0 (5013593)|HEAP_ALLOCATE|[139]|Bytes:6
14:31:19.0 (5035928)|METHOD_ENTRY|[1]|01p1r000008Onze|VforceAppController.VforceAppController()
14:31:19.0 (5042672)|STATEMENT_EXECUTE|[1]
14:31:19.0 (5046927)|STATEMENT_EXECUTE|[1]
14:31:19.0 (5073215)|HEAP_ALLOCATE|[50]|Bytes:5
14:31:19.0 (5093830)|HEAP_ALLOCATE|[56]|Bytes:5
14:31:19.0 (5100944)|HEAP_ALLOCATE|[64]|Bytes:7
14:31:19.0 (5121189)|SYSTEM_MODE_ENTER|false
14:31:19.0 (5139493)|HEAP_ALLOCATE|[EXTERNAL]|Bytes:5
14:31:19.0 (5151614)|SYSTEM_MODE_EXIT|false
14:31:19.0 (5163817)|METHOD_EXIT|[1]|VforceAppController
14:31:19.0 (5176537)|HEAP_ALLOCATE|[EXTERNAL]|Bytes:4
14:31:19.0 (5184453)|VARIABLE_SCOPE_BEGIN|[1]|this|VforceAppController|true|false
14:31:19.0 (5242441)|VARIABLE_ASSIGNMENT|[1]|this|{}|0x59784869
14:31:19.0 (5259719)|SYSTEM_MODE_ENTER|false
14:31:19.0 (5265306)|HEAP_ALLOCATE|[EXTERNAL]|Bytes:5
14:31:19.0 (5274175)|HEAP_ALLOCATE|[EXTERNAL]|Bytes:6
14:31:19.0 (5305261)|SYSTEM_MODE_EXIT|false
14:31:19.0 (5310225)|STATEMENT_EXECUTE|[1]
14:31:19.0 (5315530)|SYSTEM_MODE_ENTER|false
14:31:19.0 (5319500)|HEAP_ALLOCATE|[EXTERNAL]|Bytes:5
14:31:19.0 (5323454)|SYSTEM_MODE_EXIT|false
14:31:19.0 (5809280)|VF_SERIALIZE_VIEWSTATE_BEGIN|0661r0000024L7D
14:31:19.0 (7140051)|VF_SERIALIZE_VIEWSTATE_END
14:31:19.20 (20150902)|CUMULATIVE_LIMIT_USAGE
14:31:19.20 (20150902)|LIMIT_USAGE_FOR_NS|(default)|
  Number of SOQL queries: 0 out of 100
  Number of query rows: 0 out of 50000
  Number of SOSL queries: 0 out of 20
  Number of DML statements: 0 out of 150
  Number of DML rows: 0 out of 10000
  Maximum CPU time: 0 out of 10000
  Maximum heap size: 0 out of 6000000
  Number of callouts: 0 out of 100
  Number of Email Invocations: 0 out of 10
  Number of future calls: 0 out of 50
  Number of queueable jobs added to the queue: 0 out of 50
  Number of Mobile Apex push calls: 0 out of 10

14:31:19.20 (20150902)|CUMULATIVE_LIMIT_USAGE_END

14:31:19.0 (20197593)|CODE_UNIT_FINISHED|VF: /apex/VforceApp
14:31:19.0 (21086645)|EXECUTION_FINISHED
