42.0 APEX_CODE,FINEST;APEX_PROFILING,INFO;CALLOUT,INFO;DB,INFO;SYSTEM,DEBUG;VALIDATION,INFO;VISUALFORCE,INFO;WAVE,INFO;WORKFLOW,INFO
15:01:59.0 (363349)|USER_INFO|[EXTERNAL]|0051r000007nKPL|assh4884@cunning-goat-277018.com|Greenwich Mean Time|GMT+01:00
15:01:59.0 (416736)|EXECUTION_STARTED
15:01:59.0 (421045)|CODE_UNIT_STARTED|[EXTERNAL]|0661r0000024L7D|VF: /apex/VforceApp
15:01:59.0 (41108335)|SYSTEM_MODE_ENTER|true
15:01:59.0 (41481013)|HEAP_ALLOCATE|[72]|Bytes:3
15:01:59.0 (41511746)|HEAP_ALLOCATE|[77]|Bytes:152
15:01:59.0 (41528682)|HEAP_ALLOCATE|[342]|Bytes:408
15:01:59.0 (41543883)|HEAP_ALLOCATE|[355]|Bytes:408
15:01:59.0 (41555984)|HEAP_ALLOCATE|[467]|Bytes:48
15:01:59.0 (41583955)|HEAP_ALLOCATE|[139]|Bytes:6
15:01:59.0 (41598402)|HEAP_ALLOCATE|[EXTERNAL]|Bytes:1
15:01:59.0 (41603135)|HEAP_ALLOCATE|[EXTERNAL]|Bytes:5
15:01:59.0 (41630248)|METHOD_ENTRY|[1]|01p1r000008Onze|VforceAppController.VforceAppController()
15:01:59.0 (41638222)|STATEMENT_EXECUTE|[1]
15:01:59.0 (41642138)|STATEMENT_EXECUTE|[1]
15:01:59.0 (41669566)|HEAP_ALLOCATE|[50]|Bytes:5
15:01:59.0 (41687189)|HEAP_ALLOCATE|[56]|Bytes:5
15:01:59.0 (41693582)|HEAP_ALLOCATE|[64]|Bytes:7
15:01:59.0 (41712768)|SYSTEM_MODE_ENTER|false
15:01:59.0 (41721998)|HEAP_ALLOCATE|[EXTERNAL]|Bytes:5
15:01:59.0 (41728393)|SYSTEM_MODE_EXIT|false
15:01:59.0 (41737306)|METHOD_EXIT|[1]|VforceAppController
15:01:59.0 (41749714)|HEAP_ALLOCATE|[EXTERNAL]|Bytes:4
15:01:59.0 (41772169)|VARIABLE_SCOPE_BEGIN|[1]|this|VforceAppController|true|false
15:01:59.0 (41840115)|VARIABLE_ASSIGNMENT|[1]|this|{}|0x46e2e1be
15:01:59.0 (41857107)|SYSTEM_MODE_ENTER|false
15:01:59.0 (41862954)|HEAP_ALLOCATE|[EXTERNAL]|Bytes:5
15:01:59.0 (41870413)|HEAP_ALLOCATE|[EXTERNAL]|Bytes:6
15:01:59.0 (41903680)|SYSTEM_MODE_EXIT|false
15:01:59.0 (41909025)|STATEMENT_EXECUTE|[1]
15:01:59.0 (41915483)|SYSTEM_MODE_ENTER|false
15:01:59.0 (41919479)|HEAP_ALLOCATE|[EXTERNAL]|Bytes:5
15:01:59.0 (41926349)|SYSTEM_MODE_EXIT|false
15:01:59.0 (41992801)|SYSTEM_MODE_ENTER|true
15:01:59.0 (42062745)|HEAP_ALLOCATE|[EXTERNAL]|Bytes:4
15:01:59.0 (42142062)|VARIABLE_SCOPE_BEGIN|[3]|this|VforceAppController|true|false
15:01:59.0 (42168216)|VARIABLE_ASSIGNMENT|[3]|this|{}|0x46e2e1be
15:01:59.0 (42186249)|SYSTEM_MODE_ENTER|false
15:01:59.0 (42192284)|HEAP_ALLOCATE|[4]|Bytes:5
15:01:59.0 (42196387)|STATEMENT_EXECUTE|[3]
15:01:59.0 (42197786)|STATEMENT_EXECUTE|[4]
15:01:59.0 (42224162)|HEAP_ALLOCATE|[4]|Bytes:4
15:01:59.0 (42275491)|VARIABLE_SCOPE_BEGIN|[4]|result|List<Account>|true|false
15:01:59.0 (42288126)|HEAP_ALLOCATE|[EXTERNAL]|Bytes:4
15:01:59.0 (42299256)|VARIABLE_ASSIGNMENT|[4]|result|[]|0x15bfaff5
15:01:59.0 (42304611)|STATEMENT_EXECUTE|[5]
15:01:59.0 (42308555)|STATEMENT_EXECUTE|[5]
15:01:59.0 (42309881)|STATEMENT_EXECUTE|[6]
15:01:59.0 (42312693)|HEAP_ALLOCATE|[7]|Bytes:85
15:01:59.0 (43884501)|SOQL_EXECUTE_BEGIN|[6]|Aggregations:1|SELECT Id, Name, AccountNumber, (SELECT Id, Name FROM Contacts) FROM Account LIMIT 10
15:01:59.0 (54148612)|SOQL_EXECUTE_END|[6]|Rows:10
15:01:59.0 (54194213)|HEAP_ALLOCATE|[6]|Bytes:44
15:01:59.0 (54254226)|HEAP_ALLOCATE|[6]|Bytes:2322
15:01:59.0 (54307274)|HEAP_ALLOCATE|[6]|Bytes:44
15:01:59.0 (54351360)|VARIABLE_ASSIGNMENT|[6]|result|"List of size 10 too large to display"|0x3a2ee62c
15:01:59.0 (54360283)|STATEMENT_EXECUTE|[17]
15:01:59.0 (54368304)|SYSTEM_MODE_EXIT|false
15:01:59.0 (61868425)|VF_SERIALIZE_VIEWSTATE_BEGIN|0661r0000024L7D
15:01:59.0 (63310042)|VF_SERIALIZE_VIEWSTATE_END
15:01:59.77 (77246614)|CUMULATIVE_LIMIT_USAGE
15:01:59.77 (77246614)|LIMIT_USAGE_FOR_NS|(default)|
  Number of SOQL queries: 1 out of 100
  Number of query rows: 27 out of 50000
  Number of SOSL queries: 0 out of 20
  Number of DML statements: 0 out of 150
  Number of DML rows: 0 out of 10000
  Maximum CPU time: 0 out of 10000
  Maximum heap size: 0 out of 6000000
  Number of callouts: 0 out of 100
  Number of Email Invocations: 0 out of 10
  Number of future calls: 0 out of 50
  Number of queueable jobs added to the queue: 0 out of 50
  Number of Mobile Apex push calls: 0 out of 10

15:01:59.77 (77246614)|CUMULATIVE_LIMIT_USAGE_END

15:01:59.0 (77305323)|CODE_UNIT_FINISHED|VF: /apex/VforceApp
15:01:59.0 (78180646)|EXECUTION_FINISHED
