42.0 APEX_CODE,FINEST;APEX_PROFILING,INFO;CALLOUT,INFO;DB,INFO;SYSTEM,DEBUG;VALIDATION,INFO;VISUALFORCE,INFO;WAVE,INFO;WORKFLOW,INFO
15:59:40.0 (372703)|USER_INFO|[EXTERNAL]|0051r000007nKPL|assh4884@cunning-goat-277018.com|Greenwich Mean Time|GMT+01:00
15:59:40.0 (409951)|EXECUTION_STARTED
15:59:40.0 (413552)|CODE_UNIT_STARTED|[EXTERNAL]|0661r0000024L7D|VF: /apex/VforceApp
15:59:40.0 (2146432)|SYSTEM_MODE_ENTER|true
15:59:40.0 (2551525)|HEAP_ALLOCATE|[72]|Bytes:3
15:59:40.0 (2584859)|HEAP_ALLOCATE|[77]|Bytes:152
15:59:40.0 (2599521)|HEAP_ALLOCATE|[342]|Bytes:408
15:59:40.0 (2613473)|HEAP_ALLOCATE|[355]|Bytes:408
15:59:40.0 (2625769)|HEAP_ALLOCATE|[467]|Bytes:48
15:59:40.0 (2651513)|HEAP_ALLOCATE|[139]|Bytes:6
15:59:40.0 (2664971)|HEAP_ALLOCATE|[EXTERNAL]|Bytes:1
15:59:40.0 (2670196)|HEAP_ALLOCATE|[EXTERNAL]|Bytes:11
15:59:40.0 (2678474)|METHOD_ENTRY|[1]|01p1r000008Onze|VforceAppController.VforceAppController()
15:59:40.0 (2684305)|STATEMENT_EXECUTE|[1]
15:59:40.0 (2688367)|STATEMENT_EXECUTE|[1]
15:59:40.0 (2715841)|HEAP_ALLOCATE|[50]|Bytes:5
15:59:40.0 (2735183)|HEAP_ALLOCATE|[56]|Bytes:5
15:59:40.0 (2742013)|HEAP_ALLOCATE|[64]|Bytes:7
15:59:40.0 (2760371)|SYSTEM_MODE_ENTER|false
15:59:40.0 (2771632)|HEAP_ALLOCATE|[EXTERNAL]|Bytes:5
15:59:40.0 (2780030)|SYSTEM_MODE_EXIT|false
15:59:40.0 (2787117)|METHOD_EXIT|[1]|VforceAppController
15:59:40.0 (2797392)|HEAP_ALLOCATE|[EXTERNAL]|Bytes:4
15:59:40.0 (2804569)|VARIABLE_SCOPE_BEGIN|[1]|this|VforceAppController|true|false
15:59:40.0 (2842140)|VARIABLE_ASSIGNMENT|[1]|this|{}|0x33d64b53
15:59:40.0 (2855831)|SYSTEM_MODE_ENTER|false
15:59:40.0 (2860838)|HEAP_ALLOCATE|[EXTERNAL]|Bytes:5
15:59:40.0 (2868204)|HEAP_ALLOCATE|[EXTERNAL]|Bytes:6
15:59:40.0 (2896455)|SYSTEM_MODE_EXIT|false
15:59:40.0 (2901342)|STATEMENT_EXECUTE|[1]
15:59:40.0 (2907217)|SYSTEM_MODE_ENTER|false
15:59:40.0 (2911835)|HEAP_ALLOCATE|[EXTERNAL]|Bytes:5
15:59:40.0 (2915679)|SYSTEM_MODE_EXIT|false
15:59:40.0 (2961441)|SYSTEM_MODE_ENTER|true
15:59:40.0 (3008828)|HEAP_ALLOCATE|[EXTERNAL]|Bytes:4
15:59:40.0 (3016148)|VARIABLE_SCOPE_BEGIN|[3]|this|VforceAppController|true|false
15:59:40.0 (3034688)|VARIABLE_ASSIGNMENT|[3]|this|{}|0x33d64b53
15:59:40.0 (3048991)|SYSTEM_MODE_ENTER|false
15:59:40.0 (3054954)|HEAP_ALLOCATE|[4]|Bytes:5
15:59:40.0 (3059706)|STATEMENT_EXECUTE|[3]
15:59:40.0 (3061372)|STATEMENT_EXECUTE|[4]
15:59:40.0 (3089372)|HEAP_ALLOCATE|[4]|Bytes:4
15:59:40.0 (3145091)|VARIABLE_SCOPE_BEGIN|[4]|result|List<Account>|true|false
15:59:40.0 (3154952)|HEAP_ALLOCATE|[EXTERNAL]|Bytes:4
15:59:40.0 (3163989)|VARIABLE_ASSIGNMENT|[4]|result|[]|0x66a26fe7
15:59:40.0 (3169174)|STATEMENT_EXECUTE|[6]
15:59:40.0 (3170596)|STATEMENT_EXECUTE|[6]
15:59:40.0 (3171937)|STATEMENT_EXECUTE|[7]
15:59:40.0 (3174750)|HEAP_ALLOCATE|[8]|Bytes:84
15:59:40.0 (3433846)|SOQL_EXECUTE_BEGIN|[7]|Aggregations:1|SELECT Id, Name, AccountNumber, (SELECT Id, Name FROM Contacts) FROM Account LIMIT 3
15:59:40.0 (8545504)|SOQL_EXECUTE_END|[7]|Rows:3
15:59:40.0 (8579892)|HEAP_ALLOCATE|[7]|Bytes:16
15:59:40.0 (8610353)|HEAP_ALLOCATE|[7]|Bytes:621
15:59:40.0 (8638769)|HEAP_ALLOCATE|[7]|Bytes:16
15:59:40.0 (8689333)|VARIABLE_ASSIGNMENT|[7]|result|[{"Id":"0011r00001mSXVuAAO","Name":"Edge Communications","AccountNumber":"CD451796","Contacts":[{"AccountId":"0011r00001mSXVuAAO","Id":"0031r000023uSg3AAE","Name":"Rose Gonzalez"},{"AccountId":"0011r00001mSXVuAAO","Id":"0031r000023uSg4AAE","Name":"Sean Forbes"}]},{"Id":"0011r00001mSXVvAAO","Name":"Burlington Textiles  (15 more) ...","AccountNumber":"CD656092","Contacts":[{"AccountId":"0011r00001mSXVvAAO","Id":"0031r000023uSg5AAE","Name":"Jack Rogers"}]},{"Id":"0011r00001mSXVwAAO","Name":"Pyramid Construction (5 more) ...","AccountNumber":"CC213425","Contacts":[{"AccountId":"0011r00001mSXVwAAO","Id":"0031r000023uSg6AAE","Name":"Pat Stumuller"}]}]|0x541731cd
15:59:40.0 (8813463)|HEAP_ALLOCATE|[13]|Bytes:5
15:59:40.0 (8837624)|HEAP_ALLOCATE|[13]|Bytes:20
15:59:40.0 (8846332)|VARIABLE_SCOPE_BEGIN|[13]|objAcc|Account|true|false
15:59:40.0 (8864871)|VARIABLE_ASSIGNMENT|[13]|objAcc|{"Id":"0011r00001mSXVuAAO","Name":"Edge Communications","AccountNumber":"CD451796","Contacts":[{"AccountId":"0011r00001mSXVuAAO","Id":"0031r000023uSg3AAE","Name":"Rose Gonzalez"},{"AccountId":"0011r00001mSXVuAAO","Id":"0031r000023uSg4AAE","Name":"Sean Forbes"}]}|0x4c91a95b
15:59:40.0 (8873611)|STATEMENT_EXECUTE|[14]
15:59:40.0 (8878218)|HEAP_ALLOCATE|[16]|Bytes:8
15:59:40.0 (8882677)|HEAP_ALLOCATE|[16]|Bytes:7
15:59:40.0 (8920363)|HEAP_ALLOCATE|[16]|Bytes:12
15:59:40.0 (9051252)|HEAP_ALLOCATE|[16]|Bytes:54
15:59:40.0 (9059980)|HEAP_ALLOCATE|[16]|Bytes:8
15:59:40.0 (9068028)|SYSTEM_METHOD_ENTRY|[7]|QueryLocatorIterator.QueryLocatorIterator()
15:59:40.0 (9072340)|STATEMENT_EXECUTE|[7]
15:59:40.0 (9079840)|SYSTEM_METHOD_EXIT|[7]|QueryLocatorIterator
15:59:40.0 (9087174)|HEAP_ALLOCATE|[16]|Bytes:28
15:59:40.0 (9123684)|HEAP_ALLOCATE|[16]|Bytes:12
15:59:40.0 (9137390)|HEAP_ALLOCATE|[16]|Bytes:8
15:59:40.0 (9140795)|HEAP_ALLOCATE|[16]|Bytes:8
15:59:40.0 (9144841)|VARIABLE_SCOPE_BEGIN|[15]|this|Database.QueryLocatorIterator|true|false
15:59:40.0 (9167346)|VARIABLE_ASSIGNMENT|[15]|this|{}|0x68af3063
15:59:40.0 (9173274)|VARIABLE_SCOPE_BEGIN|[15]|values|List<SObject>|true|false
15:59:40.0 (9187052)|VARIABLE_ASSIGNMENT|[15]|values|[{"AccountId":"0011r00001mSXVuAAO","Id":"0031r000023uSg3AAE","Name":"Rose Gonzalez"},{"AccountId":"0011r00001mSXVuAAO","Id":"0031r000023uSg4AAE","Name":"Sean Forbes"}]|0x55bede2
15:59:40.0 (9193538)|VARIABLE_SCOPE_BEGIN|[15]|ql|Database.QueryLocator|true|false
15:59:40.0 (9209920)|VARIABLE_ASSIGNMENT|[15]|ql|{}|0x87480c
15:59:40.0 (9215276)|VARIABLE_SCOPE_BEGIN|[15]|totalNumRecords|Integer|false|false
15:59:40.0 (9223768)|VARIABLE_ASSIGNMENT|[15]|totalNumRecords|2
15:59:40.0 (9227674)|VARIABLE_SCOPE_BEGIN|[15]|queryMoreSize|Integer|false|false
15:59:40.0 (9233860)|VARIABLE_ASSIGNMENT|[15]|queryMoreSize|200
15:59:40.0 (9277785)|HEAP_ALLOCATE|[16]|Bytes:28
15:59:40.0 (9295396)|METHOD_ENTRY|[16]||Database.QueryLocatorIterator.hasNext()
15:59:40.0 (9344091)|METHOD_EXIT|[16]||Database.QueryLocatorIterator.hasNext()
15:59:40.0 (9351878)|METHOD_ENTRY|[16]||Database.QueryLocatorIterator.next()
15:59:40.0 (9409746)|METHOD_EXIT|[16]||Database.QueryLocatorIterator.next()
15:59:40.0 (9417473)|VARIABLE_SCOPE_BEGIN|[16]|objCon|Contact|true|false
15:59:40.0 (9430718)|VARIABLE_ASSIGNMENT|[16]|objCon|{"AccountId":"0011r00001mSXVuAAO","Id":"0031r000023uSg3AAE","Name":"Rose Gonzalez"}|0x3efb27d9
15:59:40.0 (9436469)|STATEMENT_EXECUTE|[17]
15:59:40.0 (9438387)|STATEMENT_EXECUTE|[18]
15:59:40.0 (9441898)|HEAP_ALLOCATE|[18]|Bytes:13
15:59:40.0 (9512066)|HEAP_ALLOCATE|[18]|Bytes:81
15:59:40.0 (9530289)|HEAP_ALLOCATE|[18]|Bytes:94
15:59:40.0 (9546435)|USER_DEBUG|[18]|DEBUG|---contact---Contact:{AccountId=0011r00001mSXVuAAO, Id=0031r000023uSg3AAE, Name=Rose Gonzalez}
15:59:40.0 (9557593)|METHOD_ENTRY|[16]||Database.QueryLocatorIterator.hasNext()
15:59:40.0 (9576055)|METHOD_EXIT|[16]||Database.QueryLocatorIterator.hasNext()
15:59:40.0 (9581569)|METHOD_ENTRY|[16]||Database.QueryLocatorIterator.next()
15:59:40.0 (9620800)|METHOD_EXIT|[16]||Database.QueryLocatorIterator.next()
15:59:40.0 (9626813)|VARIABLE_SCOPE_BEGIN|[16]|objCon|Contact|true|false
15:59:40.0 (9639082)|VARIABLE_ASSIGNMENT|[16]|objCon|{"AccountId":"0011r00001mSXVuAAO","Id":"0031r000023uSg4AAE","Name":"Sean Forbes"}|0x48f880df
15:59:40.0 (9644695)|STATEMENT_EXECUTE|[17]
15:59:40.0 (9646093)|STATEMENT_EXECUTE|[18]
15:59:40.0 (9671638)|HEAP_ALLOCATE|[18]|Bytes:79
15:59:40.0 (9683310)|HEAP_ALLOCATE|[18]|Bytes:92
15:59:40.0 (9690164)|USER_DEBUG|[18]|DEBUG|---contact---Contact:{AccountId=0011r00001mSXVuAAO, Id=0031r000023uSg4AAE, Name=Sean Forbes}
15:59:40.0 (9698716)|METHOD_ENTRY|[16]||Database.QueryLocatorIterator.hasNext()
15:59:40.0 (9709733)|METHOD_EXIT|[16]||Database.QueryLocatorIterator.hasNext()
15:59:40.0 (9717221)|VARIABLE_ASSIGNMENT|[16]|objCon|null|
15:59:40.0 (9728972)|HEAP_ALLOCATE|[13]|Bytes:5
15:59:40.0 (9739412)|HEAP_ALLOCATE|[13]|Bytes:20
15:59:40.0 (9744978)|VARIABLE_SCOPE_BEGIN|[13]|objAcc|Account|true|false
15:59:40.0 (9761322)|VARIABLE_ASSIGNMENT|[13]|objAcc|{"Id":"0011r00001mSXVvAAO","Name":"Burlington Textiles  (15 more) ...","AccountNumber":"CD656092","Contacts":[{"AccountId":"0011r00001mSXVvAAO","Id":"0031r000023uSg5AAE","Name":"Jack Rogers"}]}|0x7580615d
15:59:40.0 (9767891)|STATEMENT_EXECUTE|[14]
15:59:40.0 (9783486)|HEAP_ALLOCATE|[16]|Bytes:8
15:59:40.0 (9834827)|HEAP_ALLOCATE|[16]|Bytes:28
15:59:40.0 (9858868)|HEAP_ALLOCATE|[16]|Bytes:8
15:59:40.0 (9869635)|HEAP_ALLOCATE|[16]|Bytes:8
15:59:40.0 (9872920)|HEAP_ALLOCATE|[16]|Bytes:8
15:59:40.0 (9876775)|VARIABLE_SCOPE_BEGIN|[15]|this|Database.QueryLocatorIterator|true|false
15:59:40.0 (9894414)|VARIABLE_ASSIGNMENT|[15]|this|{}|0x64edcbc3
15:59:40.0 (9900043)|VARIABLE_SCOPE_BEGIN|[15]|values|List<SObject>|true|false
15:59:40.0 (9911962)|VARIABLE_ASSIGNMENT|[15]|values|[{"AccountId":"0011r00001mSXVvAAO","Id":"0031r000023uSg5AAE","Name":"Jack Rogers"}]|0x6e2646d8
15:59:40.0 (9917026)|VARIABLE_SCOPE_BEGIN|[15]|ql|Database.QueryLocator|true|false
15:59:40.0 (9927774)|VARIABLE_ASSIGNMENT|[15]|ql|{}|0x1d9e5ee7
15:59:40.0 (9932863)|VARIABLE_SCOPE_BEGIN|[15]|totalNumRecords|Integer|false|false
15:59:40.0 (9939695)|VARIABLE_ASSIGNMENT|[15]|totalNumRecords|1
15:59:40.0 (9943333)|VARIABLE_SCOPE_BEGIN|[15]|queryMoreSize|Integer|false|false
15:59:40.0 (9949343)|VARIABLE_ASSIGNMENT|[15]|queryMoreSize|200
15:59:40.0 (9982252)|HEAP_ALLOCATE|[16]|Bytes:28
15:59:40.0 (9993487)|METHOD_ENTRY|[16]||Database.QueryLocatorIterator.hasNext()
15:59:40.0 (10010683)|METHOD_EXIT|[16]||Database.QueryLocatorIterator.hasNext()
15:59:40.0 (10016468)|METHOD_ENTRY|[16]||Database.QueryLocatorIterator.next()
15:59:40.0 (10062425)|METHOD_EXIT|[16]||Database.QueryLocatorIterator.next()
15:59:40.0 (10068922)|VARIABLE_SCOPE_BEGIN|[16]|objCon|Contact|true|false
15:59:40.0 (10080729)|VARIABLE_ASSIGNMENT|[16]|objCon|{"AccountId":"0011r00001mSXVvAAO","Id":"0031r000023uSg5AAE","Name":"Jack Rogers"}|0x295c290a
15:59:40.0 (10086530)|STATEMENT_EXECUTE|[17]
15:59:40.0 (10088108)|STATEMENT_EXECUTE|[18]
15:59:40.0 (10119850)|HEAP_ALLOCATE|[18]|Bytes:79
15:59:40.0 (10132850)|HEAP_ALLOCATE|[18]|Bytes:92
15:59:40.0 (10140943)|USER_DEBUG|[18]|DEBUG|---contact---Contact:{AccountId=0011r00001mSXVvAAO, Id=0031r000023uSg5AAE, Name=Jack Rogers}
15:59:40.0 (10150058)|METHOD_ENTRY|[16]||Database.QueryLocatorIterator.hasNext()
15:59:40.0 (10160512)|METHOD_EXIT|[16]||Database.QueryLocatorIterator.hasNext()
15:59:40.0 (10167193)|VARIABLE_ASSIGNMENT|[16]|objCon|null|
15:59:40.0 (10177783)|HEAP_ALLOCATE|[13]|Bytes:5
15:59:40.0 (10187838)|HEAP_ALLOCATE|[13]|Bytes:20
15:59:40.0 (10193015)|VARIABLE_SCOPE_BEGIN|[13]|objAcc|Account|true|false
15:59:40.0 (10209212)|VARIABLE_ASSIGNMENT|[13]|objAcc|{"Id":"0011r00001mSXVwAAO","Name":"Pyramid Construction (5 more) ...","AccountNumber":"CC213425","Contacts":[{"AccountId":"0011r00001mSXVwAAO","Id":"0031r000023uSg6AAE","Name":"Pat Stumuller"}]}|0x1fcc7018
15:59:40.0 (10215548)|STATEMENT_EXECUTE|[14]
15:59:40.0 (10229992)|HEAP_ALLOCATE|[16]|Bytes:8
15:59:40.0 (10277911)|HEAP_ALLOCATE|[16]|Bytes:28
15:59:40.0 (10300629)|HEAP_ALLOCATE|[16]|Bytes:8
15:59:40.0 (10310888)|HEAP_ALLOCATE|[16]|Bytes:8
15:59:40.0 (10314271)|HEAP_ALLOCATE|[16]|Bytes:8
15:59:40.0 (10317839)|VARIABLE_SCOPE_BEGIN|[15]|this|Database.QueryLocatorIterator|true|false
15:59:40.0 (10334248)|VARIABLE_ASSIGNMENT|[15]|this|{}|0x42283376
15:59:40.0 (10339980)|VARIABLE_SCOPE_BEGIN|[15]|values|List<SObject>|true|false
15:59:40.0 (10351949)|VARIABLE_ASSIGNMENT|[15]|values|[{"AccountId":"0011r00001mSXVwAAO","Id":"0031r000023uSg6AAE","Name":"Pat Stumuller"}]|0x48914b23
15:59:40.0 (10356546)|VARIABLE_SCOPE_BEGIN|[15]|ql|Database.QueryLocator|true|false
15:59:40.0 (10367447)|VARIABLE_ASSIGNMENT|[15]|ql|{}|0x145dc46f
15:59:40.0 (10372173)|VARIABLE_SCOPE_BEGIN|[15]|totalNumRecords|Integer|false|false
15:59:40.0 (10379076)|VARIABLE_ASSIGNMENT|[15]|totalNumRecords|1
15:59:40.0 (10382671)|VARIABLE_SCOPE_BEGIN|[15]|queryMoreSize|Integer|false|false
15:59:40.0 (10388729)|VARIABLE_ASSIGNMENT|[15]|queryMoreSize|200
15:59:40.0 (10422143)|HEAP_ALLOCATE|[16]|Bytes:28
15:59:40.0 (10432609)|METHOD_ENTRY|[16]||Database.QueryLocatorIterator.hasNext()
15:59:40.0 (10449870)|METHOD_EXIT|[16]||Database.QueryLocatorIterator.hasNext()
15:59:40.0 (10454668)|METHOD_ENTRY|[16]||Database.QueryLocatorIterator.next()
15:59:40.0 (10495619)|METHOD_EXIT|[16]||Database.QueryLocatorIterator.next()
15:59:40.0 (10501695)|VARIABLE_SCOPE_BEGIN|[16]|objCon|Contact|true|false
15:59:40.0 (10513477)|VARIABLE_ASSIGNMENT|[16]|objCon|{"AccountId":"0011r00001mSXVwAAO","Id":"0031r000023uSg6AAE","Name":"Pat Stumuller"}|0x41bb14c2
15:59:40.0 (10518828)|STATEMENT_EXECUTE|[17]
15:59:40.0 (10520401)|STATEMENT_EXECUTE|[18]
15:59:40.0 (10551028)|HEAP_ALLOCATE|[18]|Bytes:81
15:59:40.0 (10563763)|HEAP_ALLOCATE|[18]|Bytes:94
15:59:40.0 (10571429)|USER_DEBUG|[18]|DEBUG|---contact---Contact:{AccountId=0011r00001mSXVwAAO, Id=0031r000023uSg6AAE, Name=Pat Stumuller}
15:59:40.0 (10580577)|METHOD_ENTRY|[16]||Database.QueryLocatorIterator.hasNext()
15:59:40.0 (10591501)|METHOD_EXIT|[16]||Database.QueryLocatorIterator.hasNext()
15:59:40.0 (10598406)|VARIABLE_ASSIGNMENT|[16]|objCon|null|
15:59:40.0 (10608841)|HEAP_ALLOCATE|[13]|Bytes:5
15:59:40.0 (10617623)|VARIABLE_ASSIGNMENT|[13]|objAcc|null|
15:59:40.0 (10621824)|STATEMENT_EXECUTE|[23]
15:59:40.0 (10683502)|USER_DEBUG|[23]|DEBUG|(Account:{Id=0011r00001mSXVuAAO, Name=Edge Communications, AccountNumber=CD451796}, Account:{Id=0011r00001mSXVvAAO, Name=Burlington Textiles Corp of America, AccountNumber=CD656092}, Account:{Id=0011r00001mSXVwAAO, Name=Pyramid Construction Inc., AccountNumber=CC213425})
15:59:40.0 (10695813)|STATEMENT_EXECUTE|[29]
15:59:40.0 (10699821)|SYSTEM_MODE_EXIT|false
15:59:40.0 (18660112)|VF_SERIALIZE_VIEWSTATE_BEGIN|0661r0000024L7D
15:59:40.0 (20136941)|VF_SERIALIZE_VIEWSTATE_END
15:59:40.33 (33045983)|CUMULATIVE_LIMIT_USAGE
15:59:40.33 (33045983)|LIMIT_USAGE_FOR_NS|(default)|
  Number of SOQL queries: 1 out of 100
  Number of query rows: 7 out of 50000
  Number of SOSL queries: 0 out of 20
  Number of DML statements: 0 out of 150
  Number of DML rows: 0 out of 10000
  Maximum CPU time: 0 out of 10000
  Maximum heap size: 0 out of 6000000
  Number of callouts: 0 out of 100
  Number of Email Invocations: 0 out of 10
  Number of future calls: 0 out of 50
  Number of queueable jobs added to the queue: 0 out of 50
  Number of Mobile Apex push calls: 0 out of 10

15:59:40.33 (33045983)|CUMULATIVE_LIMIT_USAGE_END

15:59:40.0 (33083642)|CODE_UNIT_FINISHED|VF: /apex/VforceApp
15:59:40.0 (33869583)|EXECUTION_FINISHED
