42.0 APEX_CODE,FINEST;APEX_PROFILING,INFO;CALLOUT,INFO;DB,INFO;SYSTEM,DEBUG;VALIDATION,INFO;VISUALFORCE,INFO;WAVE,INFO;WORKFLOW,INFO
14:54:21.0 (314504)|USER_INFO|[EXTERNAL]|0051r000007nKPL|assh4884@cunning-goat-277018.com|Greenwich Mean Time|GMT+01:00
14:54:21.0 (358252)|EXECUTION_STARTED
14:54:21.0 (362432)|CODE_UNIT_STARTED|[EXTERNAL]|0661r0000024L7D|VF: /apex/VforceApp
14:54:21.0 (5849546)|SYSTEM_MODE_ENTER|true
14:54:21.0 (6140749)|HEAP_ALLOCATE|[72]|Bytes:3
14:54:21.0 (6180063)|HEAP_ALLOCATE|[77]|Bytes:152
14:54:21.0 (6194832)|HEAP_ALLOCATE|[342]|Bytes:408
14:54:21.0 (6207864)|HEAP_ALLOCATE|[355]|Bytes:408
14:54:21.0 (6218811)|HEAP_ALLOCATE|[467]|Bytes:48
14:54:21.0 (6244880)|HEAP_ALLOCATE|[139]|Bytes:6
14:54:21.0 (6257888)|HEAP_ALLOCATE|[EXTERNAL]|Bytes:1
14:54:21.0 (6262509)|HEAP_ALLOCATE|[EXTERNAL]|Bytes:2
14:54:21.0 (6270700)|METHOD_ENTRY|[1]|01p1r000008Onze|VforceAppController.VforceAppController()
14:54:21.0 (6276199)|STATEMENT_EXECUTE|[1]
14:54:21.0 (6279619)|STATEMENT_EXECUTE|[1]
14:54:21.0 (6307679)|HEAP_ALLOCATE|[50]|Bytes:5
14:54:21.0 (6326042)|HEAP_ALLOCATE|[56]|Bytes:5
14:54:21.0 (6332228)|HEAP_ALLOCATE|[64]|Bytes:7
14:54:21.0 (6349135)|SYSTEM_MODE_ENTER|false
14:54:21.0 (6358880)|HEAP_ALLOCATE|[EXTERNAL]|Bytes:5
14:54:21.0 (6365593)|SYSTEM_MODE_EXIT|false
14:54:21.0 (6374054)|METHOD_EXIT|[1]|VforceAppController
14:54:21.0 (6386652)|HEAP_ALLOCATE|[EXTERNAL]|Bytes:4
14:54:21.0 (6394093)|VARIABLE_SCOPE_BEGIN|[1]|this|VforceAppController|true|false
14:54:21.0 (6432243)|VARIABLE_ASSIGNMENT|[1]|this|{}|0x386a87e0
14:54:21.0 (6444399)|SYSTEM_MODE_ENTER|false
14:54:21.0 (6449747)|HEAP_ALLOCATE|[EXTERNAL]|Bytes:5
14:54:21.0 (6456387)|HEAP_ALLOCATE|[EXTERNAL]|Bytes:6
14:54:21.0 (6485095)|SYSTEM_MODE_EXIT|false
14:54:21.0 (6489937)|STATEMENT_EXECUTE|[1]
14:54:21.0 (6495344)|SYSTEM_MODE_ENTER|false
14:54:21.0 (6499316)|HEAP_ALLOCATE|[EXTERNAL]|Bytes:5
14:54:21.0 (6502954)|SYSTEM_MODE_EXIT|false
14:54:21.0 (6551317)|SYSTEM_MODE_ENTER|true
14:54:21.0 (6598417)|HEAP_ALLOCATE|[EXTERNAL]|Bytes:4
14:54:21.0 (6606062)|VARIABLE_SCOPE_BEGIN|[3]|this|VforceAppController|true|false
14:54:21.0 (6619000)|VARIABLE_ASSIGNMENT|[3]|this|{}|0x386a87e0
14:54:21.0 (6633184)|SYSTEM_MODE_ENTER|false
14:54:21.0 (6638407)|HEAP_ALLOCATE|[4]|Bytes:5
14:54:21.0 (6642009)|STATEMENT_EXECUTE|[3]
14:54:21.0 (6643444)|STATEMENT_EXECUTE|[4]
14:54:21.0 (6666676)|HEAP_ALLOCATE|[4]|Bytes:4
14:54:21.0 (6801584)|VARIABLE_SCOPE_BEGIN|[4]|result|List<Account>|true|false
14:54:21.0 (6813085)|HEAP_ALLOCATE|[EXTERNAL]|Bytes:4
14:54:21.0 (6824253)|VARIABLE_ASSIGNMENT|[4]|result|[]|0x6b82422e
14:54:21.0 (6831790)|STATEMENT_EXECUTE|[5]
14:54:21.0 (6833188)|STATEMENT_EXECUTE|[5]
14:54:21.0 (6834358)|STATEMENT_EXECUTE|[6]
14:54:21.0 (6837373)|HEAP_ALLOCATE|[7]|Bytes:52
14:54:21.0 (7679728)|SOQL_EXECUTE_BEGIN|[6]|Aggregations:0|SELECT Id, Name, AccountNumber FROM Account LIMIT 10
14:54:21.0 (10797877)|SOQL_EXECUTE_END|[6]|Rows:10
14:54:21.0 (10826666)|HEAP_ALLOCATE|[6]|Bytes:44
14:54:21.0 (10857541)|HEAP_ALLOCATE|[6]|Bytes:863
14:54:21.0 (10890210)|HEAP_ALLOCATE|[6]|Bytes:44
14:54:21.0 (10942204)|VARIABLE_ASSIGNMENT|[6]|result|"List of size 10 too large to display"|0xd0ef011
14:54:21.0 (10950009)|STATEMENT_EXECUTE|[14]
14:54:21.0 (10953895)|SYSTEM_MODE_EXIT|false
14:54:21.0 (21142929)|VF_SERIALIZE_VIEWSTATE_BEGIN|0661r0000024L7D
14:54:21.0 (22703381)|VF_SERIALIZE_VIEWSTATE_END
14:54:21.36 (36365429)|CUMULATIVE_LIMIT_USAGE
14:54:21.36 (36365429)|LIMIT_USAGE_FOR_NS|(default)|
  Number of SOQL queries: 1 out of 100
  Number of query rows: 10 out of 50000
  Number of SOSL queries: 0 out of 20
  Number of DML statements: 0 out of 150
  Number of DML rows: 0 out of 10000
  Maximum CPU time: 0 out of 10000
  Maximum heap size: 0 out of 6000000
  Number of callouts: 0 out of 100
  Number of Email Invocations: 0 out of 10
  Number of future calls: 0 out of 50
  Number of queueable jobs added to the queue: 0 out of 50
  Number of Mobile Apex push calls: 0 out of 10

14:54:21.36 (36365429)|CUMULATIVE_LIMIT_USAGE_END

14:54:21.0 (36402383)|CODE_UNIT_FINISHED|VF: /apex/VforceApp
14:54:21.0 (37161532)|EXECUTION_FINISHED
