42.0 APEX_CODE,FINEST;APEX_PROFILING,INFO;CALLOUT,INFO;DB,INFO;SYSTEM,DEBUG;VALIDATION,INFO;VISUALFORCE,INFO;WAVE,INFO;WORKFLOW,INFO
13:02:27.0 (441858)|USER_INFO|[EXTERNAL]|0051r000007nKPL|assh4884@cunning-goat-277018.com|Greenwich Mean Time|GMT+01:00
13:02:27.0 (485622)|EXECUTION_STARTED
13:02:27.0 (489586)|CODE_UNIT_STARTED|[EXTERNAL]|0661r0000024Ibb|VF: /apex/testVisualforce
13:02:27.0 (976978)|VF_DESERIALIZE_VIEWSTATE_BEGIN|0661r0000024Ibb
13:02:27.0 (12888136)|VF_DESERIALIZE_VIEWSTATE_END
13:02:27.0 (77761474)|VF_SERIALIZE_VIEWSTATE_BEGIN|0661r0000024Ibb
13:02:27.0 (85545603)|VF_SERIALIZE_VIEWSTATE_END
13:02:27.0 (87080598)|CODE_UNIT_STARTED|[EXTERNAL]|Generate Metadata
13:02:27.0 (87521051)|CODE_UNIT_FINISHED|Generate Metadata
13:02:27.101 (101240363)|CUMULATIVE_LIMIT_USAGE
13:02:27.101 (101240363)|LIMIT_USAGE_FOR_NS|(default)|
  Number of SOQL queries: 0 out of 100
  Number of query rows: 20 out of 50000
  Number of SOSL queries: 0 out of 20
  Number of DML statements: 0 out of 150
  Number of DML rows: 0 out of 10000
  Maximum CPU time: 0 out of 10000
  Maximum heap size: 0 out of 6000000
  Number of callouts: 0 out of 100
  Number of Email Invocations: 0 out of 10
  Number of future calls: 0 out of 50
  Number of queueable jobs added to the queue: 0 out of 50
  Number of Mobile Apex push calls: 0 out of 10

13:02:27.101 (101240363)|CUMULATIVE_LIMIT_USAGE_END

13:02:27.0 (101295131)|CODE_UNIT_FINISHED|VF: /apex/testVisualforce
13:02:27.0 (102446000)|EXECUTION_FINISHED
