42.0 APEX_CODE,FINEST;APEX_PROFILING,INFO;CALLOUT,INFO;DB,INFO;SYSTEM,DEBUG;VALIDATION,INFO;VISUALFORCE,INFO;WAVE,INFO;WORKFLOW,INFO
14:54:16.0 (324161)|USER_INFO|[EXTERNAL]|0051r000007nKPL|assh4884@cunning-goat-277018.com|Greenwich Mean Time|GMT+01:00
14:54:16.0 (366201)|EXECUTION_STARTED
14:54:16.0 (370529)|CODE_UNIT_STARTED|[EXTERNAL]|0661r0000024L7D|VF: /apex/VforceApp
14:54:16.0 (1994658)|SYSTEM_MODE_ENTER|true
14:54:16.0 (2498656)|HEAP_ALLOCATE|[72]|Bytes:3
14:54:16.0 (2555814)|HEAP_ALLOCATE|[77]|Bytes:152
14:54:16.0 (2573425)|HEAP_ALLOCATE|[342]|Bytes:408
14:54:16.0 (2586090)|HEAP_ALLOCATE|[355]|Bytes:408
14:54:16.0 (2597401)|HEAP_ALLOCATE|[467]|Bytes:48
14:54:16.0 (2622726)|HEAP_ALLOCATE|[139]|Bytes:6
14:54:16.0 (2637479)|HEAP_ALLOCATE|[EXTERNAL]|Bytes:1
14:54:16.0 (2661020)|HEAP_ALLOCATE|[EXTERNAL]|Bytes:2
14:54:16.0 (2705759)|METHOD_ENTRY|[1]|01p1r000008Onze|VforceAppController.VforceAppController()
14:54:16.0 (2712824)|STATEMENT_EXECUTE|[1]
14:54:16.0 (2716319)|STATEMENT_EXECUTE|[1]
14:54:16.0 (2750294)|HEAP_ALLOCATE|[50]|Bytes:5
14:54:16.0 (2767864)|HEAP_ALLOCATE|[56]|Bytes:5
14:54:16.0 (2774552)|HEAP_ALLOCATE|[64]|Bytes:7
14:54:16.0 (2795168)|SYSTEM_MODE_ENTER|false
14:54:16.0 (2806792)|HEAP_ALLOCATE|[EXTERNAL]|Bytes:5
14:54:16.0 (2812763)|SYSTEM_MODE_EXIT|false
14:54:16.0 (2832467)|METHOD_EXIT|[1]|VforceAppController
14:54:16.0 (2845666)|HEAP_ALLOCATE|[EXTERNAL]|Bytes:4
14:54:16.0 (2873088)|VARIABLE_SCOPE_BEGIN|[1]|this|VforceAppController|true|false
14:54:16.0 (2923285)|VARIABLE_ASSIGNMENT|[1]|this|{}|0x5f7ebf4e
14:54:16.0 (2939128)|SYSTEM_MODE_ENTER|false
14:54:16.0 (2945796)|HEAP_ALLOCATE|[EXTERNAL]|Bytes:5
14:54:16.0 (2954151)|HEAP_ALLOCATE|[EXTERNAL]|Bytes:6
14:54:16.0 (2983436)|SYSTEM_MODE_EXIT|false
14:54:16.0 (2988782)|STATEMENT_EXECUTE|[1]
14:54:16.0 (2995143)|SYSTEM_MODE_ENTER|false
14:54:16.0 (2999632)|HEAP_ALLOCATE|[EXTERNAL]|Bytes:5
14:54:16.0 (3003254)|SYSTEM_MODE_EXIT|false
14:54:16.0 (3045224)|SYSTEM_MODE_ENTER|true
14:54:16.0 (3086616)|HEAP_ALLOCATE|[EXTERNAL]|Bytes:4
14:54:16.0 (3146242)|VARIABLE_SCOPE_BEGIN|[3]|this|VforceAppController|true|false
14:54:16.0 (3161627)|VARIABLE_ASSIGNMENT|[3]|this|{}|0x5f7ebf4e
14:54:16.0 (3178751)|SYSTEM_MODE_ENTER|false
14:54:16.0 (3184227)|HEAP_ALLOCATE|[4]|Bytes:5
14:54:16.0 (3188661)|STATEMENT_EXECUTE|[3]
14:54:16.0 (3190237)|STATEMENT_EXECUTE|[4]
14:54:16.0 (3214285)|HEAP_ALLOCATE|[4]|Bytes:4
14:54:16.0 (3323598)|VARIABLE_SCOPE_BEGIN|[4]|result|List<Account>|true|false
14:54:16.0 (3335612)|HEAP_ALLOCATE|[EXTERNAL]|Bytes:4
14:54:16.0 (3346681)|VARIABLE_ASSIGNMENT|[4]|result|[]|0x2af71487
14:54:16.0 (3352412)|STATEMENT_EXECUTE|[5]
14:54:16.0 (3353703)|STATEMENT_EXECUTE|[5]
14:54:16.0 (3354883)|STATEMENT_EXECUTE|[6]
14:54:16.0 (3358170)|HEAP_ALLOCATE|[7]|Bytes:52
14:54:16.0 (3600950)|SOQL_EXECUTE_BEGIN|[6]|Aggregations:0|SELECT Id, Name, AccountNumber FROM Account LIMIT 10
14:54:16.0 (10415693)|SOQL_EXECUTE_END|[6]|Rows:10
14:54:16.0 (10437109)|HEAP_ALLOCATE|[6]|Bytes:44
14:54:16.0 (10468007)|HEAP_ALLOCATE|[6]|Bytes:863
14:54:16.0 (10497718)|HEAP_ALLOCATE|[6]|Bytes:44
14:54:16.0 (10555412)|VARIABLE_ASSIGNMENT|[6]|result|"List of size 10 too large to display"|0x3c30bb8b
14:54:16.0 (10563889)|STATEMENT_EXECUTE|[14]
14:54:16.0 (10568019)|SYSTEM_MODE_EXIT|false
14:54:16.0 (17565261)|VF_SERIALIZE_VIEWSTATE_BEGIN|0661r0000024L7D
14:54:16.0 (26620616)|VF_SERIALIZE_VIEWSTATE_END
14:54:16.39 (39711559)|CUMULATIVE_LIMIT_USAGE
14:54:16.39 (39711559)|LIMIT_USAGE_FOR_NS|(default)|
  Number of SOQL queries: 1 out of 100
  Number of query rows: 10 out of 50000
  Number of SOSL queries: 0 out of 20
  Number of DML statements: 0 out of 150
  Number of DML rows: 0 out of 10000
  Maximum CPU time: 0 out of 10000
  Maximum heap size: 0 out of 6000000
  Number of callouts: 0 out of 100
  Number of Email Invocations: 0 out of 10
  Number of future calls: 0 out of 50
  Number of queueable jobs added to the queue: 0 out of 50
  Number of Mobile Apex push calls: 0 out of 10

14:54:16.39 (39711559)|CUMULATIVE_LIMIT_USAGE_END

14:54:16.0 (39750860)|CODE_UNIT_FINISHED|VF: /apex/VforceApp
14:54:16.0 (40511738)|EXECUTION_FINISHED
