42.0 APEX_CODE,FINEST;APEX_PROFILING,INFO;CALLOUT,INFO;DB,INFO;SYSTEM,DEBUG;VALIDATION,INFO;VISUALFORCE,INFO;WAVE,INFO;WORKFLOW,INFO
15:53:41.0 (503119)|USER_INFO|[EXTERNAL]|0051r000007nKPL|assh4884@cunning-goat-277018.com|Greenwich Mean Time|GMT+01:00
15:53:41.0 (553591)|EXECUTION_STARTED
15:53:41.0 (560068)|CODE_UNIT_STARTED|[EXTERNAL]|0661r0000024L7D|VF: /apex/VforceApp
15:53:41.0 (2323561)|SYSTEM_MODE_ENTER|true
15:53:41.0 (2666074)|HEAP_ALLOCATE|[72]|Bytes:3
15:53:41.0 (2709506)|HEAP_ALLOCATE|[77]|Bytes:152
15:53:41.0 (2722800)|HEAP_ALLOCATE|[342]|Bytes:408
15:53:41.0 (2734321)|HEAP_ALLOCATE|[355]|Bytes:408
15:53:41.0 (2744660)|HEAP_ALLOCATE|[467]|Bytes:48
15:53:41.0 (2772033)|HEAP_ALLOCATE|[139]|Bytes:6
15:53:41.0 (2787796)|HEAP_ALLOCATE|[EXTERNAL]|Bytes:1
15:53:41.0 (2792465)|HEAP_ALLOCATE|[EXTERNAL]|Bytes:11
15:53:41.0 (2818876)|METHOD_ENTRY|[1]|01p1r000008Onze|VforceAppController.VforceAppController()
15:53:41.0 (2826340)|STATEMENT_EXECUTE|[1]
15:53:41.0 (2830472)|STATEMENT_EXECUTE|[1]
15:53:41.0 (2859540)|HEAP_ALLOCATE|[50]|Bytes:5
15:53:41.0 (2883309)|HEAP_ALLOCATE|[56]|Bytes:5
15:53:41.0 (2889918)|HEAP_ALLOCATE|[64]|Bytes:7
15:53:41.0 (2908715)|SYSTEM_MODE_ENTER|false
15:53:41.0 (2923198)|HEAP_ALLOCATE|[EXTERNAL]|Bytes:5
15:53:41.0 (2930303)|SYSTEM_MODE_EXIT|false
15:53:41.0 (2938303)|METHOD_EXIT|[1]|VforceAppController
15:53:41.0 (2951570)|HEAP_ALLOCATE|[EXTERNAL]|Bytes:4
15:53:41.0 (2980337)|VARIABLE_SCOPE_BEGIN|[1]|this|VforceAppController|true|false
15:53:41.0 (3023926)|VARIABLE_ASSIGNMENT|[1]|this|{}|0x1798046f
15:53:41.0 (3038769)|SYSTEM_MODE_ENTER|false
15:53:41.0 (3044416)|HEAP_ALLOCATE|[EXTERNAL]|Bytes:5
15:53:41.0 (3051781)|HEAP_ALLOCATE|[EXTERNAL]|Bytes:6
15:53:41.0 (3082207)|SYSTEM_MODE_EXIT|false
15:53:41.0 (3087464)|STATEMENT_EXECUTE|[1]
15:53:41.0 (3093083)|SYSTEM_MODE_ENTER|false
15:53:41.0 (3097537)|HEAP_ALLOCATE|[EXTERNAL]|Bytes:5
15:53:41.0 (3101547)|SYSTEM_MODE_EXIT|false
15:53:41.0 (3150762)|SYSTEM_MODE_ENTER|true
15:53:41.0 (3199375)|HEAP_ALLOCATE|[EXTERNAL]|Bytes:4
15:53:41.0 (3298887)|VARIABLE_SCOPE_BEGIN|[3]|this|VforceAppController|true|false
15:53:41.0 (3314470)|VARIABLE_ASSIGNMENT|[3]|this|{}|0x1798046f
15:53:41.0 (3330484)|SYSTEM_MODE_ENTER|false
15:53:41.0 (3336265)|HEAP_ALLOCATE|[4]|Bytes:5
15:53:41.0 (3340570)|STATEMENT_EXECUTE|[3]
15:53:41.0 (3342126)|STATEMENT_EXECUTE|[4]
15:53:41.0 (3371712)|HEAP_ALLOCATE|[4]|Bytes:4
15:53:41.0 (3444796)|VARIABLE_SCOPE_BEGIN|[4]|result|List<Account>|true|false
15:53:41.0 (3459490)|HEAP_ALLOCATE|[EXTERNAL]|Bytes:4
15:53:41.0 (3470312)|VARIABLE_ASSIGNMENT|[4]|result|[]|0x2621b200
15:53:41.0 (3475545)|STATEMENT_EXECUTE|[6]
15:53:41.0 (3476982)|STATEMENT_EXECUTE|[6]
15:53:41.0 (3478565)|STATEMENT_EXECUTE|[7]
15:53:41.0 (3481544)|HEAP_ALLOCATE|[8]|Bytes:84
15:53:41.0 (3780556)|SOQL_EXECUTE_BEGIN|[7]|Aggregations:1|SELECT Id, Name, AccountNumber, (SELECT Id, Name FROM Contacts) FROM Account LIMIT 3
15:53:41.0 (8929028)|SOQL_EXECUTE_END|[7]|Rows:3
15:53:41.0 (8957120)|HEAP_ALLOCATE|[7]|Bytes:16
15:53:41.0 (8988710)|HEAP_ALLOCATE|[7]|Bytes:621
15:53:41.0 (9025981)|HEAP_ALLOCATE|[7]|Bytes:16
15:53:41.0 (9078399)|VARIABLE_ASSIGNMENT|[7]|result|[{"Id":"0011r00001mSXVuAAO","Name":"Edge Communications","AccountNumber":"CD451796","Contacts":[{"AccountId":"0011r00001mSXVuAAO","Id":"0031r000023uSg3AAE","Name":"Rose Gonzalez"},{"AccountId":"0011r00001mSXVuAAO","Id":"0031r000023uSg4AAE","Name":"Sean Forbes"}]},{"Id":"0011r00001mSXVvAAO","Name":"Burlington Textiles  (15 more) ...","AccountNumber":"CD656092","Contacts":[{"AccountId":"0011r00001mSXVvAAO","Id":"0031r000023uSg5AAE","Name":"Jack Rogers"}]},{"Id":"0011r00001mSXVwAAO","Name":"Pyramid Construction (5 more) ...","AccountNumber":"CC213425","Contacts":[{"AccountId":"0011r00001mSXVwAAO","Id":"0031r000023uSg6AAE","Name":"Pat Stumuller"}]}]|0x64d483a3
15:53:41.0 (9251377)|HEAP_ALLOCATE|[13]|Bytes:5
15:53:41.0 (9272911)|HEAP_ALLOCATE|[13]|Bytes:20
15:53:41.0 (9283223)|VARIABLE_SCOPE_BEGIN|[13]|objAcc|Account|true|false
15:53:41.0 (9302364)|VARIABLE_ASSIGNMENT|[13]|objAcc|{"Id":"0011r00001mSXVuAAO","Name":"Edge Communications","AccountNumber":"CD451796","Contacts":[{"AccountId":"0011r00001mSXVuAAO","Id":"0031r000023uSg3AAE","Name":"Rose Gonzalez"},{"AccountId":"0011r00001mSXVuAAO","Id":"0031r000023uSg4AAE","Name":"Sean Forbes"}]}|0x39844852
15:53:41.0 (9310583)|STATEMENT_EXECUTE|[14]
15:53:41.0 (9314871)|HEAP_ALLOCATE|[16]|Bytes:8
15:53:41.0 (9318973)|HEAP_ALLOCATE|[16]|Bytes:7
15:53:41.0 (9355749)|HEAP_ALLOCATE|[16]|Bytes:12
15:53:41.0 (9484027)|HEAP_ALLOCATE|[16]|Bytes:54
15:53:41.0 (9491116)|HEAP_ALLOCATE|[16]|Bytes:8
15:53:41.0 (9499814)|SYSTEM_METHOD_ENTRY|[7]|QueryLocatorIterator.QueryLocatorIterator()
15:53:41.0 (9504024)|STATEMENT_EXECUTE|[7]
15:53:41.0 (9510601)|SYSTEM_METHOD_EXIT|[7]|QueryLocatorIterator
15:53:41.0 (9517591)|HEAP_ALLOCATE|[16]|Bytes:28
15:53:41.0 (9558090)|HEAP_ALLOCATE|[16]|Bytes:12
15:53:41.0 (9572705)|HEAP_ALLOCATE|[16]|Bytes:8
15:53:41.0 (9576202)|HEAP_ALLOCATE|[16]|Bytes:8
15:53:41.0 (9580489)|VARIABLE_SCOPE_BEGIN|[15]|this|Database.QueryLocatorIterator|true|false
15:53:41.0 (9634228)|VARIABLE_ASSIGNMENT|[15]|this|{}|0x5b87e2a
15:53:41.0 (9641176)|VARIABLE_SCOPE_BEGIN|[15]|values|List<SObject>|true|false
15:53:41.0 (9655728)|VARIABLE_ASSIGNMENT|[15]|values|[{"AccountId":"0011r00001mSXVuAAO","Id":"0031r000023uSg3AAE","Name":"Rose Gonzalez"},{"AccountId":"0011r00001mSXVuAAO","Id":"0031r000023uSg4AAE","Name":"Sean Forbes"}]|0x45312ca5
15:53:41.0 (9661857)|VARIABLE_SCOPE_BEGIN|[15]|ql|Database.QueryLocator|true|false
15:53:41.0 (9678083)|VARIABLE_ASSIGNMENT|[15]|ql|{}|0xcc75a87
15:53:41.0 (9682780)|VARIABLE_SCOPE_BEGIN|[15]|totalNumRecords|Integer|false|false
15:53:41.0 (9691129)|VARIABLE_ASSIGNMENT|[15]|totalNumRecords|2
15:53:41.0 (9695482)|VARIABLE_SCOPE_BEGIN|[15]|queryMoreSize|Integer|false|false
15:53:41.0 (9702003)|VARIABLE_ASSIGNMENT|[15]|queryMoreSize|200
15:53:41.0 (9750107)|HEAP_ALLOCATE|[16]|Bytes:28
15:53:41.0 (9768845)|METHOD_ENTRY|[16]||Database.QueryLocatorIterator.hasNext()
15:53:41.0 (9851936)|METHOD_EXIT|[16]||Database.QueryLocatorIterator.hasNext()
15:53:41.0 (9860737)|METHOD_ENTRY|[16]||Database.QueryLocatorIterator.next()
15:53:41.0 (9922263)|METHOD_EXIT|[16]||Database.QueryLocatorIterator.next()
15:53:41.0 (9930189)|VARIABLE_SCOPE_BEGIN|[16]|objCon|Contact|true|false
15:53:41.0 (9944027)|VARIABLE_ASSIGNMENT|[16]|objCon|{"AccountId":"0011r00001mSXVuAAO","Id":"0031r000023uSg3AAE","Name":"Rose Gonzalez"}|0x21f102fb
15:53:41.0 (9949878)|STATEMENT_EXECUTE|[17]
15:53:41.0 (9951835)|STATEMENT_EXECUTE|[18]
15:53:41.0 (9955499)|HEAP_ALLOCATE|[18]|Bytes:13
15:53:41.0 (10036364)|HEAP_ALLOCATE|[18]|Bytes:81
15:53:41.0 (10057830)|HEAP_ALLOCATE|[18]|Bytes:94
15:53:41.0 (10077722)|USER_DEBUG|[18]|DEBUG|---contact---Contact:{AccountId=0011r00001mSXVuAAO, Id=0031r000023uSg3AAE, Name=Rose Gonzalez}
15:53:41.0 (10088224)|METHOD_ENTRY|[16]||Database.QueryLocatorIterator.hasNext()
15:53:41.0 (10106373)|METHOD_EXIT|[16]||Database.QueryLocatorIterator.hasNext()
15:53:41.0 (10115812)|METHOD_ENTRY|[16]||Database.QueryLocatorIterator.next()
15:53:41.0 (10157873)|METHOD_EXIT|[16]||Database.QueryLocatorIterator.next()
15:53:41.0 (10164462)|VARIABLE_SCOPE_BEGIN|[16]|objCon|Contact|true|false
15:53:41.0 (10178093)|VARIABLE_ASSIGNMENT|[16]|objCon|{"AccountId":"0011r00001mSXVuAAO","Id":"0031r000023uSg4AAE","Name":"Sean Forbes"}|0x524c3236
15:53:41.0 (10183553)|STATEMENT_EXECUTE|[17]
15:53:41.0 (10185223)|STATEMENT_EXECUTE|[18]
15:53:41.0 (10211223)|HEAP_ALLOCATE|[18]|Bytes:79
15:53:41.0 (10223052)|HEAP_ALLOCATE|[18]|Bytes:92
15:53:41.0 (10233192)|USER_DEBUG|[18]|DEBUG|---contact---Contact:{AccountId=0011r00001mSXVuAAO, Id=0031r000023uSg4AAE, Name=Sean Forbes}
15:53:41.0 (10242016)|METHOD_ENTRY|[16]||Database.QueryLocatorIterator.hasNext()
15:53:41.0 (10253112)|METHOD_EXIT|[16]||Database.QueryLocatorIterator.hasNext()
15:53:41.0 (10260094)|VARIABLE_ASSIGNMENT|[16]|objCon|null|
15:53:41.0 (10272414)|HEAP_ALLOCATE|[13]|Bytes:5
15:53:41.0 (10282460)|HEAP_ALLOCATE|[13]|Bytes:20
15:53:41.0 (10287591)|VARIABLE_SCOPE_BEGIN|[13]|objAcc|Account|true|false
15:53:41.0 (10304453)|VARIABLE_ASSIGNMENT|[13]|objAcc|{"Id":"0011r00001mSXVvAAO","Name":"Burlington Textiles  (15 more) ...","AccountNumber":"CD656092","Contacts":[{"AccountId":"0011r00001mSXVvAAO","Id":"0031r000023uSg5AAE","Name":"Jack Rogers"}]}|0x79d51ce3
15:53:41.0 (10311006)|STATEMENT_EXECUTE|[14]
15:53:41.0 (10326600)|HEAP_ALLOCATE|[16]|Bytes:8
15:53:41.0 (10379265)|HEAP_ALLOCATE|[16]|Bytes:28
15:53:41.0 (10408842)|HEAP_ALLOCATE|[16]|Bytes:8
15:53:41.0 (10420231)|HEAP_ALLOCATE|[16]|Bytes:8
15:53:41.0 (10423263)|HEAP_ALLOCATE|[16]|Bytes:8
15:53:41.0 (10427056)|VARIABLE_SCOPE_BEGIN|[15]|this|Database.QueryLocatorIterator|true|false
15:53:41.0 (10445883)|VARIABLE_ASSIGNMENT|[15]|this|{}|0x36544f44
15:53:41.0 (10451622)|VARIABLE_SCOPE_BEGIN|[15]|values|List<SObject>|true|false
15:53:41.0 (10463790)|VARIABLE_ASSIGNMENT|[15]|values|[{"AccountId":"0011r00001mSXVvAAO","Id":"0031r000023uSg5AAE","Name":"Jack Rogers"}]|0xc86e88c
15:53:41.0 (10468472)|VARIABLE_SCOPE_BEGIN|[15]|ql|Database.QueryLocator|true|false
15:53:41.0 (10478983)|VARIABLE_ASSIGNMENT|[15]|ql|{}|0xbd45360
15:53:41.0 (10483489)|VARIABLE_SCOPE_BEGIN|[15]|totalNumRecords|Integer|false|false
15:53:41.0 (10502822)|VARIABLE_ASSIGNMENT|[15]|totalNumRecords|1
15:53:41.0 (10507401)|VARIABLE_SCOPE_BEGIN|[15]|queryMoreSize|Integer|false|false
15:53:41.0 (10514222)|VARIABLE_ASSIGNMENT|[15]|queryMoreSize|200
15:53:41.0 (10552539)|HEAP_ALLOCATE|[16]|Bytes:28
15:53:41.0 (10564380)|METHOD_ENTRY|[16]||Database.QueryLocatorIterator.hasNext()
15:53:41.0 (10583007)|METHOD_EXIT|[16]||Database.QueryLocatorIterator.hasNext()
15:53:41.0 (10588507)|METHOD_ENTRY|[16]||Database.QueryLocatorIterator.next()
15:53:41.0 (10634612)|METHOD_EXIT|[16]||Database.QueryLocatorIterator.next()
15:53:41.0 (10641340)|VARIABLE_SCOPE_BEGIN|[16]|objCon|Contact|true|false
15:53:41.0 (10653512)|VARIABLE_ASSIGNMENT|[16]|objCon|{"AccountId":"0011r00001mSXVvAAO","Id":"0031r000023uSg5AAE","Name":"Jack Rogers"}|0x3c0f7c95
15:53:41.0 (10658913)|STATEMENT_EXECUTE|[17]
15:53:41.0 (10660548)|STATEMENT_EXECUTE|[18]
15:53:41.0 (10693328)|HEAP_ALLOCATE|[18]|Bytes:79
15:53:41.0 (10710512)|HEAP_ALLOCATE|[18]|Bytes:92
15:53:41.0 (10718802)|USER_DEBUG|[18]|DEBUG|---contact---Contact:{AccountId=0011r00001mSXVvAAO, Id=0031r000023uSg5AAE, Name=Jack Rogers}
15:53:41.0 (10727680)|METHOD_ENTRY|[16]||Database.QueryLocatorIterator.hasNext()
15:53:41.0 (10738444)|METHOD_EXIT|[16]||Database.QueryLocatorIterator.hasNext()
15:53:41.0 (10745743)|VARIABLE_ASSIGNMENT|[16]|objCon|null|
15:53:41.0 (10756572)|HEAP_ALLOCATE|[13]|Bytes:5
15:53:41.0 (10766399)|HEAP_ALLOCATE|[13]|Bytes:20
15:53:41.0 (10771995)|VARIABLE_SCOPE_BEGIN|[13]|objAcc|Account|true|false
15:53:41.0 (10788632)|VARIABLE_ASSIGNMENT|[13]|objAcc|{"Id":"0011r00001mSXVwAAO","Name":"Pyramid Construction (5 more) ...","AccountNumber":"CC213425","Contacts":[{"AccountId":"0011r00001mSXVwAAO","Id":"0031r000023uSg6AAE","Name":"Pat Stumuller"}]}|0x913bd4d
15:53:41.0 (10795140)|STATEMENT_EXECUTE|[14]
15:53:41.0 (10809401)|HEAP_ALLOCATE|[16]|Bytes:8
15:53:41.0 (10860098)|HEAP_ALLOCATE|[16]|Bytes:28
15:53:41.0 (10884759)|HEAP_ALLOCATE|[16]|Bytes:8
15:53:41.0 (10895359)|HEAP_ALLOCATE|[16]|Bytes:8
15:53:41.0 (10898488)|HEAP_ALLOCATE|[16]|Bytes:8
15:53:41.0 (10901931)|VARIABLE_SCOPE_BEGIN|[15]|this|Database.QueryLocatorIterator|true|false
15:53:41.0 (10920471)|VARIABLE_ASSIGNMENT|[15]|this|{}|0x2d900e3
15:53:41.0 (10925663)|VARIABLE_SCOPE_BEGIN|[15]|values|List<SObject>|true|false
15:53:41.0 (10938058)|VARIABLE_ASSIGNMENT|[15]|values|[{"AccountId":"0011r00001mSXVwAAO","Id":"0031r000023uSg6AAE","Name":"Pat Stumuller"}]|0x16e34193
15:53:41.0 (10942742)|VARIABLE_SCOPE_BEGIN|[15]|ql|Database.QueryLocator|true|false
15:53:41.0 (10953357)|VARIABLE_ASSIGNMENT|[15]|ql|{}|0x2d1a094b
15:53:41.0 (10958056)|VARIABLE_SCOPE_BEGIN|[15]|totalNumRecords|Integer|false|false
15:53:41.0 (10964585)|VARIABLE_ASSIGNMENT|[15]|totalNumRecords|1
15:53:41.0 (10968442)|VARIABLE_SCOPE_BEGIN|[15]|queryMoreSize|Integer|false|false
15:53:41.0 (10974266)|VARIABLE_ASSIGNMENT|[15]|queryMoreSize|200
15:53:41.0 (11008254)|HEAP_ALLOCATE|[16]|Bytes:28
15:53:41.0 (11019671)|METHOD_ENTRY|[16]||Database.QueryLocatorIterator.hasNext()
15:53:41.0 (11038100)|METHOD_EXIT|[16]||Database.QueryLocatorIterator.hasNext()
15:53:41.0 (11043077)|METHOD_ENTRY|[16]||Database.QueryLocatorIterator.next()
15:53:41.0 (11083963)|METHOD_EXIT|[16]||Database.QueryLocatorIterator.next()
15:53:41.0 (11090653)|VARIABLE_SCOPE_BEGIN|[16]|objCon|Contact|true|false
15:53:41.0 (11103222)|VARIABLE_ASSIGNMENT|[16]|objCon|{"AccountId":"0011r00001mSXVwAAO","Id":"0031r000023uSg6AAE","Name":"Pat Stumuller"}|0x2dbe76c3
15:53:41.0 (11108374)|STATEMENT_EXECUTE|[17]
15:53:41.0 (11109918)|STATEMENT_EXECUTE|[18]
15:53:41.0 (11145853)|HEAP_ALLOCATE|[18]|Bytes:81
15:53:41.0 (11159883)|HEAP_ALLOCATE|[18]|Bytes:94
15:53:41.0 (11167612)|USER_DEBUG|[18]|DEBUG|---contact---Contact:{AccountId=0011r00001mSXVwAAO, Id=0031r000023uSg6AAE, Name=Pat Stumuller}
15:53:41.0 (11176860)|METHOD_ENTRY|[16]||Database.QueryLocatorIterator.hasNext()
15:53:41.0 (11187746)|METHOD_EXIT|[16]||Database.QueryLocatorIterator.hasNext()
15:53:41.0 (11194925)|VARIABLE_ASSIGNMENT|[16]|objCon|null|
15:53:41.0 (11205698)|HEAP_ALLOCATE|[13]|Bytes:5
15:53:41.0 (11214736)|VARIABLE_ASSIGNMENT|[13]|objAcc|null|
15:53:41.0 (11219800)|STATEMENT_EXECUTE|[23]
15:53:41.0 (11278265)|USER_DEBUG|[23]|DEBUG|(Account:{Id=0011r00001mSXVuAAO, Name=Edge Communications, AccountNumber=CD451796}, Account:{Id=0011r00001mSXVvAAO, Name=Burlington Textiles Corp of America, AccountNumber=CD656092}, Account:{Id=0011r00001mSXVwAAO, Name=Pyramid Construction Inc., AccountNumber=CC213425})
15:53:41.0 (11289208)|STATEMENT_EXECUTE|[29]
15:53:41.0 (11293791)|SYSTEM_MODE_EXIT|false
15:53:41.0 (21024358)|VF_SERIALIZE_VIEWSTATE_BEGIN|0661r0000024L7D
15:53:41.0 (22629719)|VF_SERIALIZE_VIEWSTATE_END
15:53:41.36 (36170995)|CUMULATIVE_LIMIT_USAGE
15:53:41.36 (36170995)|LIMIT_USAGE_FOR_NS|(default)|
  Number of SOQL queries: 1 out of 100
  Number of query rows: 7 out of 50000
  Number of SOSL queries: 0 out of 20
  Number of DML statements: 0 out of 150
  Number of DML rows: 0 out of 10000
  Maximum CPU time: 0 out of 10000
  Maximum heap size: 0 out of 6000000
  Number of callouts: 0 out of 100
  Number of Email Invocations: 0 out of 10
  Number of future calls: 0 out of 50
  Number of queueable jobs added to the queue: 0 out of 50
  Number of Mobile Apex push calls: 0 out of 10

15:53:41.36 (36170995)|CUMULATIVE_LIMIT_USAGE_END

15:53:41.0 (36207828)|CODE_UNIT_FINISHED|VF: /apex/VforceApp
15:53:41.0 (36974876)|EXECUTION_FINISHED
