42.0 APEX_CODE,FINEST;APEX_PROFILING,INFO;CALLOUT,INFO;DB,INFO;SYSTEM,DEBUG;VALIDATION,INFO;VISUALFORCE,INFO;WAVE,INFO;WORKFLOW,INFO
14:40:39.0 (326944)|USER_INFO|[EXTERNAL]|0051r000007nKPL|assh4884@cunning-goat-277018.com|Greenwich Mean Time|GMT+01:00
14:40:39.0 (370382)|EXECUTION_STARTED
14:40:39.0 (374458)|CODE_UNIT_STARTED|[EXTERNAL]|0661r0000024L7D|VF: /apex/VforceApp
14:40:39.0 (2166538)|SYSTEM_MODE_ENTER|true
14:40:39.0 (2532879)|HEAP_ALLOCATE|[72]|Bytes:3
14:40:39.0 (2573122)|HEAP_ALLOCATE|[77]|Bytes:152
14:40:39.0 (2589665)|HEAP_ALLOCATE|[342]|Bytes:408
14:40:39.0 (2602383)|HEAP_ALLOCATE|[355]|Bytes:408
14:40:39.0 (2612291)|HEAP_ALLOCATE|[467]|Bytes:48
14:40:39.0 (2637361)|HEAP_ALLOCATE|[139]|Bytes:6
14:40:39.0 (2651425)|HEAP_ALLOCATE|[EXTERNAL]|Bytes:1
14:40:39.0 (2665200)|METHOD_ENTRY|[1]|01p1r000008Onze|VforceAppController.VforceAppController()
14:40:39.0 (2671919)|STATEMENT_EXECUTE|[1]
14:40:39.0 (2675846)|STATEMENT_EXECUTE|[1]
14:40:39.0 (2703950)|HEAP_ALLOCATE|[50]|Bytes:5
14:40:39.0 (2726548)|HEAP_ALLOCATE|[56]|Bytes:5
14:40:39.0 (2733408)|HEAP_ALLOCATE|[64]|Bytes:7
14:40:39.0 (2753703)|SYSTEM_MODE_ENTER|false
14:40:39.0 (2768080)|HEAP_ALLOCATE|[EXTERNAL]|Bytes:5
14:40:39.0 (2775676)|SYSTEM_MODE_EXIT|false
14:40:39.0 (2784134)|METHOD_EXIT|[1]|VforceAppController
14:40:39.0 (2796101)|HEAP_ALLOCATE|[EXTERNAL]|Bytes:4
14:40:39.0 (2803449)|VARIABLE_SCOPE_BEGIN|[1]|this|VforceAppController|true|false
14:40:39.0 (2844002)|VARIABLE_ASSIGNMENT|[1]|this|{}|0x7fc19b0b
14:40:39.0 (2857243)|SYSTEM_MODE_ENTER|false
14:40:39.0 (2861972)|HEAP_ALLOCATE|[EXTERNAL]|Bytes:5
14:40:39.0 (2869416)|HEAP_ALLOCATE|[EXTERNAL]|Bytes:6
14:40:39.0 (2900546)|SYSTEM_MODE_EXIT|false
14:40:39.0 (2905438)|STATEMENT_EXECUTE|[1]
14:40:39.0 (2911540)|SYSTEM_MODE_ENTER|false
14:40:39.0 (2915623)|HEAP_ALLOCATE|[EXTERNAL]|Bytes:5
14:40:39.0 (2919458)|SYSTEM_MODE_EXIT|false
14:40:39.0 (2967363)|SYSTEM_MODE_ENTER|true
14:40:39.0 (3014657)|HEAP_ALLOCATE|[EXTERNAL]|Bytes:4
14:40:39.0 (3022717)|VARIABLE_SCOPE_BEGIN|[3]|this|VforceAppController|true|false
14:40:39.0 (3035361)|VARIABLE_ASSIGNMENT|[3]|this|{}|0x7fc19b0b
14:40:39.0 (3050851)|SYSTEM_MODE_ENTER|false
14:40:39.0 (3055842)|HEAP_ALLOCATE|[5]|Bytes:5
14:40:39.0 (3060081)|STATEMENT_EXECUTE|[3]
14:40:39.0 (3061525)|STATEMENT_EXECUTE|[4]
14:40:39.0 (3064994)|HEAP_ALLOCATE|[5]|Bytes:46
14:40:39.0 (3232784)|SOQL_EXECUTE_BEGIN|[4]|Aggregations:0|SELECT Id, AccountNumber FROM Account LIMIT 10
14:40:39.0 (6031666)|SOQL_EXECUTE_END|[4]|Rows:10
14:40:39.0 (6052190)|HEAP_ALLOCATE|[4]|Bytes:44
14:40:39.0 (6077498)|HEAP_ALLOCATE|[4]|Bytes:544
14:40:39.0 (6119682)|HEAP_ALLOCATE|[4]|Bytes:44
14:40:39.0 (6135324)|VARIABLE_SCOPE_BEGIN|[4]|result|List<Account>|true|false
14:40:39.0 (6153774)|VARIABLE_ASSIGNMENT|[4]|result|"List of size 10 too large to display"|0x74da6c48
14:40:39.0 (6159778)|STATEMENT_EXECUTE|[10]
14:40:39.0 (6164075)|SYSTEM_MODE_EXIT|false
14:40:39.9 (9716805)|EXCEPTION_THROWN|[EXTERNAL]|System.SObjectException: SObject row was retrieved via SOQL without querying the requested field: Account.Name
14:40:39.38 (38856758)|CUMULATIVE_LIMIT_USAGE
14:40:39.38 (38856758)|LIMIT_USAGE_FOR_NS|(default)|
  Number of SOQL queries: 1 out of 100
  Number of query rows: 10 out of 50000
  Number of SOSL queries: 0 out of 20
  Number of DML statements: 0 out of 150
  Number of DML rows: 0 out of 10000
  Maximum CPU time: 0 out of 10000
  Maximum heap size: 0 out of 6000000
  Number of callouts: 0 out of 100
  Number of Email Invocations: 0 out of 10
  Number of future calls: 0 out of 50
  Number of queueable jobs added to the queue: 0 out of 50
  Number of Mobile Apex push calls: 0 out of 10

14:40:39.38 (38856758)|CUMULATIVE_LIMIT_USAGE_END

14:40:39.0 (38904420)|CODE_UNIT_FINISHED|VF: /apex/VforceApp
14:40:39.0 (39663073)|EXECUTION_FINISHED
