42.0 APEX_CODE,FINEST;APEX_PROFILING,INFO;CALLOUT,INFO;DB,INFO;SYSTEM,DEBUG;VALIDATION,INFO;VISUALFORCE,INFO;WAVE,INFO;WORKFLOW,INFO
15:54:27.0 (316870)|USER_INFO|[EXTERNAL]|0051r000007nKPL|assh4884@cunning-goat-277018.com|Greenwich Mean Time|GMT+01:00
15:54:27.0 (350418)|EXECUTION_STARTED
15:54:27.0 (355109)|CODE_UNIT_STARTED|[EXTERNAL]|0661r0000024L7D|VF: /apex/VforceApp
15:54:27.0 (1847347)|SYSTEM_MODE_ENTER|true
15:54:27.0 (2107867)|HEAP_ALLOCATE|[72]|Bytes:3
15:54:27.0 (2149644)|HEAP_ALLOCATE|[77]|Bytes:152
15:54:27.0 (2163865)|HEAP_ALLOCATE|[342]|Bytes:408
15:54:27.0 (2176352)|HEAP_ALLOCATE|[355]|Bytes:408
15:54:27.0 (2186392)|HEAP_ALLOCATE|[467]|Bytes:48
15:54:27.0 (2210986)|HEAP_ALLOCATE|[139]|Bytes:6
15:54:27.0 (2224987)|HEAP_ALLOCATE|[EXTERNAL]|Bytes:1
15:54:27.0 (2230193)|HEAP_ALLOCATE|[EXTERNAL]|Bytes:11
15:54:27.0 (2238433)|METHOD_ENTRY|[1]|01p1r000008Onze|VforceAppController.VforceAppController()
15:54:27.0 (2244607)|STATEMENT_EXECUTE|[1]
15:54:27.0 (2248924)|STATEMENT_EXECUTE|[1]
15:54:27.0 (2278341)|HEAP_ALLOCATE|[50]|Bytes:5
15:54:27.0 (2299078)|HEAP_ALLOCATE|[56]|Bytes:5
15:54:27.0 (2305574)|HEAP_ALLOCATE|[64]|Bytes:7
15:54:27.0 (2325413)|SYSTEM_MODE_ENTER|false
15:54:27.0 (2338827)|HEAP_ALLOCATE|[EXTERNAL]|Bytes:5
15:54:27.0 (2346410)|SYSTEM_MODE_EXIT|false
15:54:27.0 (2354216)|METHOD_EXIT|[1]|VforceAppController
15:54:27.0 (2364554)|HEAP_ALLOCATE|[EXTERNAL]|Bytes:4
15:54:27.0 (2371848)|VARIABLE_SCOPE_BEGIN|[1]|this|VforceAppController|true|false
15:54:27.0 (2427399)|VARIABLE_ASSIGNMENT|[1]|this|{}|0x53f12390
15:54:27.0 (2443859)|SYSTEM_MODE_ENTER|false
15:54:27.0 (2449363)|HEAP_ALLOCATE|[EXTERNAL]|Bytes:5
15:54:27.0 (2456969)|HEAP_ALLOCATE|[EXTERNAL]|Bytes:6
15:54:27.0 (2487658)|SYSTEM_MODE_EXIT|false
15:54:27.0 (2492461)|STATEMENT_EXECUTE|[1]
15:54:27.0 (2498295)|SYSTEM_MODE_ENTER|false
15:54:27.0 (2501839)|HEAP_ALLOCATE|[EXTERNAL]|Bytes:5
15:54:27.0 (2505479)|SYSTEM_MODE_EXIT|false
15:54:27.0 (2552530)|SYSTEM_MODE_ENTER|true
15:54:27.0 (2595557)|HEAP_ALLOCATE|[EXTERNAL]|Bytes:4
15:54:27.0 (2602637)|VARIABLE_SCOPE_BEGIN|[3]|this|VforceAppController|true|false
15:54:27.0 (2615454)|VARIABLE_ASSIGNMENT|[3]|this|{}|0x53f12390
15:54:27.0 (2632245)|SYSTEM_MODE_ENTER|false
15:54:27.0 (2639454)|HEAP_ALLOCATE|[4]|Bytes:5
15:54:27.0 (2645099)|STATEMENT_EXECUTE|[3]
15:54:27.0 (2646541)|STATEMENT_EXECUTE|[4]
15:54:27.0 (2678750)|HEAP_ALLOCATE|[4]|Bytes:4
15:54:27.0 (2791991)|VARIABLE_SCOPE_BEGIN|[4]|result|List<Account>|true|false
15:54:27.0 (2803057)|HEAP_ALLOCATE|[EXTERNAL]|Bytes:4
15:54:27.0 (2814465)|VARIABLE_ASSIGNMENT|[4]|result|[]|0x48719896
15:54:27.0 (2819512)|STATEMENT_EXECUTE|[6]
15:54:27.0 (2820862)|STATEMENT_EXECUTE|[6]
15:54:27.0 (2822026)|STATEMENT_EXECUTE|[7]
15:54:27.0 (2825363)|HEAP_ALLOCATE|[8]|Bytes:84
15:54:27.0 (3116053)|SOQL_EXECUTE_BEGIN|[7]|Aggregations:1|SELECT Id, Name, AccountNumber, (SELECT Id, Name FROM Contacts) FROM Account LIMIT 3
15:54:27.0 (8064003)|SOQL_EXECUTE_END|[7]|Rows:3
15:54:27.0 (8090690)|HEAP_ALLOCATE|[7]|Bytes:16
15:54:27.0 (8121810)|HEAP_ALLOCATE|[7]|Bytes:621
15:54:27.0 (8153402)|HEAP_ALLOCATE|[7]|Bytes:16
15:54:27.0 (8225706)|VARIABLE_ASSIGNMENT|[7]|result|[{"Id":"0011r00001mSXVuAAO","Name":"Edge Communications","AccountNumber":"CD451796","Contacts":[{"AccountId":"0011r00001mSXVuAAO","Id":"0031r000023uSg3AAE","Name":"Rose Gonzalez"},{"AccountId":"0011r00001mSXVuAAO","Id":"0031r000023uSg4AAE","Name":"Sean Forbes"}]},{"Id":"0011r00001mSXVvAAO","Name":"Burlington Textiles  (15 more) ...","AccountNumber":"CD656092","Contacts":[{"AccountId":"0011r00001mSXVvAAO","Id":"0031r000023uSg5AAE","Name":"Jack Rogers"}]},{"Id":"0011r00001mSXVwAAO","Name":"Pyramid Construction (5 more) ...","AccountNumber":"CC213425","Contacts":[{"AccountId":"0011r00001mSXVwAAO","Id":"0031r000023uSg6AAE","Name":"Pat Stumuller"}]}]|0x2c928cac
15:54:27.0 (8394828)|HEAP_ALLOCATE|[13]|Bytes:5
15:54:27.0 (8424467)|HEAP_ALLOCATE|[13]|Bytes:20
15:54:27.0 (8435071)|VARIABLE_SCOPE_BEGIN|[13]|objAcc|Account|true|false
15:54:27.0 (8455049)|VARIABLE_ASSIGNMENT|[13]|objAcc|{"Id":"0011r00001mSXVuAAO","Name":"Edge Communications","AccountNumber":"CD451796","Contacts":[{"AccountId":"0011r00001mSXVuAAO","Id":"0031r000023uSg3AAE","Name":"Rose Gonzalez"},{"AccountId":"0011r00001mSXVuAAO","Id":"0031r000023uSg4AAE","Name":"Sean Forbes"}]}|0x702bef8b
15:54:27.0 (8463314)|STATEMENT_EXECUTE|[14]
15:54:27.0 (8468396)|HEAP_ALLOCATE|[16]|Bytes:8
15:54:27.0 (8472275)|HEAP_ALLOCATE|[16]|Bytes:7
15:54:27.0 (8508557)|HEAP_ALLOCATE|[16]|Bytes:12
15:54:27.0 (8653417)|HEAP_ALLOCATE|[16]|Bytes:54
15:54:27.0 (8661188)|HEAP_ALLOCATE|[16]|Bytes:8
15:54:27.0 (8669573)|SYSTEM_METHOD_ENTRY|[7]|QueryLocatorIterator.QueryLocatorIterator()
15:54:27.0 (8673252)|STATEMENT_EXECUTE|[7]
15:54:27.0 (8679066)|SYSTEM_METHOD_EXIT|[7]|QueryLocatorIterator
15:54:27.0 (8685632)|HEAP_ALLOCATE|[16]|Bytes:28
15:54:27.0 (8724895)|HEAP_ALLOCATE|[16]|Bytes:12
15:54:27.0 (8739417)|HEAP_ALLOCATE|[16]|Bytes:8
15:54:27.0 (8742797)|HEAP_ALLOCATE|[16]|Bytes:8
15:54:27.0 (8747274)|VARIABLE_SCOPE_BEGIN|[15]|this|Database.QueryLocatorIterator|true|false
15:54:27.0 (8784170)|VARIABLE_ASSIGNMENT|[15]|this|{}|0x4b406b33
15:54:27.0 (8790937)|VARIABLE_SCOPE_BEGIN|[15]|values|List<SObject>|true|false
15:54:27.0 (8805673)|VARIABLE_ASSIGNMENT|[15]|values|[{"AccountId":"0011r00001mSXVuAAO","Id":"0031r000023uSg3AAE","Name":"Rose Gonzalez"},{"AccountId":"0011r00001mSXVuAAO","Id":"0031r000023uSg4AAE","Name":"Sean Forbes"}]|0x730f791b
15:54:27.0 (8812073)|VARIABLE_SCOPE_BEGIN|[15]|ql|Database.QueryLocator|true|false
15:54:27.0 (8827685)|VARIABLE_ASSIGNMENT|[15]|ql|{}|0x110d7b11
15:54:27.0 (8832504)|VARIABLE_SCOPE_BEGIN|[15]|totalNumRecords|Integer|false|false
15:54:27.0 (8840328)|VARIABLE_ASSIGNMENT|[15]|totalNumRecords|2
15:54:27.0 (8844261)|VARIABLE_SCOPE_BEGIN|[15]|queryMoreSize|Integer|false|false
15:54:27.0 (8850907)|VARIABLE_ASSIGNMENT|[15]|queryMoreSize|200
15:54:27.0 (8904349)|HEAP_ALLOCATE|[16]|Bytes:28
15:54:27.0 (8942092)|METHOD_ENTRY|[16]||Database.QueryLocatorIterator.hasNext()
15:54:27.0 (8998868)|METHOD_EXIT|[16]||Database.QueryLocatorIterator.hasNext()
15:54:27.0 (9006823)|METHOD_ENTRY|[16]||Database.QueryLocatorIterator.next()
15:54:27.0 (9066750)|METHOD_EXIT|[16]||Database.QueryLocatorIterator.next()
15:54:27.0 (9074786)|VARIABLE_SCOPE_BEGIN|[16]|objCon|Contact|true|false
15:54:27.0 (9089662)|VARIABLE_ASSIGNMENT|[16]|objCon|{"AccountId":"0011r00001mSXVuAAO","Id":"0031r000023uSg3AAE","Name":"Rose Gonzalez"}|0x40e2e5fb
15:54:27.0 (9095485)|STATEMENT_EXECUTE|[17]
15:54:27.0 (9097196)|STATEMENT_EXECUTE|[18]
15:54:27.0 (9100453)|HEAP_ALLOCATE|[18]|Bytes:13
15:54:27.0 (9174944)|HEAP_ALLOCATE|[18]|Bytes:81
15:54:27.0 (9194743)|HEAP_ALLOCATE|[18]|Bytes:94
15:54:27.0 (9212744)|USER_DEBUG|[18]|DEBUG|---contact---Contact:{AccountId=0011r00001mSXVuAAO, Id=0031r000023uSg3AAE, Name=Rose Gonzalez}
15:54:27.0 (9223419)|METHOD_ENTRY|[16]||Database.QueryLocatorIterator.hasNext()
15:54:27.0 (9241681)|METHOD_EXIT|[16]||Database.QueryLocatorIterator.hasNext()
15:54:27.0 (9246698)|METHOD_ENTRY|[16]||Database.QueryLocatorIterator.next()
15:54:27.0 (9286270)|METHOD_EXIT|[16]||Database.QueryLocatorIterator.next()
15:54:27.0 (9292574)|VARIABLE_SCOPE_BEGIN|[16]|objCon|Contact|true|false
15:54:27.0 (9306578)|VARIABLE_ASSIGNMENT|[16]|objCon|{"AccountId":"0011r00001mSXVuAAO","Id":"0031r000023uSg4AAE","Name":"Sean Forbes"}|0x466b31af
15:54:27.0 (9312575)|STATEMENT_EXECUTE|[17]
15:54:27.0 (9314064)|STATEMENT_EXECUTE|[18]
15:54:27.0 (9340934)|HEAP_ALLOCATE|[18]|Bytes:79
15:54:27.0 (9353325)|HEAP_ALLOCATE|[18]|Bytes:92
15:54:27.0 (9360713)|USER_DEBUG|[18]|DEBUG|---contact---Contact:{AccountId=0011r00001mSXVuAAO, Id=0031r000023uSg4AAE, Name=Sean Forbes}
15:54:27.0 (9369363)|METHOD_ENTRY|[16]||Database.QueryLocatorIterator.hasNext()
15:54:27.0 (9384425)|METHOD_EXIT|[16]||Database.QueryLocatorIterator.hasNext()
15:54:27.0 (9395821)|VARIABLE_ASSIGNMENT|[16]|objCon|null|
15:54:27.0 (9411812)|HEAP_ALLOCATE|[13]|Bytes:5
15:54:27.0 (9427417)|HEAP_ALLOCATE|[13]|Bytes:20
15:54:27.0 (9435748)|VARIABLE_SCOPE_BEGIN|[13]|objAcc|Account|true|false
15:54:27.0 (9460348)|VARIABLE_ASSIGNMENT|[13]|objAcc|{"Id":"0011r00001mSXVvAAO","Name":"Burlington Textiles  (15 more) ...","AccountNumber":"CD656092","Contacts":[{"AccountId":"0011r00001mSXVvAAO","Id":"0031r000023uSg5AAE","Name":"Jack Rogers"}]}|0x45ba16ee
15:54:27.0 (9471375)|STATEMENT_EXECUTE|[14]
15:54:27.0 (9491984)|HEAP_ALLOCATE|[16]|Bytes:8
15:54:27.0 (9548798)|HEAP_ALLOCATE|[16]|Bytes:28
15:54:27.0 (9574361)|HEAP_ALLOCATE|[16]|Bytes:8
15:54:27.0 (9585879)|HEAP_ALLOCATE|[16]|Bytes:8
15:54:27.0 (9588880)|HEAP_ALLOCATE|[16]|Bytes:8
15:54:27.0 (9592171)|VARIABLE_SCOPE_BEGIN|[15]|this|Database.QueryLocatorIterator|true|false
15:54:27.0 (9611143)|VARIABLE_ASSIGNMENT|[15]|this|{}|0x7e818f1b
15:54:27.0 (9616861)|VARIABLE_SCOPE_BEGIN|[15]|values|List<SObject>|true|false
15:54:27.0 (9634257)|VARIABLE_ASSIGNMENT|[15]|values|[{"AccountId":"0011r00001mSXVvAAO","Id":"0031r000023uSg5AAE","Name":"Jack Rogers"}]|0x3b941c9b
15:54:27.0 (9639724)|VARIABLE_SCOPE_BEGIN|[15]|ql|Database.QueryLocator|true|false
15:54:27.0 (9650559)|VARIABLE_ASSIGNMENT|[15]|ql|{}|0x3905062d
15:54:27.0 (9655407)|VARIABLE_SCOPE_BEGIN|[15]|totalNumRecords|Integer|false|false
15:54:27.0 (9662276)|VARIABLE_ASSIGNMENT|[15]|totalNumRecords|1
15:54:27.0 (9665746)|VARIABLE_SCOPE_BEGIN|[15]|queryMoreSize|Integer|false|false
15:54:27.0 (9671568)|VARIABLE_ASSIGNMENT|[15]|queryMoreSize|200
15:54:27.0 (9709300)|HEAP_ALLOCATE|[16]|Bytes:28
15:54:27.0 (9720340)|METHOD_ENTRY|[16]||Database.QueryLocatorIterator.hasNext()
15:54:27.0 (9738886)|METHOD_EXIT|[16]||Database.QueryLocatorIterator.hasNext()
15:54:27.0 (9743744)|METHOD_ENTRY|[16]||Database.QueryLocatorIterator.next()
15:54:27.0 (9784409)|METHOD_EXIT|[16]||Database.QueryLocatorIterator.next()
15:54:27.0 (9791165)|VARIABLE_SCOPE_BEGIN|[16]|objCon|Contact|true|false
15:54:27.0 (9804020)|VARIABLE_ASSIGNMENT|[16]|objCon|{"AccountId":"0011r00001mSXVvAAO","Id":"0031r000023uSg5AAE","Name":"Jack Rogers"}|0x72f74d70
15:54:27.0 (9809345)|STATEMENT_EXECUTE|[17]
15:54:27.0 (9810825)|STATEMENT_EXECUTE|[18]
15:54:27.0 (9843643)|HEAP_ALLOCATE|[18]|Bytes:79
15:54:27.0 (9857419)|HEAP_ALLOCATE|[18]|Bytes:92
15:54:27.0 (9865281)|USER_DEBUG|[18]|DEBUG|---contact---Contact:{AccountId=0011r00001mSXVvAAO, Id=0031r000023uSg5AAE, Name=Jack Rogers}
15:54:27.0 (9874974)|METHOD_ENTRY|[16]||Database.QueryLocatorIterator.hasNext()
15:54:27.0 (9891286)|METHOD_EXIT|[16]||Database.QueryLocatorIterator.hasNext()
15:54:27.0 (9902390)|VARIABLE_ASSIGNMENT|[16]|objCon|null|
15:54:27.0 (9918292)|HEAP_ALLOCATE|[13]|Bytes:5
15:54:27.0 (9934615)|HEAP_ALLOCATE|[13]|Bytes:20
15:54:27.0 (9944205)|VARIABLE_SCOPE_BEGIN|[13]|objAcc|Account|true|false
15:54:27.0 (9966088)|VARIABLE_ASSIGNMENT|[13]|objAcc|{"Id":"0011r00001mSXVwAAO","Name":"Pyramid Construction (5 more) ...","AccountNumber":"CC213425","Contacts":[{"AccountId":"0011r00001mSXVwAAO","Id":"0031r000023uSg6AAE","Name":"Pat Stumuller"}]}|0x5a483d43
15:54:27.0 (9973217)|STATEMENT_EXECUTE|[14]
15:54:27.0 (9990241)|HEAP_ALLOCATE|[16]|Bytes:8
15:54:27.0 (10043668)|HEAP_ALLOCATE|[16]|Bytes:28
15:54:27.0 (10068728)|HEAP_ALLOCATE|[16]|Bytes:8
15:54:27.0 (10080536)|HEAP_ALLOCATE|[16]|Bytes:8
15:54:27.0 (10083503)|HEAP_ALLOCATE|[16]|Bytes:8
15:54:27.0 (10086901)|VARIABLE_SCOPE_BEGIN|[15]|this|Database.QueryLocatorIterator|true|false
15:54:27.0 (10104524)|VARIABLE_ASSIGNMENT|[15]|this|{}|0x4811bd28
15:54:27.0 (10110033)|VARIABLE_SCOPE_BEGIN|[15]|values|List<SObject>|true|false
15:54:27.0 (10122879)|VARIABLE_ASSIGNMENT|[15]|values|[{"AccountId":"0011r00001mSXVwAAO","Id":"0031r000023uSg6AAE","Name":"Pat Stumuller"}]|0x3a1a0a66
15:54:27.0 (10127490)|VARIABLE_SCOPE_BEGIN|[15]|ql|Database.QueryLocator|true|false
15:54:27.0 (10138289)|VARIABLE_ASSIGNMENT|[15]|ql|{}|0x21f1b97a
15:54:27.0 (10142495)|VARIABLE_SCOPE_BEGIN|[15]|totalNumRecords|Integer|false|false
15:54:27.0 (10151989)|VARIABLE_ASSIGNMENT|[15]|totalNumRecords|1
15:54:27.0 (10155921)|VARIABLE_SCOPE_BEGIN|[15]|queryMoreSize|Integer|false|false
15:54:27.0 (10161657)|VARIABLE_ASSIGNMENT|[15]|queryMoreSize|200
15:54:27.0 (10196214)|HEAP_ALLOCATE|[16]|Bytes:28
15:54:27.0 (10207231)|METHOD_ENTRY|[16]||Database.QueryLocatorIterator.hasNext()
15:54:27.0 (10224574)|METHOD_EXIT|[16]||Database.QueryLocatorIterator.hasNext()
15:54:27.0 (10230009)|METHOD_ENTRY|[16]||Database.QueryLocatorIterator.next()
15:54:27.0 (10278699)|METHOD_EXIT|[16]||Database.QueryLocatorIterator.next()
15:54:27.0 (10288690)|VARIABLE_SCOPE_BEGIN|[16]|objCon|Contact|true|false
15:54:27.0 (10304200)|VARIABLE_ASSIGNMENT|[16]|objCon|{"AccountId":"0011r00001mSXVwAAO","Id":"0031r000023uSg6AAE","Name":"Pat Stumuller"}|0x79568622
15:54:27.0 (10310456)|STATEMENT_EXECUTE|[17]
15:54:27.0 (10312096)|STATEMENT_EXECUTE|[18]
15:54:27.0 (10346811)|HEAP_ALLOCATE|[18]|Bytes:81
15:54:27.0 (10360883)|HEAP_ALLOCATE|[18]|Bytes:94
15:54:27.0 (10368686)|USER_DEBUG|[18]|DEBUG|---contact---Contact:{AccountId=0011r00001mSXVwAAO, Id=0031r000023uSg6AAE, Name=Pat Stumuller}
15:54:27.0 (10377601)|METHOD_ENTRY|[16]||Database.QueryLocatorIterator.hasNext()
15:54:27.0 (10393832)|METHOD_EXIT|[16]||Database.QueryLocatorIterator.hasNext()
15:54:27.0 (10405241)|VARIABLE_ASSIGNMENT|[16]|objCon|null|
15:54:27.0 (10420843)|HEAP_ALLOCATE|[13]|Bytes:5
15:54:27.0 (10434634)|VARIABLE_ASSIGNMENT|[13]|objAcc|null|
15:54:27.0 (10440894)|STATEMENT_EXECUTE|[23]
15:54:27.0 (10616818)|USER_DEBUG|[23]|DEBUG|(Account:{Id=0011r00001mSXVuAAO, Name=Edge Communications, AccountNumber=CD451796}, Account:{Id=0011r00001mSXVvAAO, Name=Burlington Textiles Corp of America, AccountNumber=CD656092}, Account:{Id=0011r00001mSXVwAAO, Name=Pyramid Construction Inc., AccountNumber=CC213425})
15:54:27.0 (10636921)|STATEMENT_EXECUTE|[29]
15:54:27.0 (10641321)|SYSTEM_MODE_EXIT|false
15:54:27.0 (18972752)|VF_SERIALIZE_VIEWSTATE_BEGIN|0661r0000024L7D
15:54:27.0 (26769777)|VF_SERIALIZE_VIEWSTATE_END
15:54:27.41 (41776522)|CUMULATIVE_LIMIT_USAGE
15:54:27.41 (41776522)|LIMIT_USAGE_FOR_NS|(default)|
  Number of SOQL queries: 1 out of 100
  Number of query rows: 7 out of 50000
  Number of SOSL queries: 0 out of 20
  Number of DML statements: 0 out of 150
  Number of DML rows: 0 out of 10000
  Maximum CPU time: 0 out of 10000
  Maximum heap size: 0 out of 6000000
  Number of callouts: 0 out of 100
  Number of Email Invocations: 0 out of 10
  Number of future calls: 0 out of 50
  Number of queueable jobs added to the queue: 0 out of 50
  Number of Mobile Apex push calls: 0 out of 10

15:54:27.41 (41776522)|CUMULATIVE_LIMIT_USAGE_END

15:54:27.0 (41812904)|CODE_UNIT_FINISHED|VF: /apex/VforceApp
15:54:27.0 (42665062)|EXECUTION_FINISHED
