42.0 APEX_CODE,FINEST;APEX_PROFILING,INFO;CALLOUT,INFO;DB,INFO;SYSTEM,DEBUG;VALIDATION,INFO;VISUALFORCE,INFO;WAVE,INFO;WORKFLOW,INFO
15:06:54.0 (323436)|USER_INFO|[EXTERNAL]|0051r000007nKPL|assh4884@cunning-goat-277018.com|Greenwich Mean Time|GMT+01:00
15:06:54.0 (366021)|EXECUTION_STARTED
15:06:54.0 (370113)|CODE_UNIT_STARTED|[EXTERNAL]|0661r0000024L7D|VF: /apex/VforceApp
15:06:54.0 (36658094)|SYSTEM_MODE_ENTER|true
15:06:54.0 (37048284)|HEAP_ALLOCATE|[72]|Bytes:3
15:06:54.0 (37095176)|HEAP_ALLOCATE|[77]|Bytes:152
15:06:54.0 (37122704)|HEAP_ALLOCATE|[342]|Bytes:408
15:06:54.0 (37136494)|HEAP_ALLOCATE|[355]|Bytes:408
15:06:54.0 (37160668)|HEAP_ALLOCATE|[467]|Bytes:48
15:06:54.0 (37191385)|HEAP_ALLOCATE|[139]|Bytes:6
15:06:54.0 (37206760)|HEAP_ALLOCATE|[EXTERNAL]|Bytes:1
15:06:54.0 (37212236)|HEAP_ALLOCATE|[EXTERNAL]|Bytes:8
15:06:54.0 (37229051)|METHOD_ENTRY|[1]|01p1r000008Onze|VforceAppController.VforceAppController()
15:06:54.0 (37236983)|STATEMENT_EXECUTE|[1]
15:06:54.0 (37242113)|STATEMENT_EXECUTE|[1]
15:06:54.0 (37280171)|HEAP_ALLOCATE|[50]|Bytes:5
15:06:54.0 (37308581)|HEAP_ALLOCATE|[56]|Bytes:5
15:06:54.0 (37315876)|HEAP_ALLOCATE|[64]|Bytes:7
15:06:54.0 (37337183)|SYSTEM_MODE_ENTER|false
15:06:54.0 (37350789)|HEAP_ALLOCATE|[EXTERNAL]|Bytes:5
15:06:54.0 (37358948)|SYSTEM_MODE_EXIT|false
15:06:54.0 (37367896)|METHOD_EXIT|[1]|VforceAppController
15:06:54.0 (37379782)|HEAP_ALLOCATE|[EXTERNAL]|Bytes:4
15:06:54.0 (37401008)|VARIABLE_SCOPE_BEGIN|[1]|this|VforceAppController|true|false
15:06:54.0 (37445613)|VARIABLE_ASSIGNMENT|[1]|this|{}|0x74ae2849
15:06:54.0 (37460548)|SYSTEM_MODE_ENTER|false
15:06:54.0 (37465886)|HEAP_ALLOCATE|[EXTERNAL]|Bytes:5
15:06:54.0 (37473486)|HEAP_ALLOCATE|[EXTERNAL]|Bytes:6
15:06:54.0 (37505373)|SYSTEM_MODE_EXIT|false
15:06:54.0 (37510213)|STATEMENT_EXECUTE|[1]
15:06:54.0 (37515745)|SYSTEM_MODE_ENTER|false
15:06:54.0 (37519940)|HEAP_ALLOCATE|[EXTERNAL]|Bytes:5
15:06:54.0 (37524102)|SYSTEM_MODE_EXIT|false
15:06:54.0 (37589304)|SYSTEM_MODE_ENTER|true
15:06:54.0 (37641464)|HEAP_ALLOCATE|[EXTERNAL]|Bytes:4
15:06:54.0 (37692682)|VARIABLE_SCOPE_BEGIN|[3]|this|VforceAppController|true|false
15:06:54.0 (37708170)|VARIABLE_ASSIGNMENT|[3]|this|{}|0x74ae2849
15:06:54.0 (37725498)|SYSTEM_MODE_ENTER|false
15:06:54.0 (37730856)|HEAP_ALLOCATE|[4]|Bytes:5
15:06:54.0 (37735198)|STATEMENT_EXECUTE|[3]
15:06:54.0 (37736630)|STATEMENT_EXECUTE|[4]
15:06:54.0 (37769185)|HEAP_ALLOCATE|[4]|Bytes:4
15:06:54.0 (37832399)|VARIABLE_SCOPE_BEGIN|[4]|result|List<Account>|true|false
15:06:54.0 (37844941)|HEAP_ALLOCATE|[EXTERNAL]|Bytes:4
15:06:54.0 (37855473)|VARIABLE_ASSIGNMENT|[4]|result|[]|0x5f71ee95
15:06:54.0 (37860793)|STATEMENT_EXECUTE|[6]
15:06:54.0 (37862242)|STATEMENT_EXECUTE|[6]
15:06:54.0 (37864048)|STATEMENT_EXECUTE|[7]
15:06:54.0 (37867411)|HEAP_ALLOCATE|[8]|Bytes:52
15:06:54.0 (38962466)|SOQL_EXECUTE_BEGIN|[7]|Aggregations:0|SELECT Id, Name, AccountNumber FROM Account LIMIT 10
15:06:54.0 (46246038)|SOQL_EXECUTE_END|[7]|Rows:10
15:06:54.0 (46275501)|HEAP_ALLOCATE|[7]|Bytes:44
15:06:54.0 (46313136)|HEAP_ALLOCATE|[7]|Bytes:863
15:06:54.0 (46370124)|HEAP_ALLOCATE|[7]|Bytes:44
15:06:54.0 (46410473)|VARIABLE_ASSIGNMENT|[7]|result|"List of size 10 too large to display"|0xe59c361
15:06:54.0 (46420294)|STATEMENT_EXECUTE|[13]
15:06:54.0 (46555946)|USER_DEBUG|[13]|DEBUG|(Account:{Id=0011r00001mSXVuAAO, Name=Edge Communications, AccountNumber=CD451796}, Account:{Id=0011r00001mSXVvAAO, Name=Burlington Textiles Corp of America, AccountNumber=CD656092}, Account:{Id=0011r00001mSXVwAAO, Name=Pyramid Construction Inc., AccountNumber=CC213425}, Account:{Id=0011r00001mSXVxAAO, Name=Dickenson plc, AccountNumber=CC634267}, Account:{Id=0011r00001mSXVyAAO, Name=Grand Hotels & Resorts Ltd, AccountNumber=CD439877}, Account:{Id=0011r00001mSXVzAAO, Name=United Oil & Gas Corp., AccountNumber=CD355118}, Account:{Id=0011r00001mSXW0AAO, Name=Express Logistics and Transport, AccountNumber=CC947211}, Account:{Id=0011r00001mSXW1AAO, Name=University of Arizona, AccountNumber=CD736025}, Account:{Id=0011r00001mSXW2AAO, Name=United Oil & Gas, UK, AccountNumber=CD355119-A}, Account:{Id=0011r00001mSXW3AAO, Name=United Oil & Gas, Singapore, AccountNumber=CD355120-B})
15:06:54.0 (46577879)|STATEMENT_EXECUTE|[19]
15:06:54.0 (46583133)|SYSTEM_MODE_EXIT|false
15:06:54.52 (52068723)|EXCEPTION_THROWN|[EXTERNAL]|System.SObjectException: SObject row was retrieved via SOQL without querying the requested field: Account.Contacts
15:06:54.79 (79329357)|CUMULATIVE_LIMIT_USAGE
15:06:54.79 (79329357)|LIMIT_USAGE_FOR_NS|(default)|
  Number of SOQL queries: 1 out of 100
  Number of query rows: 10 out of 50000
  Number of SOSL queries: 0 out of 20
  Number of DML statements: 0 out of 150
  Number of DML rows: 0 out of 10000
  Maximum CPU time: 0 out of 10000
  Maximum heap size: 0 out of 6000000
  Number of callouts: 0 out of 100
  Number of Email Invocations: 0 out of 10
  Number of future calls: 0 out of 50
  Number of queueable jobs added to the queue: 0 out of 50
  Number of Mobile Apex push calls: 0 out of 10

15:06:54.79 (79329357)|CUMULATIVE_LIMIT_USAGE_END

15:06:54.0 (79383950)|CODE_UNIT_FINISHED|VF: /apex/VforceApp
15:06:54.0 (80126891)|EXECUTION_FINISHED
